{"S:\\YDS-Lab\\03-dev\\002-ai_meetingroom\\config.js": {"path":"S:\\YDS-Lab\\03-dev\\002-ai_meetingroom\\config.js","statementMap":{"0":{"start":{"line":2,"column":15},"end":{"line":2,"column":32}},"1":{"start":{"line":3,"column":13},"end":{"line":3,"column":28}},"2":{"start":{"line":6,"column":16},"end":{"line":6,"column":83}},"3":{"start":{"line":7,"column":16},"end":{"line":7,"column":52}},"4":{"start":{"line":9,"column":0},"end":{"line":13,"column":1}},"5":{"start":{"line":10,"column":2},"end":{"line":10,"column":35}},"6":{"start":{"line":12,"column":2},"end":{"line":12,"column":44}},"7":{"start":{"line":16,"column":15},"end":{"line":50,"column":1}},"8":{"start":{"line":54,"column":17},"end":{"line":54,"column":19}},"9":{"start":{"line":57,"column":2},"end":{"line":59,"column":3}},"10":{"start":{"line":58,"column":4},"end":{"line":58,"column":42}},"11":{"start":{"line":62,"column":2},"end":{"line":64,"column":3}},"12":{"start":{"line":63,"column":4},"end":{"line":63,"column":47}},"13":{"start":{"line":67,"column":2},"end":{"line":69,"column":3}},"14":{"start":{"line":68,"column":4},"end":{"line":68,"column":41}},"15":{"start":{"line":72,"column":2},"end":{"line":74,"column":3}},"16":{"start":{"line":73,"column":4},"end":{"line":73,"column":42}},"17":{"start":{"line":76,"column":2},"end":{"line":76,"column":16}},"18":{"start":{"line":79,"column":0},"end":{"line":82,"column":2}}},"fnMap":{"0":{"name":"validateConfig","decl":{"start":{"line":53,"column":9},"end":{"line":53,"column":23}},"loc":{"start":{"line":53,"column":26},"end":{"line":77,"column":1}},"line":53}},"branchMap":{"0":{"loc":{"start":{"line":6,"column":16},"end":{"line":6,"column":83}},"type":"cond-expr","locations":[{"start":{"line":6,"column":56},"end":{"line":6,"column":62}},{"start":{"line":6,"column":65},"end":{"line":6,"column":83}}],"line":6},"1":{"loc":{"start":{"line":19,"column":10},"end":{"line":19,"column":44}},"type":"binary-expr","locations":[{"start":{"line":19,"column":10},"end":{"line":19,"column":36}},{"start":{"line":19,"column":40},"end":{"line":19,"column":44}}],"line":19},"2":{"loc":{"start":{"line":20,"column":9},"end":{"line":20,"column":46}},"type":"binary-expr","locations":[{"start":{"line":20,"column":9},"end":{"line":20,"column":29}},{"start":{"line":20,"column":33},"end":{"line":20,"column":46}}],"line":20},"3":{"loc":{"start":{"line":21,"column":10},"end":{"line":21,"column":41}},"type":"binary-expr","locations":[{"start":{"line":21,"column":10},"end":{"line":21,"column":26}},{"start":{"line":21,"column":30},"end":{"line":21,"column":41}}],"line":21},"4":{"loc":{"start":{"line":27,"column":11},"end":{"line":27,"column":54}},"type":"binary-expr","locations":[{"start":{"line":27,"column":11},"end":{"line":27,"column":35}},{"start":{"line":27,"column":39},"end":{"line":27,"column":54}}],"line":27},"5":{"loc":{"start":{"line":28,"column":15},"end":{"line":28,"column":62}},"type":"binary-expr","locations":[{"start":{"line":28,"column":15},"end":{"line":28,"column":54}},{"start":{"line":28,"column":58},"end":{"line":28,"column":62}}],"line":28},"6":{"loc":{"start":{"line":29,"column":17},"end":{"line":29,"column":66}},"type":"binary-expr","locations":[{"start":{"line":29,"column":17},"end":{"line":29,"column":59}},{"start":{"line":29,"column":63},"end":{"line":29,"column":66}}],"line":29},"7":{"loc":{"start":{"line":34,"column":15},"end":{"line":34,"column":68}},"type":"binary-expr","locations":[{"start":{"line":34,"column":15},"end":{"line":34,"column":37}},{"start":{"line":34,"column":41},"end":{"line":34,"column":68}}],"line":34},"8":{"loc":{"start":{"line":35,"column":18},"end":{"line":35,"column":59}},"type":"binary-expr","locations":[{"start":{"line":35,"column":18},"end":{"line":35,"column":53}},{"start":{"line":35,"column":57},"end":{"line":35,"column":59}}],"line":35},"9":{"loc":{"start":{"line":36,"column":21},"end":{"line":36,"column":66}},"type":"binary-expr","locations":[{"start":{"line":36,"column":21},"end":{"line":36,"column":60}},{"start":{"line":36,"column":64},"end":{"line":36,"column":66}}],"line":36},"10":{"loc":{"start":{"line":37,"column":18},"end":{"line":37,"column":61}},"type":"binary-expr","locations":[{"start":{"line":37,"column":18},"end":{"line":37,"column":54}},{"start":{"line":37,"column":58},"end":{"line":37,"column":61}}],"line":37},"11":{"loc":{"start":{"line":42,"column":9},"end":{"line":42,"column":63}},"type":"binary-expr","locations":[{"start":{"line":42,"column":9},"end":{"line":42,"column":33}},{"start":{"line":42,"column":37},"end":{"line":42,"column":63}}],"line":42},"12":{"loc":{"start":{"line":47,"column":11},"end":{"line":47,"column":42}},"type":"binary-expr","locations":[{"start":{"line":47,"column":11},"end":{"line":47,"column":32}},{"start":{"line":47,"column":36},"end":{"line":47,"column":42}}],"line":47},"13":{"loc":{"start":{"line":48,"column":10},"end":{"line":48,"column":50}},"type":"binary-expr","locations":[{"start":{"line":48,"column":10},"end":{"line":48,"column":30}},{"start":{"line":48,"column":34},"end":{"line":48,"column":50}}],"line":48},"14":{"loc":{"start":{"line":57,"column":2},"end":{"line":59,"column":3}},"type":"if","locations":[{"start":{"line":57,"column":2},"end":{"line":59,"column":3}},{"start":{},"end":{}}],"line":57},"15":{"loc":{"start":{"line":62,"column":2},"end":{"line":64,"column":3}},"type":"if","locations":[{"start":{"line":62,"column":2},"end":{"line":64,"column":3}},{"start":{},"end":{}}],"line":62},"16":{"loc":{"start":{"line":67,"column":2},"end":{"line":69,"column":3}},"type":"if","locations":[{"start":{"line":67,"column":2},"end":{"line":69,"column":3}},{"start":{},"end":{}}],"line":67},"17":{"loc":{"start":{"line":67,"column":6},"end":{"line":67,"column":61}},"type":"binary-expr","locations":[{"start":{"line":67,"column":6},"end":{"line":67,"column":31}},{"start":{"line":67,"column":35},"end":{"line":67,"column":61}}],"line":67},"18":{"loc":{"start":{"line":72,"column":2},"end":{"line":74,"column":3}},"type":"if","locations":[{"start":{"line":72,"column":2},"end":{"line":74,"column":3}},{"start":{},"end":{}}],"line":72}},"s":{"0":7,"1":7,"2":7,"3":7,"4":7,"5":7,"6":0,"7":7,"8":3,"9":3,"10":3,"11":3,"12":3,"13":3,"14":0,"15":3,"16":0,"17":3,"18":7},"f":{"0":3},"b":{"0":[2,5],"1":[7,4],"2":[7,0],"3":[7,7],"4":[7,7],"5":[7,7],"6":[7,7],"7":[7,4],"8":[7,7],"9":[7,7],"10":[7,7],"11":[7,7],"12":[7,7],"13":[7,7],"14":[3,0],"15":[3,0],"16":[0,3],"17":[3,3],"18":[0,3]},"_coverageSchema":"1a1c01bbd47fc00a2c39e90264f33305004495a9","hash":"c00748542fa29c79abeb17cc69d73064a3d542f1"}
,"S:\\YDS-Lab\\03-dev\\002-ai_meetingroom\\index.backup.js": {"path":"S:\\YDS-Lab\\03-dev\\002-ai_meetingroom\\index.backup.js","statementMap":{"0":{"start":{"line":1,"column":16},"end":{"line":1,"column":34}},"1":{"start":{"line":2,"column":13},"end":{"line":2,"column":28}},"2":{"start":{"line":3,"column":17},"end":{"line":3,"column":37}},"3":{"start":{"line":4,"column":13},"end":{"line":4,"column":28}},"4":{"start":{"line":5,"column":11},"end":{"line":5,"column":24}},"5":{"start":{"line":6,"column":15},"end":{"line":6,"column":32}},"6":{"start":{"line":7,"column":19},"end":{"line":7,"column":41}},"7":{"start":{"line":9,"column":12},"end":{"line":9,"column":21}},"8":{"start":{"line":10,"column":15},"end":{"line":10,"column":37}},"9":{"start":{"line":11,"column":11},"end":{"line":11,"column":27}},"10":{"start":{"line":14,"column":0},"end":{"line":14,"column":30}},"11":{"start":{"line":15,"column":0},"end":{"line":15,"column":48}},"12":{"start":{"line":18,"column":0},"end":{"line":18,"column":56}},"13":{"start":{"line":19,"column":0},"end":{"line":19,"column":79}},"14":{"start":{"line":20,"column":0},"end":{"line":20,"column":24}},"15":{"start":{"line":23,"column":15},"end":{"line":84,"column":1}},"16":{"start":{"line":87,"column":26},"end":{"line":87,"column":52}},"17":{"start":{"line":90,"column":19},"end":{"line":98,"column":1}},"18":{"start":{"line":101,"column":25},"end":{"line":101,"column":72}},"19":{"start":{"line":102,"column":16},"end":{"line":112,"column":2}},"20":{"start":{"line":104,"column":8},"end":{"line":104,"column":35}},"21":{"start":{"line":107,"column":20},"end":{"line":107,"column":51}},"22":{"start":{"line":108,"column":21},"end":{"line":108,"column":58}},"23":{"start":{"line":109,"column":25},"end":{"line":109,"column":75}},"24":{"start":{"line":110,"column":8},"end":{"line":110,"column":52}},"25":{"start":{"line":113,"column":15},"end":{"line":113,"column":34}},"26":{"start":{"line":116,"column":0},"end":{"line":122,"column":3}},"27":{"start":{"line":117,"column":4},"end":{"line":121,"column":7}},"28":{"start":{"line":125,"column":0},"end":{"line":133,"column":3}},"29":{"start":{"line":126,"column":21},"end":{"line":126,"column":76}},"30":{"start":{"line":127,"column":4},"end":{"line":132,"column":5}},"31":{"start":{"line":128,"column":8},"end":{"line":128,"column":34}},"32":{"start":{"line":129,"column":8},"end":{"line":129,"column":31}},"33":{"start":{"line":131,"column":8},"end":{"line":131,"column":30}},"34":{"start":{"line":135,"column":0},"end":{"line":137,"column":3}},"35":{"start":{"line":136,"column":4},"end":{"line":136,"column":21}},"36":{"start":{"line":139,"column":0},"end":{"line":141,"column":3}},"37":{"start":{"line":140,"column":4},"end":{"line":140,"column":27}},"38":{"start":{"line":144,"column":0},"end":{"line":168,"column":3}},"39":{"start":{"line":145,"column":4},"end":{"line":167,"column":5}},"40":{"start":{"line":146,"column":24},"end":{"line":146,"column":86}},"41":{"start":{"line":147,"column":35},"end":{"line":147,"column":95}},"42":{"start":{"line":148,"column":26},"end":{"line":148,"column":133}},"43":{"start":{"line":150,"column":8},"end":{"line":152,"column":9}},"44":{"start":{"line":151,"column":12},"end":{"line":151,"column":63}},"45":{"start":{"line":156,"column":8},"end":{"line":156,"column":53}},"46":{"start":{"line":159,"column":19},"end":{"line":159,"column":65}},"47":{"start":{"line":160,"column":25},"end":{"line":160,"column":40}},"48":{"start":{"line":161,"column":25},"end":{"line":161,"column":55}},"49":{"start":{"line":162,"column":8},"end":{"line":162,"column":52}},"50":{"start":{"line":163,"column":8},"end":{"line":163,"column":90}},"51":{"start":{"line":165,"column":8},"end":{"line":165,"column":40}},"52":{"start":{"line":166,"column":8},"end":{"line":166,"column":58}},"53":{"start":{"line":171,"column":0},"end":{"line":199,"column":3}},"54":{"start":{"line":172,"column":4},"end":{"line":198,"column":5}},"55":{"start":{"line":173,"column":24},"end":{"line":173,"column":80}},"56":{"start":{"line":174,"column":24},"end":{"line":174,"column":66}},"57":{"start":{"line":175,"column":26},"end":{"line":175,"column":55}},"58":{"start":{"line":177,"column":24},"end":{"line":183,"column":9}},"59":{"start":{"line":185,"column":8},"end":{"line":185,"column":47}},"60":{"start":{"line":186,"column":8},"end":{"line":186,"column":53}},"61":{"start":{"line":188,"column":8},"end":{"line":192,"column":9}},"62":{"start":{"line":189,"column":12},"end":{"line":191,"column":20}},"63":{"start":{"line":190,"column":16},"end":{"line":190,"column":79}},"64":{"start":{"line":194,"column":8},"end":{"line":194,"column":52}},"65":{"start":{"line":196,"column":8},"end":{"line":196,"column":40}},"66":{"start":{"line":197,"column":8},"end":{"line":197,"column":58}},"67":{"start":{"line":202,"column":0},"end":{"line":204,"column":3}},"68":{"start":{"line":203,"column":4},"end":{"line":203,"column":90}},"69":{"start":{"line":207,"column":0},"end":{"line":221,"column":3}},"70":{"start":{"line":208,"column":4},"end":{"line":220,"column":5}},"71":{"start":{"line":209,"column":31},"end":{"line":209,"column":44}},"72":{"start":{"line":210,"column":29},"end":{"line":210,"column":141}},"73":{"start":{"line":210,"column":117},"end":{"line":210,"column":140}},"74":{"start":{"line":212,"column":8},"end":{"line":216,"column":9}},"75":{"start":{"line":213,"column":12},"end":{"line":213,"column":35}},"76":{"start":{"line":215,"column":12},"end":{"line":215,"column":58}},"77":{"start":{"line":218,"column":8},"end":{"line":218,"column":58}},"78":{"start":{"line":219,"column":8},"end":{"line":219,"column":51}},"79":{"start":{"line":224,"column":0},"end":{"line":251,"column":3}},"80":{"start":{"line":225,"column":4},"end":{"line":250,"column":5}},"81":{"start":{"line":226,"column":8},"end":{"line":228,"column":9}},"82":{"start":{"line":227,"column":12},"end":{"line":227,"column":60}},"83":{"start":{"line":229,"column":22},"end":{"line":229,"column":61}},"84":{"start":{"line":230,"column":24},"end":{"line":230,"column":48}},"85":{"start":{"line":231,"column":24},"end":{"line":231,"column":61}},"86":{"start":{"line":232,"column":29},"end":{"line":239,"column":9}},"87":{"start":{"line":240,"column":8},"end":{"line":242,"column":9}},"88":{"start":{"line":241,"column":12},"end":{"line":241,"column":44}},"89":{"start":{"line":243,"column":8},"end":{"line":243,"column":54}},"90":{"start":{"line":245,"column":8},"end":{"line":245,"column":68}},"91":{"start":{"line":246,"column":8},"end":{"line":246,"column":57}},"92":{"start":{"line":248,"column":8},"end":{"line":248,"column":40}},"93":{"start":{"line":249,"column":8},"end":{"line":249,"column":58}},"94":{"start":{"line":254,"column":0},"end":{"line":378,"column":3}},"95":{"start":{"line":255,"column":4},"end":{"line":377,"column":5}},"96":{"start":{"line":256,"column":8},"end":{"line":256,"column":41}},"97":{"start":{"line":259,"column":38},"end":{"line":265,"column":11}},"98":{"start":{"line":259,"column":126},"end":{"line":265,"column":9}},"99":{"start":{"line":266,"column":8},"end":{"line":266,"column":121}},"100":{"start":{"line":269,"column":8},"end":{"line":277,"column":11}},"101":{"start":{"line":270,"column":12},"end":{"line":276,"column":13}},"102":{"start":{"line":271,"column":16},"end":{"line":271,"column":39}},"103":{"start":{"line":272,"column":16},"end":{"line":272,"column":47}},"104":{"start":{"line":273,"column":16},"end":{"line":273,"column":87}},"105":{"start":{"line":275,"column":16},"end":{"line":275,"column":92}},"106":{"start":{"line":280,"column":8},"end":{"line":305,"column":11}},"107":{"start":{"line":281,"column":12},"end":{"line":304,"column":13}},"108":{"start":{"line":282,"column":32},"end":{"line":288,"column":17}},"109":{"start":{"line":290,"column":16},"end":{"line":290,"column":55}},"110":{"start":{"line":291,"column":16},"end":{"line":291,"column":61}},"111":{"start":{"line":294,"column":16},"end":{"line":301,"column":17}},"112":{"start":{"line":295,"column":20},"end":{"line":300,"column":28}},"113":{"start":{"line":296,"column":24},"end":{"line":299,"column":27}},"114":{"start":{"line":303,"column":16},"end":{"line":303,"column":92}},"115":{"start":{"line":308,"column":8},"end":{"line":315,"column":11}},"116":{"start":{"line":309,"column":12},"end":{"line":314,"column":13}},"117":{"start":{"line":310,"column":16},"end":{"line":310,"column":57}},"118":{"start":{"line":311,"column":16},"end":{"line":311,"column":68}},"119":{"start":{"line":313,"column":16},"end":{"line":313,"column":97}},"120":{"start":{"line":318,"column":8},"end":{"line":327,"column":11}},"121":{"start":{"line":319,"column":12},"end":{"line":326,"column":13}},"122":{"start":{"line":320,"column":16},"end":{"line":320,"column":45}},"123":{"start":{"line":321,"column":16},"end":{"line":321,"column":45}},"124":{"start":{"line":322,"column":16},"end":{"line":322,"column":59}},"125":{"start":{"line":323,"column":16},"end":{"line":323,"column":70}},"126":{"start":{"line":325,"column":16},"end":{"line":325,"column":93}},"127":{"start":{"line":330,"column":8},"end":{"line":338,"column":11}},"128":{"start":{"line":331,"column":12},"end":{"line":337,"column":13}},"129":{"start":{"line":332,"column":16},"end":{"line":332,"column":46}},"130":{"start":{"line":333,"column":16},"end":{"line":333,"column":51}},"131":{"start":{"line":334,"column":16},"end":{"line":334,"column":54}},"132":{"start":{"line":336,"column":16},"end":{"line":336,"column":91}},"133":{"start":{"line":341,"column":8},"end":{"line":348,"column":11}},"134":{"start":{"line":342,"column":12},"end":{"line":347,"column":13}},"135":{"start":{"line":343,"column":16},"end":{"line":343,"column":54}},"136":{"start":{"line":344,"column":16},"end":{"line":344,"column":65}},"137":{"start":{"line":346,"column":16},"end":{"line":346,"column":94}},"138":{"start":{"line":351,"column":8},"end":{"line":365,"column":11}},"139":{"start":{"line":352,"column":12},"end":{"line":364,"column":13}},"140":{"start":{"line":353,"column":37},"end":{"line":359,"column":17}},"141":{"start":{"line":360,"column":16},"end":{"line":360,"column":62}},"142":{"start":{"line":361,"column":16},"end":{"line":361,"column":76}},"143":{"start":{"line":363,"column":16},"end":{"line":363,"column":99}},"144":{"start":{"line":368,"column":8},"end":{"line":374,"column":11}},"145":{"start":{"line":369,"column":12},"end":{"line":373,"column":13}},"146":{"start":{"line":370,"column":16},"end":{"line":370,"column":50}},"147":{"start":{"line":372,"column":16},"end":{"line":372,"column":91}},"148":{"start":{"line":376,"column":8},"end":{"line":376,"column":85}},"149":{"start":{"line":383,"column":24},"end":{"line":383,"column":79}},"150":{"start":{"line":384,"column":18},"end":{"line":384,"column":51}},"151":{"start":{"line":386,"column":0},"end":{"line":434,"column":3}},"152":{"start":{"line":387,"column":4},"end":{"line":433,"column":5}},"153":{"start":{"line":394,"column":12},"end":{"line":394,"column":26}},"154":{"start":{"line":396,"column":29},"end":{"line":396,"column":31}},"155":{"start":{"line":397,"column":8},"end":{"line":397,"column":63}},"156":{"start":{"line":398,"column":8},"end":{"line":405,"column":9}},"157":{"start":{"line":399,"column":12},"end":{"line":404,"column":15}},"158":{"start":{"line":400,"column":29},"end":{"line":402,"column":56}},"159":{"start":{"line":403,"column":16},"end":{"line":403,"column":78}},"160":{"start":{"line":407,"column":21},"end":{"line":416,"column":10}},"161":{"start":{"line":418,"column":8},"end":{"line":421,"column":9}},"162":{"start":{"line":419,"column":25},"end":{"line":419,"column":42}},"163":{"start":{"line":420,"column":12},"end":{"line":420,"column":78}},"164":{"start":{"line":423,"column":21},"end":{"line":423,"column":38}},"165":{"start":{"line":424,"column":24},"end":{"line":424,"column":103}},"166":{"start":{"line":425,"column":8},"end":{"line":427,"column":9}},"167":{"start":{"line":426,"column":12},"end":{"line":426,"column":63}},"168":{"start":{"line":429,"column":8},"end":{"line":429,"column":61}},"169":{"start":{"line":431,"column":8},"end":{"line":431,"column":42}},"170":{"start":{"line":432,"column":8},"end":{"line":432,"column":58}},"171":{"start":{"line":437,"column":26},"end":{"line":456,"column":1}},"172":{"start":{"line":438,"column":17},"end":{"line":448,"column":5}},"173":{"start":{"line":450,"column":4},"end":{"line":455,"column":7}},"174":{"start":{"line":451,"column":8},"end":{"line":454,"column":9}},"175":{"start":{"line":452,"column":12},"end":{"line":452,"column":51}},"176":{"start":{"line":453,"column":12},"end":{"line":453,"column":40}},"177":{"start":{"line":459,"column":29},"end":{"line":480,"column":1}},"178":{"start":{"line":460,"column":22},"end":{"line":460,"column":58}},"179":{"start":{"line":463,"column":25},"end":{"line":470,"column":5}},"180":{"start":{"line":473,"column":4},"end":{"line":479,"column":7}},"181":{"start":{"line":474,"column":25},"end":{"line":474,"column":65}},"182":{"start":{"line":475,"column":8},"end":{"line":478,"column":9}},"183":{"start":{"line":476,"column":12},"end":{"line":476,"column":53}},"184":{"start":{"line":477,"column":12},"end":{"line":477,"column":52}},"185":{"start":{"line":483,"column":19},"end":{"line":497,"column":1}},"186":{"start":{"line":484,"column":4},"end":{"line":484,"column":24}},"187":{"start":{"line":485,"column":4},"end":{"line":485,"column":27}},"188":{"start":{"line":487,"column":13},"end":{"line":487,"column":37}},"189":{"start":{"line":489,"column":4},"end":{"line":492,"column":5}},"190":{"start":{"line":490,"column":8},"end":{"line":490,"column":55}},"191":{"start":{"line":491,"column":8},"end":{"line":491,"column":63}},"192":{"start":{"line":493,"column":4},"end":{"line":496,"column":7}},"193":{"start":{"line":494,"column":8},"end":{"line":494,"column":55}},"194":{"start":{"line":495,"column":8},"end":{"line":495,"column":32}},"195":{"start":{"line":500,"column":0},"end":{"line":500,"column":13}}},"fnMap":{"0":{"name":"(anonymous_0)","decl":{"start":{"line":103,"column":17},"end":{"line":103,"column":18}},"loc":{"start":{"line":103,"column":36},"end":{"line":105,"column":5}},"line":103},"1":{"name":"(anonymous_1)","decl":{"start":{"line":106,"column":14},"end":{"line":106,"column":15}},"loc":{"start":{"line":106,"column":33},"end":{"line":111,"column":5}},"line":106},"2":{"name":"(anonymous_2)","decl":{"start":{"line":116,"column":13},"end":{"line":116,"column":14}},"loc":{"start":{"line":116,"column":27},"end":{"line":122,"column":1}},"line":116},"3":{"name":"(anonymous_3)","decl":{"start":{"line":125,"column":24},"end":{"line":125,"column":25}},"loc":{"start":{"line":125,"column":38},"end":{"line":133,"column":1}},"line":125},"4":{"name":"(anonymous_4)","decl":{"start":{"line":135,"column":23},"end":{"line":135,"column":24}},"loc":{"start":{"line":135,"column":37},"end":{"line":137,"column":1}},"line":135},"5":{"name":"(anonymous_5)","decl":{"start":{"line":139,"column":24},"end":{"line":139,"column":25}},"loc":{"start":{"line":139,"column":38},"end":{"line":141,"column":1}},"line":139},"6":{"name":"(anonymous_6)","decl":{"start":{"line":144,"column":30},"end":{"line":144,"column":31}},"loc":{"start":{"line":144,"column":44},"end":{"line":168,"column":1}},"line":144},"7":{"name":"(anonymous_7)","decl":{"start":{"line":171,"column":54},"end":{"line":171,"column":55}},"loc":{"start":{"line":171,"column":68},"end":{"line":199,"column":1}},"line":171},"8":{"name":"(anonymous_8)","decl":{"start":{"line":189,"column":23},"end":{"line":189,"column":24}},"loc":{"start":{"line":189,"column":29},"end":{"line":191,"column":13}},"line":189},"9":{"name":"(anonymous_9)","decl":{"start":{"line":202,"column":30},"end":{"line":202,"column":31}},"loc":{"start":{"line":202,"column":44},"end":{"line":204,"column":1}},"line":202},"10":{"name":"(anonymous_10)","decl":{"start":{"line":207,"column":34},"end":{"line":207,"column":35}},"loc":{"start":{"line":207,"column":48},"end":{"line":221,"column":1}},"line":207},"11":{"name":"(anonymous_11)","decl":{"start":{"line":210,"column":112},"end":{"line":210,"column":113}},"loc":{"start":{"line":210,"column":117},"end":{"line":210,"column":140}},"line":210},"12":{"name":"(anonymous_12)","decl":{"start":{"line":224,"column":61},"end":{"line":224,"column":62}},"loc":{"start":{"line":224,"column":75},"end":{"line":251,"column":1}},"line":224},"13":{"name":"(anonymous_13)","decl":{"start":{"line":254,"column":20},"end":{"line":254,"column":21}},"loc":{"start":{"line":254,"column":32},"end":{"line":378,"column":1}},"line":254},"14":{"name":"(anonymous_14)","decl":{"start":{"line":259,"column":120},"end":{"line":259,"column":121}},"loc":{"start":{"line":259,"column":126},"end":{"line":265,"column":9}},"line":259},"15":{"name":"(anonymous_15)","decl":{"start":{"line":269,"column":33},"end":{"line":269,"column":34}},"loc":{"start":{"line":269,"column":45},"end":{"line":277,"column":9}},"line":269},"16":{"name":"(anonymous_16)","decl":{"start":{"line":280,"column":33},"end":{"line":280,"column":34}},"loc":{"start":{"line":280,"column":43},"end":{"line":305,"column":9}},"line":280},"17":{"name":"(anonymous_17)","decl":{"start":{"line":295,"column":31},"end":{"line":295,"column":32}},"loc":{"start":{"line":295,"column":37},"end":{"line":300,"column":21}},"line":295},"18":{"name":"(anonymous_18)","decl":{"start":{"line":308,"column":38},"end":{"line":308,"column":39}},"loc":{"start":{"line":308,"column":51},"end":{"line":315,"column":9}},"line":308},"19":{"name":"(anonymous_19)","decl":{"start":{"line":318,"column":34},"end":{"line":318,"column":35}},"loc":{"start":{"line":318,"column":46},"end":{"line":327,"column":9}},"line":318},"20":{"name":"(anonymous_20)","decl":{"start":{"line":330,"column":32},"end":{"line":330,"column":33}},"loc":{"start":{"line":330,"column":38},"end":{"line":338,"column":9}},"line":330},"21":{"name":"(anonymous_21)","decl":{"start":{"line":341,"column":35},"end":{"line":341,"column":36}},"loc":{"start":{"line":341,"column":48},"end":{"line":348,"column":9}},"line":341},"22":{"name":"(anonymous_22)","decl":{"start":{"line":351,"column":40},"end":{"line":351,"column":41}},"loc":{"start":{"line":351,"column":50},"end":{"line":365,"column":9}},"line":351},"23":{"name":"(anonymous_23)","decl":{"start":{"line":368,"column":32},"end":{"line":368,"column":33}},"loc":{"start":{"line":368,"column":38},"end":{"line":374,"column":9}},"line":368},"24":{"name":"(anonymous_24)","decl":{"start":{"line":386,"column":30},"end":{"line":386,"column":31}},"loc":{"start":{"line":386,"column":50},"end":{"line":434,"column":1}},"line":386},"25":{"name":"(anonymous_25)","decl":{"start":{"line":399,"column":40},"end":{"line":399,"column":41}},"loc":{"start":{"line":399,"column":45},"end":{"line":404,"column":13}},"line":399},"26":{"name":"(anonymous_26)","decl":{"start":{"line":437,"column":26},"end":{"line":437,"column":27}},"loc":{"start":{"line":437,"column":32},"end":{"line":456,"column":1}},"line":437},"27":{"name":"(anonymous_27)","decl":{"start":{"line":450,"column":17},"end":{"line":450,"column":18}},"loc":{"start":{"line":450,"column":24},"end":{"line":455,"column":5}},"line":450},"28":{"name":"(anonymous_28)","decl":{"start":{"line":459,"column":29},"end":{"line":459,"column":30}},"loc":{"start":{"line":459,"column":35},"end":{"line":480,"column":1}},"line":459},"29":{"name":"(anonymous_29)","decl":{"start":{"line":473,"column":41},"end":{"line":473,"column":42}},"loc":{"start":{"line":473,"column":64},"end":{"line":479,"column":5}},"line":473},"30":{"name":"(anonymous_30)","decl":{"start":{"line":483,"column":19},"end":{"line":483,"column":20}},"loc":{"start":{"line":483,"column":25},"end":{"line":497,"column":1}},"line":483},"31":{"name":"(anonymous_31)","decl":{"start":{"line":493,"column":24},"end":{"line":493,"column":25}},"loc":{"start":{"line":493,"column":30},"end":{"line":496,"column":5}},"line":493}},"branchMap":{"0":{"loc":{"start":{"line":127,"column":4},"end":{"line":132,"column":5}},"type":"if","locations":[{"start":{"line":127,"column":4},"end":{"line":132,"column":5}},{"start":{"line":130,"column":11},"end":{"line":132,"column":5}}],"line":127},"1":{"loc":{"start":{"line":146,"column":24},"end":{"line":146,"column":86}},"type":"cond-expr","locations":[{"start":{"line":146,"column":57},"end":{"line":146,"column":81}},{"start":{"line":146,"column":84},"end":{"line":146,"column":86}}],"line":146},"2":{"loc":{"start":{"line":146,"column":25},"end":{"line":146,"column":53}},"type":"binary-expr","locations":[{"start":{"line":146,"column":25},"end":{"line":146,"column":33}},{"start":{"line":146,"column":37},"end":{"line":146,"column":53}}],"line":146},"3":{"loc":{"start":{"line":147,"column":35},"end":{"line":147,"column":95}},"type":"binary-expr","locations":[{"start":{"line":147,"column":35},"end":{"line":147,"column":67}},{"start":{"line":147,"column":71},"end":{"line":147,"column":95}}],"line":147},"4":{"loc":{"start":{"line":148,"column":26},"end":{"line":148,"column":133}},"type":"cond-expr","locations":[{"start":{"line":148,"column":56},"end":{"line":148,"column":98}},{"start":{"line":148,"column":101},"end":{"line":148,"column":133}}],"line":148},"5":{"loc":{"start":{"line":148,"column":27},"end":{"line":148,"column":52}},"type":"binary-expr","locations":[{"start":{"line":148,"column":27},"end":{"line":148,"column":35}},{"start":{"line":148,"column":39},"end":{"line":148,"column":52}}],"line":148},"6":{"loc":{"start":{"line":150,"column":8},"end":{"line":152,"column":9}},"type":"if","locations":[{"start":{"line":150,"column":8},"end":{"line":152,"column":9}},{"start":{},"end":{}}],"line":150},"7":{"loc":{"start":{"line":173,"column":24},"end":{"line":173,"column":80}},"type":"binary-expr","locations":[{"start":{"line":173,"column":24},"end":{"line":173,"column":41}},{"start":{"line":173,"column":46},"end":{"line":173,"column":55}},{"start":{"line":173,"column":59},"end":{"line":173,"column":71}},{"start":{"line":173,"column":76},"end":{"line":173,"column":80}}],"line":173},"8":{"loc":{"start":{"line":174,"column":24},"end":{"line":174,"column":66}},"type":"binary-expr","locations":[{"start":{"line":174,"column":24},"end":{"line":174,"column":41}},{"start":{"line":174,"column":45},"end":{"line":174,"column":66}}],"line":174},"9":{"loc":{"start":{"line":188,"column":8},"end":{"line":192,"column":9}},"type":"if","locations":[{"start":{"line":188,"column":8},"end":{"line":192,"column":9}},{"start":{},"end":{}}],"line":188},"10":{"loc":{"start":{"line":203,"column":13},"end":{"line":203,"column":88}},"type":"cond-expr","locations":[{"start":{"line":203,"column":57},"end":{"line":203,"column":83}},{"start":{"line":203,"column":86},"end":{"line":203,"column":88}}],"line":203},"11":{"loc":{"start":{"line":210,"column":30},"end":{"line":210,"column":105}},"type":"cond-expr","locations":[{"start":{"line":210,"column":74},"end":{"line":210,"column":100}},{"start":{"line":210,"column":103},"end":{"line":210,"column":105}}],"line":210},"12":{"loc":{"start":{"line":212,"column":8},"end":{"line":216,"column":9}},"type":"if","locations":[{"start":{"line":212,"column":8},"end":{"line":216,"column":9}},{"start":{"line":214,"column":15},"end":{"line":216,"column":9}}],"line":212},"13":{"loc":{"start":{"line":226,"column":8},"end":{"line":228,"column":9}},"type":"if","locations":[{"start":{"line":226,"column":8},"end":{"line":228,"column":9}},{"start":{},"end":{}}],"line":226},"14":{"loc":{"start":{"line":229,"column":22},"end":{"line":229,"column":61}},"type":"binary-expr","locations":[{"start":{"line":229,"column":22},"end":{"line":229,"column":36}},{"start":{"line":229,"column":40},"end":{"line":229,"column":61}}],"line":229},"15":{"loc":{"start":{"line":230,"column":24},"end":{"line":230,"column":48}},"type":"binary-expr","locations":[{"start":{"line":230,"column":24},"end":{"line":230,"column":40}},{"start":{"line":230,"column":44},"end":{"line":230,"column":48}}],"line":230},"16":{"loc":{"start":{"line":240,"column":8},"end":{"line":242,"column":9}},"type":"if","locations":[{"start":{"line":240,"column":8},"end":{"line":242,"column":9}},{"start":{},"end":{}}],"line":240},"17":{"loc":{"start":{"line":259,"column":39},"end":{"line":259,"column":114}},"type":"cond-expr","locations":[{"start":{"line":259,"column":83},"end":{"line":259,"column":109}},{"start":{"line":259,"column":112},"end":{"line":259,"column":114}}],"line":259},"18":{"loc":{"start":{"line":294,"column":16},"end":{"line":301,"column":17}},"type":"if","locations":[{"start":{"line":294,"column":16},"end":{"line":301,"column":17}},{"start":{},"end":{}}],"line":294},"19":{"loc":{"start":{"line":383,"column":24},"end":{"line":383,"column":79}},"type":"binary-expr","locations":[{"start":{"line":383,"column":24},"end":{"line":383,"column":51}},{"start":{"line":383,"column":55},"end":{"line":383,"column":79}}],"line":383},"20":{"loc":{"start":{"line":384,"column":18},"end":{"line":384,"column":51}},"type":"binary-expr","locations":[{"start":{"line":384,"column":18},"end":{"line":384,"column":39}},{"start":{"line":384,"column":43},"end":{"line":384,"column":51}}],"line":384},"21":{"loc":{"start":{"line":389,"column":12},"end":{"line":389,"column":43}},"type":"default-arg","locations":[{"start":{"line":389,"column":22},"end":{"line":389,"column":43}}],"line":389},"22":{"loc":{"start":{"line":389,"column":22},"end":{"line":389,"column":43}},"type":"binary-expr","locations":[{"start":{"line":389,"column":22},"end":{"line":389,"column":35}},{"start":{"line":389,"column":39},"end":{"line":389,"column":43}}],"line":389},"23":{"loc":{"start":{"line":390,"column":12},"end":{"line":390,"column":66}},"type":"default-arg","locations":[{"start":{"line":390,"column":21},"end":{"line":390,"column":66}}],"line":390},"24":{"loc":{"start":{"line":391,"column":12},"end":{"line":391,"column":25}},"type":"default-arg","locations":[{"start":{"line":391,"column":23},"end":{"line":391,"column":25}}],"line":391},"25":{"loc":{"start":{"line":392,"column":12},"end":{"line":392,"column":27}},"type":"default-arg","locations":[{"start":{"line":392,"column":24},"end":{"line":392,"column":27}}],"line":392},"26":{"loc":{"start":{"line":393,"column":12},"end":{"line":393,"column":29}},"type":"default-arg","locations":[{"start":{"line":393,"column":26},"end":{"line":393,"column":29}}],"line":393},"27":{"loc":{"start":{"line":394,"column":12},"end":{"line":394,"column":26}},"type":"binary-expr","locations":[{"start":{"line":394,"column":12},"end":{"line":394,"column":20}},{"start":{"line":394,"column":24},"end":{"line":394,"column":26}}],"line":394},"28":{"loc":{"start":{"line":398,"column":8},"end":{"line":405,"column":9}},"type":"if","locations":[{"start":{"line":398,"column":8},"end":{"line":405,"column":9}},{"start":{},"end":{}}],"line":398},"29":{"loc":{"start":{"line":400,"column":29},"end":{"line":402,"column":56}},"type":"cond-expr","locations":[{"start":{"line":401,"column":22},"end":{"line":401,"column":28}},{"start":{"line":402,"column":23},"end":{"line":402,"column":55}}],"line":400},"30":{"loc":{"start":{"line":400,"column":29},"end":{"line":400,"column":87}},"type":"binary-expr","locations":[{"start":{"line":400,"column":29},"end":{"line":400,"column":35}},{"start":{"line":400,"column":39},"end":{"line":400,"column":87}}],"line":400},"31":{"loc":{"start":{"line":402,"column":23},"end":{"line":402,"column":55}},"type":"cond-expr","locations":[{"start":{"line":402,"column":35},"end":{"line":402,"column":46}},{"start":{"line":402,"column":49},"end":{"line":402,"column":55}}],"line":402},"32":{"loc":{"start":{"line":403,"column":58},"end":{"line":403,"column":73}},"type":"binary-expr","locations":[{"start":{"line":403,"column":58},"end":{"line":403,"column":67}},{"start":{"line":403,"column":71},"end":{"line":403,"column":73}}],"line":403},"33":{"loc":{"start":{"line":418,"column":8},"end":{"line":421,"column":9}},"type":"if","locations":[{"start":{"line":418,"column":8},"end":{"line":421,"column":9}},{"start":{},"end":{}}],"line":418},"34":{"loc":{"start":{"line":424,"column":24},"end":{"line":424,"column":103}},"type":"binary-expr","locations":[{"start":{"line":424,"column":25},"end":{"line":424,"column":29}},{"start":{"line":424,"column":33},"end":{"line":424,"column":45}},{"start":{"line":424,"column":49},"end":{"line":424,"column":69}},{"start":{"line":424,"column":75},"end":{"line":424,"column":79}},{"start":{"line":424,"column":83},"end":{"line":424,"column":96}},{"start":{"line":424,"column":101},"end":{"line":424,"column":103}}],"line":424},"35":{"loc":{"start":{"line":425,"column":8},"end":{"line":427,"column":9}},"type":"if","locations":[{"start":{"line":425,"column":8},"end":{"line":427,"column":9}},{"start":{},"end":{}}],"line":425},"36":{"loc":{"start":{"line":451,"column":8},"end":{"line":454,"column":9}},"type":"if","locations":[{"start":{"line":451,"column":8},"end":{"line":454,"column":9}},{"start":{},"end":{}}],"line":451},"37":{"loc":{"start":{"line":475,"column":8},"end":{"line":478,"column":9}},"type":"if","locations":[{"start":{"line":475,"column":8},"end":{"line":478,"column":9}},{"start":{},"end":{}}],"line":475},"38":{"loc":{"start":{"line":487,"column":13},"end":{"line":487,"column":37}},"type":"binary-expr","locations":[{"start":{"line":487,"column":13},"end":{"line":487,"column":29}},{"start":{"line":487,"column":33},"end":{"line":487,"column":37}}],"line":487},"39":{"loc":{"start":{"line":489,"column":4},"end":{"line":492,"column":5}},"type":"if","locations":[{"start":{"line":489,"column":4},"end":{"line":492,"column":5}},{"start":{},"end":{}}],"line":489}},"s":{"0":0,"1":0,"2":0,"3":0,"4":0,"5":0,"6":0,"7":0,"8":0,"9":0,"10":0,"11":0,"12":0,"13":0,"14":0,"15":0,"16":0,"17":0,"18":0,"19":0,"20":0,"21":0,"22":0,"23":0,"24":0,"25":0,"26":0,"27":0,"28":0,"29":0,"30":0,"31":0,"32":0,"33":0,"34":0,"35":0,"36":0,"37":0,"38":0,"39":0,"40":0,"41":0,"42":0,"43":0,"44":0,"45":0,"46":0,"47":0,"48":0,"49":0,"50":0,"51":0,"52":0,"53":0,"54":0,"55":0,"56":0,"57":0,"58":0,"59":0,"60":0,"61":0,"62":0,"63":0,"64":0,"65":0,"66":0,"67":0,"68":0,"69":0,"70":0,"71":0,"72":0,"73":0,"74":0,"75":0,"76":0,"77":0,"78":0,"79":0,"80":0,"81":0,"82":0,"83":0,"84":0,"85":0,"86":0,"87":0,"88":0,"89":0,"90":0,"91":0,"92":0,"93":0,"94":0,"95":0,"96":0,"97":0,"98":0,"99":0,"100":0,"101":0,"102":0,"103":0,"104":0,"105":0,"106":0,"107":0,"108":0,"109":0,"110":0,"111":0,"112":0,"113":0,"114":0,"115":0,"116":0,"117":0,"118":0,"119":0,"120":0,"121":0,"122":0,"123":0,"124":0,"125":0,"126":0,"127":0,"128":0,"129":0,"130":0,"131":0,"132":0,"133":0,"134":0,"135":0,"136":0,"137":0,"138":0,"139":0,"140":0,"141":0,"142":0,"143":0,"144":0,"145":0,"146":0,"147":0,"148":0,"149":0,"150":0,"151":0,"152":0,"153":0,"154":0,"155":0,"156":0,"157":0,"158":0,"159":0,"160":0,"161":0,"162":0,"163":0,"164":0,"165":0,"166":0,"167":0,"168":0,"169":0,"170":0,"171":0,"172":0,"173":0,"174":0,"175":0,"176":0,"177":0,"178":0,"179":0,"180":0,"181":0,"182":0,"183":0,"184":0,"185":0,"186":0,"187":0,"188":0,"189":0,"190":0,"191":0,"192":0,"193":0,"194":0,"195":0},"f":{"0":0,"1":0,"2":0,"3":0,"4":0,"5":0,"6":0,"7":0,"8":0,"9":0,"10":0,"11":0,"12":0,"13":0,"14":0,"15":0,"16":0,"17":0,"18":0,"19":0,"20":0,"21":0,"22":0,"23":0,"24":0,"25":0,"26":0,"27":0,"28":0,"29":0,"30":0,"31":0},"b":{"0":[0,0],"1":[0,0],"2":[0,0],"3":[0,0],"4":[0,0],"5":[0,0],"6":[0,0],"7":[0,0,0,0],"8":[0,0],"9":[0,0],"10":[0,0],"11":[0,0],"12":[0,0],"13":[0,0],"14":[0,0],"15":[0,0],"16":[0,0],"17":[0,0],"18":[0,0],"19":[0,0],"20":[0,0],"21":[0],"22":[0,0],"23":[0],"24":[0],"25":[0],"26":[0],"27":[0,0],"28":[0,0],"29":[0,0],"30":[0,0],"31":[0,0],"32":[0,0],"33":[0,0],"34":[0,0,0,0,0,0],"35":[0,0],"36":[0,0],"37":[0,0],"38":[0,0],"39":[0,0]}}
,"S:\\YDS-Lab\\03-dev\\002-ai_meetingroom\\index.js": {"path":"S:\\YDS-Lab\\03-dev\\002-ai_meetingroom\\index.js","statementMap":{"0":{"start":{"line":1,"column":16},"end":{"line":1,"column":34}},"1":{"start":{"line":2,"column":13},"end":{"line":2,"column":28}},"2":{"start":{"line":3,"column":17},"end":{"line":3,"column":37}},"3":{"start":{"line":4,"column":13},"end":{"line":4,"column":28}},"4":{"start":{"line":5,"column":11},"end":{"line":5,"column":24}},"5":{"start":{"line":6,"column":15},"end":{"line":6,"column":32}},"6":{"start":{"line":7,"column":13},"end":{"line":7,"column":28}},"7":{"start":{"line":8,"column":18},"end":{"line":8,"column":35}},"8":{"start":{"line":10,"column":12},"end":{"line":10,"column":21}},"9":{"start":{"line":11,"column":15},"end":{"line":11,"column":37}},"10":{"start":{"line":12,"column":11},"end":{"line":12,"column":27}},"11":{"start":{"line":15,"column":0},"end":{"line":15,"column":30}},"12":{"start":{"line":16,"column":0},"end":{"line":16,"column":48}},"13":{"start":{"line":19,"column":0},"end":{"line":19,"column":56}},"14":{"start":{"line":20,"column":0},"end":{"line":20,"column":79}},"15":{"start":{"line":21,"column":0},"end":{"line":21,"column":24}},"16":{"start":{"line":22,"column":0},"end":{"line":22,"column":16}},"17":{"start":{"line":25,"column":15},"end":{"line":86,"column":1}},"18":{"start":{"line":89,"column":26},"end":{"line":89,"column":52}},"19":{"start":{"line":92,"column":19},"end":{"line":100,"column":1}},"20":{"start":{"line":103,"column":20},"end":{"line":103,"column":48}},"21":{"start":{"line":104,"column":24},"end":{"line":104,"column":69}},"22":{"start":{"line":108,"column":4},"end":{"line":124,"column":5}},"23":{"start":{"line":110,"column":8},"end":{"line":112,"column":9}},"24":{"start":{"line":111,"column":12},"end":{"line":111,"column":59}},"25":{"start":{"line":114,"column":21},"end":{"line":120,"column":9}},"26":{"start":{"line":121,"column":8},"end":{"line":121,"column":80}},"27":{"start":{"line":123,"column":8},"end":{"line":123,"column":40}},"28":{"start":{"line":128,"column":25},"end":{"line":128,"column":72}},"29":{"start":{"line":129,"column":16},"end":{"line":139,"column":2}},"30":{"start":{"line":131,"column":8},"end":{"line":131,"column":35}},"31":{"start":{"line":134,"column":20},"end":{"line":134,"column":51}},"32":{"start":{"line":135,"column":21},"end":{"line":135,"column":58}},"33":{"start":{"line":136,"column":25},"end":{"line":136,"column":75}},"34":{"start":{"line":137,"column":8},"end":{"line":137,"column":52}},"35":{"start":{"line":140,"column":15},"end":{"line":140,"column":34}},"36":{"start":{"line":143,"column":0},"end":{"line":149,"column":3}},"37":{"start":{"line":144,"column":4},"end":{"line":148,"column":7}},"38":{"start":{"line":152,"column":0},"end":{"line":160,"column":3}},"39":{"start":{"line":153,"column":21},"end":{"line":153,"column":76}},"40":{"start":{"line":154,"column":4},"end":{"line":159,"column":5}},"41":{"start":{"line":155,"column":8},"end":{"line":155,"column":34}},"42":{"start":{"line":156,"column":8},"end":{"line":156,"column":31}},"43":{"start":{"line":158,"column":8},"end":{"line":158,"column":30}},"44":{"start":{"line":162,"column":0},"end":{"line":164,"column":3}},"45":{"start":{"line":163,"column":4},"end":{"line":163,"column":21}},"46":{"start":{"line":166,"column":0},"end":{"line":168,"column":3}},"47":{"start":{"line":167,"column":4},"end":{"line":167,"column":27}},"48":{"start":{"line":171,"column":0},"end":{"line":207,"column":3}},"49":{"start":{"line":172,"column":4},"end":{"line":206,"column":5}},"50":{"start":{"line":173,"column":22},"end":{"line":173,"column":81}},"51":{"start":{"line":174,"column":22},"end":{"line":174,"column":72}},"52":{"start":{"line":177,"column":8},"end":{"line":180,"column":9}},"53":{"start":{"line":178,"column":31},"end":{"line":178,"column":116}},"54":{"start":{"line":179,"column":12},"end":{"line":179,"column":40}},"55":{"start":{"line":182,"column":20},"end":{"line":182,"column":60}},"56":{"start":{"line":183,"column":22},"end":{"line":183,"column":56}},"57":{"start":{"line":184,"column":23},"end":{"line":184,"column":25}},"58":{"start":{"line":186,"column":8},"end":{"line":200,"column":9}},"59":{"start":{"line":186,"column":21},"end":{"line":186,"column":37}},"60":{"start":{"line":187,"column":12},"end":{"line":199,"column":26}},"61":{"start":{"line":188,"column":28},"end":{"line":188,"column":48}},"62":{"start":{"line":189,"column":16},"end":{"line":191,"column":17}},"63":{"start":{"line":190,"column":20},"end":{"line":190,"column":29}},"64":{"start":{"line":192,"column":16},"end":{"line":198,"column":19}},"65":{"start":{"line":202,"column":8},"end":{"line":202,"column":42}},"66":{"start":{"line":204,"column":8},"end":{"line":204,"column":40}},"67":{"start":{"line":205,"column":8},"end":{"line":205,"column":58}},"68":{"start":{"line":210,"column":0},"end":{"line":234,"column":3}},"69":{"start":{"line":211,"column":4},"end":{"line":233,"column":5}},"70":{"start":{"line":212,"column":24},"end":{"line":212,"column":86}},"71":{"start":{"line":213,"column":35},"end":{"line":213,"column":95}},"72":{"start":{"line":214,"column":26},"end":{"line":214,"column":133}},"73":{"start":{"line":216,"column":8},"end":{"line":218,"column":9}},"74":{"start":{"line":217,"column":12},"end":{"line":217,"column":63}},"75":{"start":{"line":222,"column":8},"end":{"line":222,"column":53}},"76":{"start":{"line":225,"column":19},"end":{"line":225,"column":65}},"77":{"start":{"line":226,"column":25},"end":{"line":226,"column":40}},"78":{"start":{"line":227,"column":25},"end":{"line":227,"column":55}},"79":{"start":{"line":228,"column":8},"end":{"line":228,"column":52}},"80":{"start":{"line":229,"column":8},"end":{"line":229,"column":90}},"81":{"start":{"line":231,"column":8},"end":{"line":231,"column":40}},"82":{"start":{"line":232,"column":8},"end":{"line":232,"column":58}},"83":{"start":{"line":237,"column":0},"end":{"line":264,"column":3}},"84":{"start":{"line":238,"column":4},"end":{"line":263,"column":5}},"85":{"start":{"line":239,"column":24},"end":{"line":239,"column":86}},"86":{"start":{"line":240,"column":35},"end":{"line":240,"column":102}},"87":{"start":{"line":241,"column":24},"end":{"line":241,"column":47}},"88":{"start":{"line":242,"column":30},"end":{"line":242,"column":109}},"89":{"start":{"line":243,"column":26},"end":{"line":243,"column":53}},"90":{"start":{"line":245,"column":8},"end":{"line":247,"column":9}},"91":{"start":{"line":246,"column":12},"end":{"line":246,"column":63}},"92":{"start":{"line":250,"column":8},"end":{"line":252,"column":9}},"93":{"start":{"line":251,"column":12},"end":{"line":251,"column":68}},"94":{"start":{"line":254,"column":8},"end":{"line":254,"column":53}},"95":{"start":{"line":255,"column":19},"end":{"line":255,"column":65}},"96":{"start":{"line":256,"column":25},"end":{"line":256,"column":40}},"97":{"start":{"line":257,"column":25},"end":{"line":257,"column":55}},"98":{"start":{"line":258,"column":8},"end":{"line":258,"column":52}},"99":{"start":{"line":259,"column":8},"end":{"line":259,"column":64}},"100":{"start":{"line":261,"column":8},"end":{"line":261,"column":40}},"101":{"start":{"line":262,"column":8},"end":{"line":262,"column":58}},"102":{"start":{"line":267,"column":0},"end":{"line":296,"column":3}},"103":{"start":{"line":268,"column":4},"end":{"line":295,"column":5}},"104":{"start":{"line":269,"column":24},"end":{"line":269,"column":80}},"105":{"start":{"line":270,"column":24},"end":{"line":270,"column":66}},"106":{"start":{"line":271,"column":26},"end":{"line":271,"column":55}},"107":{"start":{"line":273,"column":24},"end":{"line":279,"column":9}},"108":{"start":{"line":281,"column":8},"end":{"line":281,"column":47}},"109":{"start":{"line":282,"column":8},"end":{"line":282,"column":53}},"110":{"start":{"line":283,"column":8},"end":{"line":283,"column":35}},"111":{"start":{"line":285,"column":8},"end":{"line":289,"column":9}},"112":{"start":{"line":286,"column":12},"end":{"line":288,"column":20}},"113":{"start":{"line":287,"column":16},"end":{"line":287,"column":79}},"114":{"start":{"line":291,"column":8},"end":{"line":291,"column":52}},"115":{"start":{"line":293,"column":8},"end":{"line":293,"column":40}},"116":{"start":{"line":294,"column":8},"end":{"line":294,"column":58}},"117":{"start":{"line":299,"column":0},"end":{"line":301,"column":3}},"118":{"start":{"line":300,"column":4},"end":{"line":300,"column":90}},"119":{"start":{"line":304,"column":0},"end":{"line":318,"column":3}},"120":{"start":{"line":305,"column":4},"end":{"line":317,"column":5}},"121":{"start":{"line":306,"column":31},"end":{"line":306,"column":44}},"122":{"start":{"line":307,"column":29},"end":{"line":307,"column":141}},"123":{"start":{"line":307,"column":117},"end":{"line":307,"column":140}},"124":{"start":{"line":309,"column":8},"end":{"line":313,"column":9}},"125":{"start":{"line":310,"column":12},"end":{"line":310,"column":35}},"126":{"start":{"line":312,"column":12},"end":{"line":312,"column":58}},"127":{"start":{"line":315,"column":8},"end":{"line":315,"column":58}},"128":{"start":{"line":316,"column":8},"end":{"line":316,"column":51}},"129":{"start":{"line":321,"column":0},"end":{"line":348,"column":3}},"130":{"start":{"line":322,"column":4},"end":{"line":347,"column":5}},"131":{"start":{"line":323,"column":8},"end":{"line":325,"column":9}},"132":{"start":{"line":324,"column":12},"end":{"line":324,"column":60}},"133":{"start":{"line":326,"column":22},"end":{"line":326,"column":61}},"134":{"start":{"line":327,"column":24},"end":{"line":327,"column":48}},"135":{"start":{"line":328,"column":24},"end":{"line":328,"column":61}},"136":{"start":{"line":329,"column":29},"end":{"line":336,"column":9}},"137":{"start":{"line":337,"column":8},"end":{"line":339,"column":9}},"138":{"start":{"line":338,"column":12},"end":{"line":338,"column":44}},"139":{"start":{"line":340,"column":8},"end":{"line":340,"column":54}},"140":{"start":{"line":342,"column":8},"end":{"line":342,"column":68}},"141":{"start":{"line":343,"column":8},"end":{"line":343,"column":57}},"142":{"start":{"line":345,"column":8},"end":{"line":345,"column":40}},"143":{"start":{"line":346,"column":8},"end":{"line":346,"column":58}},"144":{"start":{"line":351,"column":0},"end":{"line":490,"column":3}},"145":{"start":{"line":352,"column":4},"end":{"line":489,"column":5}},"146":{"start":{"line":353,"column":8},"end":{"line":353,"column":41}},"147":{"start":{"line":356,"column":38},"end":{"line":362,"column":11}},"148":{"start":{"line":356,"column":126},"end":{"line":362,"column":9}},"149":{"start":{"line":363,"column":8},"end":{"line":363,"column":121}},"150":{"start":{"line":366,"column":8},"end":{"line":374,"column":11}},"151":{"start":{"line":367,"column":12},"end":{"line":373,"column":13}},"152":{"start":{"line":368,"column":16},"end":{"line":368,"column":39}},"153":{"start":{"line":369,"column":16},"end":{"line":369,"column":47}},"154":{"start":{"line":370,"column":16},"end":{"line":370,"column":87}},"155":{"start":{"line":372,"column":16},"end":{"line":372,"column":92}},"156":{"start":{"line":377,"column":8},"end":{"line":417,"column":11}},"157":{"start":{"line":378,"column":12},"end":{"line":416,"column":13}},"158":{"start":{"line":380,"column":16},"end":{"line":383,"column":17}},"159":{"start":{"line":381,"column":20},"end":{"line":381,"column":104}},"160":{"start":{"line":381,"column":56},"end":{"line":381,"column":104}},"161":{"start":{"line":382,"column":20},"end":{"line":382,"column":27}},"162":{"start":{"line":384,"column":16},"end":{"line":387,"column":17}},"163":{"start":{"line":385,"column":20},"end":{"line":385,"column":109}},"164":{"start":{"line":385,"column":56},"end":{"line":385,"column":109}},"165":{"start":{"line":386,"column":20},"end":{"line":386,"column":27}},"166":{"start":{"line":389,"column":32},"end":{"line":395,"column":17}},"167":{"start":{"line":397,"column":16},"end":{"line":397,"column":55}},"168":{"start":{"line":398,"column":16},"end":{"line":398,"column":61}},"169":{"start":{"line":400,"column":16},"end":{"line":400,"column":43}},"170":{"start":{"line":403,"column":16},"end":{"line":410,"column":17}},"171":{"start":{"line":404,"column":20},"end":{"line":409,"column":28}},"172":{"start":{"line":405,"column":24},"end":{"line":408,"column":27}},"173":{"start":{"line":412,"column":16},"end":{"line":412,"column":91}},"174":{"start":{"line":412,"column":52},"end":{"line":412,"column":91}},"175":{"start":{"line":414,"column":16},"end":{"line":414,"column":92}},"176":{"start":{"line":415,"column":16},"end":{"line":415,"column":101}},"177":{"start":{"line":415,"column":52},"end":{"line":415,"column":101}},"178":{"start":{"line":420,"column":8},"end":{"line":427,"column":11}},"179":{"start":{"line":421,"column":12},"end":{"line":426,"column":13}},"180":{"start":{"line":422,"column":16},"end":{"line":422,"column":57}},"181":{"start":{"line":423,"column":16},"end":{"line":423,"column":68}},"182":{"start":{"line":425,"column":16},"end":{"line":425,"column":97}},"183":{"start":{"line":430,"column":8},"end":{"line":439,"column":11}},"184":{"start":{"line":431,"column":12},"end":{"line":438,"column":13}},"185":{"start":{"line":432,"column":16},"end":{"line":432,"column":45}},"186":{"start":{"line":433,"column":16},"end":{"line":433,"column":45}},"187":{"start":{"line":434,"column":16},"end":{"line":434,"column":59}},"188":{"start":{"line":435,"column":16},"end":{"line":435,"column":70}},"189":{"start":{"line":437,"column":16},"end":{"line":437,"column":93}},"190":{"start":{"line":442,"column":8},"end":{"line":450,"column":11}},"191":{"start":{"line":443,"column":12},"end":{"line":449,"column":13}},"192":{"start":{"line":444,"column":16},"end":{"line":444,"column":46}},"193":{"start":{"line":445,"column":16},"end":{"line":445,"column":51}},"194":{"start":{"line":446,"column":16},"end":{"line":446,"column":54}},"195":{"start":{"line":448,"column":16},"end":{"line":448,"column":91}},"196":{"start":{"line":453,"column":8},"end":{"line":460,"column":11}},"197":{"start":{"line":454,"column":12},"end":{"line":459,"column":13}},"198":{"start":{"line":455,"column":16},"end":{"line":455,"column":54}},"199":{"start":{"line":456,"column":16},"end":{"line":456,"column":65}},"200":{"start":{"line":458,"column":16},"end":{"line":458,"column":94}},"201":{"start":{"line":463,"column":8},"end":{"line":477,"column":11}},"202":{"start":{"line":464,"column":12},"end":{"line":476,"column":13}},"203":{"start":{"line":465,"column":37},"end":{"line":471,"column":17}},"204":{"start":{"line":472,"column":16},"end":{"line":472,"column":62}},"205":{"start":{"line":473,"column":16},"end":{"line":473,"column":76}},"206":{"start":{"line":475,"column":16},"end":{"line":475,"column":99}},"207":{"start":{"line":480,"column":8},"end":{"line":486,"column":11}},"208":{"start":{"line":481,"column":12},"end":{"line":485,"column":13}},"209":{"start":{"line":482,"column":16},"end":{"line":482,"column":50}},"210":{"start":{"line":484,"column":16},"end":{"line":484,"column":91}},"211":{"start":{"line":488,"column":8},"end":{"line":488,"column":85}},"212":{"start":{"line":495,"column":24},"end":{"line":495,"column":79}},"213":{"start":{"line":496,"column":18},"end":{"line":496,"column":51}},"214":{"start":{"line":498,"column":0},"end":{"line":546,"column":3}},"215":{"start":{"line":499,"column":4},"end":{"line":545,"column":5}},"216":{"start":{"line":506,"column":12},"end":{"line":506,"column":26}},"217":{"start":{"line":508,"column":29},"end":{"line":508,"column":31}},"218":{"start":{"line":509,"column":8},"end":{"line":509,"column":63}},"219":{"start":{"line":510,"column":8},"end":{"line":517,"column":9}},"220":{"start":{"line":511,"column":12},"end":{"line":516,"column":15}},"221":{"start":{"line":512,"column":29},"end":{"line":514,"column":56}},"222":{"start":{"line":515,"column":16},"end":{"line":515,"column":78}},"223":{"start":{"line":519,"column":21},"end":{"line":528,"column":10}},"224":{"start":{"line":530,"column":8},"end":{"line":533,"column":9}},"225":{"start":{"line":531,"column":25},"end":{"line":531,"column":42}},"226":{"start":{"line":532,"column":12},"end":{"line":532,"column":78}},"227":{"start":{"line":535,"column":21},"end":{"line":535,"column":38}},"228":{"start":{"line":536,"column":24},"end":{"line":536,"column":103}},"229":{"start":{"line":537,"column":8},"end":{"line":539,"column":9}},"230":{"start":{"line":538,"column":12},"end":{"line":538,"column":63}},"231":{"start":{"line":541,"column":8},"end":{"line":541,"column":61}},"232":{"start":{"line":543,"column":8},"end":{"line":543,"column":42}},"233":{"start":{"line":544,"column":8},"end":{"line":544,"column":58}},"234":{"start":{"line":549,"column":26},"end":{"line":571,"column":1}},"235":{"start":{"line":550,"column":17},"end":{"line":563,"column":5}},"236":{"start":{"line":565,"column":4},"end":{"line":570,"column":7}},"237":{"start":{"line":566,"column":8},"end":{"line":569,"column":9}},"238":{"start":{"line":567,"column":12},"end":{"line":567,"column":51}},"239":{"start":{"line":568,"column":12},"end":{"line":568,"column":40}},"240":{"start":{"line":574,"column":29},"end":{"line":595,"column":1}},"241":{"start":{"line":575,"column":22},"end":{"line":575,"column":58}},"242":{"start":{"line":578,"column":25},"end":{"line":585,"column":5}},"243":{"start":{"line":588,"column":4},"end":{"line":594,"column":7}},"244":{"start":{"line":589,"column":25},"end":{"line":589,"column":65}},"245":{"start":{"line":590,"column":8},"end":{"line":593,"column":9}},"246":{"start":{"line":591,"column":12},"end":{"line":591,"column":53}},"247":{"start":{"line":592,"column":12},"end":{"line":592,"column":52}},"248":{"start":{"line":598,"column":19},"end":{"line":612,"column":1}},"249":{"start":{"line":599,"column":4},"end":{"line":599,"column":24}},"250":{"start":{"line":600,"column":4},"end":{"line":600,"column":27}},"251":{"start":{"line":602,"column":13},"end":{"line":602,"column":37}},"252":{"start":{"line":604,"column":4},"end":{"line":607,"column":5}},"253":{"start":{"line":605,"column":8},"end":{"line":605,"column":55}},"254":{"start":{"line":606,"column":8},"end":{"line":606,"column":63}},"255":{"start":{"line":608,"column":4},"end":{"line":611,"column":7}},"256":{"start":{"line":609,"column":8},"end":{"line":609,"column":55}},"257":{"start":{"line":610,"column":8},"end":{"line":610,"column":32}},"258":{"start":{"line":615,"column":0},"end":{"line":615,"column":13}}},"fnMap":{"0":{"name":"appendChatMessage","decl":{"start":{"line":107,"column":9},"end":{"line":107,"column":26}},"loc":{"start":{"line":107,"column":36},"end":{"line":125,"column":1}},"line":107},"1":{"name":"(anonymous_1)","decl":{"start":{"line":130,"column":17},"end":{"line":130,"column":18}},"loc":{"start":{"line":130,"column":36},"end":{"line":132,"column":5}},"line":130},"2":{"name":"(anonymous_2)","decl":{"start":{"line":133,"column":14},"end":{"line":133,"column":15}},"loc":{"start":{"line":133,"column":33},"end":{"line":138,"column":5}},"line":133},"3":{"name":"(anonymous_3)","decl":{"start":{"line":143,"column":13},"end":{"line":143,"column":14}},"loc":{"start":{"line":143,"column":27},"end":{"line":149,"column":1}},"line":143},"4":{"name":"(anonymous_4)","decl":{"start":{"line":152,"column":24},"end":{"line":152,"column":25}},"loc":{"start":{"line":152,"column":38},"end":{"line":160,"column":1}},"line":152},"5":{"name":"(anonymous_5)","decl":{"start":{"line":162,"column":23},"end":{"line":162,"column":24}},"loc":{"start":{"line":162,"column":37},"end":{"line":164,"column":1}},"line":162},"6":{"name":"(anonymous_6)","decl":{"start":{"line":166,"column":24},"end":{"line":166,"column":25}},"loc":{"start":{"line":166,"column":38},"end":{"line":168,"column":1}},"line":166},"7":{"name":"(anonymous_7)","decl":{"start":{"line":171,"column":29},"end":{"line":171,"column":30}},"loc":{"start":{"line":171,"column":43},"end":{"line":207,"column":1}},"line":171},"8":{"name":"(anonymous_8)","decl":{"start":{"line":210,"column":30},"end":{"line":210,"column":31}},"loc":{"start":{"line":210,"column":44},"end":{"line":234,"column":1}},"line":210},"9":{"name":"(anonymous_9)","decl":{"start":{"line":237,"column":32},"end":{"line":237,"column":33}},"loc":{"start":{"line":237,"column":46},"end":{"line":264,"column":1}},"line":237},"10":{"name":"(anonymous_10)","decl":{"start":{"line":267,"column":54},"end":{"line":267,"column":55}},"loc":{"start":{"line":267,"column":68},"end":{"line":296,"column":1}},"line":267},"11":{"name":"(anonymous_11)","decl":{"start":{"line":286,"column":23},"end":{"line":286,"column":24}},"loc":{"start":{"line":286,"column":29},"end":{"line":288,"column":13}},"line":286},"12":{"name":"(anonymous_12)","decl":{"start":{"line":299,"column":30},"end":{"line":299,"column":31}},"loc":{"start":{"line":299,"column":44},"end":{"line":301,"column":1}},"line":299},"13":{"name":"(anonymous_13)","decl":{"start":{"line":304,"column":34},"end":{"line":304,"column":35}},"loc":{"start":{"line":304,"column":48},"end":{"line":318,"column":1}},"line":304},"14":{"name":"(anonymous_14)","decl":{"start":{"line":307,"column":112},"end":{"line":307,"column":113}},"loc":{"start":{"line":307,"column":117},"end":{"line":307,"column":140}},"line":307},"15":{"name":"(anonymous_15)","decl":{"start":{"line":321,"column":61},"end":{"line":321,"column":62}},"loc":{"start":{"line":321,"column":75},"end":{"line":348,"column":1}},"line":321},"16":{"name":"(anonymous_16)","decl":{"start":{"line":351,"column":20},"end":{"line":351,"column":21}},"loc":{"start":{"line":351,"column":32},"end":{"line":490,"column":1}},"line":351},"17":{"name":"(anonymous_17)","decl":{"start":{"line":356,"column":120},"end":{"line":356,"column":121}},"loc":{"start":{"line":356,"column":126},"end":{"line":362,"column":9}},"line":356},"18":{"name":"(anonymous_18)","decl":{"start":{"line":366,"column":33},"end":{"line":366,"column":34}},"loc":{"start":{"line":366,"column":45},"end":{"line":374,"column":9}},"line":366},"19":{"name":"(anonymous_19)","decl":{"start":{"line":377,"column":33},"end":{"line":377,"column":34}},"loc":{"start":{"line":377,"column":53},"end":{"line":417,"column":9}},"line":377},"20":{"name":"(anonymous_20)","decl":{"start":{"line":404,"column":31},"end":{"line":404,"column":32}},"loc":{"start":{"line":404,"column":37},"end":{"line":409,"column":21}},"line":404},"21":{"name":"(anonymous_21)","decl":{"start":{"line":420,"column":38},"end":{"line":420,"column":39}},"loc":{"start":{"line":420,"column":51},"end":{"line":427,"column":9}},"line":420},"22":{"name":"(anonymous_22)","decl":{"start":{"line":430,"column":34},"end":{"line":430,"column":35}},"loc":{"start":{"line":430,"column":46},"end":{"line":439,"column":9}},"line":430},"23":{"name":"(anonymous_23)","decl":{"start":{"line":442,"column":32},"end":{"line":442,"column":33}},"loc":{"start":{"line":442,"column":38},"end":{"line":450,"column":9}},"line":442},"24":{"name":"(anonymous_24)","decl":{"start":{"line":453,"column":35},"end":{"line":453,"column":36}},"loc":{"start":{"line":453,"column":48},"end":{"line":460,"column":9}},"line":453},"25":{"name":"(anonymous_25)","decl":{"start":{"line":463,"column":40},"end":{"line":463,"column":41}},"loc":{"start":{"line":463,"column":50},"end":{"line":477,"column":9}},"line":463},"26":{"name":"(anonymous_26)","decl":{"start":{"line":480,"column":32},"end":{"line":480,"column":33}},"loc":{"start":{"line":480,"column":38},"end":{"line":486,"column":9}},"line":480},"27":{"name":"(anonymous_27)","decl":{"start":{"line":498,"column":30},"end":{"line":498,"column":31}},"loc":{"start":{"line":498,"column":50},"end":{"line":546,"column":1}},"line":498},"28":{"name":"(anonymous_28)","decl":{"start":{"line":511,"column":40},"end":{"line":511,"column":41}},"loc":{"start":{"line":511,"column":45},"end":{"line":516,"column":13}},"line":511},"29":{"name":"(anonymous_29)","decl":{"start":{"line":549,"column":26},"end":{"line":549,"column":27}},"loc":{"start":{"line":549,"column":32},"end":{"line":571,"column":1}},"line":549},"30":{"name":"(anonymous_30)","decl":{"start":{"line":565,"column":17},"end":{"line":565,"column":18}},"loc":{"start":{"line":565,"column":24},"end":{"line":570,"column":5}},"line":565},"31":{"name":"(anonymous_31)","decl":{"start":{"line":574,"column":29},"end":{"line":574,"column":30}},"loc":{"start":{"line":574,"column":35},"end":{"line":595,"column":1}},"line":574},"32":{"name":"(anonymous_32)","decl":{"start":{"line":588,"column":41},"end":{"line":588,"column":42}},"loc":{"start":{"line":588,"column":64},"end":{"line":594,"column":5}},"line":588},"33":{"name":"(anonymous_33)","decl":{"start":{"line":598,"column":19},"end":{"line":598,"column":20}},"loc":{"start":{"line":598,"column":25},"end":{"line":612,"column":1}},"line":598},"34":{"name":"(anonymous_34)","decl":{"start":{"line":608,"column":24},"end":{"line":608,"column":25}},"loc":{"start":{"line":608,"column":30},"end":{"line":611,"column":5}},"line":608}},"branchMap":{"0":{"loc":{"start":{"line":110,"column":8},"end":{"line":112,"column":9}},"type":"if","locations":[{"start":{"line":110,"column":8},"end":{"line":112,"column":9}},{"start":{},"end":{}}],"line":110},"1":{"loc":{"start":{"line":115,"column":23},"end":{"line":115,"column":47}},"type":"binary-expr","locations":[{"start":{"line":115,"column":23},"end":{"line":115,"column":33}},{"start":{"line":115,"column":37},"end":{"line":115,"column":47}}],"line":115},"2":{"loc":{"start":{"line":116,"column":28},"end":{"line":116,"column":49}},"type":"binary-expr","locations":[{"start":{"line":116,"column":28},"end":{"line":116,"column":43}},{"start":{"line":116,"column":47},"end":{"line":116,"column":49}}],"line":116},"3":{"loc":{"start":{"line":117,"column":28},"end":{"line":117,"column":49}},"type":"binary-expr","locations":[{"start":{"line":117,"column":28},"end":{"line":117,"column":43}},{"start":{"line":117,"column":47},"end":{"line":117,"column":49}}],"line":117},"4":{"loc":{"start":{"line":118,"column":23},"end":{"line":118,"column":148}},"type":"cond-expr","locations":[{"start":{"line":118,"column":61},"end":{"line":118,"column":92}},{"start":{"line":118,"column":95},"end":{"line":118,"column":148}}],"line":118},"5":{"loc":{"start":{"line":118,"column":102},"end":{"line":118,"column":147}},"type":"binary-expr","locations":[{"start":{"line":118,"column":102},"end":{"line":118,"column":119}},{"start":{"line":118,"column":123},"end":{"line":118,"column":147}}],"line":118},"6":{"loc":{"start":{"line":119,"column":25},"end":{"line":119,"column":50}},"type":"binary-expr","locations":[{"start":{"line":119,"column":25},"end":{"line":119,"column":37}},{"start":{"line":119,"column":41},"end":{"line":119,"column":50}}],"line":119},"7":{"loc":{"start":{"line":154,"column":4},"end":{"line":159,"column":5}},"type":"if","locations":[{"start":{"line":154,"column":4},"end":{"line":159,"column":5}},{"start":{"line":157,"column":11},"end":{"line":159,"column":5}}],"line":154},"8":{"loc":{"start":{"line":173,"column":49},"end":{"line":173,"column":79}},"type":"binary-expr","locations":[{"start":{"line":173,"column":49},"end":{"line":173,"column":72}},{"start":{"line":173,"column":76},"end":{"line":173,"column":79}}],"line":173},"9":{"loc":{"start":{"line":174,"column":22},"end":{"line":174,"column":72}},"type":"cond-expr","locations":[{"start":{"line":174,"column":40},"end":{"line":174,"column":65}},{"start":{"line":174,"column":68},"end":{"line":174,"column":72}}],"line":174},"10":{"loc":{"start":{"line":177,"column":8},"end":{"line":180,"column":9}},"type":"if","locations":[{"start":{"line":177,"column":8},"end":{"line":180,"column":9}},{"start":{},"end":{}}],"line":177},"11":{"loc":{"start":{"line":178,"column":31},"end":{"line":178,"column":116}},"type":"cond-expr","locations":[{"start":{"line":178,"column":73},"end":{"line":178,"column":111}},{"start":{"line":178,"column":114},"end":{"line":178,"column":116}}],"line":178},"12":{"loc":{"start":{"line":186,"column":39},"end":{"line":186,"column":70}},"type":"binary-expr","locations":[{"start":{"line":186,"column":39},"end":{"line":186,"column":45}},{"start":{"line":186,"column":49},"end":{"line":186,"column":70}}],"line":186},"13":{"loc":{"start":{"line":189,"column":16},"end":{"line":191,"column":17}},"type":"if","locations":[{"start":{"line":189,"column":16},"end":{"line":191,"column":17}},{"start":{},"end":{}}],"line":189},"14":{"loc":{"start":{"line":189,"column":20},"end":{"line":189,"column":60}},"type":"binary-expr","locations":[{"start":{"line":189,"column":20},"end":{"line":189,"column":25}},{"start":{"line":189,"column":29},"end":{"line":189,"column":60}}],"line":189},"15":{"loc":{"start":{"line":197,"column":26},"end":{"line":197,"column":47}},"type":"binary-expr","locations":[{"start":{"line":197,"column":26},"end":{"line":197,"column":34}},{"start":{"line":197,"column":38},"end":{"line":197,"column":47}}],"line":197},"16":{"loc":{"start":{"line":212,"column":24},"end":{"line":212,"column":86}},"type":"cond-expr","locations":[{"start":{"line":212,"column":57},"end":{"line":212,"column":81}},{"start":{"line":212,"column":84},"end":{"line":212,"column":86}}],"line":212},"17":{"loc":{"start":{"line":212,"column":25},"end":{"line":212,"column":53}},"type":"binary-expr","locations":[{"start":{"line":212,"column":25},"end":{"line":212,"column":33}},{"start":{"line":212,"column":37},"end":{"line":212,"column":53}}],"line":212},"18":{"loc":{"start":{"line":213,"column":35},"end":{"line":213,"column":95}},"type":"binary-expr","locations":[{"start":{"line":213,"column":35},"end":{"line":213,"column":67}},{"start":{"line":213,"column":71},"end":{"line":213,"column":95}}],"line":213},"19":{"loc":{"start":{"line":214,"column":26},"end":{"line":214,"column":133}},"type":"cond-expr","locations":[{"start":{"line":214,"column":56},"end":{"line":214,"column":98}},{"start":{"line":214,"column":101},"end":{"line":214,"column":133}}],"line":214},"20":{"loc":{"start":{"line":214,"column":27},"end":{"line":214,"column":52}},"type":"binary-expr","locations":[{"start":{"line":214,"column":27},"end":{"line":214,"column":35}},{"start":{"line":214,"column":39},"end":{"line":214,"column":52}}],"line":214},"21":{"loc":{"start":{"line":216,"column":8},"end":{"line":218,"column":9}},"type":"if","locations":[{"start":{"line":216,"column":8},"end":{"line":218,"column":9}},{"start":{},"end":{}}],"line":216},"22":{"loc":{"start":{"line":239,"column":24},"end":{"line":239,"column":86}},"type":"cond-expr","locations":[{"start":{"line":239,"column":57},"end":{"line":239,"column":81}},{"start":{"line":239,"column":84},"end":{"line":239,"column":86}}],"line":239},"23":{"loc":{"start":{"line":239,"column":25},"end":{"line":239,"column":53}},"type":"binary-expr","locations":[{"start":{"line":239,"column":25},"end":{"line":239,"column":33}},{"start":{"line":239,"column":37},"end":{"line":239,"column":53}}],"line":239},"24":{"loc":{"start":{"line":240,"column":35},"end":{"line":240,"column":102}},"type":"binary-expr","locations":[{"start":{"line":240,"column":35},"end":{"line":240,"column":67}},{"start":{"line":240,"column":71},"end":{"line":240,"column":102}}],"line":240},"25":{"loc":{"start":{"line":242,"column":30},"end":{"line":242,"column":109}},"type":"cond-expr","locations":[{"start":{"line":242,"column":60},"end":{"line":242,"column":88}},{"start":{"line":242,"column":91},"end":{"line":242,"column":109}}],"line":242},"26":{"loc":{"start":{"line":242,"column":31},"end":{"line":242,"column":56}},"type":"binary-expr","locations":[{"start":{"line":242,"column":31},"end":{"line":242,"column":39}},{"start":{"line":242,"column":43},"end":{"line":242,"column":56}}],"line":242},"27":{"loc":{"start":{"line":245,"column":8},"end":{"line":247,"column":9}},"type":"if","locations":[{"start":{"line":245,"column":8},"end":{"line":247,"column":9}},{"start":{},"end":{}}],"line":245},"28":{"loc":{"start":{"line":250,"column":8},"end":{"line":252,"column":9}},"type":"if","locations":[{"start":{"line":250,"column":8},"end":{"line":252,"column":9}},{"start":{},"end":{}}],"line":250},"29":{"loc":{"start":{"line":269,"column":24},"end":{"line":269,"column":80}},"type":"binary-expr","locations":[{"start":{"line":269,"column":24},"end":{"line":269,"column":41}},{"start":{"line":269,"column":46},"end":{"line":269,"column":55}},{"start":{"line":269,"column":59},"end":{"line":269,"column":71}},{"start":{"line":269,"column":76},"end":{"line":269,"column":80}}],"line":269},"30":{"loc":{"start":{"line":270,"column":24},"end":{"line":270,"column":66}},"type":"binary-expr","locations":[{"start":{"line":270,"column":24},"end":{"line":270,"column":41}},{"start":{"line":270,"column":45},"end":{"line":270,"column":66}}],"line":270},"31":{"loc":{"start":{"line":285,"column":8},"end":{"line":289,"column":9}},"type":"if","locations":[{"start":{"line":285,"column":8},"end":{"line":289,"column":9}},{"start":{},"end":{}}],"line":285},"32":{"loc":{"start":{"line":300,"column":13},"end":{"line":300,"column":88}},"type":"cond-expr","locations":[{"start":{"line":300,"column":57},"end":{"line":300,"column":83}},{"start":{"line":300,"column":86},"end":{"line":300,"column":88}}],"line":300},"33":{"loc":{"start":{"line":307,"column":30},"end":{"line":307,"column":105}},"type":"cond-expr","locations":[{"start":{"line":307,"column":74},"end":{"line":307,"column":100}},{"start":{"line":307,"column":103},"end":{"line":307,"column":105}}],"line":307},"34":{"loc":{"start":{"line":309,"column":8},"end":{"line":313,"column":9}},"type":"if","locations":[{"start":{"line":309,"column":8},"end":{"line":313,"column":9}},{"start":{"line":311,"column":15},"end":{"line":313,"column":9}}],"line":309},"35":{"loc":{"start":{"line":323,"column":8},"end":{"line":325,"column":9}},"type":"if","locations":[{"start":{"line":323,"column":8},"end":{"line":325,"column":9}},{"start":{},"end":{}}],"line":323},"36":{"loc":{"start":{"line":326,"column":22},"end":{"line":326,"column":61}},"type":"binary-expr","locations":[{"start":{"line":326,"column":22},"end":{"line":326,"column":36}},{"start":{"line":326,"column":40},"end":{"line":326,"column":61}}],"line":326},"37":{"loc":{"start":{"line":327,"column":24},"end":{"line":327,"column":48}},"type":"binary-expr","locations":[{"start":{"line":327,"column":24},"end":{"line":327,"column":40}},{"start":{"line":327,"column":44},"end":{"line":327,"column":48}}],"line":327},"38":{"loc":{"start":{"line":337,"column":8},"end":{"line":339,"column":9}},"type":"if","locations":[{"start":{"line":337,"column":8},"end":{"line":339,"column":9}},{"start":{},"end":{}}],"line":337},"39":{"loc":{"start":{"line":356,"column":39},"end":{"line":356,"column":114}},"type":"cond-expr","locations":[{"start":{"line":356,"column":83},"end":{"line":356,"column":109}},{"start":{"line":356,"column":112},"end":{"line":356,"column":114}}],"line":356},"40":{"loc":{"start":{"line":380,"column":16},"end":{"line":383,"column":17}},"type":"if","locations":[{"start":{"line":380,"column":16},"end":{"line":383,"column":17}},{"start":{},"end":{}}],"line":380},"41":{"loc":{"start":{"line":380,"column":20},"end":{"line":380,"column":85}},"type":"binary-expr","locations":[{"start":{"line":380,"column":20},"end":{"line":380,"column":25}},{"start":{"line":380,"column":29},"end":{"line":380,"column":61}},{"start":{"line":380,"column":65},"end":{"line":380,"column":85}}],"line":380},"42":{"loc":{"start":{"line":381,"column":20},"end":{"line":381,"column":104}},"type":"if","locations":[{"start":{"line":381,"column":20},"end":{"line":381,"column":104}},{"start":{},"end":{}}],"line":381},"43":{"loc":{"start":{"line":384,"column":16},"end":{"line":387,"column":17}},"type":"if","locations":[{"start":{"line":384,"column":16},"end":{"line":387,"column":17}},{"start":{},"end":{}}],"line":384},"44":{"loc":{"start":{"line":385,"column":20},"end":{"line":385,"column":109}},"type":"if","locations":[{"start":{"line":385,"column":20},"end":{"line":385,"column":109}},{"start":{},"end":{}}],"line":385},"45":{"loc":{"start":{"line":403,"column":16},"end":{"line":410,"column":17}},"type":"if","locations":[{"start":{"line":403,"column":16},"end":{"line":410,"column":17}},{"start":{},"end":{}}],"line":403},"46":{"loc":{"start":{"line":412,"column":16},"end":{"line":412,"column":91}},"type":"if","locations":[{"start":{"line":412,"column":16},"end":{"line":412,"column":91}},{"start":{},"end":{}}],"line":412},"47":{"loc":{"start":{"line":415,"column":16},"end":{"line":415,"column":101}},"type":"if","locations":[{"start":{"line":415,"column":16},"end":{"line":415,"column":101}},{"start":{},"end":{}}],"line":415},"48":{"loc":{"start":{"line":495,"column":24},"end":{"line":495,"column":79}},"type":"binary-expr","locations":[{"start":{"line":495,"column":24},"end":{"line":495,"column":51}},{"start":{"line":495,"column":55},"end":{"line":495,"column":79}}],"line":495},"49":{"loc":{"start":{"line":496,"column":18},"end":{"line":496,"column":51}},"type":"binary-expr","locations":[{"start":{"line":496,"column":18},"end":{"line":496,"column":39}},{"start":{"line":496,"column":43},"end":{"line":496,"column":51}}],"line":496},"50":{"loc":{"start":{"line":501,"column":12},"end":{"line":501,"column":43}},"type":"default-arg","locations":[{"start":{"line":501,"column":22},"end":{"line":501,"column":43}}],"line":501},"51":{"loc":{"start":{"line":501,"column":22},"end":{"line":501,"column":43}},"type":"binary-expr","locations":[{"start":{"line":501,"column":22},"end":{"line":501,"column":35}},{"start":{"line":501,"column":39},"end":{"line":501,"column":43}}],"line":501},"52":{"loc":{"start":{"line":502,"column":12},"end":{"line":502,"column":66}},"type":"default-arg","locations":[{"start":{"line":502,"column":21},"end":{"line":502,"column":66}}],"line":502},"53":{"loc":{"start":{"line":503,"column":12},"end":{"line":503,"column":25}},"type":"default-arg","locations":[{"start":{"line":503,"column":23},"end":{"line":503,"column":25}}],"line":503},"54":{"loc":{"start":{"line":504,"column":12},"end":{"line":504,"column":27}},"type":"default-arg","locations":[{"start":{"line":504,"column":24},"end":{"line":504,"column":27}}],"line":504},"55":{"loc":{"start":{"line":505,"column":12},"end":{"line":505,"column":29}},"type":"default-arg","locations":[{"start":{"line":505,"column":26},"end":{"line":505,"column":29}}],"line":505},"56":{"loc":{"start":{"line":506,"column":12},"end":{"line":506,"column":26}},"type":"binary-expr","locations":[{"start":{"line":506,"column":12},"end":{"line":506,"column":20}},{"start":{"line":506,"column":24},"end":{"line":506,"column":26}}],"line":506},"57":{"loc":{"start":{"line":510,"column":8},"end":{"line":517,"column":9}},"type":"if","locations":[{"start":{"line":510,"column":8},"end":{"line":517,"column":9}},{"start":{},"end":{}}],"line":510},"58":{"loc":{"start":{"line":512,"column":29},"end":{"line":514,"column":56}},"type":"cond-expr","locations":[{"start":{"line":513,"column":22},"end":{"line":513,"column":28}},{"start":{"line":514,"column":23},"end":{"line":514,"column":55}}],"line":512},"59":{"loc":{"start":{"line":512,"column":29},"end":{"line":512,"column":87}},"type":"binary-expr","locations":[{"start":{"line":512,"column":29},"end":{"line":512,"column":35}},{"start":{"line":512,"column":39},"end":{"line":512,"column":87}}],"line":512},"60":{"loc":{"start":{"line":514,"column":23},"end":{"line":514,"column":55}},"type":"cond-expr","locations":[{"start":{"line":514,"column":35},"end":{"line":514,"column":46}},{"start":{"line":514,"column":49},"end":{"line":514,"column":55}}],"line":514},"61":{"loc":{"start":{"line":515,"column":58},"end":{"line":515,"column":73}},"type":"binary-expr","locations":[{"start":{"line":515,"column":58},"end":{"line":515,"column":67}},{"start":{"line":515,"column":71},"end":{"line":515,"column":73}}],"line":515},"62":{"loc":{"start":{"line":530,"column":8},"end":{"line":533,"column":9}},"type":"if","locations":[{"start":{"line":530,"column":8},"end":{"line":533,"column":9}},{"start":{},"end":{}}],"line":530},"63":{"loc":{"start":{"line":536,"column":24},"end":{"line":536,"column":103}},"type":"binary-expr","locations":[{"start":{"line":536,"column":25},"end":{"line":536,"column":29}},{"start":{"line":536,"column":33},"end":{"line":536,"column":45}},{"start":{"line":536,"column":49},"end":{"line":536,"column":69}},{"start":{"line":536,"column":75},"end":{"line":536,"column":79}},{"start":{"line":536,"column":83},"end":{"line":536,"column":96}},{"start":{"line":536,"column":101},"end":{"line":536,"column":103}}],"line":536},"64":{"loc":{"start":{"line":537,"column":8},"end":{"line":539,"column":9}},"type":"if","locations":[{"start":{"line":537,"column":8},"end":{"line":539,"column":9}},{"start":{},"end":{}}],"line":537},"65":{"loc":{"start":{"line":566,"column":8},"end":{"line":569,"column":9}},"type":"if","locations":[{"start":{"line":566,"column":8},"end":{"line":569,"column":9}},{"start":{},"end":{}}],"line":566},"66":{"loc":{"start":{"line":590,"column":8},"end":{"line":593,"column":9}},"type":"if","locations":[{"start":{"line":590,"column":8},"end":{"line":593,"column":9}},{"start":{},"end":{}}],"line":590},"67":{"loc":{"start":{"line":602,"column":13},"end":{"line":602,"column":37}},"type":"binary-expr","locations":[{"start":{"line":602,"column":13},"end":{"line":602,"column":29}},{"start":{"line":602,"column":33},"end":{"line":602,"column":37}}],"line":602},"68":{"loc":{"start":{"line":604,"column":4},"end":{"line":607,"column":5}},"type":"if","locations":[{"start":{"line":604,"column":4},"end":{"line":607,"column":5}},{"start":{},"end":{}}],"line":604}},"s":{"0":1,"1":1,"2":1,"3":1,"4":1,"5":1,"6":1,"7":1,"8":1,"9":1,"10
[...]
,"S:\\YDS-Lab\\03-dev\\002-ai_meetingroom\\presentations.js": {"path":"S:\\YDS-Lab\\03-dev\\002-ai_meetingroom\\presentations.js","statementMap":{"0":{"start":{"line":2,"column":22},"end":{"line":85,"column":1}},"1":{"start":{"line":87,"column":0},"end":{"line":87,"column":31}}},"fnMap":{},"branchMap":{},"s":{"0":1,"1":1},"f":{},"b":{},"_coverageSchema":"1a1c01bbd47fc00a2c39e90264f33305004495a9","hash":"b1bbb8db87d15e55a6109e5f6fa9c073ef5fdbef"}
,"S:\\YDS-Lab\\03-dev\\002-ai_meetingroom\\middleware\\auth.js": {"path":"S:\\YDS-Lab\\03-dev\\002-ai_meetingroom\\middleware\\auth.js","statementMap":{"0":{"start":{"line":2,"column":12},"end":{"line":2,"column":35}},"1":{"start":{"line":3,"column":15},"end":{"line":3,"column":34}},"2":{"start":{"line":4,"column":19},"end":{"line":4,"column":39}},"3":{"start":{"line":7,"column":22},"end":{"line":9,"column":1}},"4":{"start":{"line":8,"column":2},"end":{"line":8,"column":69}},"5":{"start":{"line":11,"column":20},"end":{"line":17,"column":1}},"6":{"start":{"line":12,"column":2},"end":{"line":16,"column":3}},"7":{"start":{"line":13,"column":4},"end":{"line":13,"column":56}},"8":{"start":{"line":15,"column":4},"end":{"line":15,"column":16}},"9":{"start":{"line":20,"column":14},"end":{"line":20,"column":23}},"10":{"start":{"line":23,"column":26},"end":{"line":32,"column":1}},"11":{"start":{"line":24,"column":26},"end":{"line":24,"column":59}},"12":{"start":{"line":25,"column":2},"end":{"line":31,"column":5}},"13":{"start":{"line":35,"column":26},"end":{"line":56,"column":1}},"14":{"start":{"line":36,"column":21},"end":{"line":36,"column":49}},"15":{"start":{"line":37,"column":16},"end":{"line":37,"column":54}},"16":{"start":{"line":39,"column":2},"end":{"line":44,"column":3}},"17":{"start":{"line":40,"column":4},"end":{"line":43,"column":7}},"18":{"start":{"line":46,"column":18},"end":{"line":46,"column":36}},"19":{"start":{"line":47,"column":2},"end":{"line":52,"column":3}},"20":{"start":{"line":48,"column":4},"end":{"line":51,"column":7}},"21":{"start":{"line":54,"column":2},"end":{"line":54,"column":21}},"22":{"start":{"line":55,"column":2},"end":{"line":55,"column":9}},"23":{"start":{"line":59,"column":21},"end":{"line":71,"column":1}},"24":{"start":{"line":60,"column":21},"end":{"line":60,"column":49}},"25":{"start":{"line":61,"column":16},"end":{"line":61,"column":54}},"26":{"start":{"line":63,"column":2},"end":{"line":68,"column":3}},"27":{"start":{"line":64,"column":20},"end":{"line":64,"column":38}},"28":{"start":{"line":65,"column":4},"end":{"line":67,"column":5}},"29":{"start":{"line":66,"column":6},"end":{"line":66,"column":25}},"30":{"start":{"line":70,"column":2},"end":{"line":70,"column":9}},"31":{"start":{"line":74,"column":20},"end":{"line":97,"column":1}},"32":{"start":{"line":75,"column":2},"end":{"line":96,"column":4}},"33":{"start":{"line":76,"column":4},"end":{"line":81,"column":5}},"34":{"start":{"line":77,"column":6},"end":{"line":80,"column":9}},"35":{"start":{"line":83,"column":21},"end":{"line":83,"column":34}},"36":{"start":{"line":84,"column":25},"end":{"line":84,"column":63}},"37":{"start":{"line":86,"column":4},"end":{"line":93,"column":5}},"38":{"start":{"line":87,"column":6},"end":{"line":92,"column":9}},"39":{"start":{"line":95,"column":4},"end":{"line":95,"column":11}},"40":{"start":{"line":100,"column":19},"end":{"line":119,"column":1}},"41":{"start":{"line":101,"column":41},"end":{"line":101,"column":49}},"42":{"start":{"line":103,"column":2},"end":{"line":118,"column":3}},"43":{"start":{"line":105,"column":6},"end":{"line":105,"column":50}},"44":{"start":{"line":108,"column":6},"end":{"line":108,"column":53}},"45":{"start":{"line":111,"column":6},"end":{"line":111,"column":41}},"46":{"start":{"line":114,"column":6},"end":{"line":117,"column":9}},"47":{"start":{"line":122,"column":20},"end":{"line":161,"column":1}},"48":{"start":{"line":123,"column":2},"end":{"line":128,"column":3}},"49":{"start":{"line":124,"column":4},"end":{"line":127,"column":7}},"50":{"start":{"line":130,"column":15},"end":{"line":130,"column":34}},"51":{"start":{"line":131,"column":2},"end":{"line":136,"column":3}},"52":{"start":{"line":132,"column":4},"end":{"line":135,"column":7}},"53":{"start":{"line":138,"column":26},"end":{"line":138,"column":71}},"54":{"start":{"line":139,"column":2},"end":{"line":144,"column":3}},"55":{"start":{"line":140,"column":4},"end":{"line":143,"column":7}},"56":{"start":{"line":146,"column":16},"end":{"line":150,"column":4}},"57":{"start":{"line":152,"column":2},"end":{"line":160,"column":5}},"58":{"start":{"line":164,"column":23},"end":{"line":220,"column":1}},"59":{"start":{"line":165,"column":2},"end":{"line":170,"column":3}},"60":{"start":{"line":166,"column":4},"end":{"line":169,"column":7}},"61":{"start":{"line":172,"column":2},"end":{"line":177,"column":3}},"62":{"start":{"line":173,"column":4},"end":{"line":176,"column":7}},"63":{"start":{"line":179,"column":2},"end":{"line":184,"column":3}},"64":{"start":{"line":180,"column":4},"end":{"line":183,"column":7}},"65":{"start":{"line":186,"column":2},"end":{"line":219,"column":3}},"66":{"start":{"line":187,"column":27},"end":{"line":187,"column":58}},"67":{"start":{"line":188,"column":20},"end":{"line":194,"column":5}},"68":{"start":{"line":196,"column":4},"end":{"line":196,"column":33}},"69":{"start":{"line":198,"column":18},"end":{"line":202,"column":6}},"70":{"start":{"line":204,"column":4},"end":{"line":212,"column":7}},"71":{"start":{"line":214,"column":4},"end":{"line":218,"column":7}},"72":{"start":{"line":223,"column":26},"end":{"line":246,"column":1}},"73":{"start":{"line":224,"column":21},"end":{"line":224,"column":49}},"74":{"start":{"line":225,"column":16},"end":{"line":225,"column":54}},"75":{"start":{"line":227,"column":2},"end":{"line":232,"column":3}},"76":{"start":{"line":228,"column":4},"end":{"line":231,"column":7}},"77":{"start":{"line":234,"column":18},"end":{"line":234,"column":36}},"78":{"start":{"line":235,"column":2},"end":{"line":240,"column":3}},"79":{"start":{"line":236,"column":4},"end":{"line":239,"column":7}},"80":{"start":{"line":242,"column":2},"end":{"line":245,"column":5}},"81":{"start":{"line":249,"column":0},"end":{"line":249,"column":20}},"82":{"start":{"line":251,"column":0},"end":{"line":259,"column":2}}},"fnMap":{"0":{"name":"(anonymous_0)","decl":{"start":{"line":7,"column":22},"end":{"line":7,"column":23}},"loc":{"start":{"line":7,"column":54},"end":{"line":9,"column":1}},"line":7},"1":{"name":"(anonymous_1)","decl":{"start":{"line":11,"column":20},"end":{"line":11,"column":21}},"loc":{"start":{"line":11,"column":31},"end":{"line":17,"column":1}},"line":11},"2":{"name":"(anonymous_2)","decl":{"start":{"line":23,"column":26},"end":{"line":23,"column":27}},"loc":{"start":{"line":23,"column":38},"end":{"line":32,"column":1}},"line":23},"3":{"name":"(anonymous_3)","decl":{"start":{"line":35,"column":26},"end":{"line":35,"column":27}},"loc":{"start":{"line":35,"column":46},"end":{"line":56,"column":1}},"line":35},"4":{"name":"(anonymous_4)","decl":{"start":{"line":59,"column":21},"end":{"line":59,"column":22}},"loc":{"start":{"line":59,"column":41},"end":{"line":71,"column":1}},"line":59},"5":{"name":"(anonymous_5)","decl":{"start":{"line":74,"column":20},"end":{"line":74,"column":21}},"loc":{"start":{"line":74,"column":31},"end":{"line":97,"column":1}},"line":74},"6":{"name":"(anonymous_6)","decl":{"start":{"line":75,"column":9},"end":{"line":75,"column":10}},"loc":{"start":{"line":75,"column":29},"end":{"line":96,"column":3}},"line":75},"7":{"name":"(anonymous_7)","decl":{"start":{"line":100,"column":19},"end":{"line":100,"column":20}},"loc":{"start":{"line":100,"column":33},"end":{"line":119,"column":1}},"line":100},"8":{"name":"(anonymous_8)","decl":{"start":{"line":122,"column":20},"end":{"line":122,"column":21}},"loc":{"start":{"line":122,"column":55},"end":{"line":161,"column":1}},"line":122},"9":{"name":"(anonymous_9)","decl":{"start":{"line":164,"column":23},"end":{"line":164,"column":24}},"loc":{"start":{"line":164,"column":58},"end":{"line":220,"column":1}},"line":164},"10":{"name":"(anonymous_10)","decl":{"start":{"line":223,"column":26},"end":{"line":223,"column":27}},"loc":{"start":{"line":223,"column":40},"end":{"line":246,"column":1}},"line":223}},"branchMap":{"0":{"loc":{"start":{"line":7,"column":32},"end":{"line":7,"column":49}},"type":"default-arg","locations":[{"start":{"line":7,"column":44},"end":{"line":7,"column":49}}],"line":7},"1":{"loc":{"start":{"line":37,"column":16},"end":{"line":37,"column":54}},"type":"binary-expr","locations":[{"start":{"line":37,"column":16},"end":{"line":37,"column":26}},{"start":{"line":37,"column":30},"end":{"line":37,"column":54}}],"line":37},"2":{"loc":{"start":{"line":39,"column":2},"end":{"line":44,"column":3}},"type":"if","locations":[{"start":{"line":39,"column":2},"end":{"line":44,"column":3}},{"start":{},"end":{}}],"line":39},"3":{"loc":{"start":{"line":47,"column":2},"end":{"line":52,"column":3}},"type":"if","locations":[{"start":{"line":47,"column":2},"end":{"line":52,"column":3}},{"start":{},"end":{}}],"line":47},"4":{"loc":{"start":{"line":61,"column":16},"end":{"line":61,"column":54}},"type":"binary-expr","locations":[{"start":{"line":61,"column":16},"end":{"line":61,"column":26}},{"start":{"line":61,"column":30},"end":{"line":61,"column":54}}],"line":61},"5":{"loc":{"start":{"line":63,"column":2},"end":{"line":68,"column":3}},"type":"if","locations":[{"start":{"line":63,"column":2},"end":{"line":68,"column":3}},{"start":{},"end":{}}],"line":63},"6":{"loc":{"start":{"line":65,"column":4},"end":{"line":67,"column":5}},"type":"if","locations":[{"start":{"line":65,"column":4},"end":{"line":67,"column":5}},{"start":{},"end":{}}],"line":65},"7":{"loc":{"start":{"line":76,"column":4},"end":{"line":81,"column":5}},"type":"if","locations":[{"start":{"line":76,"column":4},"end":{"line":81,"column":5}},{"start":{},"end":{}}],"line":76},"8":{"loc":{"start":{"line":84,"column":25},"end":{"line":84,"column":63}},"type":"cond-expr","locations":[{"start":{"line":84,"column":48},"end":{"line":84,"column":53}},{"start":{"line":84,"column":56},"end":{"line":84,"column":63}}],"line":84},"9":{"loc":{"start":{"line":86,"column":4},"end":{"line":93,"column":5}},"type":"if","locations":[{"start":{"line":86,"column":4},"end":{"line":93,"column":5}},{"start":{},"end":{}}],"line":86},"10":{"loc":{"start":{"line":103,"column":2},"end":{"line":118,"column":3}},"type":"switch","locations":[{"start":{"line":104,"column":4},"end":{"line":105,"column":50}},{"start":{"line":107,"column":4},"end":{"line":108,"column":53}},{"start":{"line":110,"column":4},"end":{"line":111,"column":41}},{"start":{"line":113,"column":4},"end":{"line":117,"column":9}}],"line":103},"11":{"loc":{"start":{"line":123,"column":2},"end":{"line":128,"column":3}},"type":"if","locations":[{"start":{"line":123,"column":2},"end":{"line":128,"column":3}},{"start":{},"end":{}}],"line":123},"12":{"loc":{"start":{"line":123,"column":6},"end":{"line":123,"column":28}},"type":"binary-expr","locations":[{"start":{"line":123,"column":6},"end":{"line":123,"column":15}},{"start":{"line":123,"column":19},"end":{"line":123,"column":28}}],"line":123},"13":{"loc":{"start":{"line":131,"column":2},"end":{"line":136,"column":3}},"type":"if","locations":[{"start":{"line":131,"column":2},"end":{"line":136,"column":3}},{"start":{},"end":{}}],"line":131},"14":{"loc":{"start":{"line":139,"column":2},"end":{"line":144,"column":3}},"type":"if","locations":[{"start":{"line":139,"column":2},"end":{"line":144,"column":3}},{"start":{},"end":{}}],"line":139},"15":{"loc":{"start":{"line":165,"column":2},"end":{"line":170,"column":3}},"type":"if","locations":[{"start":{"line":165,"column":2},"end":{"line":170,"column":3}},{"start":{},"end":{}}],"line":165},"16":{"loc":{"start":{"line":165,"column":6},"end":{"line":165,"column":28}},"type":"binary-expr","locations":[{"start":{"line":165,"column":6},"end":{"line":165,"column":15}},{"start":{"line":165,"column":19},"end":{"line":165,"column":28}}],"line":165},"17":{"loc":{"start":{"line":172,"column":2},"end":{"line":177,"column":3}},"type":"if","locations":[{"start":{"line":172,"column":2},"end":{"line":177,"column":3}},{"start":{},"end":{}}],"line":172},"18":{"loc":{"start":{"line":179,"column":2},"end":{"line":184,"column":3}},"type":"if","locations":[{"start":{"line":179,"column":2},"end":{"line":184,"column":3}},{"start":{},"end":{}}],"line":179},"19":{"loc":{"start":{"line":225,"column":16},"end":{"line":225,"column":54}},"type":"binary-expr","locations":[{"start":{"line":225,"column":16},"end":{"line":225,"column":26}},{"start":{"line":225,"column":30},"end":{"line":225,"column":54}}],"line":225},"20":{"loc":{"start":{"line":227,"column":2},"end":{"line":232,"column":3}},"type":"if","locations":[{"start":{"line":227,"column":2},"end":{"line":232,"column":3}},{"start":{},"end":{}}],"line":227},"21":{"loc":{"start":{"line":235,"column":2},"end":{"line":240,"column":3}},"type":"if","locations":[{"start":{"line":235,"column":2},"end":{"line":240,"column":3}},{"start":{},"end":{}}],"line":235}},"s":{"0":1,"1":1,"2":1,"3":1,"4":5,"5":1,"6":5,"7":5,"8":2,"9":1,"10":1,"11":1,"12":1,"13":1,"14":3,"15":3,"16":3,"17":1,"18":2,"19":2,"20":1,"21":1,"22":1,"23":1,"24":0,"25":0,"26":0,"27":0,"28":0,"29":0,"30":0,"31":1,"32":0,"33":0,"34":0,"35":0,"36":0,"37":0,"38":0,"39":0,"40":1,"41":5,"42":5,"43":2,"44":2,"45":1,"46":0,"47":1,"48":2,"49":0,"50":2,"51":2,"52":2,"53":0,"54":0,"55":0,"56":0,"57":0,"58":1,"59":2,"60":0,"61":2,"62":1,"63":1,"64":0,"65":1,"66":1,"67":1,"68":1,"69":1,"70":1,"71":0,"72":1,"73":1,"74":1,"75":1,"76":0,"77":1,"78":1,"79":0,"80":1,"81":1,"82":1},"f":{"0":5,"1":5,"2":1,"3":3,"4":0,"5":0,"6":0,"7":5,"8":2,"9":2,"10":1},"b":{"0":[5],"1":[3,2],"2":[1,2],"3":[1,1],"4":[0,0],"5":[0,0],"6":[0,0],"7":[0,0],"8":[0,0],"9":[0,0],"10":[2,2,1,0],"11":[0,2],"12":[2,2],"13":[2,0],"14":[0,0],"15":[0,2],"16":[2,2],"17":[1,1],"18":[0,1],"19":[1,1],"20":[0,1],"21":[0,1]},"_coverageSchema":"1a1c01bbd47fc00a2c39e90264f33305004495a9","hash":"84aeda6d66ea8a6848b33692beb5c0a9be13ef61"}
,"S:\\YDS-Lab\\03-dev\\002-ai_meetingroom\\middleware\\security.js": {"path":"S:\\YDS-Lab\\03-dev\\002-ai_meetingroom\\middleware\\security.js","statementMap":{"0":{"start":{"line":2,"column":15},"end":{"line":2,"column":32}},"1":{"start":{"line":3,"column":35},"end":{"line":3,"column":63}},"2":{"start":{"line":4,"column":18},"end":{"line":4,"column":47}},"3":{"start":{"line":5,"column":13},"end":{"line":5,"column":28}},"4":{"start":{"line":8,"column":20},"end":{"line":12,"column":1}},"5":{"start":{"line":15,"column":16},"end":{"line":24,"column":2}},"6":{"start":{"line":27,"column":19},"end":{"line":34,"column":2}},"7":{"start":{"line":37,"column":24},"end":{"line":72,"column":1}},"8":{"start":{"line":75,"column":31},"end":{"line":87,"column":1}},"9":{"start":{"line":76,"column":17},"end":{"line":76,"column":38}},"10":{"start":{"line":77,"column":2},"end":{"line":85,"column":3}},"11":{"start":{"line":78,"column":4},"end":{"line":84,"column":7}},"12":{"start":{"line":80,"column":42},"end":{"line":83,"column":7}},"13":{"start":{"line":86,"column":2},"end":{"line":86,"column":9}},"14":{"start":{"line":90,"column":24},"end":{"line":109,"column":2}},"15":{"start":{"line":112,"column":22},"end":{"line":120,"column":1}},"16":{"start":{"line":113,"column":2},"end":{"line":113,"column":46}},"17":{"start":{"line":113,"column":33},"end":{"line":113,"column":46}},"18":{"start":{"line":115,"column":2},"end":{"line":119,"column":12}},"19":{"start":{"line":123,"column":21},"end":{"line":140,"column":1}},"20":{"start":{"line":124,"column":2},"end":{"line":124,"column":30}},"21":{"start":{"line":127,"column":2},"end":{"line":139,"column":3}},"22":{"start":{"line":128,"column":4},"end":{"line":132,"column":7}},"23":{"start":{"line":135,"column":4},"end":{"line":138,"column":7}},"24":{"start":{"line":142,"column":0},"end":{"line":151,"column":2}}},"fnMap":{"0":{"name":"(anonymous_0)","decl":{"start":{"line":75,"column":31},"end":{"line":75,"column":32}},"loc":{"start":{"line":75,"column":51},"end":{"line":87,"column":1}},"line":75},"1":{"name":"(anonymous_1)","decl":{"start":{"line":80,"column":34},"end":{"line":80,"column":35}},"loc":{"start":{"line":80,"column":42},"end":{"line":83,"column":7}},"line":80},"2":{"name":"(anonymous_2)","decl":{"start":{"line":112,"column":22},"end":{"line":112,"column":23}},"loc":{"start":{"line":112,"column":33},"end":{"line":120,"column":1}},"line":112},"3":{"name":"(anonymous_3)","decl":{"start":{"line":123,"column":21},"end":{"line":123,"column":22}},"loc":{"start":{"line":123,"column":46},"end":{"line":140,"column":1}},"line":123}},"branchMap":{"0":{"loc":{"start":{"line":9,"column":10},"end":{"line":9,"column":60}},"type":"binary-expr","locations":[{"start":{"line":9,"column":10},"end":{"line":9,"column":33}},{"start":{"line":9,"column":37},"end":{"line":9,"column":60}}],"line":9},"1":{"loc":{"start":{"line":77,"column":2},"end":{"line":85,"column":3}},"type":"if","locations":[{"start":{"line":77,"column":2},"end":{"line":85,"column":3}},{"start":{},"end":{}}],"line":77},"2":{"loc":{"start":{"line":113,"column":2},"end":{"line":113,"column":46}},"type":"if","locations":[{"start":{"line":113,"column":2},"end":{"line":113,"column":46}},{"start":{},"end":{}}],"line":113},"3":{"loc":{"start":{"line":127,"column":2},"end":{"line":139,"column":3}},"type":"if","locations":[{"start":{"line":127,"column":2},"end":{"line":139,"column":3}},{"start":{"line":133,"column":9},"end":{"line":139,"column":3}}],"line":127},"4":{"loc":{"start":{"line":128,"column":15},"end":{"line":128,"column":32}},"type":"binary-expr","locations":[{"start":{"line":128,"column":15},"end":{"line":128,"column":25}},{"start":{"line":128,"column":29},"end":{"line":128,"column":32}}],"line":128},"5":{"loc":{"start":{"line":131,"column":15},"end":{"line":131,"column":34}},"type":"binary-expr","locations":[{"start":{"line":131,"column":15},"end":{"line":131,"column":26}},{"start":{"line":131,"column":30},"end":{"line":131,"column":34}}],"line":131},"6":{"loc":{"start":{"line":135,"column":15},"end":{"line":135,"column":32}},"type":"binary-expr","locations":[{"start":{"line":135,"column":15},"end":{"line":135,"column":25}},{"start":{"line":135,"column":29},"end":{"line":135,"column":32}}],"line":135},"7":{"loc":{"start":{"line":137,"column":15},"end":{"line":137,"column":57}},"type":"cond-expr","locations":[{"start":{"line":137,"column":36},"end":{"line":137,"column":47}},{"start":{"line":137,"column":50},"end":{"line":137,"column":57}}],"line":137}},"s":{"0":1,"1":1,"2":1,"3":1,"4":1,"5":1,"6":1,"7":1,"8":1,"9":0,"10":0,"11":0,"12":0,"13":0,"14":1,"15":1,"16":0,"17":0,"18":0,"19":1,"20":2,"21":2,"22":0,"23":2,"24":1},"f":{"0":0,"1":0,"2":0,"3":2},"b":{"0":[1,1],"1":[0,0],"2":[0,0],"3":[0,2],"4":[0,0],"5":[0,0],"6":[2,2],"7":[0,2]},"_coverageSchema":"1a1c01bbd47fc00a2c39e90264f33305004495a9","hash":"22b934d3378c77586d2986ffac3c94d312155442"}
}
