TN:
SF:config.js
FN:53,validateConfig
FNF:1
FNH:1
FNDA:3,validateConfig
DA:2,7
DA:3,7
DA:6,7
DA:7,7
DA:9,7
DA:10,7
DA:12,0
DA:16,7
DA:54,3
DA:57,3
DA:58,3
DA:62,3
DA:63,3
DA:67,3
DA:68,0
DA:72,3
DA:73,0
DA:76,3
DA:79,7
LF:19
LH:16
BRDA:6,0,0,2
BRDA:6,0,1,5
BRDA:19,1,0,7
BRDA:19,1,1,4
BRDA:20,2,0,7
BRDA:20,2,1,0
BRDA:21,3,0,7
BRDA:21,3,1,7
BRDA:27,4,0,7
BRDA:27,4,1,7
BRDA:28,5,0,7
BRDA:28,5,1,7
BRDA:29,6,0,7
BRDA:29,6,1,7
BRDA:34,7,0,7
BRDA:34,7,1,4
BRDA:35,8,0,7
BRDA:35,8,1,7
BRDA:36,9,0,7
BRDA:36,9,1,7
BRDA:37,10,0,7
BRDA:37,10,1,7
BRDA:42,11,0,7
BRDA:42,11,1,7
BRDA:47,12,0,7
BRDA:47,12,1,7
BRDA:48,13,0,7
BRDA:48,13,1,7
BRDA:57,14,0,3
BRDA:57,14,1,0
BRDA:62,15,0,3
BRDA:62,15,1,0
BRDA:67,16,0,0
BRDA:67,16,1,3
BRDA:67,17,0,3
BRDA:67,17,1,3
BRDA:72,18,0,0
BRDA:72,18,1,3
BRF:38
BRH:33
end_of_record
TN:
SF:index.backup.js
FN:103,(anonymous_0)
FN:106,(anonymous_1)
FN:116,(anonymous_2)
FN:125,(anonymous_3)
FN:135,(anonymous_4)
FN:139,(anonymous_5)
FN:144,(anonymous_6)
FN:171,(anonymous_7)
FN:189,(anonymous_8)
FN:202,(anonymous_9)
FN:207,(anonymous_10)
FN:210,(anonymous_11)
FN:224,(anonymous_12)
FN:254,(anonymous_13)
FN:259,(anonymous_14)
FN:269,(anonymous_15)
FN:280,(anonymous_16)
FN:295,(anonymous_17)
FN:308,(anonymous_18)
FN:318,(anonymous_19)
FN:330,(anonymous_20)
FN:341,(anonymous_21)
FN:351,(anonymous_22)
FN:368,(anonymous_23)
FN:386,(anonymous_24)
FN:399,(anonymous_25)
FN:437,(anonymous_26)
FN:450,(anonymous_27)
FN:459,(anonymous_28)
FN:473,(anonymous_29)
FN:483,(anonymous_30)
FN:493,(anonymous_31)
FNF:32
FNH:0
FNDA:0,(anonymous_0)
FNDA:0,(anonymous_1)
FNDA:0,(anonymous_2)
FNDA:0,(anonymous_3)
FNDA:0,(anonymous_4)
FNDA:0,(anonymous_5)
FNDA:0,(anonymous_6)
FNDA:0,(anonymous_7)
FNDA:0,(anonymous_8)
FNDA:0,(anonymous_9)
FNDA:0,(anonymous_10)
FNDA:0,(anonymous_11)
FNDA:0,(anonymous_12)
FNDA:0,(anonymous_13)
FNDA:0,(anonymous_14)
FNDA:0,(anonymous_15)
FNDA:0,(anonymous_16)
FNDA:0,(anonymous_17)
FNDA:0,(anonymous_18)
FNDA:0,(anonymous_19)
FNDA:0,(anonymous_20)
FNDA:0,(anonymous_21)
FNDA:0,(anonymous_22)
FNDA:0,(anonymous_23)
FNDA:0,(anonymous_24)
FNDA:0,(anonymous_25)
FNDA:0,(anonymous_26)
FNDA:0,(anonymous_27)
FNDA:0,(anonymous_28)
FNDA:0,(anonymous_29)
FNDA:0,(anonymous_30)
FNDA:0,(anonymous_31)
DA:1,0
DA:2,0
DA:3,0
DA:4,0
DA:5,0
DA:6,0
DA:7,0
DA:9,0
DA:10,0
DA:11,0
DA:14,0
DA:15,0
DA:18,0
DA:19,0
DA:20,0
DA:23,0
DA:87,0
DA:90,0
DA:101,0
DA:102,0
DA:104,0
DA:107,0
DA:108,0
DA:109,0
DA:110,0
DA:113,0
DA:116,0
DA:117,0
DA:125,0
DA:126,0
DA:127,0
DA:128,0
DA:129,0
DA:131,0
DA:135,0
DA:136,0
DA:139,0
DA:140,0
DA:144,0
DA:145,0
DA:146,0
DA:147,0
DA:148,0
DA:150,0
DA:151,0
DA:156,0
DA:159,0
DA:160,0
DA:161,0
DA:162,0
DA:163,0
DA:165,0
DA:166,0
DA:171,0
DA:172,0
DA:173,0
DA:174,0
DA:175,0
DA:177,0
DA:185,0
DA:186,0
DA:188,0
DA:189,0
DA:190,0
DA:194,0
DA:196,0
DA:197,0
DA:202,0
DA:203,0
DA:207,0
DA:208,0
DA:209,0
DA:210,0
DA:212,0
DA:213,0
DA:215,0
DA:218,0
DA:219,0
DA:224,0
DA:225,0
DA:226,0
DA:227,0
DA:229,0
DA:230,0
DA:231,0
DA:232,0
DA:240,0
DA:241,0
DA:243,0
DA:245,0
DA:246,0
DA:248,0
DA:249,0
DA:254,0
DA:255,0
DA:256,0
DA:259,0
DA:266,0
DA:269,0
DA:270,0
DA:271,0
DA:272,0
DA:273,0
DA:275,0
DA:280,0
DA:281,0
DA:282,0
DA:290,0
DA:291,0
DA:294,0
DA:295,0
DA:296,0
DA:303,0
DA:308,0
DA:309,0
DA:310,0
DA:311,0
DA:313,0
DA:318,0
DA:319,0
DA:320,0
DA:321,0
DA:322,0
DA:323,0
DA:325,0
DA:330,0
DA:331,0
DA:332,0
DA:333,0
DA:334,0
DA:336,0
DA:341,0
DA:342,0
DA:343,0
DA:344,0
DA:346,0
DA:351,0
DA:352,0
DA:353,0
DA:360,0
DA:361,0
DA:363,0
DA:368,0
DA:369,0
DA:370,0
DA:372,0
DA:376,0
DA:383,0
DA:384,0
DA:386,0
DA:387,0
DA:394,0
DA:396,0
DA:397,0
DA:398,0
DA:399,0
DA:400,0
DA:403,0
DA:407,0
DA:418,0
DA:419,0
DA:420,0
DA:423,0
DA:424,0
DA:425,0
DA:426,0
DA:429,0
DA:431,0
DA:432,0
DA:437,0
DA:438,0
DA:450,0
DA:451,0
DA:452,0
DA:453,0
DA:459,0
DA:460,0
DA:463,0
DA:473,0
DA:474,0
DA:475,0
DA:476,0
DA:477,0
DA:483,0
DA:484,0
DA:485,0
DA:487,0
DA:489,0
DA:490,0
DA:491,0
DA:493,0
DA:494,0
DA:495,0
DA:500,0
LF:194
LH:0
BRDA:127,0,0,0
BRDA:127,0,1,0
BRDA:146,1,0,0
BRDA:146,1,1,0
BRDA:146,2,0,0
BRDA:146,2,1,0
BRDA:147,3,0,0
BRDA:147,3,1,0
BRDA:148,4,0,0
BRDA:148,4,1,0
BRDA:148,5,0,0
BRDA:148,5,1,0
BRDA:150,6,0,0
BRDA:150,6,1,0
BRDA:173,7,0,0
BRDA:173,7,1,0
BRDA:173,7,2,0
BRDA:173,7,3,0
BRDA:174,8,0,0
BRDA:174,8,1,0
BRDA:188,9,0,0
BRDA:188,9,1,0
BRDA:203,10,0,0
BRDA:203,10,1,0
BRDA:210,11,0,0
BRDA:210,11,1,0
BRDA:212,12,0,0
BRDA:212,12,1,0
BRDA:226,13,0,0
BRDA:226,13,1,0
BRDA:229,14,0,0
BRDA:229,14,1,0
BRDA:230,15,0,0
BRDA:230,15,1,0
BRDA:240,16,0,0
BRDA:240,16,1,0
BRDA:259,17,0,0
BRDA:259,17,1,0
BRDA:294,18,0,0
BRDA:294,18,1,0
BRDA:383,19,0,0
BRDA:383,19,1,0
BRDA:384,20,0,0
BRDA:384,20,1,0
BRDA:389,21,0,0
BRDA:389,22,0,0
BRDA:389,22,1,0
BRDA:390,23,0,0
BRDA:391,24,0,0
BRDA:392,25,0,0
BRDA:393,26,0,0
BRDA:394,27,0,0
BRDA:394,27,1,0
BRDA:398,28,0,0
BRDA:398,28,1,0
BRDA:400,29,0,0
BRDA:400,29,1,0
BRDA:400,30,0,0
BRDA:400,30,1,0
BRDA:402,31,0,0
BRDA:402,31,1,0
BRDA:403,32,0,0
BRDA:403,32,1,0
BRDA:418,33,0,0
BRDA:418,33,1,0
BRDA:424,34,0,0
BRDA:424,34,1,0
BRDA:424,34,2,0
BRDA:424,34,3,0
BRDA:424,34,4,0
BRDA:424,34,5,0
BRDA:425,35,0,0
BRDA:425,35,1,0
BRDA:451,36,0,0
BRDA:451,36,1,0
BRDA:475,37,0,0
BRDA:475,37,1,0
BRDA:487,38,0,0
BRDA:487,38,1,0
BRDA:489,39,0,0
BRDA:489,39,1,0
BRF:81
BRH:0
end_of_record
TN:
SF:index.js
FN:107,appendChatMessage
FN:130,(anonymous_1)
FN:133,(anonymous_2)
FN:143,(anonymous_3)
FN:152,(anonymous_4)
FN:162,(anonymous_5)
FN:166,(anonymous_6)
FN:171,(anonymous_7)
FN:210,(anonymous_8)
FN:237,(anonymous_9)
FN:267,(anonymous_10)
FN:286,(anonymous_11)
FN:299,(anonymous_12)
FN:304,(anonymous_13)
FN:307,(anonymous_14)
FN:321,(anonymous_15)
FN:351,(anonymous_16)
FN:356,(anonymous_17)
FN:366,(anonymous_18)
FN:377,(anonymous_19)
FN:404,(anonymous_20)
FN:420,(anonymous_21)
FN:430,(anonymous_22)
FN:442,(anonymous_23)
FN:453,(anonymous_24)
FN:463,(anonymous_25)
FN:480,(anonymous_26)
FN:498,(anonymous_27)
FN:511,(anonymous_28)
FN:549,(anonymous_29)
FN:565,(anonymous_30)
FN:574,(anonymous_31)
FN:588,(anonymous_32)
FN:598,(anonymous_33)
FN:608,(anonymous_34)
FNF:35
FNH:5
FNDA:0,appendChatMessage
FNDA:0,(anonymous_1)
FNDA:0,(anonymous_2)
FNDA:0,(anonymous_3)
FNDA:0,(anonymous_4)
FNDA:0,(anonymous_5)
FNDA:0,(anonymous_6)
FNDA:0,(anonymous_7)
FNDA:0,(anonymous_8)
FNDA:0,(anonymous_9)
FNDA:0,(anonymous_10)
FNDA:0,(anonymous_11)
FNDA:0,(anonymous_12)
FNDA:0,(anonymous_13)
FNDA:0,(anonymous_14)
FNDA:0,(anonymous_15)
FNDA:0,(anonymous_16)
FNDA:0,(anonymous_17)
FNDA:0,(anonymous_18)
FNDA:0,(anonymous_19)
FNDA:0,(anonymous_20)
FNDA:0,(anonymous_21)
FNDA:0,(anonymous_22)
FNDA:0,(anonymous_23)
FNDA:0,(anonymous_24)
FNDA:0,(anonymous_25)
FNDA:0,(anonymous_26)
FNDA:0,(anonymous_27)
FNDA:0,(anonymous_28)
FNDA:1,(anonymous_29)
FNDA:10,(anonymous_30)
FNDA:1,(anonymous_31)
FNDA:6,(anonymous_32)
FNDA:1,(anonymous_33)
FNDA:0,(anonymous_34)
DA:1,1
DA:2,1
DA:3,1
DA:4,1
DA:5,1
DA:6,1
DA:7,1
DA:8,1
DA:10,1
DA:11,1
DA:12,1
DA:15,1
DA:16,1
DA:19,1
DA:20,1
DA:21,1
DA:22,1
DA:25,1
DA:89,1
DA:92,1
DA:103,1
DA:104,1
DA:108,0
DA:110,0
DA:111,0
DA:114,0
DA:121,0
DA:123,0
DA:128,1
DA:129,1
DA:131,0
DA:134,0
DA:135,0
DA:136,0
DA:137,0
DA:140,1
DA:143,1
DA:144,0
DA:152,1
DA:153,0
DA:154,0
DA:155,0
DA:156,0
DA:158,0
DA:162,1
DA:163,0
DA:166,1
DA:167,0
DA:171,1
DA:172,0
DA:173,0
DA:174,0
DA:177,0
DA:178,0
DA:179,0
DA:182,0
DA:183,0
DA:184,0
DA:186,0
DA:187,0
DA:188,0
DA:189,0
DA:190,0
DA:192,0
DA:202,0
DA:204,0
DA:205,0
DA:210,1
DA:211,0
DA:212,0
DA:213,0
DA:214,0
DA:216,0
DA:217,0
DA:222,0
DA:225,0
DA:226,0
DA:227,0
DA:228,0
DA:229,0
DA:231,0
DA:232,0
DA:237,1
DA:238,0
DA:239,0
DA:240,0
DA:241,0
DA:242,0
DA:243,0
DA:245,0
DA:246,0
DA:250,0
DA:251,0
DA:254,0
DA:255,0
DA:256,0
DA:257,0
DA:258,0
DA:259,0
DA:261,0
DA:262,0
DA:267,1
DA:268,0
DA:269,0
DA:270,0
DA:271,0
DA:273,0
DA:281,0
DA:282,0
DA:283,0
DA:285,0
DA:286,0
DA:287,0
DA:291,0
DA:293,0
DA:294,0
DA:299,1
DA:300,0
DA:304,1
DA:305,0
DA:306,0
DA:307,0
DA:309,0
DA:310,0
DA:312,0
DA:315,0
DA:316,0
DA:321,1
DA:322,0
DA:323,0
DA:324,0
DA:326,0
DA:327,0
DA:328,0
DA:329,0
DA:337,0
DA:338,0
DA:340,0
DA:342,0
DA:343,0
DA:345,0
DA:346,0
DA:351,1
DA:352,0
DA:353,0
DA:356,0
DA:363,0
DA:366,0
DA:367,0
DA:368,0
DA:369,0
DA:370,0
DA:372,0
DA:377,0
DA:378,0
DA:380,0
DA:381,0
DA:382,0
DA:384,0
DA:385,0
DA:386,0
DA:389,0
DA:397,0
DA:398,0
DA:400,0
DA:403,0
DA:404,0
DA:405,0
DA:412,0
DA:414,0
DA:415,0
DA:420,0
DA:421,0
DA:422,0
DA:423,0
DA:425,0
DA:430,0
DA:431,0
DA:432,0
DA:433,0
DA:434,0
DA:435,0
DA:437,0
DA:442,0
DA:443,0
DA:444,0
DA:445,0
DA:446,0
DA:448,0
DA:453,0
DA:454,0
DA:455,0
DA:456,0
DA:458,0
DA:463,0
DA:464,0
DA:465,0
DA:472,0
DA:473,0
DA:475,0
DA:480,0
DA:481,0
DA:482,0
DA:484,0
DA:488,0
DA:495,1
DA:496,1
DA:498,1
DA:499,0
DA:506,0
DA:508,0
DA:509,0
DA:510,0
DA:511,0
DA:512,0
DA:515,0
DA:519,0
DA:530,0
DA:531,0
DA:532,0
DA:535,0
DA:536,0
DA:537,0
DA:538,0
DA:541,0
DA:543,0
DA:544,0
DA:549,1
DA:550,1
DA:565,1
DA:566,10
DA:567,0
DA:568,0
DA:574,1
DA:575,1
DA:578,1
DA:588,1
DA:589,6
DA:590,6
DA:591,0
DA:592,0
DA:598,1
DA:599,1
DA:600,1
DA:602,1
DA:604,1
DA:605,1
DA:606,1
DA:608,1
DA:609,0
DA:610,0
DA:615,1
LF:252
LH:59
BRDA:110,0,0,0
BRDA:110,0,1,0
BRDA:115,1,0,0
BRDA:115,1,1,0
BRDA:116,2,0,0
BRDA:116,2,1,0
BRDA:117,3,0,0
BRDA:117,3,1,0
BRDA:118,4,0,0
BRDA:118,4,1,0
BRDA:118,5,0,0
BRDA:118,5,1,0
BRDA:119,6,0,0
BRDA:119,6,1,0
BRDA:154,7,0,0
BRDA:154,7,1,0
BRDA:173,8,0,0
BRDA:173,8,1,0
BRDA:174,9,0,0
BRDA:174,9,1,0
BRDA:177,10,0,0
BRDA:177,10,1,0
BRDA:178,11,0,0
BRDA:178,11,1,0
BRDA:186,12,0,0
BRDA:186,12,1,0
BRDA:189,13,0,0
BRDA:189,13,1,0
BRDA:189,14,0,0
BRDA:189,14,1,0
BRDA:197,15,0,0
BRDA:197,15,1,0
BRDA:212,16,0,0
BRDA:212,16,1,0
BRDA:212,17,0,0
BRDA:212,17,1,0
BRDA:213,18,0,0
BRDA:213,18,1,0
BRDA:214,19,0,0
BRDA:214,19,1,0
BRDA:214,20,0,0
BRDA:214,20,1,0
BRDA:216,21,0,0
BRDA:216,21,1,0
BRDA:239,22,0,0
BRDA:239,22,1,0
BRDA:239,23,0,0
BRDA:239,23,1,0
BRDA:240,24,0,0
BRDA:240,24,1,0
BRDA:242,25,0,0
BRDA:242,25,1,0
BRDA:242,26,0,0
BRDA:242,26,1,0
BRDA:245,27,0,0
BRDA:245,27,1,0
BRDA:250,28,0,0
BRDA:250,28,1,0
BRDA:269,29,0,0
BRDA:269,29,1,0
BRDA:269,29,2,0
BRDA:269,29,3,0
BRDA:270,30,0,0
BRDA:270,30,1,0
BRDA:285,31,0,0
BRDA:285,31,1,0
BRDA:300,32,0,0
BRDA:300,32,1,0
BRDA:307,33,0,0
BRDA:307,33,1,0
BRDA:309,34,0,0
BRDA:309,34,1,0
BRDA:323,35,0,0
BRDA:323,35,1,0
BRDA:326,36,0,0
BRDA:326,36,1,0
BRDA:327,37,0,0
BRDA:327,37,1,0
BRDA:337,38,0,0
BRDA:337,38,1,0
BRDA:356,39,0,0
BRDA:356,39,1,0
BRDA:380,40,0,0
BRDA:380,40,1,0
BRDA:380,41,0,0
BRDA:380,41,1,0
BRDA:380,41,2,0
BRDA:381,42,0,0
BRDA:381,42,1,0
BRDA:384,43,0,0
BRDA:384,43,1,0
BRDA:385,44,0,0
BRDA:385,44,1,0
BRDA:403,45,0,0
BRDA:403,45,1,0
BRDA:412,46,0,0
BRDA:412,46,1,0
BRDA:415,47,0,0
BRDA:415,47,1,0
BRDA:495,48,0,1
BRDA:495,48,1,1
BRDA:496,49,0,1
BRDA:496,49,1,1
BRDA:501,50,0,0
BRDA:501,51,0,0
BRDA:501,51,1,0
BRDA:502,52,0,0
BRDA:503,53,0,0
BRDA:504,54,0,0
BRDA:505,55,0,0
BRDA:506,56,0,0
BRDA:506,56,1,0
BRDA:510,57,0,0
BRDA:510,57,1,0
BRDA:512,58,0,0
BRDA:512,58,1,0
BRDA:512,59,0,0
BRDA:512,59,1,0
BRDA:514,60,0,0
BRDA:514,60,1,0
BRDA:515,61,0,0
BRDA:515,61,1,0
BRDA:530,62,0,0
BRDA:530,62,1,0
BRDA:536,63,0,0
BRDA:536,63,1,0
BRDA:536,63,2,0
BRDA:536,63,3,0
BRDA:536,63,4,0
BRDA:536,63,5,0
BRDA:537,64,0,0
BRDA:537,64,1,0
BRDA:566,65,0,0
BRDA:566,65,1,10
BRDA:590,66,0,0
BRDA:590,66,1,6
BRDA:602,67,0,1
BRDA:602,67,1,0
BRDA:604,68,0,1
BRDA:604,68,1,0
BRF:140
BRH:8
end_of_record
TN:
SF:presentations.js
FNF:0
FNH:0
DA:2,1
DA:87,1
LF:2
LH:2
BRF:0
BRH:0
end_of_record
TN:
SF:middleware\auth.js
FN:7,(anonymous_0)
FN:11,(anonymous_1)
FN:23,(anonymous_2)
FN:35,(anonymous_3)
FN:59,(anonymous_4)
FN:74,(anonymous_5)
FN:75,(anonymous_6)
FN:100,(anonymous_7)
FN:122,(anonymous_8)
FN:164,(anonymous_9)
FN:223,(anonymous_10)
FNF:11
FNH:8
FNDA:5,(anonymous_0)
FNDA:5,(anonymous_1)
FNDA:1,(anonymous_2)
FNDA:3,(anonymous_3)
FNDA:0,(anonymous_4)
FNDA:0,(anonymous_5)
FNDA:0,(anonymous_6)
FNDA:5,(anonymous_7)
FNDA:2,(anonymous_8)
FNDA:2,(anonymous_9)
FNDA:1,(anonymous_10)
DA:2,1
DA:3,1
DA:4,1
DA:7,1
DA:8,5
DA:11,1
DA:12,5
DA:13,5
DA:15,2
DA:20,1
DA:23,1
DA:24,1
DA:25,1
DA:35,1
DA:36,3
DA:37,3
DA:39,3
DA:40,1
DA:46,2
DA:47,2
DA:48,1
DA:54,1
DA:55,1
DA:59,1
DA:60,0
DA:61,0
DA:63,0
DA:64,0
DA:65,0
DA:66,0
DA:70,0
DA:74,1
DA:75,0
DA:76,0
DA:77,0
DA:83,0
DA:84,0
DA:86,0
DA:87,0
DA:95,0
DA:100,1
DA:101,5
DA:103,5
DA:105,2
DA:108,2
DA:111,1
DA:114,0
DA:122,1
DA:123,2
DA:124,0
DA:130,2
DA:131,2
DA:132,2
DA:138,0
DA:139,0
DA:140,0
DA:146,0
DA:152,0
DA:164,1
DA:165,2
DA:166,0
DA:172,2
DA:173,1
DA:179,1
DA:180,0
DA:186,1
DA:187,1
DA:188,1
DA:196,1
DA:198,1
DA:204,1
DA:214,0
DA:223,1
DA:224,1
DA:225,1
DA:227,1
DA:228,0
DA:234,1
DA:235,1
DA:236,0
DA:242,1
DA:249,1
DA:251,1
LF:83
LH:56
BRDA:7,0,0,5
BRDA:37,1,0,3
BRDA:37,1,1,2
BRDA:39,2,0,1
BRDA:39,2,1,2
BRDA:47,3,0,1
BRDA:47,3,1,1
BRDA:61,4,0,0
BRDA:61,4,1,0
BRDA:63,5,0,0
BRDA:63,5,1,0
BRDA:65,6,0,0
BRDA:65,6,1,0
BRDA:76,7,0,0
BRDA:76,7,1,0
BRDA:84,8,0,0
BRDA:84,8,1,0
BRDA:86,9,0,0
BRDA:86,9,1,0
BRDA:103,10,0,2
BRDA:103,10,1,2
BRDA:103,10,2,1
BRDA:103,10,3,0
BRDA:123,11,0,0
BRDA:123,11,1,2
BRDA:123,12,0,2
BRDA:123,12,1,2
BRDA:131,13,0,2
BRDA:131,13,1,0
BRDA:139,14,0,0
BRDA:139,14,1,0
BRDA:165,15,0,0
BRDA:165,15,1,2
BRDA:165,16,0,2
BRDA:165,16,1,2
BRDA:172,17,0,1
BRDA:172,17,1,1
BRDA:179,18,0,0
BRDA:179,18,1,1
BRDA:225,19,0,1
BRDA:225,19,1,1
BRDA:227,20,0,0
BRDA:227,20,1,1
BRDA:235,21,0,0
BRDA:235,21,1,1
BRF:45
BRH:24
end_of_record
TN:
SF:middleware\security.js
FN:75,(anonymous_0)
FN:80,(anonymous_1)
FN:112,(anonymous_2)
FN:123,(anonymous_3)
FNF:4
FNH:1
FNDA:0,(anonymous_0)
FNDA:0,(anonymous_1)
FNDA:0,(anonymous_2)
FNDA:2,(anonymous_3)
DA:2,1
DA:3,1
DA:4,1
DA:5,1
DA:8,1
DA:15,1
DA:27,1
DA:37,1
DA:75,1
DA:76,0
DA:77,0
DA:78,0
DA:80,0
DA:86,0
DA:90,1
DA:112,1
DA:113,0
DA:115,0
DA:123,1
DA:124,2
DA:127,2
DA:128,0
DA:135,2
DA:142,1
LF:24
LH:16
BRDA:9,0,0,1
BRDA:9,0,1,1
BRDA:77,1,0,0
BRDA:77,1,1,0
BRDA:113,2,0,0
BRDA:113,2,1,0
BRDA:127,3,0,0
BRDA:127,3,1,2
BRDA:128,4,0,0
BRDA:128,4,1,0
BRDA:131,5,0,0
BRDA:131,5,1,0
BRDA:135,6,0,2
BRDA:135,6,1,2
BRDA:137,7,0,0
BRDA:137,7,1,2
BRF:16
BRH:6
end_of_record
