TN:
SF:src\index.ts
FN:50,(anonymous_4)
FN:73,(anonymous_5)
FN:106,(anonymous_6)
FN:113,(anonymous_7)
FN:120,(anonymous_8)
FN:127,(anonymous_9)
FN:134,(anonymous_10)
FN:141,(anonymous_11)
FN:144,(anonymous_12)
FN:164,(anonymous_13)
FN:167,(anonymous_14)
FN:175,(anonymous_15)
FN:178,(anonymous_16)
FN:186,(anonymous_17)
FN:205,(anonymous_18)
FN:230,(anonymous_19)
FNF:16
FNH:0
FNDA:0,(anonymous_4)
FNDA:0,(anonymous_5)
FNDA:0,(anonymous_6)
FNDA:0,(anonymous_7)
FNDA:0,(anonymous_8)
FNDA:0,(anonymous_9)
FNDA:0,(anonymous_10)
FNDA:0,(anonymous_11)
FNDA:0,(anonymous_12)
FNDA:0,(anonymous_13)
FNDA:0,(anonymous_14)
FNDA:0,(anonymous_15)
FNDA:0,(anonymous_16)
FNDA:0,(anonymous_17)
FNDA:0,(anonymous_18)
FNDA:0,(anonymous_19)
DA:11,0
DA:14,0
DA:17,0
DA:20,0
DA:23,0
DA:24,0
DA:25,0
DA:26,0
DA:27,0
DA:41,0
DA:47,0
DA:51,0
DA:52,0
DA:55,0
DA:56,0
DA:58,0
DA:61,0
DA:64,0
DA:67,0
DA:74,0
DA:75,0
DA:78,0
DA:80,0
DA:83,0
DA:88,0
DA:91,0
DA:93,0
DA:95,0
DA:98,0
DA:99,0
DA:107,0
DA:114,0
DA:121,0
DA:128,0
DA:135,0
DA:142,0
DA:144,0
DA:146,0
DA:153,0
DA:154,0
DA:155,0
DA:157,0
DA:165,0
DA:167,0
DA:168,0
DA:176,0
DA:178,0
DA:179,0
DA:192,0
DA:194,0
DA:206,0
DA:208,0
DA:210,0
DA:213,0
DA:214,0
DA:215,0
DA:216,0
DA:218,0
DA:220,0
DA:222,0
DA:225,0
DA:226,0
DA:231,0
DA:232,0
DA:238,0
DA:243,0
DA:248,0
DA:253,0
DA:258,0
LF:69
LH:0
BRDA:74,0,0,0
BRDA:154,1,0,0
BRDA:206,2,0,0
BRDA:231,3,0,0
BRF:4
BRH:0
end_of_record
TN:
SF:src\config\defaults.ts
FNF:0
FNH:0
DA:6,0
DA:15,0
DA:63,0
DA:121,0
DA:154,0
DA:162,0
DA:181,0
DA:199,0
DA:208,0
DA:220,0
LF:10
LH:0
BRF:0
BRH:0
end_of_record
TN:
SF:src\config\index.ts
FN:11,(anonymous_4)
FNF:1
FNH:0
FNDA:0,(anonymous_4)
DA:6,0
DA:7,0
DA:8,0
DA:11,0
LF:4
LH:0
BRF:0
BRH:0
end_of_record
TN:
SF:src\config\loader.ts
FN:19,(anonymous_9)
FN:38,(anonymous_10)
FN:47,(anonymous_11)
FN:72,(anonymous_12)
FN:95,(anonymous_13)
FN:102,(anonymous_14)
FN:115,(anonymous_15)
FN:125,(anonymous_16)
FN:157,(anonymous_17)
FN:192,(anonymous_18)
FN:214,(anonymous_19)
FN:246,(anonymous_20)
FN:250,(anonymous_21)
FN:278,(anonymous_22)
FN:285,(anonymous_23)
FN:295,(anonymous_24)
FN:297,(anonymous_25)
FNF:17
FNH:0
FNDA:0,(anonymous_9)
FNDA:0,(anonymous_10)
FNDA:0,(anonymous_11)
FNDA:0,(anonymous_12)
FNDA:0,(anonymous_13)
FNDA:0,(anonymous_14)
FNDA:0,(anonymous_15)
FNDA:0,(anonymous_16)
FNDA:0,(anonymous_17)
FNDA:0,(anonymous_18)
FNDA:0,(anonymous_19)
FNDA:0,(anonymous_20)
FNDA:0,(anonymous_21)
FNDA:0,(anonymous_22)
FNDA:0,(anonymous_23)
FNDA:0,(anonymous_24)
FNDA:0,(anonymous_25)
DA:6,0
DA:7,0
DA:8,0
DA:9,0
DA:10,0
DA:12,0
DA:13,0
DA:14,0
DA:20,0
DA:21,0
DA:23,0
DA:24,0
DA:25,0
DA:26,0
DA:29,0
DA:32,0
DA:39,0
DA:40,0
DA:42,0
DA:44,0
DA:45,0
DA:46,0
DA:47,0
DA:48,0
DA:51,0
DA:52,0
DA:53,0
DA:54,0
DA:55,0
DA:56,0
DA:58,0
DA:63,0
DA:66,0
DA:73,0
DA:74,0
DA:76,0
DA:79,0
DA:80,0
DA:82,0
DA:85,0
DA:86,0
DA:88,0
DA:96,0
DA:97,0
DA:100,0
DA:102,0
DA:103,0
DA:104,0
DA:105,0
DA:107,0
DA:116,0
DA:117,0
DA:118,0
DA:126,0
DA:128,0
DA:129,0
DA:133,0
DA:134,0
DA:138,0
DA:139,0
DA:143,0
DA:144,0
DA:147,0
DA:149,0
DA:150,0
DA:158,0
DA:161,0
DA:162,0
DA:163,0
DA:164,0
DA:166,0
DA:167,0
DA:168,0
DA:169,0
DA:173,0
DA:174,0
DA:175,0
DA:176,0
DA:180,0
DA:181,0
DA:182,0
DA:183,0
DA:186,0
DA:193,0
DA:194,0
DA:197,0
DA:198,0
DA:201,0
DA:202,0
DA:204,0
DA:207,0
DA:208,0
DA:215,0
DA:217,0
DA:218,0
DA:219,0
DA:220,0
DA:222,0
DA:230,0
DA:235,0
DA:240,0
DA:247,0
DA:249,0
DA:250,0
DA:251,0
DA:252,0
DA:265,0
DA:267,0
DA:272,0
DA:279,0
DA:286,0
DA:296,0
DA:297,0
DA:298,0
DA:300,0
LF:115
LH:0
BRDA:21,0,0,0
BRDA:21,0,1,0
BRDA:24,1,0,0
BRDA:40,2,0,0
BRDA:40,2,1,0
BRDA:45,3,0,0
BRDA:48,4,0,0
BRDA:48,4,1,0
BRDA:79,5,0,0
BRDA:79,5,1,0
BRDA:79,6,0,0
BRDA:79,6,1,0
BRDA:96,7,0,0
BRDA:116,8,0,0
BRDA:128,9,0,0
BRDA:128,10,0,0
BRDA:128,10,1,0
BRDA:128,10,2,0
BRDA:133,11,0,0
BRDA:138,12,0,0
BRDA:143,13,0,0
BRDA:161,14,0,0
BRDA:162,15,0,0
BRDA:162,15,1,0
BRDA:166,16,0,0
BRDA:167,17,0,0
BRDA:167,17,1,0
BRDA:173,18,0,0
BRDA:174,19,0,0
BRDA:174,19,1,0
BRDA:180,20,0,0
BRDA:181,21,0,0
BRDA:181,21,1,0
BRDA:193,22,0,0
BRDA:201,23,0,0
BRDA:201,23,1,0
BRDA:201,24,0,0
BRDA:201,24,1,0
BRDA:218,25,0,0
BRDA:222,26,0,0
BRDA:222,26,1,0
BRDA:223,27,0,0
BRDA:223,27,1,0
BRDA:223,27,2,0
BRDA:223,27,3,0
BRDA:223,27,4,0
BRDA:223,27,5,0
BRDA:249,28,0,0
BRDA:249,29,0,0
BRDA:249,29,1,0
BRDA:253,30,0,0
BRDA:253,30,1,0
BRDA:254,31,0,0
BRDA:254,31,1,0
BRDA:255,32,0,0
BRDA:255,32,1,0
BRDA:256,33,0,0
BRDA:256,33,1,0
BRDA:257,34,0,0
BRDA:257,34,1,0
BRDA:258,35,0,0
BRDA:258,35,1,0
BRDA:259,36,0,0
BRDA:259,36,1,0
BRF:64
BRH:0
end_of_record
TN:
SF:src\config\manager.ts
FN:19,(anonymous_0)
FN:29,(anonymous_1)
FN:66,(anonymous_2)
FN:76,(anonymous_3)
FN:91,(anonymous_4)
FN:98,(anonymous_5)
FN:99,(anonymous_6)
FN:105,(anonymous_7)
FN:106,(anonymous_8)
FN:112,(anonymous_9)
FN:119,(anonymous_10)
FN:130,(anonymous_11)
FN:131,(anonymous_12)
FN:156,(anonymous_13)
FN:157,(anonymous_14)
FN:169,(anonymous_15)
FN:176,(anonymous_16)
FN:183,(anonymous_17)
FN:191,(anonymous_18)
FN:193,(anonymous_19)
FN:207,(anonymous_20)
FN:216,(anonymous_21)
FN:217,(anonymous_22)
FN:235,(anonymous_23)
FN:242,(anonymous_24)
FN:245,(anonymous_25)
FN:255,(anonymous_26)
FN:262,(anonymous_27)
FN:271,(anonymous_28)
FN:281,(anonymous_29)
FN:304,(anonymous_30)
FNF:31
FNH:0
FNDA:0,(anonymous_0)
FNDA:0,(anonymous_1)
FNDA:0,(anonymous_2)
FNDA:0,(anonymous_3)
FNDA:0,(anonymous_4)
FNDA:0,(anonymous_5)
FNDA:0,(anonymous_6)
FNDA:0,(anonymous_7)
FNDA:0,(anonymous_8)
FNDA:0,(anonymous_9)
FNDA:0,(anonymous_10)
FNDA:0,(anonymous_11)
FNDA:0,(anonymous_12)
FNDA:0,(anonymous_13)
FNDA:0,(anonymous_14)
FNDA:0,(anonymous_15)
FNDA:0,(anonymous_16)
FNDA:0,(anonymous_17)
FNDA:0,(anonymous_18)
FNDA:0,(anonymous_19)
FNDA:0,(anonymous_20)
FNDA:0,(anonymous_21)
FNDA:0,(anonymous_22)
FNDA:0,(anonymous_23)
FNDA:0,(anonymous_24)
FNDA:0,(anonymous_25)
FNDA:0,(anonymous_26)
FNDA:0,(anonymous_27)
FNDA:0,(anonymous_28)
FNDA:0,(anonymous_29)
FNDA:0,(anonymous_30)
DA:6,0
DA:8,0
DA:9,0
DA:10,0
DA:12,0
DA:16,0
DA:17,0
DA:20,0
DA:21,0
DA:22,0
DA:23,0
DA:30,0
DA:32,0
DA:35,0
DA:36,0
DA:39,0
DA:40,0
DA:41,0
DA:45,0
DA:48,0
DA:49,0
DA:50,0
DA:51,0
DA:55,0
DA:56,0
DA:58,0
DA:59,0
DA:67,0
DA:68,0
DA:70,0
DA:77,0
DA:79,0
DA:80,0
DA:81,0
DA:84,0
DA:85,0
DA:92,0
DA:99,0
DA:106,0
DA:113,0
DA:114,0
DA:115,0
DA:119,0
DA:120,0
DA:123,0
DA:124,0
DA:131,0
DA:132,0
DA:133,0
DA:136,0
DA:137,0
DA:138,0
DA:141,0
DA:148,0
DA:149,0
DA:150,0
DA:157,0
DA:158,0
DA:159,0
DA:162,0
DA:163,0
DA:170,0
DA:177,0
DA:184,0
DA:185,0
DA:192,0
DA:193,0
DA:200,0
DA:201,0
DA:208,0
DA:209,0
DA:210,0
DA:217,0
DA:218,0
DA:219,0
DA:220,0
DA:221,0
DA:222,0
DA:224,0
DA:227,0
DA:236,0
DA:243,0
DA:245,0
DA:256,0
DA:263,0
DA:264,0
DA:265,0
DA:272,0
DA:273,0
DA:274,0
DA:275,0
DA:282,0
DA:284,0
DA:285,0
DA:286,0
DA:291,0
DA:293,0
DA:298,0
DA:305,0
DA:307,0
DA:308,0
DA:311,0
LF:102
LH:0
BRDA:40,0,0,0
BRDA:50,1,0,0
BRDA:67,2,0,0
BRDA:80,3,0,0
BRDA:114,4,0,0
BRDA:119,5,0,0
BRDA:132,6,0,0
BRDA:137,7,0,0
BRDA:158,8,0,0
BRDA:220,9,0,0
BRDA:220,9,1,0
BRDA:285,10,0,0
BRDA:286,11,0,0
BRDA:286,11,1,0
BRDA:287,12,0,0
BRDA:287,12,1,0
BRDA:287,12,2,0
BRDA:291,13,0,0
BRDA:291,13,1,0
BRDA:308,14,0,0
BRDA:308,14,1,0
BRF:21
BRH:0
end_of_record
TN:
SF:src\services\index.ts
FN:10,(anonymous_0)
FN:11,(anonymous_1)
FN:12,(anonymous_2)
FN:17,(anonymous_3)
FN:18,(anonymous_4)
FN:19,(anonymous_5)
FN:27,(anonymous_6)
FN:28,(anonymous_7)
FN:29,(anonymous_8)
FNF:9
FNH:0
FNDA:0,(anonymous_0)
FNDA:0,(anonymous_1)
FNDA:0,(anonymous_2)
FNDA:0,(anonymous_3)
FNDA:0,(anonymous_4)
FNDA:0,(anonymous_5)
FNDA:0,(anonymous_6)
FNDA:0,(anonymous_7)
FNDA:0,(anonymous_8)
DA:9,0
DA:10,0
DA:11,0
DA:12,0
DA:16,0
DA:17,0
DA:18,0
DA:19,0
DA:26,0
DA:27,0
DA:28,0
DA:29,0
LF:12
LH:0
BRF:0
BRH:0
end_of_record
TN:
SF:src\services\knowledge-graph\graph.ts
FN:19,(anonymous_0)
FN:28,(anonymous_1)
FN:67,(anonymous_2)
FN:93,(anonymous_3)
FN:128,(anonymous_4)
FN:135,(anonymous_5)
FN:142,(anonymous_6)
FN:149,(anonymous_7)
FN:150,(anonymous_8)
FN:156,(anonymous_9)
FN:161,(anonymous_10)
FN:166,(anonymous_11)
FN:167,(anonymous_12)
FN:173,(anonymous_13)
FN:186,(anonymous_14)
FN:190,(anonymous_15)
FN:191,(anonymous_16)
FN:199,(anonymous_17)
FN:202,(anonymous_18)
FN:207,(anonymous_19)
FN:247,(anonymous_20)
FN:289,(anonymous_21)
FN:317,(anonymous_22)
FN:340,(anonymous_23)
FN:347,(anonymous_24)
FN:354,(anonymous_25)
FN:361,(anonymous_26)
FN:362,(anonymous_27)
FN:368,(anonymous_28)
FN:383,(anonymous_29)
FN:398,(anonymous_30)
FN:413,(anonymous_31)
FN:430,(anonymous_32)
FN:442,(anonymous_33)
FN:472,(anonymous_34)
FN:488,(anonymous_35)
FN:514,(anonymous_36)
FN:540,(anonymous_37)
FN:558,(anonymous_38)
FN:571,(anonymous_39)
FN:573,(anonymous_40)
FN:578,(anonymous_41)
FN:592,(anonymous_42)
FN:621,(anonymous_43)
FN:636,(anonymous_44)
FN:671,(anonymous_45)
FNF:46
FNH:4
FNDA:4,(anonymous_0)
FNDA:8,(anonymous_1)
FNDA:0,(anonymous_2)
FNDA:4,(anonymous_3)
FNDA:0,(anonymous_4)
FNDA:0,(anonymous_5)
FNDA:0,(anonymous_6)
FNDA:0,(anonymous_7)
FNDA:0,(anonymous_8)
FNDA:0,(anonymous_9)
FNDA:0,(anonymous_10)
FNDA:0,(anonymous_11)
FNDA:0,(anonymous_12)
FNDA:0,(anonymous_13)
FNDA:0,(anonymous_14)
FNDA:0,(anonymous_15)
FNDA:0,(anonymous_16)
FNDA:0,(anonymous_17)
FNDA:0,(anonymous_18)
FNDA:0,(anonymous_19)
FNDA:0,(anonymous_20)
FNDA:0,(anonymous_21)
FNDA:0,(anonymous_22)
FNDA:0,(anonymous_23)
FNDA:0,(anonymous_24)
FNDA:0,(anonymous_25)
FNDA:0,(anonymous_26)
FNDA:0,(anonymous_27)
FNDA:4,(anonymous_28)
FNDA:0,(anonymous_29)
FNDA:0,(anonymous_30)
FNDA:0,(anonymous_31)
FNDA:0,(anonymous_32)
FNDA:0,(anonymous_33)
FNDA:0,(anonymous_34)
FNDA:0,(anonymous_35)
FNDA:0,(anonymous_36)
FNDA:0,(anonymous_37)
FNDA:0,(anonymous_38)
FNDA:0,(anonymous_39)
FNDA:0,(anonymous_40)
FNDA:0,(anonymous_41)
FNDA:0,(anonymous_42)
FNDA:0,(anonymous_43)
FNDA:0,(anonymous_44)
FNDA:0,(anonymous_45)
DA:6,1
DA:9,1
DA:10,4
DA:11,4
DA:12,4
DA:13,4
DA:14,4
DA:15,4
DA:20,4
DA:21,4
DA:22,4
DA:29,8
DA:30,0
DA:31,0
DA:34,8
DA:35,0
DA:39,8
DA:40,0
DA:42,8
DA:44,8
DA:47,8
DA:48,4
DA:50,8
DA:53,8
DA:54,8
DA:56,8
DA:57,8
DA:60,8
DA:61,8
DA:68,0
DA:69,0
DA:70,0
DA:73,0
DA:74,0
DA:77,0
DA:78,0
DA:79,0
DA:80,0
DA:82,0
DA:85,0
DA:86,0
DA:87,0
DA:94,4
DA:95,4
DA:96,0
DA:100,4
DA:101,4
DA:102,0
DA:106,4
DA:109,4
DA:110,4
DA:113,4
DA:114,3
DA:116,4
DA:117,3
DA:120,4
DA:121,4
DA:122,4
DA:129,0
DA:136,0
DA:143,0
DA:144,0
DA:145,0
DA:148,0
DA:149,0
DA:150,0
DA:157,0
DA:160,0
DA:161,0
DA:165,0
DA:166,0
DA:167,0
DA:172,0
DA:173,0
DA:174,0
DA:175,0
DA:176,0
DA:179,0
DA:184,0
DA:185,0
DA:186,0
DA:187,0
DA:190,0
DA:192,0
DA:198,0
DA:199,0
DA:201,0
DA:202,0
DA:206,0
DA:207,0
DA:210,0
DA:212,0
DA:213,0
DA:214,0
DA:216,0
DA:217,0
DA:218,0
DA:220,0
DA:221,0
DA:222,0
DA:224,0
DA:225,0
DA:228,0
DA:229,0
DA:231,0
DA:237,0
DA:238,0
DA:241,0
DA:248,0
DA:249,0
DA:250,0
DA:253,0
DA:254,0
DA:258,0
DA:259,0
DA:263,0
DA:264,0
DA:266,0
DA:268,0
DA:271,0
DA:272,0
DA:273,0
DA:275,0
DA:279,0
DA:280,0
DA:282,0
DA:283,0
DA:290,0
DA:291,0
DA:292,0
DA:295,0
DA:296,0
DA:299,0
DA:300,0
DA:301,0
DA:303,0
DA:304,0
DA:306,0
DA:309,0
DA:310,0
DA:311,0
DA:318,0
DA:319,0
DA:320,0
DA:324,0
DA:325,0
DA:329,0
DA:330,0
DA:332,0
DA:333,0
DA:334,0
DA:341,0
DA:348,0
DA:355,0
DA:356,0
DA:357,0
DA:360,0
DA:361,0
DA:362,0
DA:369,4
DA:371,4
DA:372,0
DA:373,0
DA:377,4
DA:384,0
DA:386,0
DA:387,0
DA:388,0
DA:392,0
DA:399,0
DA:401,0
DA:402,0
DA:403,0
DA:407,0
DA:414,0
DA:415,0
DA:416,0
DA:418,0
DA:419,0
DA:420,0
DA:421,0
DA:422,0
DA:427,0
DA:428,0
DA:429,0
DA:430,0
DA:431,0
DA:436,0
DA:443,0
DA:444,0
DA:447,0
DA:448,0
DA:451,0
DA:452,0
DA:454,0
DA:455,0
DA:457,0
DA:458,0
DA:461,0
DA:462,0
DA:465,0
DA:467,0
DA:468,0
DA:469,0
DA:470,0
DA:471,0
DA:472,0
DA:475,0
DA:476,0
DA:482,0
DA:489,0
DA:490,0
DA:491,0
DA:494,0
DA:495,0
DA:496,0
DA:497,0
DA:502,0
DA:503,0
DA:504,0
DA:508,0
DA:515,0
DA:516,0
DA:518,0
DA:519,0
DA:522,0
DA:523,0
DA:526,0
DA:542,0
DA:544,0
DA:545,0
DA:548,0
DA:549,0
DA:552,0
DA:559,0
DA:560,0
DA:561,0
DA:562,0
DA:563,0
DA:564,0
DA:565,0
DA:572,0
DA:573,0
DA:578,0
DA:593,0
DA:596,0
DA:597,0
DA:602,0
DA:606,0
DA:607,0
DA:612,0
DA:615,0
DA:622,0
DA:624,0
DA:625,0
DA:626,0
DA:630,0
DA:637,0
DA:638,0
DA:641,0
DA:642,0
DA:643,0
DA:644,0
DA:648,0
DA:649,0
DA:651,0
DA:652,0
DA:653,0
DA:654,0
DA:658,0
DA:672,0
DA:674,0
DA:675,0
DA:676,0
DA:677,0
DA:678,0
LF:276
LH:42
BRDA:19,0,0,4
BRDA:21,1,0,4
BRDA:21,1,1,4
BRDA:22,2,0,4
BRDA:22,2,1,4
BRDA:29,3,0,0
BRDA:34,4,0,0
BRDA:39,5,0,0
BRDA:47,6,0,4
BRDA:53,7,0,8
BRDA:56,8,0,8
BRDA:69,9,0,0
BRDA:77,10,0,0
BRDA:77,11,0,0
BRDA:77,11,1,0
BRDA:79,12,0,0
BRDA:95,13,0,0
BRDA:144,14,0,0
BRDA:160,15,0,0
BRDA:165,16,0,0
BRDA:165,17,0,0
BRDA:165,17,1,0
BRDA:172,18,0,0
BRDA:175,19,0,0
BRDA:184,20,0,0
BRDA:187,21,0,0
BRDA:187,21,1,0
BRDA:187,21,2,0
BRDA:187,21,3,0
BRDA:187,21,4,0
BRDA:187,21,5,0
BRDA:187,21,6,0
BRDA:187,21,7,0
BRDA:198,22,0,0
BRDA:201,23,0,0
BRDA:206,24,0,0
BRDA:210,25,0,0
BRDA:210,25,1,0
BRDA:210,25,2,0
BRDA:210,25,3,0
BRDA:216,26,0,0
BRDA:216,26,1,0
BRDA:217,27,0,0
BRDA:217,27,1,0
BRDA:224,28,0,0
BRDA:224,28,1,0
BRDA:225,29,0,0
BRDA:225,29,1,0
BRDA:228,30,0,0
BRDA:228,30,1,0
BRDA:229,31,0,0
BRDA:229,31,1,0
BRDA:229,32,0,0
BRDA:229,32,1,0
BRDA:231,33,0,0
BRDA:231,33,1,0
BRDA:231,34,0,0
BRDA:231,34,1,0
BRDA:237,35,0,0
BRDA:248,36,0,0
BRDA:253,37,0,0
BRDA:258,38,0,0
BRDA:258,39,0,0
BRDA:258,39,1,0
BRDA:263,40,0,0
BRDA:271,41,0,0
BRDA:272,42,0,0
BRDA:291,43,0,0
BRDA:299,44,0,0
BRDA:299,45,0,0
BRDA:299,45,1,0
BRDA:300,46,0,0
BRDA:303,47,0,0
BRDA:319,48,0,0
BRDA:324,49,0,0
BRDA:356,50,0,0
BRDA:372,51,0,0
BRDA:372,52,0,0
BRDA:372,52,1,0
BRDA:387,53,0,0
BRDA:402,54,0,0
BRDA:418,55,0,0
BRDA:421,56,0,0
BRDA:427,57,0,0
BRDA:430,58,0,0
BRDA:430,59,0,0
BRDA:430,59,1,0
BRDA:442,60,0,0
BRDA:443,61,0,0
BRDA:443,62,0,0
BRDA:443,62,1,0
BRDA:447,63,0,0
BRDA:457,64,0,0
BRDA:461,65,0,0
BRDA:468,66,0,0
BRDA:470,67,0,0
BRDA:475,68,0,0
BRDA:496,69,0,0
BRDA:503,70,0,0
BRDA:503,71,0,0
BRDA:503,71,1,0
BRDA:576,72,0,0
BRDA:576,72,1,0
BRDA:625,73,0,0
BRDA:625,74,0,0
BRDA:625,74,1,0
BRDA:644,75,0,0
BRDA:644,75,1,0
BRDA:652,76,0,0
BRDA:663,77,0,0
BRDA:663,77,1,0
BRDA:664,78,0,0
BRDA:664,78,1,0
BRDA:675,79,0,0
BRDA:677,80,0,0
BRF:115
BRH:8
end_of_record
TN:
SF:src\services\knowledge-graph\index.ts
FN:6,(anonymous_0)
FN:7,(anonymous_1)
FN:8,(anonymous_2)
FNF:3
FNH:0
FNDA:0,(anonymous_0)
FNDA:0,(anonymous_1)
FNDA:0,(anonymous_2)
DA:6,0
DA:7,0
DA:8,0
LF:3
LH:0
BRF:0
BRH:0
end_of_record
TN:
SF:src\services\knowledge-graph\memory.ts
FN:30,(anonymous_9)
FN:51,(anonymous_10)
FN:58,(anonymous_11)
FN:67,(anonymous_12)
FN:132,(anonymous_13)
FN:188,(anonymous_14)
FN:220,(anonymous_15)
FN:233,(anonymous_16)
FN:240,(anonymous_17)
FN:241,(anonymous_18)
FN:247,(anonymous_19)
FN:254,(anonymous_20)
FN:259,(anonymous_21)
FN:264,(anonymous_22)
FN:265,(anonymous_23)
FN:271,(anonymous_24)
FN:286,(anonymous_25)
FN:289,(anonymous_26)
FN:306,(anonymous_27)
FN:311,(anonymous_28)
FN:318,(anonymous_29)
FN:321,(anonymous_30)
FN:326,(anonymous_31)
FN:383,(anonymous_32)
FN:403,(anonymous_33)
FN:409,(anonymous_34)
FN:412,(anonymous_35)
FN:413,(anonymous_36)
FN:416,(anonymous_37)
FN:426,(anonymous_38)
FN:443,(anonymous_39)
FN:444,(anonymous_40)
FN:460,(anonymous_41)
FN:461,(anonymous_42)
FN:470,(anonymous_43)
FN:475,(anonymous_44)
FN:476,(anonymous_45)
FN:484,(anonymous_46)
FN:485,(anonymous_47)
FN:486,(anonymous_48)
FN:487,(anonymous_49)
FN:488,(anonymous_50)
FN:520,(anonymous_51)
FN:544,(anonymous_52)
FN:546,(anonymous_53)
FN:547,(anonymous_54)
FN:567,(anonymous_55)
FN:603,(anonymous_56)
FN:649,(anonymous_57)
FN:659,(anonymous_58)
FN:666,(anonymous_59)
FN:679,(anonymous_60)
FN:689,(anonymous_61)
FN:714,(anonymous_62)
FN:738,(anonymous_63)
FN:743,(anonymous_64)
FN:748,(anonymous_65)
FN:753,(anonymous_66)
FN:759,(anonymous_67)
FN:761,(anonymous_68)
FN:764,(anonymous_69)
FN:772,(anonymous_70)
FN:791,(anonymous_71)
FN:812,(anonymous_72)
FN:830,(anonymous_73)
FN:831,(anonymous_74)
FN:839,(anonymous_75)
FN:849,(anonymous_76)
FN:862,(anonymous_77)
FN:886,(anonymous_78)
FN:894,(anonymous_79)
FN:902,(anonymous_80)
FN:907,(anonymous_81)
FN:908,(anonymous_82)
FN:917,(anonymous_83)
FN:920,(anonymous_84)
FN:934,(anonymous_85)
FNF:77
FNH:34
FNDA:4,(anonymous_9)
FNDA:28,(anonymous_10)
FNDA:0,(anonymous_11)
FNDA:8,(anonymous_12)
FNDA:0,(anonymous_13)
FNDA:4,(anonymous_14)
FNDA:3,(anonymous_15)
FNDA:0,(anonymous_16)
FNDA:0,(anonymous_17)
FNDA:0,(anonymous_18)
FNDA:3,(anonymous_19)
FNDA:0,(anonymous_20)
FNDA:0,(anonymous_21)
FNDA:0,(anonymous_22)
FNDA:0,(anonymous_23)
FNDA:0,(anonymous_24)
FNDA:0,(anonymous_25)
FNDA:0,(anonymous_26)
FNDA:0,(anonymous_27)
FNDA:0,(anonymous_28)
FNDA:0,(anonymous_29)
FNDA:0,(anonymous_30)
FNDA:0,(anonymous_31)
FNDA:1,(anonymous_32)
FNDA:0,(anonymous_33)
FNDA:0,(anonymous_34)
FNDA:0,(anonymous_35)
FNDA:0,(anonymous_36)
FNDA:0,(anonymous_37)
FNDA:1,(anonymous_38)
FNDA:1,(anonymous_39)
FNDA:2,(anonymous_40)
FNDA:0,(anonymous_41)
FNDA:0,(anonymous_42)
FNDA:1,(anonymous_43)
FNDA:2,(anonymous_44)
FNDA:2,(anonymous_45)
FNDA:2,(anonymous_46)
FNDA:2,(anonymous_47)
FNDA:2,(anonymous_48)
FNDA:2,(anonymous_49)
FNDA:2,(anonymous_50)
FNDA:1,(anonymous_51)
FNDA:1,(anonymous_52)
FNDA:1,(anonymous_53)
FNDA:0,(anonymous_54)
FNDA:0,(anonymous_55)
FNDA:0,(anonymous_56)
FNDA:2,(anonymous_57)
FNDA:0,(anonymous_58)
FNDA:0,(anonymous_59)
FNDA:14,(anonymous_60)
FNDA:8,(anonymous_61)
FNDA:4,(anonymous_62)
FNDA:22,(anonymous_63)
FNDA:130,(anonymous_64)
FNDA:3,(anonymous_65)
FNDA:9,(anonymous_66)
FNDA:0,(anonymous_67)
FNDA:0,(anonymous_68)
FNDA:0,(anonymous_69)
FNDA:1,(anonymous_70)
FNDA:8,(anonymous_71)
FNDA:0,(anonymous_72)
FNDA:0,(anonymous_73)
FNDA:0,(anonymous_74)
FNDA:4,(anonymous_75)
FNDA:0,(anonymous_76)
FNDA:4,(anonymous_77)
FNDA:0,(anonymous_78)
FNDA:0,(anonymous_79)
FNDA:12,(anonymous_80)
FNDA:0,(anonymous_81)
FNDA:0,(anonymous_82)
FNDA:0,(anonymous_83)
FNDA:0,(anonymous_84)
FNDA:0,(anonymous_85)
DA:6,1
DA:7,1
DA:9,1
DA:10,1
DA:12,1
DA:13,4
DA:14,4
DA:15,4
DA:16,4
DA:19,4
DA:21,4
DA:23,4
DA:25,4
DA:26,4
DA:27,4
DA:28,4
DA:31,4
DA:32,4
DA:33,4
DA:36,4
DA:37,0
DA:41,4
DA:42,4
DA:43,4
DA:44,4
DA:45,4
DA:46,4
DA:47,4
DA:48,4
DA:51,4
DA:52,28
DA:56,4
DA:58,0
DA:59,0
DA:68,8
DA:69,0
DA:76,0
DA:78,0
DA:79,0
DA:83,8
DA:84,0
DA:88,8
DA:89,0
DA:91,8
DA:94,8
DA:95,8
DA:98,8
DA:99,0
DA:102,8
DA:105,8
DA:108,8
DA:109,8
DA:110,0
DA:111,0
DA:113,0
DA:118,8
DA:121,8
DA:123,8
DA:125,8
DA:126,8
DA:133,0
DA:134,0
DA:135,0
DA:138,0
DA:139,0
DA:142,0
DA:143,0
DA:144,0
DA:148,0
DA:150,0
DA:151,0
DA:152,0
DA:157,0
DA:158,0
DA:159,0
DA:161,0
DA:166,0
DA:167,0
DA:170,0
DA:173,0
DA:174,0
DA:177,0
DA:179,0
DA:181,0
DA:182,0
DA:189,4
DA:190,4
DA:191,0
DA:195,4
DA:198,4
DA:199,4
DA:200,0
DA:205,4
DA:208,4
DA:210,4
DA:211,4
DA:213,4
DA:214,4
DA:221,3
DA:222,3
DA:224,1
DA:225,1
DA:227,3
DA:234,0
DA:235,0
DA:236,0
DA:239,0
DA:240,0
DA:241,0
DA:248,3
DA:255,0
DA:258,0
DA:259,0
DA:263,0
DA:264,0
DA:265,0
DA:270,0
DA:271,0
DA:272,0
DA:274,0
DA:275,0
DA:276,0
DA:279,0
DA:284,0
DA:285,0
DA:286,0
DA:287,0
DA:289,0
DA:294,0
DA:295,0
DA:297,0
DA:298,0
DA:299,0
DA:300,0
DA:301,0
DA:306,0
DA:310,0
DA:311,0
DA:312,0
DA:317,0
DA:318,0
DA:320,0
DA:321,0
DA:325,0
DA:326,0
DA:329,0
DA:331,0
DA:332,0
DA:333,0
DA:335,0
DA:336,0
DA:337,0
DA:339,0
DA:340,0
DA:341,0
DA:343,0
DA:344,0
DA:345,0
DA:347,0
DA:348,0
DA:349,0
DA:351,0
DA:352,0
DA:355,0
DA:356,0
DA:358,0
DA:364,0
DA:365,0
DA:369,0
DA:370,0
DA:371,0
DA:374,0
DA:384,1
DA:385,1
DA:386,0
DA:389,1
DA:391,1
DA:392,3
DA:393,1
DA:396,2
DA:397,2
DA:398,0
DA:403,1
DA:405,1
DA:406,1
DA:407,1
DA:408,1
DA:409,1
DA:411,1
DA:412,1
DA:413,1
DA:415,0
DA:416,0
DA:427,1
DA:428,1
DA:429,1
DA:430,1
DA:432,1
DA:433,3
DA:434,3
DA:437,3
DA:438,3
DA:439,2
DA:443,1
DA:444,2
DA:447,0
DA:448,0
DA:449,0
DA:450,0
DA:452,0
DA:453,0
DA:454,0
DA:455,0
DA:456,0
DA:460,0
DA:461,0
DA:471,1
DA:472,1
DA:474,1
DA:475,2
DA:476,2
DA:478,1
DA:481,1
DA:484,2
DA:485,2
DA:486,2
DA:487,2
DA:488,2
DA:500,1
DA:502,1
DA:503,2
DA:506,1
DA:511,1
DA:514,0
DA:521,1
DA:522,1
DA:524,1
DA:525,1
DA:526,1
DA:530,1
DA:531,1
DA:534,1
DA:535,1
DA:538,1
DA:545,1
DA:546,1
DA:547,0
DA:550,1
DA:551,1
DA:554,1
DA:555,1
DA:561,1
DA:568,0
DA:569,0
DA:577,0
DA:578,0
DA:581,0
DA:582,0
DA:583,0
DA:584,0
DA:585,0
DA:586,0
DA:587,0
DA:590,0
DA:604,0
DA:607,0
DA:609,0
DA:610,0
DA:612,0
DA:613,0
DA:615,0
DA:616,0
DA:618,0
DA:619,0
DA:621,0
DA:622,0
DA:624,0
DA:625,0
DA:629,0
DA:630,0
DA:631,0
DA:634,0
DA:635,0
DA:639,0
DA:640,0
DA:643,0
DA:650,2
DA:653,2
DA:654,2
DA:658,2
DA:659,2
DA:660,2
DA:661,2
DA:665,2
DA:666,2
DA:667,0
DA:669,2
DA:673,2
DA:677,2
DA:678,2
DA:679,14
DA:680,2
DA:681,2
DA:683,2
DA:690,8
DA:692,8
DA:693,50
DA:694,34
DA:696,50
DA:700,8
DA:701,8
DA:702,3
DA:703,3
DA:704,0
DA:706,3
DA:715,4
DA:717,4
DA:718,18
DA:719,18
DA:720,7
DA:724,4
DA:725,4
DA:726,2
DA:727,2
DA:728,2
DA:729,0
DA:739,22
DA:743,130
DA:749,3
DA:750,3
DA:751,3
DA:752,3
DA:753,9
DA:754,3
DA:755,3
DA:760,0
DA:761,0
DA:762,0
DA:763,0
DA:764,0
DA:765,0
DA:766,0
DA:773,1
DA:775,1
DA:776,2
DA:777,0
DA:778,0
DA:779,0
DA:780,0
DA:785,1
DA:792,8
DA:813,0
DA:831,0
DA:832,0
DA:840,4
DA:841,0
DA:842,0
DA:850,0
DA:852,0
DA:853,0
DA:856,0
DA:863,4
DA:865,4
DA:866,0
DA:867,0
DA:869,0
DA:872,4
DA:873,0
DA:874,0
DA:876,4
DA:877,4
DA:878,4
DA:879,4
DA:880,4
DA:887,0
DA:888,0
DA:895,0
DA:896,0
DA:903,12
DA:904,0
DA:905,0
DA:907,0
DA:908,0
DA:909,0
DA:918,0
DA:919,0
DA:920,0
DA:927,0
DA:928,0
DA:935,0
DA:936,0
DA:937,0
DA:938,0
DA:939,0
DA:940,0
DA:941,0
DA:942,0
DA:943,0
DA:945,0
DA:947,0
DA:959,0
DA:961,0
DA:962,0
DA:964,0
DA:966,0
DA:967,0
DA:968,0
DA:969,0
DA:971,0
DA:975,0
DA:977,0
DA:980,0
DA:982,0
LF:413
LH:188
BRDA:30,0,0,0
BRDA:33,1,0,4
BRDA:33,1,1,4
BRDA:36,2,0,0
BRDA:37,3,0,0
BRDA:37,3,1,0
BRDA:41,4,0,4
BRDA:41,4,1,4
BRDA:42,5,0,4
BRDA:42,5,1,4
BRDA:43,6,0,4
BRDA:43,6,1,4
BRDA:44,7,0,4
BRDA:44,7,1,4
BRDA:45,8,0,4
BRDA:45,8,1,4
BRDA:46,9,0,4
BRDA:46,9,1,4
BRDA:47,10,0,4
BRDA:47,10,1,4
BRDA:56,11,0,0
BRDA:68,12,0,0
BRDA:78,13,0,0
BRDA:83,14,0,0
BRDA:88,15,0,0
BRDA:94,16,0,5
BRDA:95,17,0,7
BRDA:98,18,0,0
BRDA:108,19,0,8
BRDA:110,20,0,0
BRDA:134,21,0,0
BRDA:142,22,0,0
BRDA:142,23,0,0
BRDA:142,23,1,0
BRDA:148,24,0,0
BRDA:150,25,0,0
BRDA:158,26,0,0
BRDA:166,27,0,0
BRDA:166,28,0,0
BRDA:166,28,1,0
BRDA:166,28,2,0
BRDA:190,29,0,0
BRDA:198,30,0,4
BRDA:222,31,0,1
BRDA:225,32,0,1
BRDA:225,32,1,1
BRDA:235,33,0,0
BRDA:258,34,0,0
BRDA:263,35,0,0
BRDA:263,36,0,0
BRDA:263,36,1,0
BRDA:270,37,0,0
BRDA:272,38,0,0
BRDA:275,39,0,0
BRDA:284,40,0,0
BRDA:287,41,0,0
BRDA:287,41,1,0
BRDA:287,41,2,0
BRDA:287,41,3,0
BRDA:287,41,4,0
BRDA:294,42,0,0
BRDA:294,43,0,0
BRDA:294,43,1,0
BRDA:299,44,0,0
BRDA:310,45,0,0
BRDA:312,46,0,0
BRDA:312,46,1,0
BRDA:317,47,0,0
BRDA:320,48,0,0
BRDA:325,49,0,0
BRDA:329,50,0,0
BRDA:329,50,1,0
BRDA:329,50,2,0
BRDA:329,50,3,0
BRDA:329,50,4,0
BRDA:329,50,5,0
BRDA:335,51,0,0
BRDA:335,51,1,0
BRDA:336,52,0,0
BRDA:336,52,1,0
BRDA:339,53,0,0
BRDA:339,53,1,0
BRDA:340,54,0,0
BRDA:340,54,1,0
BRDA:343,55,0,0
BRDA:343,55,1,0
BRDA:344,56,0,0
BRDA:344,56,1,0
BRDA:347,57,0,0
BRDA:347,57,1,0
BRDA:348,58,0,0
BRDA:348,58,1,0
BRDA:355,59,0,0
BRDA:355,59,1,0
BRDA:356,60,0,0
BRDA:356,60,1,0
BRDA:356,61,0,0
BRDA:356,61,1,0
BRDA:358,62,0,0
BRDA:358,62,1,0
BRDA:358,63,0,0
BRDA:358,63,1,0
BRDA:364,64,0,0
BRDA:371,65,0,0
BRDA:371,65,1,0
BRDA:385,66,0,0
BRDA:392,67,0,1
BRDA:397,68,0,0
BRDA:405,69,0,1
BRDA:405,69,1,0
BRDA:405,70,0,1
BRDA:405,70,1,1
BRDA:408,71,0,1
BRDA:411,72,0,1
BRDA:411,72,1,0
BRDA:415,73,0,0
BRDA:415,73,1,0
BRDA:415,74,0,0
BRDA:415,74,1,0
BRDA:427,75,0,1
BRDA:429,76,0,1
BRDA:429,76,1,0
BRDA:434,77,0,0
BRDA:434,77,1,3
BRDA:434,78,0,3
BRDA:434,78,1,3
BRDA:438,79,0,2
BRDA:448,80,0,0
BRDA:448,80,1,0
BRDA:449,81,0,0
BRDA:449,81,1,0
BRDA:453,82,0,0
BRDA:455,83,0,0
BRDA:471,84,0,0
BRDA:471,84,1,1
BRDA:472,85,0,0
BRDA:472,85,1,1
BRDA:472,86,0,1
BRDA:472,86,1,0
BRDA:478,87,0,0
BRDA:483,88,0,1
BRDA:483,88,1,1
BRDA:483,88,2,0
BRDA:484,89,0,1
BRDA:484,89,1,1
BRDA:485,90,0,2
BRDA:485,90,1,0
BRDA:487,91,0,2
BRDA:487,91,1,0
BRDA:489,92,0,1
BRDA:489,92,1,1
BRDA:490,93,0,1
BRDA:490,93,1,0
BRDA:493,94,0,1
BRDA:493,94,1,1
BRDA:500,95,0,1
BRDA:525,96,0,1
BRDA:525,97,0,1
BRDA:525,97,1,1
BRDA:534,98,0,1
BRDA:544,99,0,0
BRDA:544,100,0,0
BRDA:546,101,0,1
BRDA:546,101,1,0
BRDA:547,102,0,0
BRDA:547,102,1,0
BRDA:547,103,0,0
BRDA:547,103,1,0
BRDA:554,104,0,1
BRDA:582,105,0,0
BRDA:582,105,1,0
BRDA:583,106,0,0
BRDA:583,106,1,0
BRDA:583,107,0,0
BRDA:583,107,1,0
BRDA:584,108,0,0
BRDA:584,108,1,0
BRDA:584,109,0,0
BRDA:584,109,1,0
BRDA:585,110,0,0
BRDA:585,110,1,0
BRDA:585,111,0,0
BRDA:585,111,1,0
BRDA:586,112,0,0
BRDA:586,112,1,0
BRDA:586,113,0,0
BRDA:586,113,1,0
BRDA:587,114,0,0
BRDA:587,114,1,0
BRDA:607,115,0,0
BRDA:607,115,1,0
BRDA:607,115,2,0
BRDA:607,115,3,0
BRDA:607,115,4,0
BRDA:607,115,5,0
BRDA:630,116,0,0
BRDA:630,116,1,0
BRDA:631,117,0,0
BRDA:634,118,0,0
BRDA:634,119,0,0
BRDA:634,119,1,0
BRDA:639,120,0,0
BRDA:639,121,0,0
BRDA:639,121,1,0
BRDA:653,122,0,2
BRDA:658,123,0,2
BRDA:658,124,0,2
BRDA:658,124,1,2
BRDA:665,125,0,2
BRDA:665,126,0,2
BRDA:665,126,1,2
BRDA:693,127,0,34
BRDA:700,128,0,8
BRDA:703,129,0,0
BRDA:719,130,0,7
BRDA:724,131,0,4
BRDA:728,132,0,0
BRDA:754,133,0,3
BRDA:754,133,1,0
BRDA:765,134,0,0
BRDA:765,134,1,0
BRDA:777,135,0,0
BRDA:777,135,1,0
BRDA:779,136,0,0
BRDA:779,137,0,0
BRDA:779,137,1,0
BRDA:795,138,0,8
BRDA:795,138,1,7
BRDA:799,139,0,8
BRDA:799,139,1,0
BRDA:800,140,0,8
BRDA:800,140,1,0
BRDA:803,141,0,8
BRDA:803,141,1,0
BRDA:805,142,0,8
BRDA:805,142,1,0
BRDA:814,143,0,0
BRDA:814,143,1,0
BRDA:818,144,0,0
BRDA:818,144,1,0
BRDA:819,145,0,0
BRDA:819,145,1,0
BRDA:822,146,0,0
BRDA:822,146,1,0
BRDA:823,147,0,0
BRDA:823,147,1,0
BRDA:840,148,0,0
BRDA:865,149,0,0
BRDA:865,150,0,4
BRDA:865,150,1,0
BRDA:872,151,0,0
BRDA:887,152,0,0
BRDA:895,153,0,0
BRDA:903,154,0,12
BRDA:903,155,0,12
BRDA:903,155,1,0
BRDA:904,156,0,0
BRDA:918,157,0,0
BRDA:923,158,0,0
BRDA:923,158,1,0
BRDA:924,159,0,0
BRDA:924,159,1,0
BRDA:925,160,0,0
BRDA:925,160,1,0
BRDA:935,161,0,0
BRDA:937,162,0,0
BRDA:939,163,0,0
BRDA:939,164,0,0
BRDA:939,164,1,0
BRDA:942,165,0,0
BRDA:942,165,1,0
BRDA:943,166,0,0
BRDA:943,167,0,0
BRDA:943,167,1,0
BRDA:949,168,0,0
BRDA:949,168,1,0
BRDA:950,169,0,0
BRDA:950,169,1,0
BRDA:951,170,0,0
BRDA:951,170,1,0
BRDA:952,171,0,0
BRDA:952,171,1,0
BRDA:954,172,0,0
BRDA:954,172,1,0
BRDA:955,173,0,0
BRDA:955,173,1,0
BRDA:961,174,0,0
BRDA:966,175,0,0
BRDA:968,176,0,0
BRF:289
BRH:77
end_of_record
TN:
SF:src\services\memory-retrieval\enhancer.ts
FN:21,(anonymous_0)
FN:31,(anonymous_1)
FN:70,(anonymous_2)
FN:119,(anonymous_3)
FN:120,(anonymous_4)
FN:120,(anonymous_5)
FN:130,(anonymous_6)
FN:148,(anonymous_7)
FN:166,(anonymous_8)
FN:178,(anonymous_9)
FN:180,(anonymous_10)
FN:189,(anonymous_11)
FN:201,(anonymous_12)
FN:214,(anonymous_13)
FN:223,(anonymous_14)
FN:232,(anonymous_15)
FN:237,(anonymous_16)
FN:249,(anonymous_17)
FN:263,(anonymous_18)
FN:268,(anonymous_19)
FN:308,(anonymous_20)
FN:322,(anonymous_21)
FN:336,(anonymous_22)
FN:351,(anonymous_23)
FN:365,(anonymous_24)
FN:370,(anonymous_25)
FN:374,(anonymous_26)
FN:378,(anonymous_27)
FN:383,(anonymous_28)
FN:388,(anonymous_29)
FN:392,(anonymous_30)
FN:395,(anonymous_31)
FNF:32
FNH:0
FNDA:0,(anonymous_0)
FNDA:0,(anonymous_1)
FNDA:0,(anonymous_2)
FNDA:0,(anonymous_3)
FNDA:0,(anonymous_4)
FNDA:0,(anonymous_5)
FNDA:0,(anonymous_6)
FNDA:0,(anonymous_7)
FNDA:0,(anonymous_8)
FNDA:0,(anonymous_9)
FNDA:0,(anonymous_10)
FNDA:0,(anonymous_11)
FNDA:0,(anonymous_12)
FNDA:0,(anonymous_13)
FNDA:0,(anonymous_14)
FNDA:0,(anonymous_15)
FNDA:0,(anonymous_16)
FNDA:0,(anonymous_17)
FNDA:0,(anonymous_18)
FNDA:0,(anonymous_19)
FNDA:0,(anonymous_20)
FNDA:0,(anonymous_21)
FNDA:0,(anonymous_22)
FNDA:0,(anonymous_23)
FNDA:0,(anonymous_24)
FNDA:0,(anonymous_25)
FNDA:0,(anonymous_26)
FNDA:0,(anonymous_27)
FNDA:0,(anonymous_28)
FNDA:0,(anonymous_29)
FNDA:0,(anonymous_30)
FNDA:0,(anonymous_31)
DA:1,0
DA:3,0
DA:15,0
DA:24,0
DA:25,0
DA:26,0
DA:27,0
DA:28,0
DA:32,0
DA:34,0
DA:36,0
DA:39,0
DA:42,0
DA:45,0
DA:48,0
DA:50,0
DA:59,0
DA:61,0
DA:62,0
DA:65,0
DA:66,0
DA:71,0
DA:78,0
DA:80,0
DA:81,0
DA:83,0
DA:84,0
DA:86,0
DA:87,0
DA:89,0
DA:90,0
DA:92,0
DA:93,0
DA:97,0
DA:98,0
DA:99,0
DA:102,0
DA:103,0
DA:106,0
DA:107,0
DA:108,0
DA:111,0
DA:112,0
DA:116,0
DA:117,0
DA:118,0
DA:119,0
DA:120,0
DA:122,0
DA:123,0
DA:127,0
DA:131,0
DA:138,0
DA:139,0
DA:143,0
DA:145,0
DA:150,0
DA:152,0
DA:153,0
DA:155,0
DA:156,0
DA:158,0
DA:159,0
DA:161,0
DA:162,0
DA:168,0
DA:170,0
DA:171,0
DA:180,0
DA:181,0
DA:182,0
DA:191,0
DA:193,0
DA:194,0
DA:203,0
DA:204,0
DA:216,0
DA:217,0
DA:218,0
DA:225,0
DA:227,0
DA:228,0
DA:231,0
DA:232,0
DA:234,0
DA:239,0
DA:245,0
DA:246,0
DA:251,0
DA:252,0
DA:255,0
DA:256,0
DA:258,0
DA:261,0
DA:262,0
DA:263,0
DA:265,0
DA:275,0
DA:276,0
DA:277,0
DA:279,0
DA:280,0
DA:281,0
DA:289,0
DA:293,0
DA:294,0
DA:295,0
DA:298,0
DA:299,0
DA:301,0
DA:302,0
DA:309,0
DA:310,0
DA:313,0
DA:314,0
DA:317,0
DA:318,0
DA:324,0
DA:325,0
DA:327,0
DA:328,0
DA:329,0
DA:333,0
DA:338,0
DA:339,0
DA:342,0
DA:343,0
DA:344,0
DA:348,0
DA:353,0
DA:354,0
DA:356,0
DA:357,0
DA:358,0
DA:362,0
DA:366,0
DA:367,0
DA:371,0
DA:375,0
DA:379,0
DA:383,0
DA:389,0
DA:390,0
DA:392,0
DA:396,0
DA:397,0
DA:398,0
DA:399,0
LF:148
LH:0
BRDA:78,0,0,0
BRDA:78,0,1,0
BRDA:78,0,2,0
BRDA:78,0,3,0
BRDA:78,0,4,0
BRDA:97,1,0,0
BRDA:102,2,0,0
BRDA:103,3,0,0
BRDA:103,3,1,0
BRDA:106,4,0,0
BRDA:111,5,0,0
BRDA:117,6,0,0
BRDA:117,7,0,0
BRDA:117,7,1,0
BRDA:120,8,0,0
BRDA:120,8,1,0
BRDA:122,9,0,0
BRDA:123,10,0,0
BRDA:123,10,1,0
BRDA:150,11,0,0
BRDA:150,11,1,0
BRDA:150,11,2,0
BRDA:150,11,3,0
BRDA:168,12,0,0
BRDA:168,13,0,0
BRDA:168,13,1,0
BRDA:173,14,0,0
BRDA:173,14,1,0
BRDA:180,15,0,0
BRDA:180,16,0,0
BRDA:180,16,1,0
BRDA:184,17,0,0
BRDA:184,17,1,0
BRDA:191,18,0,0
BRDA:191,19,0,0
BRDA:191,19,1,0
BRDA:196,20,0,0
BRDA:196,20,1,0
BRDA:203,21,0,0
BRDA:203,22,0,0
BRDA:203,22,1,0
BRDA:217,23,0,0
BRDA:225,24,0,0
BRDA:228,25,0,0
BRDA:231,26,0,0
BRDA:231,27,0,0
BRDA:231,27,1,0
BRDA:232,28,0,0
BRDA:232,29,0,0
BRDA:232,29,1,0
BRDA:241,30,0,0
BRDA:241,30,1,0
BRDA:252,31,0,0
BRDA:262,32,0,0
BRDA:262,32,1,0
BRDA:275,33,0,0
BRDA:277,34,0,0
BRDA:277,34,1,0
BRDA:280,35,0,0
BRDA:298,36,0,0
BRDA:298,37,0,0
BRDA:298,37,1,0
BRDA:301,38,0,0
BRDA:301,39,0,0
BRDA:301,39,1,0
BRDA:309,40,0,0
BRDA:317,41,0,0
BRDA:328,42,0,0
BRDA:343,43,0,0
BRDA:343,44,0,0
BRDA:343,44,1,0
BRDA:357,45,0,0
BRDA:375,46,0,0
BRDA:375,46,1,0
BRDA:390,47,0,0
BRF:75
BRH:0
end_of_record
TN:
SF:src\services\memory-retrieval\index.ts
FN:1,(anonymous_0)
FN:2,(anonymous_1)
FN:3,(anonymous_2)
FNF:3
FNH:0
FNDA:0,(anonymous_0)
FNDA:0,(anonymous_1)
FNDA:0,(anonymous_2)
DA:1,0
DA:2,0
DA:3,0
LF:3
LH:0
BRF:0
BRH:0
end_of_record
TN:
SF:src\services\memory-retrieval\manager.ts
FN:55,(anonymous_0)
FN:102,(anonymous_1)
FN:104,(anonymous_2)
FN:110,(anonymous_3)
FN:116,(anonymous_4)
FN:122,(anonymous_5)
FN:126,(anonymous_6)
FN:134,(anonymous_7)
FN:143,(anonymous_8)
FN:162,(anonymous_9)
FN:197,(anonymous_10)
FN:208,(anonymous_11)
FN:209,(anonymous_12)
FN:250,(anonymous_13)
FN:260,(anonymous_14)
FN:264,(anonymous_15)
FN:274,(anonymous_16)
FN:276,(anonymous_17)
FN:285,(anonymous_18)
FN:285,(anonymous_19)
FN:287,(anonymous_20)
FN:288,(anonymous_21)
FN:292,(anonymous_22)
FN:330,(anonymous_23)
FN:348,(anonymous_24)
FN:354,(anonymous_25)
FN:359,(anonymous_26)
FN:362,(anonymous_27)
FN:363,(anonymous_28)
FN:367,(anonymous_29)
FN:384,(anonymous_30)
FN:392,(anonymous_31)
FN:404,(anonymous_32)
FN:428,(anonymous_33)
FN:435,(anonymous_34)
FN:446,(anonymous_35)
FN:452,(anonymous_36)
FN:465,(anonymous_37)
FN:469,(anonymous_38)
FN:479,(anonymous_39)
FN:484,(anonymous_40)
FN:489,(anonymous_41)
FN:493,(anonymous_42)
FN:497,(anonymous_43)
FN:501,(anonymous_44)
FN:511,(anonymous_45)
FN:535,(anonymous_46)
FN:542,(anonymous_47)
FN:551,(anonymous_48)
FN:554,(anonymous_49)
FN:572,(anonymous_50)
FN:572,(anonymous_51)
FN:573,(anonymous_52)
FN:573,(anonymous_53)
FN:584,(anonymous_54)
FN:589,(anonymous_55)
FN:590,(anonymous_56)
FN:598,(anonymous_57)
FN:599,(anonymous_58)
FN:609,(anonymous_59)
FN:609,(anonymous_60)
FN:610,(anonymous_61)
FN:615,(anonymous_62)
FNF:63
FNH:0
FNDA:0,(anonymous_0)
FNDA:0,(anonymous_1)
FNDA:0,(anonymous_2)
FNDA:0,(anonymous_3)
FNDA:0,(anonymous_4)
FNDA:0,(anonymous_5)
FNDA:0,(anonymous_6)
FNDA:0,(anonymous_7)
FNDA:0,(anonymous_8)
FNDA:0,(anonymous_9)
FNDA:0,(anonymous_10)
FNDA:0,(anonymous_11)
FNDA:0,(anonymous_12)
FNDA:0,(anonymous_13)
FNDA:0,(anonymous_14)
FNDA:0,(anonymous_15)
FNDA:0,(anonymous_16)
FNDA:0,(anonymous_17)
FNDA:0,(anonymous_18)
FNDA:0,(anonymous_19)
FNDA:0,(anonymous_20)
FNDA:0,(anonymous_21)
FNDA:0,(anonymous_22)
FNDA:0,(anonymous_23)
FNDA:0,(anonymous_24)
FNDA:0,(anonymous_25)
FNDA:0,(anonymous_26)
FNDA:0,(anonymous_27)
FNDA:0,(anonymous_28)
FNDA:0,(anonymous_29)
FNDA:0,(anonymous_30)
FNDA:0,(anonymous_31)
FNDA:0,(anonymous_32)
FNDA:0,(anonymous_33)
FNDA:0,(anonymous_34)
FNDA:0,(anonymous_35)
FNDA:0,(anonymous_36)
FNDA:0,(anonymous_37)
FNDA:0,(anonymous_38)
FNDA:0,(anonymous_39)
FNDA:0,(anonymous_40)
FNDA:0,(anonymous_41)
FNDA:0,(anonymous_42)
FNDA:0,(anonymous_43)
FNDA:0,(anonymous_44)
FNDA:0,(anonymous_45)
FNDA:0,(anonymous_46)
FNDA:0,(anonymous_47)
FNDA:0,(anonymous_48)
FNDA:0,(anonymous_49)
FNDA:0,(anonymous_50)
FNDA:0,(anonymous_51)
FNDA:0,(anonymous_52)
FNDA:0,(anonymous_53)
FNDA:0,(anonymous_54)
FNDA:0,(anonymous_55)
FNDA:0,(anonymous_56)
FNDA:0,(anonymous_57)
FNDA:0,(anonymous_58)
FNDA:0,(anonymous_59)
FNDA:0,(anonymous_60)
FNDA:0,(anonymous_61)
FNDA:0,(anonymous_62)
DA:1,0
DA:3,0
DA:4,0
DA:5,0
DA:6,0
DA:7,0
DA:34,0
DA:42,0
DA:53,0
DA:59,0
DA:62,0
DA:65,0
DA:66,0
DA:68,0
DA:70,0
DA:72,0
DA:81,0
DA:82,0
DA:84,0
DA:95,0
DA:96,0
DA:98,0
DA:99,0
DA:104,0
DA:105,0
DA:106,0
DA:107,0
DA:110,0
DA:111,0
DA:112,0
DA:116,0
DA:117,0
DA:118,0
DA:122,0
DA:123,0
DA:126,0
DA:127,0
DA:136,0
DA:140,0
DA:144,0
DA:145,0
DA:148,0
DA:149,0
DA:152,0
DA:154,0
DA:155,0
DA:163,0
DA:164,0
DA:166,0
DA:167,0
DA:168,0
DA:169,0
DA:170,0
DA:172,0
DA:175,0
DA:176,0
DA:177,0
DA:178,0
DA:180,0
DA:181,0
DA:182,0
DA:184,0
DA:186,0
DA:187,0
DA:188,0
DA:190,0
DA:198,0
DA:199,0
DA:200,0
DA:201,0
DA:202,0
DA:203,0
DA:204,0
DA:205,0
DA:209,0
DA:210,0
DA:212,0
DA:214,0
DA:215,0
DA:216,0
DA:217,0
DA:218,0
DA:219,0
DA:220,0
DA:221,0
DA:223,0
DA:224,0
DA:225,0
DA:226,0
DA:227,0
DA:228,0
DA:229,0
DA:231,0
DA:232,0
DA:235,0
DA:236,0
DA:237,0
DA:241,0
DA:243,0
DA:252,0
DA:259,0
DA:260,0
DA:265,0
DA:273,0
DA:274,0
DA:275,0
DA:276,0
DA:277,0
DA:278,0
DA:279,0
DA:280,0
DA:281,0
DA:282,0
DA:283,0
DA:285,0
DA:286,0
DA:287,0
DA:288,0
DA:289,0
DA:293,0
DA:298,0
DA:307,0
DA:309,0
DA:310,0
DA:312,0
DA:313,0
DA:315,0
DA:316,0
DA:318,0
DA:319,0
DA:321,0
DA:322,0
DA:325,0
DA:326,0
DA:331,0
DA:332,0
DA:333,0
DA:334,0
DA:335,0
DA:336,0
DA:337,0
DA:339,0
DA:340,0
DA:347,0
DA:348,0
DA:349,0
DA:350,0
DA:351,0
DA:352,0
DA:354,0
DA:355,0
DA:356,0
DA:357,0
DA:358,0
DA:359,0
DA:360,0
DA:362,0
DA:363,0
DA:364,0
DA:369,0
DA:371,0
DA:380,0
DA:385,0
DA:386,0
DA:387,0
DA:388,0
DA:389,0
DA:398,0
DA:404,0
DA:410,0
DA:429,0
DA:430,0
DA:436,0
DA:437,0
DA:441,0
DA:448,0
DA:453,0
DA:460,0
DA:461,0
DA:466,0
DA:470,0
DA:480,0
DA:481,0
DA:485,0
DA:486,0
DA:490,0
DA:494,0
DA:498,0
DA:502,0
DA:503,0
DA:504,0
DA:505,0
DA:506,0
DA:507,0
DA:512,0
DA:513,0
DA:514,0
DA:530,0
DA:531,0
DA:536,0
DA:537,0
DA:538,0
DA:543,0
DA:544,0
DA:545,0
DA:546,0
DA:547,0
DA:552,0
DA:553,0
DA:554,0
DA:555,0
DA:556,0
DA:558,0
DA:559,0
DA:560,0
DA:561,0
DA:562,0
DA:563,0
DA:564,0
DA:565,0
DA:566,0
DA:567,0
DA:568,0
DA:569,0
DA:572,0
DA:573,0
DA:574,0
DA:585,0
DA:590,0
DA:591,0
DA:592,0
DA:593,0
DA:599,0
DA:600,0
DA:601,0
DA:602,0
DA:603,0
DA:604,0
DA:605,0
DA:606,0
DA:609,0
DA:610,0
DA:611,0
DA:612,0
DA:616,0
DA:617,0
DA:618,0
LF:247
LH:0
BRDA:57,0,0,0
BRDA:65,1,0,0
BRDA:65,1,1,0
BRDA:136,2,0,0
BRDA:148,3,0,0
BRDA:164,4,0,0
BRDA:164,5,0,0
BRDA:164,5,1,0
BRDA:169,6,0,0
BRDA:177,7,0,0
BRDA:181,8,0,0
BRDA:186,9,0,0
BRDA:186,9,1,0
BRDA:187,10,0,0
BRDA:187,11,0,0
BRDA:187,11,1,0
BRDA:198,12,0,0
BRDA:198,12,1,0
BRDA:199,13,0,0
BRDA:199,13,1,0
BRDA:200,14,0,0
BRDA:210,15,0,0
BRDA:210,16,0,0
BRDA:210,16,1,0
BRDA:216,17,0,0
BRDA:218,18,0,0
BRDA:227,19,0,0
BRDA:227,19,1,0
BRDA:250,20,0,0
BRDA:255,21,0,0
BRDA:255,21,1,0
BRDA:268,22,0,0
BRDA:268,22,1,0
BRDA:269,23,0,0
BRDA:269,23,1,0
BRDA:270,24,0,0
BRDA:270,24,1,0
BRDA:274,25,0,0
BRDA:274,25,1,0
BRDA:279,26,0,0
BRDA:281,27,0,0
BRDA:281,27,1,0
BRDA:282,28,0,0
BRDA:282,28,1,0
BRDA:282,29,0,0
BRDA:282,29,1,0
BRDA:282,29,2,0
BRDA:286,30,0,0
BRDA:286,30,1,0
BRDA:289,31,0,0
BRDA:289,31,1,0
BRDA:294,32,0,0
BRDA:294,32,1,0
BRDA:295,33,0,0
BRDA:295,33,1,0
BRDA:299,34,0,0
BRDA:299,34,1,0
BRDA:299,34,2,0
BRDA:307,35,0,0
BRDA:307,35,1,0
BRDA:307,35,2,0
BRDA:307,35,3,0
BRDA:307,35,4,0
BRDA:332,36,0,0
BRDA:332,36,1,0
BRDA:332,36,2,0
BRDA:332,36,3,0
BRDA:332,36,4,0
BRDA:339,37,0,0
BRDA:339,37,1,0
BRDA:339,37,2,0
BRDA:343,38,0,0
BRDA:343,38,1,0
BRDA:349,39,0,0
BRDA:349,39,1,0
BRDA:350,40,0,0
BRDA:350,40,1,0
BRDA:350,41,0,0
BRDA:350,41,1,0
BRDA:351,42,0,0
BRDA:351,42,1,0
BRDA:351,43,0,0
BRDA:351,43,1,0
BRDA:351,43,2,0
BRDA:356,44,0,0
BRDA:356,45,0,0
BRDA:356,45,1,0
BRDA:356,45,2,0
BRDA:357,46,0,0
BRDA:357,46,1,0
BRDA:358,47,0,0
BRDA:358,48,0,0
BRDA:358,48,1,0
BRDA:359,49,0,0
BRDA:359,50,0,0
BRDA:359,50,1,0
BRDA:359,50,2,0
BRDA:360,51,0,0
BRDA:360,51,1,0
BRDA:364,52,0,0
BRDA:364,52,1,0
BRDA:369,53,0,0
BRDA:369,54,0,0
BRDA:369,54,1,0
BRDA:373,55,0,0
BRDA:373,55,1,0
BRDA:385,56,0,0
BRDA:385,57,0,0
BRDA:385,57,1,0
BRDA:386,58,0,0
BRDA:386,59,0,0
BRDA:386,59,1,0
BRDA:387,60,0,0
BRDA:388,61,0,0
BRDA:419,62,0,0
BRDA:419,62,1,0
BRDA:448,63,0,0
BRDA:448,63,1,0
BRDA:460,64,0,0
BRDA:506,65,0,0
BRDA:512,66,0,0
BRDA:512,67,0,0
BRDA:512,67,1,0
BRDA:513,68,0,0
BRDA:513,69,0,0
BRDA:513,69,1,0
BRDA:513,69,2,0
BRDA:518,70,0,0
BRDA:518,70,1,0
BRDA:519,71,0,0
BRDA:519,71,1,0
BRDA:519,71,2,0
BRDA:520,72,0,0
BRDA:520,72,1,0
BRDA:524,73,0,0
BRDA:524,73,1,0
BRDA:537,74,0,0
BRDA:544,75,0,0
BRDA:552,76,0,0
BRDA:552,76,1,0
BRDA:553,77,0,0
BRDA:553,77,1,0
BRDA:555,78,0,0
BRDA:555,78,1,0
BRDA:556,79,0,0
BRDA:556,79,1,0
BRDA:563,80,0,0
BRDA:563,80,1,0
BRDA:564,81,0,0
BRDA:564,81,1,0
BRDA:565,82,0,0
BRDA:565,83,0,0
BRDA:565,83,1,0
BRDA:567,84,0,0
BRDA:569,85,0,0
BRDA:569,85,1,0
BRDA:591,86,0,0
BRDA:591,87,0,0
BRDA:591,87,1,0
BRDA:592,88,0,0
BRDA:592,89,0,0
BRDA:592,89,1,0
BRDA:599,90,0,0
BRDA:599,90,1,0
BRDA:599,90,2,0
BRDA:600,91,0,0
BRDA:604,92,0,0
BRDA:606,93,0,0
BRDA:606,93,1,0
BRDA:610,94,0,0
BRDA:610,94,1,0
BRDA:617,95,0,0
BRF:172
BRH:0
end_of_record
TN:
SF:src\services\memory-retrieval\retriever.ts
FN:19,(anonymous_0)
FN:30,(anonymous_1)
FN:35,(anonymous_2)
FN:38,(anonymous_3)
FN:41,(anonymous_4)
FN:53,(anonymous_5)
FN:56,(anonymous_6)
FN:58,(anonymous_7)
FN:70,(anonymous_8)
FN:72,(anonymous_9)
FN:89,(anonymous_10)
FN:90,(anonymous_11)
FN:95,(anonymous_12)
FN:100,(anonymous_13)
FN:108,(anonymous_14)
FN:156,(anonymous_15)
FN:167,(anonymous_16)
FN:170,(anonymous_17)
FN:192,(anonymous_18)
FN:208,(anonymous_19)
FN:216,(anonymous_20)
FN:228,(anonymous_21)
FN:232,(anonymous_22)
FN:235,(anonymous_23)
FN:242,(anonymous_24)
FN:252,(anonymous_25)
FN:257,(anonymous_26)
FN:263,(anonymous_27)
FN:273,(anonymous_28)
FN:292,(anonymous_29)
FN:303,(anonymous_30)
FN:308,(anonymous_31)
FN:315,(anonymous_32)
FN:319,(anonymous_33)
FN:320,(anonymous_34)
FN:330,(anonymous_35)
FN:335,(anonymous_36)
FN:343,(anonymous_37)
FNF:38
FNH:0
FNDA:0,(anonymous_0)
FNDA:0,(anonymous_1)
FNDA:0,(anonymous_2)
FNDA:0,(anonymous_3)
FNDA:0,(anonymous_4)
FNDA:0,(anonymous_5)
FNDA:0,(anonymous_6)
FNDA:0,(anonymous_7)
FNDA:0,(anonymous_8)
FNDA:0,(anonymous_9)
FNDA:0,(anonymous_10)
FNDA:0,(anonymous_11)
FNDA:0,(anonymous_12)
FNDA:0,(anonymous_13)
FNDA:0,(anonymous_14)
FNDA:0,(anonymous_15)
FNDA:0,(anonymous_16)
FNDA:0,(anonymous_17)
FNDA:0,(anonymous_18)
FNDA:0,(anonymous_19)
FNDA:0,(anonymous_20)
FNDA:0,(anonymous_21)
FNDA:0,(anonymous_22)
FNDA:0,(anonymous_23)
FNDA:0,(anonymous_24)
FNDA:0,(anonymous_25)
FNDA:0,(anonymous_26)
FNDA:0,(anonymous_27)
FNDA:0,(anonymous_28)
FNDA:0,(anonymous_29)
FNDA:0,(anonymous_30)
FNDA:0,(anonymous_31)
FNDA:0,(anonymous_32)
FNDA:0,(anonymous_33)
FNDA:0,(anonymous_34)
FNDA:0,(anonymous_35)
FNDA:0,(anonymous_36)
FNDA:0,(anonymous_37)
DA:1,0
DA:12,0
DA:17,0
DA:20,0
DA:21,0
DA:22,0
DA:23,0
DA:24,0
DA:26,0
DA:27,0
DA:32,0
DA:36,0
DA:38,0
DA:39,0
DA:40,0
DA:42,0
DA:43,0
DA:44,0
DA:50,0
DA:54,0
DA:56,0
DA:57,0
DA:59,0
DA:60,0
DA:61,0
DA:67,0
DA:71,0
DA:72,0
DA:73,0
DA:74,0
DA:77,0
DA:78,0
DA:80,0
DA:86,0
DA:90,0
DA:96,0
DA:97,0
DA:101,0
DA:102,0
DA:103,0
DA:105,0
DA:109,0
DA:110,0
DA:113,0
DA:114,0
DA:115,0
DA:116,0
DA:119,0
DA:121,0
DA:124,0
DA:127,0
DA:130,0
DA:133,0
DA:136,0
DA:145,0
DA:147,0
DA:148,0
DA:151,0
DA:152,0
DA:157,0
DA:160,0
DA:161,0
DA:163,0
DA:167,0
DA:169,0
DA:170,0
DA:171,0
DA:175,0
DA:176,0
DA:177,0
DA:181,0
DA:182,0
DA:183,0
DA:186,0
DA:189,0
DA:193,0
DA:195,0
DA:196,0
DA:197,0
DA:198,0
DA:200,0
DA:201,0
DA:205,0
DA:209,0
DA:212,0
DA:213,0
DA:214,0
DA:216,0
DA:217,0
DA:218,0
DA:220,0
DA:221,0
DA:226,0
DA:227,0
DA:228,0
DA:231,0
DA:232,0
DA:236,0
DA:238,0
DA:239,0
DA:240,0
DA:241,0
DA:242,0
DA:243,0
DA:249,0
DA:254,0
DA:255,0
DA:257,0
DA:258,0
DA:260,0
DA:264,0
DA:265,0
DA:266,0
DA:267,0
DA:268,0
DA:270,0
DA:274,0
DA:275,0
DA:276,0
DA:278,0
DA:280,0
DA:281,0
DA:282,0
DA:283,0
DA:284,0
DA:289,0
DA:293,0
DA:296,0
DA:299,0
DA:300,0
DA:303,0
DA:304,0
DA:307,0
DA:308,0
DA:310,0
DA:312,0
DA:316,0
DA:320,0
DA:321,0
DA:322,0
DA:323,0
DA:324,0
DA:331,0
DA:332,0
DA:336,0
DA:344,0
DA:345,0
DA:346,0
LF:148
LH:0
BRDA:36,0,0,0
BRDA:54,1,0,0
BRDA:102,2,0,0
BRDA:113,3,0,0
BRDA:130,4,0,0
BRDA:130,4,1,0
BRDA:133,5,0,0
BRDA:133,5,1,0
BRDA:160,6,0,0
BRDA:160,6,1,0
BRDA:169,7,0,0
BRDA:169,8,0,0
BRDA:169,8,1,0
BRDA:171,9,0,0
BRDA:175,10,0,0
BRDA:176,11,0,0
BRDA:176,12,0,0
BRDA:176,12,1,0
BRDA:177,13,0,0
BRDA:177,14,0,0
BRDA:177,14,1,0
BRDA:181,15,0,0
BRDA:182,16,0,0
BRDA:182,17,0,0
BRDA:182,17,1,0
BRDA:183,18,0,0
BRDA:183,19,0,0
BRDA:183,19,1,0
BRDA:214,20,0,0
BRDA:220,21,0,0
BRDA:220,21,1,0
BRDA:232,22,0,0
BRDA:232,22,1,0
BRDA:232,23,0,0
BRDA:232,23,1,0
BRDA:239,24,0,0
BRDA:239,25,0,0
BRDA:239,25,1,0
BRDA:242,26,0,0
BRDA:242,27,0,0
BRDA:242,27,1,0
BRDA:264,28,0,0
BRDA:265,29,0,0
BRDA:265,30,0,0
BRDA:265,30,1,0
BRDA:266,31,0,0
BRDA:266,32,0,0
BRDA:266,32,1,0
BRDA:267,33,0,0
BRDA:267,34,0,0
BRDA:267,34,1,0
BRDA:268,35,0,0
BRDA:268,36,0,0
BRDA:268,36,1,0
BRDA:274,37,0,0
BRDA:281,38,0,0
BRDA:283,39,0,0
BRDA:289,40,0,0
BRDA:289,40,1,0
BRDA:293,41,0,0
BRDA:307,42,0,0
BRDA:307,42,1,0
BRDA:323,43,0,0
BRF:63
BRH:0
end_of_record
TN:
SF:src\services\rule-system\engine.ts
FN:15,(anonymous_0)
FN:22,(anonymous_1)
FN:34,(anonymous_2)
FN:46,(anonymous_3)
FN:54,(anonymous_4)
FN:65,(anonymous_5)
FN:77,(anonymous_6)
FN:84,(anonymous_7)
FN:91,(anonymous_8)
FN:92,(anonymous_9)
FN:98,(anonymous_10)
FN:99,(anonymous_11)
FN:105,(anonymous_12)
FN:114,(anonymous_13)
FN:158,(anonymous_14)
FN:180,(anonymous_15)
FN:246,(anonymous_16)
FN:296,(anonymous_17)
FN:334,(anonymous_18)
FN:392,(anonymous_19)
FN:408,(anonymous_20)
FN:431,(anonymous_21)
FN:446,(anonymous_22)
FN:465,(anonymous_23)
FN:479,(anonymous_24)
FN:494,(anonymous_25)
FN:495,(anonymous_26)
FN:504,(anonymous_27)
FN:510,(anonymous_28)
FN:527,(anonymous_29)
FN:539,(anonymous_30)
FN:551,(anonymous_31)
FN:559,(anonymous_32)
FN:581,(anonymous_33)
FNF:34
FNH:0
FNDA:0,(anonymous_0)
FNDA:0,(anonymous_1)
FNDA:0,(anonymous_2)
FNDA:0,(anonymous_3)
FNDA:0,(anonymous_4)
FNDA:0,(anonymous_5)
FNDA:0,(anonymous_6)
FNDA:0,(anonymous_7)
FNDA:0,(anonymous_8)
FNDA:0,(anonymous_9)
FNDA:0,(anonymous_10)
FNDA:0,(anonymous_11)
FNDA:0,(anonymous_12)
FNDA:0,(anonymous_13)
FNDA:0,(anonymous_14)
FNDA:0,(anonymous_15)
FNDA:0,(anonymous_16)
FNDA:0,(anonymous_17)
FNDA:0,(anonymous_18)
FNDA:0,(anonymous_19)
FNDA:0,(anonymous_20)
FNDA:0,(anonymous_21)
FNDA:0,(anonymous_22)
FNDA:0,(anonymous_23)
FNDA:0,(anonymous_24)
FNDA:0,(anonymous_25)
FNDA:0,(anonymous_26)
FNDA:0,(anonymous_27)
FNDA:0,(anonymous_28)
FNDA:0,(anonymous_29)
FNDA:0,(anonymous_30)
FNDA:0,(anonymous_31)
FNDA:0,(anonymous_32)
FNDA:0,(anonymous_33)
DA:6,0
DA:7,0
DA:9,0
DA:10,0
DA:11,0
DA:12,0
DA:13,0
DA:16,0
DA:23,0
DA:24,0
DA:27,0
DA:28,0
DA:35,0
DA:36,0
DA:39,0
DA:40,0
DA:47,0
DA:48,0
DA:55,0
DA:56,0
DA:57,0
DA:59,0
DA:66,0
DA:67,0
DA:68,0
DA:70,0
DA:78,0
DA:85,0
DA:92,0
DA:99,0
DA:106,0
DA:107,0
DA:110,0
DA:111,0
DA:114,0
DA:116,0
DA:117,0
DA:118,0
DA:120,0
DA:121,0
DA:122,0
DA:125,0
DA:134,0
DA:135,0
DA:136,0
DA:140,0
DA:147,0
DA:148,0
DA:152,0
DA:163,0
DA:164,0
DA:167,0
DA:168,0
DA:169,0
DA:170,0
DA:174,0
DA:185,0
DA:188,0
DA:190,0
DA:192,0
DA:195,0
DA:198,0
DA:201,0
DA:204,0
DA:207,0
DA:210,0
DA:213,0
DA:216,0
DA:219,0
DA:222,0
DA:225,0
DA:229,0
DA:230,0
DA:233,0
DA:236,0
DA:239,0
DA:248,0
DA:252,0
DA:253,0
DA:254,0
DA:255,0
DA:256,0
DA:257,0
DA:259,0
DA:260,0
DA:265,0
DA:266,0
DA:267,0
DA:268,0
DA:269,0
DA:270,0
DA:272,0
DA:273,0
DA:279,0
DA:280,0
DA:281,0
DA:282,0
DA:284,0
DA:285,0
DA:290,0
DA:301,0
DA:308,0
DA:309,0
DA:310,0
DA:311,0
DA:314,0
DA:315,0
DA:316,0
DA:318,0
DA:321,0
DA:322,0
DA:323,0
DA:327,0
DA:328,0
DA:339,0
DA:341,0
DA:344,0
DA:346,0
DA:347,0
DA:350,0
DA:351,0
DA:354,0
DA:355,0
DA:358,0
DA:359,0
DA:362,0
DA:363,0
DA:366,0
DA:367,0
DA:370,0
DA:373,0
DA:380,0
DA:393,0
DA:394,0
DA:397,0
DA:398,0
DA:399,0
DA:401,0
DA:413,0
DA:414,0
DA:416,0
DA:425,0
DA:436,0
DA:438,0
DA:439,0
DA:451,0
DA:452,0
DA:455,0
DA:456,0
DA:459,0
DA:470,0
DA:471,0
DA:473,0
DA:484,0
DA:485,0
DA:487,0
DA:488,0
DA:495,0
DA:496,0
DA:497,0
DA:505,0
DA:506,0
DA:509,0
DA:510,0
DA:513,0
DA:514,0
DA:515,0
DA:516,0
DA:518,0
DA:521,0
DA:528,0
DA:529,0
DA:530,0
DA:533,0
DA:540,0
DA:543,0
DA:544,0
DA:552,0
DA:553,0
DA:560,0
DA:561,0
DA:562,0
DA:564,0
DA:565,0
DA:566,0
DA:569,0
DA:582,0
DA:583,0
LF:188
LH:0
BRDA:23,0,0,0
BRDA:35,1,0,0
BRDA:56,2,0,0
BRDA:66,3,0,0
BRDA:66,3,1,0
BRDA:105,4,0,0
BRDA:106,5,0,0
BRDA:120,6,0,0
BRDA:134,7,0,0
BRDA:143,8,0,0
BRDA:143,8,1,0
BRDA:163,9,0,0
BRDA:169,10,0,0
BRDA:190,11,0,0
BRDA:190,11,1,0
BRDA:190,11,2,0
BRDA:190,11,3,0
BRDA:190,11,4,0
BRDA:190,11,5,0
BRDA:190,11,6,0
BRDA:190,11,7,0
BRDA:190,11,8,0
BRDA:190,11,9,0
BRDA:190,11,10,0
BRDA:190,11,11,0
BRDA:190,11,12,0
BRDA:190,11,13,0
BRDA:190,11,14,0
BRDA:190,11,15,0
BRDA:190,11,16,0
BRDA:198,12,0,0
BRDA:198,12,1,0
BRDA:201,13,0,0
BRDA:201,13,1,0
BRDA:204,14,0,0
BRDA:204,14,1,0
BRDA:207,15,0,0
BRDA:207,15,1,0
BRDA:222,16,0,0
BRDA:222,16,1,0
BRDA:225,17,0,0
BRDA:225,17,1,0
BRDA:233,18,0,0
BRDA:233,18,1,0
BRDA:236,19,0,0
BRDA:236,19,1,0
BRDA:252,20,0,0
BRDA:252,20,1,0
BRDA:256,21,0,0
BRDA:256,21,1,0
BRDA:256,22,0,0
BRDA:256,22,1,0
BRDA:256,22,2,0
BRDA:256,22,3,0
BRDA:265,23,0,0
BRDA:265,23,1,0
BRDA:269,24,0,0
BRDA:269,24,1,0
BRDA:269,25,0,0
BRDA:269,25,1,0
BRDA:269,25,2,0
BRDA:269,25,3,0
BRDA:281,26,0,0
BRDA:281,26,1,0
BRDA:281,27,0,0
BRDA:281,27,1,0
BRDA:281,27,2,0
BRDA:281,27,3,0
BRDA:314,28,0,0
BRDA:316,29,0,0
BRDA:316,29,1,0
BRDA:322,30,0,0
BRDA:322,30,1,0
BRDA:344,31,0,0
BRDA:344,31,1,0
BRDA:344,31,2,0
BRDA:344,31,3,0
BRDA:344,31,4,0
BRDA:344,31,5,0
BRDA:344,31,6,0
BRDA:383,32,0,0
BRDA:383,32,1,0
BRDA:393,33,0,0
BRDA:393,33,1,0
BRDA:394,34,0,0
BRDA:394,34,1,0
BRDA:398,35,0,0
BRDA:398,35,1,0
BRDA:414,36,0,0
BRDA:414,36,1,0
BRDA:422,37,0,0
BRDA:422,37,1,0
BRDA:436,38,0,0
BRDA:436,38,1,0
BRDA:452,39,0,0
BRDA:452,39,1,0
BRDA:455,40,0,0
BRDA:485,41,0,0
BRDA:485,41,1,0
BRDA:487,42,0,0
BRDA:487,42,1,0
BRDA:497,43,0,0
BRDA:497,43,1,0
BRDA:505,44,0,0
BRDA:509,45,0,0
BRDA:513,46,0,0
BRDA:513,47,0,0
BRDA:513,47,1,0
BRDA:528,48,0,0
BRDA:528,49,0,0
BRDA:528,49,1,0
BRDA:528,49,2,0
BRDA:543,50,0,0
BRDA:553,51,0,0
BRDA:553,51,1,0
BRDA:566,52,0,0
BRDA:566,52,1,0
BRF:117
BRH:0
end_of_record
TN:
SF:src\services\rule-system\index.ts
FN:10,(anonymous_4)
FNF:1
FNH:0
FNDA:0,(anonymous_4)
DA:6,0
DA:7,0
DA:10,0
LF:3
LH:0
BRF:0
BRH:0
end_of_record
TN:
SF:src\services\rule-system\manager.ts
FN:20,(anonymous_0)
FN:31,(anonymous_1)
FN:56,(anonymous_2)
FN:58,(anonymous_3)
FN:62,(anonymous_4)
FN:67,(anonymous_5)
FN:71,(anonymous_6)
FN:75,(anonymous_7)
FN:80,(anonymous_8)
FN:85,(anonymous_9)
FN:90,(anonymous_10)
FN:99,(anonymous_11)
FN:126,(anonymous_12)
FN:152,(anonymous_13)
FN:175,(anonymous_14)
FN:187,(anonymous_15)
FN:198,(anonymous_16)
FN:222,(anonymous_17)
FN:229,(anonymous_18)
FN:236,(anonymous_19)
FN:243,(anonymous_20)
FN:250,(anonymous_21)
FN:257,(anonymous_22)
FN:264,(anonymous_23)
FN:271,(anonymous_24)
FN:278,(anonymous_25)
FN:285,(anonymous_26)
FN:292,(anonymous_27)
FN:299,(anonymous_28)
FN:306,(anonymous_29)
FN:313,(anonymous_30)
FN:320,(anonymous_31)
FN:327,(anonymous_32)
FN:330,(anonymous_33)
FN:333,(anonymous_34)
FN:346,(anonymous_35)
FN:359,(anonymous_36)
FN:366,(anonymous_37)
FN:379,(anonymous_38)
FN:390,(anonymous_39)
FN:398,(anonymous_40)
FN:403,(anonymous_41)
FN:417,(anonymous_42)
FN:434,(anonymous_43)
FNF:44
FNH:0
FNDA:0,(anonymous_0)
FNDA:0,(anonymous_1)
FNDA:0,(anonymous_2)
FNDA:0,(anonymous_3)
FNDA:0,(anonymous_4)
FNDA:0,(anonymous_5)
FNDA:0,(anonymous_6)
FNDA:0,(anonymous_7)
FNDA:0,(anonymous_8)
FNDA:0,(anonymous_9)
FNDA:0,(anonymous_10)
FNDA:0,(anonymous_11)
FNDA:0,(anonymous_12)
FNDA:0,(anonymous_13)
FNDA:0,(anonymous_14)
FNDA:0,(anonymous_15)
FNDA:0,(anonymous_16)
FNDA:0,(anonymous_17)
FNDA:0,(anonymous_18)
FNDA:0,(anonymous_19)
FNDA:0,(anonymous_20)
FNDA:0,(anonymous_21)
FNDA:0,(anonymous_22)
FNDA:0,(anonymous_23)
FNDA:0,(anonymous_24)
FNDA:0,(anonymous_25)
FNDA:0,(anonymous_26)
FNDA:0,(anonymous_27)
FNDA:0,(anonymous_28)
FNDA:0,(anonymous_29)
FNDA:0,(anonymous_30)
FNDA:0,(anonymous_31)
FNDA:0,(anonymous_32)
FNDA:0,(anonymous_33)
FNDA:0,(anonymous_34)
FNDA:0,(anonymous_35)
FNDA:0,(anonymous_36)
FNDA:0,(anonymous_37)
FNDA:0,(anonymous_38)
FNDA:0,(anonymous_39)
FNDA:0,(anonymous_40)
FNDA:0,(anonymous_41)
FNDA:0,(anonymous_42)
FNDA:0,(anonymous_43)
DA:6,0
DA:9,0
DA:10,0
DA:12,0
DA:16,0
DA:17,0
DA:18,0
DA:21,0
DA:22,0
DA:23,0
DA:24,0
DA:25,0
DA:32,0
DA:34,0
DA:37,0
DA:38,0
DA:39,0
DA:42,0
DA:43,0
DA:46,0
DA:48,0
DA:49,0
DA:58,0
DA:59,0
DA:62,0
DA:63,0
DA:67,0
DA:68,0
DA:71,0
DA:72,0
DA:75,0
DA:76,0
DA:80,0
DA:81,0
DA:82,0
DA:85,0
DA:86,0
DA:87,0
DA:90,0
DA:91,0
DA:92,0
DA:100,0
DA:102,0
DA:103,0
DA:106,0
DA:108,0
DA:111,0
DA:114,0
DA:116,0
DA:118,0
DA:119,0
DA:127,0
DA:130,0
DA:138,0
DA:141,0
DA:146,0
DA:157,0
DA:158,0
DA:159,0
DA:161,0
DA:166,0
DA:169,0
DA:199,0
DA:200,0
DA:203,0
DA:205,0
DA:206,0
DA:207,0
DA:208,0
DA:209,0
DA:211,0
DA:216,0
DA:223,0
DA:230,0
DA:237,0
DA:244,0
DA:251,0
DA:258,0
DA:265,0
DA:272,0
DA:279,0
DA:286,0
DA:293,0
DA:300,0
DA:307,0
DA:314,0
DA:321,0
DA:328,0
DA:330,0
DA:331,0
DA:332,0
DA:333,0
DA:335,0
DA:347,0
DA:360,0
DA:367,0
DA:368,0
DA:369,0
DA:370,0
DA:371,0
DA:373,0
DA:380,0
DA:381,0
DA:382,0
DA:383,0
DA:384,0
DA:391,0
DA:392,0
DA:399,0
DA:400,0
DA:402,0
DA:403,0
DA:418,0
DA:419,0
DA:425,0
DA:428,0
DA:436,0
DA:437,0
DA:443,0
DA:444,0
DA:450,0
DA:451,0
DA:457,0
LF:123
LH:0
BRDA:99,0,0,0
BRDA:100,1,0,0
BRDA:158,2,0,0
BRDA:158,2,1,0
BRDA:199,3,0,0
BRDA:199,4,0,0
BRDA:199,4,1,0
BRDA:207,5,0,0
BRDA:307,6,0,0
BRDA:307,6,1,0
BRDA:321,7,0,0
BRDA:321,7,1,0
BRDA:331,8,0,0
BRDA:331,8,1,0
BRDA:332,9,0,0
BRDA:332,9,1,0
BRDA:333,10,0,0
BRDA:333,10,1,0
BRDA:436,11,0,0
BRDA:436,12,0,0
BRDA:436,12,1,0
BRDA:436,12,2,0
BRDA:443,13,0,0
BRDA:443,14,0,0
BRDA:443,14,1,0
BRDA:450,15,0,0
BRF:26
BRH:0
end_of_record
TN:
SF:src\services\rule-system\processor.ts
FN:16,(anonymous_0)
FN:25,(anonymous_1)
FN:26,(anonymous_2)
FN:30,(anonymous_3)
FN:38,(anonymous_4)
FN:61,(anonymous_5)
FN:90,(anonymous_6)
FN:108,(anonymous_7)
FN:114,(anonymous_8)
FN:124,(anonymous_9)
FN:125,(anonymous_10)
FN:137,(anonymous_11)
FN:178,(anonymous_12)
FN:189,(anonymous_13)
FN:213,(anonymous_14)
FN:237,(anonymous_15)
FN:257,(anonymous_16)
FN:262,(anonymous_17)
FN:304,(anonymous_18)
FN:317,(anonymous_19)
FN:346,(anonymous_20)
FN:359,(anonymous_21)
FN:391,(anonymous_22)
FN:434,(anonymous_23)
FN:435,(anonymous_24)
FN:462,(anonymous_25)
FN:487,(anonymous_26)
FN:495,(anonymous_27)
FN:503,(anonymous_28)
FN:504,(anonymous_29)
FN:510,(anonymous_30)
FN:516,(anonymous_31)
FN:523,(anonymous_32)
FNF:33
FNH:0
FNDA:0,(anonymous_0)
FNDA:0,(anonymous_1)
FNDA:0,(anonymous_2)
FNDA:0,(anonymous_3)
FNDA:0,(anonymous_4)
FNDA:0,(anonymous_5)
FNDA:0,(anonymous_6)
FNDA:0,(anonymous_7)
FNDA:0,(anonymous_8)
FNDA:0,(anonymous_9)
FNDA:0,(anonymous_10)
FNDA:0,(anonymous_11)
FNDA:0,(anonymous_12)
FNDA:0,(anonymous_13)
FNDA:0,(anonymous_14)
FNDA:0,(anonymous_15)
FNDA:0,(anonymous_16)
FNDA:0,(anonymous_17)
FNDA:0,(anonymous_18)
FNDA:0,(anonymous_19)
FNDA:0,(anonymous_20)
FNDA:0,(anonymous_21)
FNDA:0,(anonymous_22)
FNDA:0,(anonymous_23)
FNDA:0,(anonymous_24)
FNDA:0,(anonymous_25)
FNDA:0,(anonymous_26)
FNDA:0,(anonymous_27)
FNDA:0,(anonymous_28)
FNDA:0,(anonymous_29)
FNDA:0,(anonymous_30)
FNDA:0,(anonymous_31)
FNDA:0,(anonymous_32)
DA:6,0
DA:10,0
DA:12,0
DA:13,0
DA:14,0
DA:17,0
DA:18,0
DA:19,0
DA:26,0
DA:27,0
DA:30,0
DA:31,0
DA:39,0
DA:53,0
DA:54,0
DA:55,0
DA:66,0
DA:67,0
DA:68,0
DA:71,0
DA:72,0
DA:74,0
DA:83,0
DA:84,0
DA:85,0
DA:87,0
DA:90,0
DA:91,0
DA:93,0
DA:94,0
DA:95,0
DA:98,0
DA:99,0
DA:101,0
DA:102,0
DA:114,0
DA:115,0
DA:116,0
DA:117,0
DA:120,0
DA:123,0
DA:124,0
DA:125,0
DA:128,0
DA:131,0
DA:143,0
DA:145,0
DA:146,0
DA:147,0
DA:148,0
DA:151,0
DA:152,0
DA:153,0
DA:155,0
DA:156,0
DA:159,0
DA:160,0
DA:163,0
DA:172,0
DA:184,0
DA:186,0
DA:187,0
DA:188,0
DA:189,0
DA:191,0
DA:192,0
DA:195,0
DA:196,0
DA:199,0
DA:202,0
DA:203,0
DA:207,0
DA:218,0
DA:229,0
DA:230,0
DA:231,0
DA:242,0
DA:243,0
DA:244,0
DA:247,0
DA:255,0
DA:256,0
DA:258,0
DA:262,0
DA:263,0
DA:265,0
DA:266,0
DA:268,0
DA:269,0
DA:271,0
DA:272,0
DA:274,0
DA:275,0
DA:277,0
DA:278,0
DA:281,0
DA:283,0
DA:284,0
DA:285,0
DA:286,0
DA:287,0
DA:291,0
DA:294,0
DA:297,0
DA:298,0
DA:309,0
DA:310,0
DA:312,0
DA:314,0
DA:315,0
DA:316,0
DA:317,0
DA:318,0
DA:320,0
DA:322,0
DA:323,0
DA:325,0
DA:328,0
DA:334,0
DA:353,0
DA:364,0
DA:377,0
DA:378,0
DA:381,0
DA:382,0
DA:385,0
DA:396,0
DA:397,0
DA:398,0
DA:401,0
DA:402,0
DA:403,0
DA:405,0
DA:407,0
DA:408,0
DA:412,0
DA:418,0
DA:419,0
DA:420,0
DA:423,0
DA:424,0
DA:426,0
DA:427,0
DA:435,0
DA:436,0
DA:437,0
DA:439,0
DA:440,0
DA:441,0
DA:445,0
DA:446,0
DA:447,0
DA:450,0
DA:451,0
DA:456,0
DA:469,0
DA:470,0
DA:475,0
DA:476,0
DA:477,0
DA:479,0
DA:480,0
DA:489,0
DA:497,0
DA:504,0
DA:511,0
DA:516,0
DA:525,0
DA:526,0
DA:527,0
DA:531,0
DA:532,0
DA:533,0
LF:173
LH:0
BRDA:38,0,0,0
BRDA:43,1,0,0
BRDA:43,1,1,0
BRDA:44,2,0,0
BRDA:44,2,1,0
BRDA:45,3,0,0
BRDA:45,3,1,0
BRDA:46,4,0,0
BRDA:46,4,1,0
BRDA:64,5,0,0
BRDA:67,6,0,0
BRDA:84,7,0,0
BRDA:84,7,1,0
BRDA:91,8,0,0
BRDA:91,8,1,0
BRDA:94,9,0,0
BRDA:94,9,1,0
BRDA:116,10,0,0
BRDA:120,11,0,0
BRDA:120,11,1,0
BRDA:123,12,0,0
BRDA:147,13,0,0
BRDA:152,14,0,0
BRDA:152,14,1,0
BRDA:155,15,0,0
BRDA:155,16,0,0
BRDA:155,16,1,0
BRDA:159,17,0,0
BRDA:166,18,0,0
BRDA:166,18,1,0
BRDA:191,19,0,0
BRDA:191,20,0,0
BRDA:191,20,1,0
BRDA:195,21,0,0
BRDA:196,22,0,0
BRDA:196,22,1,0
BRDA:199,23,0,0
BRDA:199,23,1,0
BRDA:202,24,0,0
BRDA:207,25,0,0
BRDA:207,25,1,0
BRDA:216,26,0,0
BRDA:222,27,0,0
BRDA:222,27,1,0
BRDA:223,28,0,0
BRDA:223,28,1,0
BRDA:243,29,0,0
BRDA:266,30,0,0
BRDA:266,30,1,0
BRDA:266,30,2,0
BRDA:266,30,3,0
BRDA:281,31,0,0
BRDA:284,32,0,0
BRDA:294,33,0,0
BRDA:294,33,1,0
BRDA:312,34,0,0
BRDA:312,34,1,0
BRDA:315,35,0,0
BRDA:318,36,0,0
BRDA:318,36,1,0
BRDA:320,37,0,0
BRDA:320,37,1,0
BRDA:323,38,0,0
BRDA:337,39,0,0
BRDA:337,39,1,0
BRDA:362,40,0,0
BRDA:368,41,0,0
BRDA:368,41,1,0
BRDA:369,42,0,0
BRDA:369,42,1,0
BRDA:370,43,0,0
BRDA:370,43,1,0
BRDA:381,44,0,0
BRDA:397,45,0,0
BRDA:407,46,0,0
BRDA:407,47,0,0
BRDA:407,47,1,0
BRDA:415,48,0,0
BRDA:415,48,1,0
BRDA:440,49,0,0
BRDA:450,50,0,0
BRDA:526,51,0,0
BRF:82
BRH:0
end_of_record
TN:
SF:src\types\base.ts
FN:31,(anonymous_0)
FN:46,(anonymous_1)
FN:65,(anonymous_2)
FN:77,(anonymous_3)
FN:126,(anonymous_4)
FN:148,(anonymous_5)
FN:181,(anonymous_6)
FN:221,(anonymous_7)
FN:242,(anonymous_8)
FN:251,(anonymous_9)
FN:412,(anonymous_10)
FN:422,(anonymous_11)
FNF:12
FNH:12
FNDA:1,(anonymous_0)
FNDA:1,(anonymous_1)
FNDA:1,(anonymous_2)
FNDA:1,(anonymous_3)
FNDA:1,(anonymous_4)
FNDA:1,(anonymous_5)
FNDA:1,(anonymous_6)
FNDA:1,(anonymous_7)
FNDA:1,(anonymous_8)
FNDA:1,(anonymous_9)
FNDA:1,(anonymous_10)
FNDA:1,(anonymous_11)
DA:31,1
DA:32,1
DA:33,1
DA:34,1
DA:35,1
DA:36,1
DA:46,1
DA:47,1
DA:48,1
DA:49,1
DA:50,1
DA:51,1
DA:52,1
DA:53,1
DA:54,1
DA:55,1
DA:56,1
DA:57,1
DA:58,1
DA:59,1
DA:60,1
DA:61,1
DA:62,1
DA:65,1
DA:66,1
DA:67,1
DA:68,1
DA:77,1
DA:78,1
DA:79,1
DA:80,1
DA:81,1
DA:82,1
DA:83,1
DA:126,1
DA:127,1
DA:128,1
DA:129,1
DA:130,1
DA:131,1
DA:132,1
DA:133,1
DA:134,1
DA:135,1
DA:136,1
DA:137,1
DA:148,1
DA:149,1
DA:150,1
DA:151,1
DA:152,1
DA:153,1
DA:154,1
DA:181,1
DA:182,1
DA:183,1
DA:184,1
DA:185,1
DA:186,1
DA:187,1
DA:188,1
DA:221,1
DA:222,1
DA:223,1
DA:224,1
DA:225,1
DA:226,1
DA:242,1
DA:243,1
DA:244,1
DA:245,1
DA:246,1
DA:247,1
DA:248,1
DA:251,1
DA:252,1
DA:253,1
DA:254,1
DA:255,1
DA:256,1
DA:412,1
DA:413,1
DA:414,1
DA:415,1
DA:416,1
DA:417,1
DA:418,1
DA:419,1
DA:422,1
DA:423,1
DA:424,1
DA:425,1
DA:426,1
LF:93
LH:93
BRDA:31,0,0,1
BRDA:31,0,1,1
BRDA:46,1,0,1
BRDA:46,1,1,1
BRDA:65,2,0,1
BRDA:65,2,1,1
BRDA:77,3,0,1
BRDA:77,3,1,1
BRDA:126,4,0,1
BRDA:126,4,1,1
BRDA:148,5,0,1
BRDA:148,5,1,1
BRDA:181,6,0,1
BRDA:181,6,1,1
BRDA:221,7,0,1
BRDA:221,7,1,1
BRDA:242,8,0,1
BRDA:242,8,1,1
BRDA:251,9,0,1
BRDA:251,9,1,1
BRDA:412,10,0,1
BRDA:412,10,1,1
BRDA:422,11,0,1
BRDA:422,11,1,1
BRF:24
BRH:24
end_of_record
TN:
SF:src\types\index.ts
FNF:0
FNH:0
DA:8,0
LF:1
LH:0
BRF:0
BRH:0
end_of_record
TN:
SF:src\utils\cache.ts
FN:35,(anonymous_9)
FN:58,(anonymous_10)
FN:59,(anonymous_11)
FN:64,(anonymous_12)
FN:71,(anonymous_13)
FN:80,(anonymous_14)
FN:100,(anonymous_15)
FN:103,(anonymous_16)
FN:113,(anonymous_17)
FN:166,(anonymous_18)
FN:193,(anonymous_19)
FN:207,(anonymous_20)
FN:226,(anonymous_21)
FN:237,(anonymous_22)
FN:241,(anonymous_23)
FN:242,(anonymous_24)
FN:245,(anonymous_25)
FN:246,(anonymous_26)
FN:249,(anonymous_27)
FN:264,(anonymous_28)
FN:278,(anonymous_29)
FN:293,(anonymous_30)
FN:310,(anonymous_31)
FN:312,(anonymous_32)
FN:313,(anonymous_33)
FN:322,(anonymous_34)
FN:323,(anonymous_35)
FN:328,(anonymous_36)
FN:332,(anonymous_37)
FN:336,(anonymous_38)
FN:357,(anonymous_39)
FN:361,(anonymous_40)
FN:393,(anonymous_41)
FN:397,(anonymous_42)
FN:419,(anonymous_43)
FN:423,(anonymous_44)
FN:440,(anonymous_45)
FN:457,(anonymous_46)
FN:469,(anonymous_47)
FN:470,(anonymous_48)
FN:471,(anonymous_49)
FN:472,(anonymous_50)
FN:473,(anonymous_51)
FN:479,(anonymous_52)
FN:483,(anonymous_53)
FN:494,(anonymous_54)
FN:498,(anonymous_55)
FN:508,(anonymous_56)
FN:516,(anonymous_57)
FNF:49
FNH:0
FNDA:0,(anonymous_9)
FNDA:0,(anonymous_10)
FNDA:0,(anonymous_11)
FNDA:0,(anonymous_12)
FNDA:0,(anonymous_13)
FNDA:0,(anonymous_14)
FNDA:0,(anonymous_15)
FNDA:0,(anonymous_16)
FNDA:0,(anonymous_17)
FNDA:0,(anonymous_18)
FNDA:0,(anonymous_19)
FNDA:0,(anonymous_20)
FNDA:0,(anonymous_21)
FNDA:0,(anonymous_22)
FNDA:0,(anonymous_23)
FNDA:0,(anonymous_24)
FNDA:0,(anonymous_25)
FNDA:0,(anonymous_26)
FNDA:0,(anonymous_27)
FNDA:0,(anonymous_28)
FNDA:0,(anonymous_29)
FNDA:0,(anonymous_30)
FNDA:0,(anonymous_31)
FNDA:0,(anonymous_32)
FNDA:0,(anonymous_33)
FNDA:0,(anonymous_34)
FNDA:0,(anonymous_35)
FNDA:0,(anonymous_36)
FNDA:0,(anonymous_37)
FNDA:0,(anonymous_38)
FNDA:0,(anonymous_39)
FNDA:0,(anonymous_40)
FNDA:0,(anonymous_41)
FNDA:0,(anonymous_42)
FNDA:0,(anonymous_43)
FNDA:0,(anonymous_44)
FNDA:0,(anonymous_45)
FNDA:0,(anonymous_46)
FNDA:0,(anonymous_47)
FNDA:0,(anonymous_48)
FNDA:0,(anonymous_49)
FNDA:0,(anonymous_50)
FNDA:0,(anonymous_51)
FNDA:0,(anonymous_52)
FNDA:0,(anonymous_53)
FNDA:0,(anonymous_54)
FNDA:0,(anonymous_55)
FNDA:0,(anonymous_56)
FNDA:0,(anonymous_57)
DA:1,0
DA:2,0
DA:27,0
DA:29,0
DA:30,0
DA:31,0
DA:32,0
DA:33,0
DA:36,0
DA:38,0
DA:51,0
DA:53,0
DA:54,0
DA:59,0
DA:60,0
DA:65,0
DA:66,0
DA:67,0
DA:72,0
DA:73,0
DA:74,0
DA:76,0
DA:81,0
DA:84,0
DA:85,0
DA:87,0
DA:88,0
DA:89,0
DA:90,0
DA:94,0
DA:95,0
DA:96,0
DA:102,0
DA:103,0
DA:105,0
DA:106,0
DA:107,0
DA:108,0
DA:119,0
DA:120,0
DA:121,0
DA:125,0
DA:126,0
DA:127,0
DA:131,0
DA:132,0
DA:136,0
DA:137,0
DA:140,0
DA:151,0
DA:152,0
DA:154,0
DA:163,0
DA:167,0
DA:169,0
DA:170,0
DA:171,0
DA:172,0
DA:176,0
DA:177,0
DA:178,0
DA:179,0
DA:180,0
DA:184,0
DA:185,0
DA:187,0
DA:188,0
DA:190,0
DA:194,0
DA:196,0
DA:199,0
DA:200,0
DA:201,0
DA:204,0
DA:208,0
DA:210,0
DA:212,0
DA:213,0
DA:215,0
DA:222,0
DA:223,0
DA:227,0
DA:228,0
DA:229,0
DA:230,0
DA:231,0
DA:233,0
DA:234,0
DA:238,0
DA:242,0
DA:246,0
DA:250,0
DA:252,0
DA:253,0
DA:255,0
DA:256,0
DA:261,0
DA:265,0
DA:267,0
DA:268,0
DA:269,0
DA:270,0
DA:274,0
DA:275,0
DA:279,0
DA:281,0
DA:283,0
DA:284,0
DA:286,0
DA:287,0
DA:290,0
DA:294,0
DA:295,0
DA:297,0
DA:298,0
DA:299,0
DA:300,0
DA:304,0
DA:305,0
DA:306,0
DA:311,0
DA:312,0
DA:313,0
DA:315,0
DA:322,0
DA:323,0
DA:329,0
DA:333,0
DA:337,0
DA:338,0
DA:339,0
DA:343,0
DA:344,0
DA:347,0
DA:348,0
DA:351,0
DA:358,0
DA:360,0
DA:361,0
DA:362,0
DA:363,0
DA:365,0
DA:366,0
DA:374,0
DA:375,0
DA:376,0
DA:380,0
DA:386,0
DA:394,0
DA:396,0
DA:397,0
DA:398,0
DA:404,0
DA:406,0
DA:412,0
DA:420,0
DA:422,0
DA:423,0
DA:424,0
DA:428,0
DA:429,0
DA:431,0
DA:436,0
DA:437,0
DA:441,0
DA:443,0
DA:461,0
DA:462,0
DA:465,0
DA:466,0
DA:469,0
DA:470,0
DA:471,0
DA:472,0
DA:473,0
DA:475,0
DA:476,0
DA:480,0
DA:484,0
DA:485,0
DA:487,0
DA:488,0
DA:490,0
DA:491,0
DA:495,0
DA:499,0
DA:501,0
DA:502,0
DA:505,0
DA:509,0
DA:510,0
DA:513,0
DA:517,0
DA:518,0
DA:521,0
DA:522,0
DA:524,0
DA:529,0
LF:198
LH:0
BRDA:35,0,0,0
BRDA:53,1,0,0
BRDA:53,2,0,0
BRDA:53,2,1,0
BRDA:65,3,0,0
BRDA:81,4,0,0
BRDA:88,5,0,0
BRDA:94,6,0,0
BRDA:107,7,0,0
BRDA:107,8,0,0
BRDA:107,8,1,0
BRDA:121,9,0,0
BRDA:121,9,1,0
BRDA:122,10,0,0
BRDA:122,10,1,0
BRDA:122,11,0,0
BRDA:122,11,1,0
BRDA:122,12,0,0
BRDA:122,12,1,0
BRDA:125,13,0,0
BRDA:131,14,0,0
BRDA:131,14,1,0
BRDA:136,15,0,0
BRDA:136,15,1,0
BRDA:169,16,0,0
BRDA:176,17,0,0
BRDA:176,18,0,0
BRDA:176,18,1,0
BRDA:196,19,0,0
BRDA:199,20,0,0
BRDA:199,21,0,0
BRDA:199,21,1,0
BRDA:210,22,0,0
BRDA:253,23,0,0
BRDA:253,24,0,0
BRDA:253,24,1,0
BRDA:255,25,0,0
BRDA:255,26,0,0
BRDA:255,26,1,0
BRDA:268,27,0,0
BRDA:268,28,0,0
BRDA:268,28,1,0
BRDA:281,29,0,0
BRDA:286,30,0,0
BRDA:287,31,0,0
BRDA:287,31,1,0
BRDA:298,32,0,0
BRDA:298,33,0,0
BRDA:298,33,1,0
BRDA:304,34,0,0
BRDA:320,35,0,0
BRDA:320,35,1,0
BRDA:322,36,0,0
BRDA:322,36,1,0
BRDA:323,37,0,0
BRDA:323,37,1,0
BRDA:324,38,0,0
BRDA:324,38,1,0
BRDA:338,39,0,0
BRDA:347,40,0,0
BRDA:347,40,1,0
BRDA:358,41,0,0
BRDA:365,42,0,0
BRDA:365,42,1,0
BRDA:369,43,0,0
BRDA:369,43,1,0
BRDA:374,44,0,0
BRDA:374,45,0,0
BRDA:374,45,1,0
BRDA:394,46,0,0
BRDA:394,47,0,0
BRDA:394,47,1,0
BRDA:422,48,0,0
BRDA:440,49,0,0
BRDA:461,50,0,0
BRDA:485,51,0,0
BRF:76
BRH:0
end_of_record
TN:
SF:src\utils\data-utils.ts
FN:9,deepClone
FN:19,(anonymous_1)
FN:38,mergeObjects
FN:57,isEmpty
FN:76,getNestedValue
FN:77,(anonymous_5)
FN:85,setNestedValue
FN:91,(anonymous_7)
FNF:8
FNH:0
FNDA:0,deepClone
FNDA:0,(anonymous_1)
FNDA:0,mergeObjects
FNDA:0,isEmpty
FNDA:0,getNestedValue
FNDA:0,(anonymous_5)
FNDA:0,setNestedValue
FNDA:0,(anonymous_7)
DA:9,0
DA:10,0
DA:11,0
DA:14,0
DA:15,0
DA:18,0
DA:19,0
DA:22,0
DA:23,0
DA:24,0
DA:25,0
DA:26,0
DA:29,0
DA:32,0
DA:38,0
DA:39,0
DA:41,0
DA:42,0
DA:43,0
DA:44,0
DA:45,0
DA:51,0
DA:57,0
DA:58,0
DA:59,0
DA:62,0
DA:63,0
DA:66,0
DA:67,0
DA:70,0
DA:76,0
DA:77,0
DA:78,0
DA:85,0
DA:86,0
DA:87,0
DA:89,0
DA:91,0
DA:92,0
DA:93,0
DA:95,0
DA:98,0
LF:42
LH:0
BRDA:10,0,0,0
BRDA:10,1,0,0
BRDA:10,1,1,0
BRDA:14,2,0,0
BRDA:18,3,0,0
BRDA:22,4,0,0
BRDA:25,5,0,0
BRDA:42,6,0,0
BRDA:44,7,0,0
BRDA:58,8,0,0
BRDA:58,9,0,0
BRDA:58,9,1,0
BRDA:62,10,0,0
BRDA:62,11,0,0
BRDA:62,11,1,0
BRDA:66,12,0,0
BRDA:78,13,0,0
BRDA:78,13,1,0
BRDA:78,14,0,0
BRDA:78,14,1,0
BRDA:89,15,0,0
BRDA:92,16,0,0
BRDA:92,17,0,0
BRDA:92,17,1,0
BRF:24
BRH:0
end_of_record
TN:
SF:src\utils\file-utils.ts
FN:12,fileExists
FN:23,ensureDir
FN:32,readJsonFile
FN:44,writeJsonFile
FN:57,getFileSize
FNF:5
FNH:0
FNDA:0,fileExists
FNDA:0,ensureDir
FNDA:0,readJsonFile
FNDA:0,writeJsonFile
FNDA:0,getFileSize
DA:6,0
DA:7,0
DA:12,0
DA:13,0
DA:14,0
DA:16,0
DA:23,0
DA:24,0
DA:25,0
DA:32,0
DA:33,0
DA:34,0
DA:35,0
DA:37,0
DA:44,0
DA:45,0
DA:46,0
DA:47,0
DA:48,0
DA:50,0
DA:57,0
DA:58,0
DA:59,0
DA:60,0
DA:62,0
LF:25
LH:0
BRDA:24,0,0,0
BRF:1
BRH:0
end_of_record
TN:
SF:src\utils\helpers.ts
FN:4,delay
FN:5,(anonymous_1)
FN:9,retry
FN:60,debounce
FN:68,(anonymous_4)
FN:69,(anonymous_5)
FN:84,(anonymous_6)
FN:95,throttle
FN:102,(anonymous_8)
FN:106,(anonymous_9)
FN:111,(anonymous_10)
FN:119,deepClone
FN:129,(anonymous_12)
FN:146,deepMerge
FN:168,isObject
FN:173,generateId
FN:185,generateUUID
FN:186,(anonymous_17)
FN:194,formatBytes
FN:207,formatDuration
FN:227,cosineSimilarity
FN:252,levenshteinDistance
FN:283,textSimilarity
FN:292,unique
FN:298,(anonymous_24)
FN:309,groupBy
FN:313,(anonymous_26)
FN:324,chunk
FN:333,sample
FN:356,shuffle
FN:368,range
FN:389,safeJsonParse
FN:401,safeJsonStringify
FN:415,isString
FN:420,isNumber
FN:425,isBoolean
FN:430,isArray
FN:435,isFunction
FN:440,isPromise
FN:445,isEmpty
FN:453,getEnv
FN:458,getEnvNumber
FN:467,getEnvBoolean
FN:475,createCancellablePromise
FN:484,(anonymous_44)
FN:485,(anonymous_45)
FN:490,(anonymous_46)
FN:497,withTimeout
FN:504,(anonymous_48)
FN:505,(anonymous_49)
FN:511,batch
FN:533,concurrentLimit
FN:545,(anonymous_52)
FN:553,(anonymous_53)
FNF:54
FNH:0
FNDA:0,delay
FNDA:0,(anonymous_1)
FNDA:0,retry
FNDA:0,debounce
FNDA:0,(anonymous_4)
FNDA:0,(anonymous_5)
FNDA:0,(anonymous_6)
FNDA:0,throttle
FNDA:0,(anonymous_8)
FNDA:0,(anonymous_9)
FNDA:0,(anonymous_10)
FNDA:0,deepClone
FNDA:0,(anonymous_12)
FNDA:0,deepMerge
FNDA:0,isObject
FNDA:0,generateId
FNDA:0,generateUUID
FNDA:0,(anonymous_17)
FNDA:0,formatBytes
FNDA:0,formatDuration
FNDA:0,cosineSimilarity
FNDA:0,levenshteinDistance
FNDA:0,textSimilarity
FNDA:0,unique
FNDA:0,(anonymous_24)
FNDA:0,groupBy
FNDA:0,(anonymous_26)
FNDA:0,chunk
FNDA:0,sample
FNDA:0,shuffle
FNDA:0,range
FNDA:0,safeJsonParse
FNDA:0,safeJsonStringify
FNDA:0,isString
FNDA:0,isNumber
FNDA:0,isBoolean
FNDA:0,isArray
FNDA:0,isFunction
FNDA:0,isPromise
FNDA:0,isEmpty
FNDA:0,getEnv
FNDA:0,getEnvNumber
FNDA:0,getEnvBoolean
FNDA:0,createCancellablePromise
FNDA:0,(anonymous_44)
FNDA:0,(anonymous_45)
FNDA:0,(anonymous_46)
FNDA:0,withTimeout
FNDA:0,(anonymous_48)
FNDA:0,(anonymous_49)
FNDA:0,batch
FNDA:0,concurrentLimit
FNDA:0,(anonymous_52)
FNDA:0,(anonymous_53)
DA:1,0
DA:4,0
DA:5,0
DA:9,0
DA:23,0
DA:27,0
DA:28,0
DA:29,0
DA:31,0
DA:33,0
DA:34,0
DA:37,0
DA:38,0
DA:41,0
DA:45,0
DA:52,0
DA:56,0
DA:60,0
DA:65,0
DA:68,0
DA:69,0
DA:70,0
DA:71,0
DA:74,0
DA:76,0
DA:77,0
DA:79,0
DA:81,0
DA:84,0
DA:85,0
DA:86,0
DA:87,0
DA:91,0
DA:95,0
DA:99,0
DA:102,0
DA:103,0
DA:104,0
DA:105,0
DA:106,0
DA:108,0
DA:111,0
DA:112,0
DA:115,0
DA:119,0
DA:120,0
DA:121,0
DA:124,0
DA:125,0
DA:128,0
DA:129,0
DA:132,0
DA:133,0
DA:134,0
DA:135,0
DA:136,0
DA:139,0
DA:142,0
DA:146,0
DA:150,0
DA:151,0
DA:153,0
DA:154,0
DA:155,0
DA:156,0
DA:157,0
DA:159,0
DA:164,0
DA:169,0
DA:173,0
DA:174,0
DA:175,0
DA:177,0
DA:178,0
DA:181,0
DA:185,0
DA:186,0
DA:187,0
DA:188,0
DA:189,0
DA:194,0
DA:195,0
DA:197,0
DA:198,0
DA:199,0
DA:201,0
DA:203,0
DA:207,0
DA:208,0
DA:209,0
DA:210,0
DA:211,0
DA:213,0
DA:214,0
DA:215,0
DA:216,0
DA:217,0
DA:218,0
DA:219,0
DA:220,0
DA:222,0
DA:227,0
DA:228,0
DA:229,0
DA:232,0
DA:233,0
DA:234,0
DA:236,0
DA:237,0
DA:238,0
DA:239,0
DA:240,0
DA:241,0
DA:244,0
DA:245,0
DA:248,0
DA:252,0
DA:253,0
DA:256,0
DA:257,0
DA:260,0
DA:261,0
DA:265,0
DA:266,0
DA:267,0
DA:268,0
DA:270,0
DA:279,0
DA:283,0
DA:284,0
DA:285,0
DA:287,0
DA:288,0
DA:292,0
DA:293,0
DA:294,0
DA:297,0
DA:298,0
DA:299,0
DA:300,0
DA:301,0
DA:303,0
DA:304,0
DA:309,0
DA:313,0
DA:314,0
DA:315,0
DA:316,0
DA:318,0
DA:319,0
DA:324,0
DA:325,0
DA:326,0
DA:327,0
DA:329,0
DA:333,0
DA:334,0
DA:335,0
DA:338,0
DA:339,0
DA:341,0
DA:342,0
DA:343,0
DA:344,0
DA:345,0
DA:346,0
DA:347,0
DA:352,0
DA:356,0
DA:357,0
DA:358,0
DA:359,0
DA:360,0
DA:361,0
DA:362,0
DA:364,0
DA:368,0
DA:369,0
DA:370,0
DA:371,0
DA:374,0
DA:375,0
DA:376,0
DA:377,0
DA:379,0
DA:380,0
DA:381,0
DA:385,0
DA:389,0
DA:393,0
DA:394,0
DA:396,0
DA:401,0
DA:406,0
DA:407,0
DA:409,0
DA:410,0
DA:415,0
DA:416,0
DA:420,0
DA:421,0
DA:425,0
DA:426,0
DA:430,0
DA:431,0
DA:435,0
DA:436,0
DA:440,0
DA:441,0
DA:445,0
DA:446,0
DA:447,0
DA:448,0
DA:449,0
DA:453,0
DA:454,0
DA:458,0
DA:459,0
DA:460,0
DA:462,0
DA:463,0
DA:467,0
DA:468,0
DA:469,0
DA:471,0
DA:475,0
DA:482,0
DA:484,0
DA:485,0
DA:488,0
DA:491,0
DA:497,0
DA:502,0
DA:505,0
DA:511,0
DA:517,0
DA:518,0
DA:520,0
DA:521,0
DA:522,0
DA:524,0
DA:525,0
DA:529,0
DA:533,0
DA:538,0
DA:539,0
DA:541,0
DA:542,0
DA:543,0
DA:545,0
DA:546,0
DA:549,0
DA:551,0
DA:552,0
DA:553,0
DA:557,0
DA:558,0
LF:257
LH:0
BRDA:11,0,0,0
BRDA:19,1,0,0
BRDA:20,2,0,0
BRDA:21,3,0,0
BRDA:33,4,0,0
BRDA:37,5,0,0
BRDA:41,6,0,0
BRDA:41,6,1,0
BRDA:63,7,0,0
BRDA:71,8,0,0
BRDA:74,9,0,0
BRDA:74,9,1,0
BRDA:76,10,0,0
BRDA:79,11,0,0
BRDA:85,12,0,0
BRDA:103,13,0,0
BRDA:120,14,0,0
BRDA:120,15,0,0
BRDA:120,15,1,0
BRDA:124,16,0,0
BRDA:128,17,0,0
BRDA:132,18,0,0
BRDA:135,19,0,0
BRDA:150,20,0,0
BRDA:153,21,0,0
BRDA:153,22,0,0
BRDA:153,22,1,0
BRDA:155,23,0,0
BRDA:155,23,1,0
BRDA:156,24,0,0
BRDA:169,25,0,0
BRDA:169,25,1,0
BRDA:169,25,2,0
BRDA:173,26,0,0
BRDA:173,27,0,0
BRDA:181,28,0,0
BRDA:181,28,1,0
BRDA:188,29,0,0
BRDA:188,29,1,0
BRDA:194,30,0,0
BRDA:195,31,0,0
BRDA:198,32,0,0
BRDA:198,32,1,0
BRDA:213,33,0,0
BRDA:213,33,1,0
BRDA:215,34,0,0
BRDA:215,34,1,0
BRDA:217,35,0,0
BRDA:217,35,1,0
BRDA:219,36,0,0
BRDA:219,36,1,0
BRDA:228,37,0,0
BRDA:244,38,0,0
BRDA:244,39,0,0
BRDA:244,39,1,0
BRDA:267,40,0,0
BRDA:267,40,1,0
BRDA:285,41,0,0
BRDA:293,42,0,0
BRDA:300,43,0,0
BRDA:315,44,0,0
BRDA:333,45,0,0
BRDA:334,46,0,0
BRDA:343,47,0,0
BRDA:346,48,0,0
BRDA:368,49,0,0
BRDA:369,50,0,0
BRDA:375,51,0,0
BRDA:375,51,1,0
BRDA:379,52,0,0
BRDA:391,53,0,0
BRDA:421,54,0,0
BRDA:421,54,1,0
BRDA:441,55,0,0
BRDA:441,55,1,0
BRDA:446,56,0,0
BRDA:447,57,0,0
BRDA:447,58,0,0
BRDA:447,58,1,0
BRDA:448,59,0,0
BRDA:454,60,0,0
BRDA:454,60,1,0
BRDA:460,61,0,0
BRDA:463,62,0,0
BRDA:463,62,1,0
BRDA:469,63,0,0
BRDA:471,64,0,0
BRDA:471,64,1,0
BRDA:500,65,0,0
BRDA:514,66,0,0
BRDA:515,67,0,0
BRDA:524,68,0,0
BRDA:524,69,0,0
BRDA:524,69,1,0
BRDA:536,70,0,0
BRDA:543,71,0,0
BRDA:551,72,0,0
BRF:97
BRH:0
end_of_record
TN:
SF:src\utils\index.ts
FN:18,(anonymous_4)
FN:18,(anonymous_5)
FN:22,(anonymous_6)
FN:23,(anonymous_7)
FN:30,(anonymous_8)
FN:31,(anonymous_9)
FN:32,(anonymous_10)
FN:40,(anonymous_11)
FN:41,(anonymous_12)
FN:42,(anonymous_13)
FN:43,(anonymous_14)
FN:44,(anonymous_15)
FN:45,(anonymous_16)
FN:48,(anonymous_17)
FN:49,(anonymous_18)
FN:52,(anonymous_19)
FN:53,(anonymous_20)
FN:56,(anonymous_21)
FN:57,(anonymous_22)
FN:60,(anonymous_23)
FN:61,(anonymous_24)
FN:64,(anonymous_25)
FN:65,(anonymous_26)
FN:66,(anonymous_27)
FN:69,(anonymous_28)
FN:70,(anonymous_29)
FN:71,(anonymous_30)
FN:72,(anonymous_31)
FN:73,(anonymous_32)
FN:74,(anonymous_33)
FN:77,(anonymous_34)
FN:78,(anonymous_35)
FN:81,(anonymous_36)
FN:82,(anonymous_37)
FN:83,(anonymous_38)
FN:84,(anonymous_39)
FN:85,(anonymous_40)
FN:86,(anonymous_41)
FN:87,(anonymous_42)
FN:90,(anonymous_43)
FN:91,(anonymous_44)
FN:92,(anonymous_45)
FNF:42
FNH:0
FNDA:0,(anonymous_4)
FNDA:0,(anonymous_5)
FNDA:0,(anonymous_6)
FNDA:0,(anonymous_7)
FNDA:0,(anonymous_8)
FNDA:0,(anonymous_9)
FNDA:0,(anonymous_10)
FNDA:0,(anonymous_11)
FNDA:0,(anonymous_12)
FNDA:0,(anonymous_13)
FNDA:0,(anonymous_14)
FNDA:0,(anonymous_15)
FNDA:0,(anonymous_16)
FNDA:0,(anonymous_17)
FNDA:0,(anonymous_18)
FNDA:0,(anonymous_19)
FNDA:0,(anonymous_20)
FNDA:0,(anonymous_21)
FNDA:0,(anonymous_22)
FNDA:0,(anonymous_23)
FNDA:0,(anonymous_24)
FNDA:0,(anonymous_25)
FNDA:0,(anonymous_26)
FNDA:0,(anonymous_27)
FNDA:0,(anonymous_28)
FNDA:0,(anonymous_29)
FNDA:0,(anonymous_30)
FNDA:0,(anonymous_31)
FNDA:0,(anonymous_32)
FNDA:0,(anonymous_33)
FNDA:0,(anonymous_34)
FNDA:0,(anonymous_35)
FNDA:0,(anonymous_36)
FNDA:0,(anonymous_37)
FNDA:0,(anonymous_38)
FNDA:0,(anonymous_39)
FNDA:0,(anonymous_40)
FNDA:0,(anonymous_41)
FNDA:0,(anonymous_42)
FNDA:0,(anonymous_43)
FNDA:0,(anonymous_44)
FNDA:0,(anonymous_45)
DA:9,0
DA:12,0
DA:15,0
DA:18,0
DA:21,0
DA:22,0
DA:23,0
DA:29,0
DA:30,0
DA:31,0
DA:32,0
DA:38,0
DA:40,0
DA:41,0
DA:42,0
DA:43,0
DA:44,0
DA:45,0
DA:48,0
DA:49,0
DA:52,0
DA:53,0
DA:56,0
DA:57,0
DA:60,0
DA:61,0
DA:64,0
DA:65,0
DA:66,0
DA:69,0
DA:70,0
DA:71,0
DA:72,0
DA:73,0
DA:74,0
DA:77,0
DA:78,0
DA:81,0
DA:82,0
DA:83,0
DA:84,0
DA:85,0
DA:86,0
DA:87,0
DA:90,0
DA:91,0
DA:92,0
LF:47
LH:0
BRF:0
BRH:0
end_of_record
TN:
SF:src\utils\logger.ts
FN:4,(anonymous_9)
FN:39,(anonymous_10)
FN:55,(anonymous_11)
FN:62,(anonymous_12)
FN:63,(anonymous_13)
FN:68,(anonymous_14)
FN:72,(anonymous_15)
FN:76,(anonymous_16)
FN:80,(anonymous_17)
FN:84,(anonymous_18)
FN:88,(anonymous_19)
FN:108,(anonymous_20)
FN:136,(anonymous_21)
FN:151,(anonymous_22)
FN:153,(anonymous_23)
FN:161,(anonymous_24)
FN:182,(anonymous_25)
FN:193,(anonymous_26)
FN:204,(anonymous_27)
FN:214,(anonymous_28)
FN:218,(anonymous_29)
FN:219,(anonymous_30)
FN:224,(anonymous_31)
FN:238,(anonymous_32)
FN:240,(anonymous_33)
FN:246,(anonymous_34)
FN:251,(anonymous_35)
FN:258,(anonymous_36)
FN:280,(anonymous_37)
FN:294,(anonymous_38)
FN:316,(anonymous_39)
FN:336,(anonymous_40)
FN:339,(anonymous_41)
FN:362,(anonymous_42)
FN:380,(anonymous_43)
FNF:35
FNH:0
FNDA:0,(anonymous_9)
FNDA:0,(anonymous_10)
FNDA:0,(anonymous_11)
FNDA:0,(anonymous_12)
FNDA:0,(anonymous_13)
FNDA:0,(anonymous_14)
FNDA:0,(anonymous_15)
FNDA:0,(anonymous_16)
FNDA:0,(anonymous_17)
FNDA:0,(anonymous_18)
FNDA:0,(anonymous_19)
FNDA:0,(anonymous_20)
FNDA:0,(anonymous_21)
FNDA:0,(anonymous_22)
FNDA:0,(anonymous_23)
FNDA:0,(anonymous_24)
FNDA:0,(anonymous_25)
FNDA:0,(anonymous_26)
FNDA:0,(anonymous_27)
FNDA:0,(anonymous_28)
FNDA:0,(anonymous_29)
FNDA:0,(anonymous_30)
FNDA:0,(anonymous_31)
FNDA:0,(anonymous_32)
FNDA:0,(anonymous_33)
FNDA:0,(anonymous_34)
FNDA:0,(anonymous_35)
FNDA:0,(anonymous_36)
FNDA:0,(anonymous_37)
FNDA:0,(anonymous_38)
FNDA:0,(anonymous_39)
FNDA:0,(anonymous_40)
FNDA:0,(anonymous_41)
FNDA:0,(anonymous_42)
FNDA:0,(anonymous_43)
DA:1,0
DA:2,0
DA:4,0
DA:5,0
DA:6,0
DA:7,0
DA:8,0
DA:9,0
DA:33,0
DA:35,0
DA:36,0
DA:37,0
DA:40,0
DA:52,0
DA:56,0
DA:57,0
DA:58,0
DA:63,0
DA:64,0
DA:69,0
DA:73,0
DA:77,0
DA:81,0
DA:85,0
DA:89,0
DA:91,0
DA:99,0
DA:100,0
DA:103,0
DA:104,0
DA:109,0
DA:110,0
DA:111,0
DA:113,0
DA:115,0
DA:116,0
DA:119,0
DA:121,0
DA:122,0
DA:124,0
DA:125,0
DA:127,0
DA:128,0
DA:131,0
DA:132,0
DA:137,0
DA:139,0
DA:140,0
DA:142,0
DA:143,0
DA:145,0
DA:147,0
DA:152,0
DA:153,0
DA:155,0
DA:158,0
DA:162,0
DA:163,0
DA:173,0
DA:174,0
DA:175,0
DA:176,0
DA:178,0
DA:183,0
DA:184,0
DA:186,0
DA:187,0
DA:190,0
DA:194,0
DA:195,0
DA:196,0
DA:197,0
DA:205,0
DA:206,0
DA:208,0
DA:211,0
DA:215,0
DA:216,0
DA:217,0
DA:218,0
DA:219,0
DA:224,0
DA:227,0
DA:228,0
DA:229,0
DA:230,0
DA:234,0
DA:240,0
DA:241,0
DA:242,0
DA:247,0
DA:250,0
DA:251,0
DA:252,0
DA:255,0
DA:264,0
DA:272,0
DA:273,0
DA:274,0
DA:278,0
DA:279,0
DA:280,0
DA:282,0
DA:283,0
DA:284,0
DA:285,0
DA:291,0
DA:300,0
DA:303,0
DA:304,0
DA:305,0
DA:310,0
DA:311,0
DA:312,0
DA:313,0
DA:314,0
DA:315,0
DA:316,0
DA:318,0
DA:319,0
DA:320,0
DA:323,0
DA:324,0
DA:333,0
DA:336,0
DA:347,0
DA:350,0
DA:351,0
DA:354,0
DA:355,0
DA:356,0
DA:359,0
DA:364,0
DA:365,0
DA:367,0
DA:368,0
DA:370,0
DA:372,0
DA:381,0
DA:382,0
DA:383,0
DA:387,0
DA:392,0
LF:143
LH:0
BRDA:4,0,0,0
BRDA:4,0,1,0
BRDA:39,1,0,0
BRDA:56,2,0,0
BRDA:89,3,0,0
BRDA:96,4,0,0
BRDA:96,4,1,0
BRDA:99,5,0,0
BRDA:103,6,0,0
BRDA:111,7,0,0
BRDA:111,7,1,0
BRDA:115,8,0,0
BRDA:115,9,0,0
BRDA:115,9,1,0
BRDA:119,10,0,0
BRDA:119,10,1,0
BRDA:119,10,2,0
BRDA:119,10,3,0
BRDA:119,10,4,0
BRDA:137,11,0,0
BRDA:162,12,0,0
BRDA:162,12,1,0
BRDA:175,13,0,0
BRDA:175,13,1,0
BRDA:176,14,0,0
BRDA:176,14,1,0
BRDA:186,15,0,0
BRDA:196,16,0,0
BRDA:227,17,0,0
BRDA:241,18,0,0
BRDA:242,19,0,0
BRDA:252,20,0,0
BRDA:252,20,1,0
BRDA:274,21,0,0
BRDA:274,21,1,0
BRDA:304,22,0,0
BRDA:313,23,0,0
BRDA:320,24,0,0
BRDA:320,24,1,0
BRDA:323,25,0,0
BRDA:323,26,0,0
BRDA:323,26,1,0
BRDA:347,27,0,0
BRDA:347,28,0,0
BRDA:347,28,1,0
BRDA:350,29,0,0
BRDA:350,30,0,0
BRDA:350,30,1,0
BRDA:351,31,0,0
BRDA:351,32,0,0
BRDA:351,32,1,0
BRDA:354,33,0,0
BRDA:355,34,0,0
BRDA:355,34,1,0
BRDA:356,35,0,0
BRDA:365,36,0,0
BRDA:370,37,0,0
BRDA:373,38,0,0
BRDA:373,38,1,0
BRDA:375,39,0,0
BRDA:375,39,1,0
BRDA:376,40,0,0
BRDA:376,40,1,0
BRDA:381,41,0,0
BRF:64
BRH:0
end_of_record
TN:
SF:src\utils\performance.ts
FN:50,(anonymous_0)
FN:68,(anonymous_1)
FN:74,(anonymous_2)
FN:82,(anonymous_3)
FN:96,(anonymous_4)
FN:124,(anonymous_5)
FN:136,(anonymous_6)
FN:154,(anonymous_7)
FN:167,(anonymous_8)
FN:174,(anonymous_9)
FN:191,(anonymous_10)
FN:210,(anonymous_11)
FN:254,(anonymous_12)
FN:262,(anonymous_13)
FN:266,(anonymous_14)
FN:272,(anonymous_15)
FN:289,(anonymous_16)
FN:295,(anonymous_17)
FN:299,(anonymous_18)
FN:302,(anonymous_19)
FN:312,(anonymous_20)
FN:327,(anonymous_21)
FN:328,(anonymous_22)
FN:328,(anonymous_23)
FN:334,(anonymous_24)
FN:341,(anonymous_25)
FN:345,(anonymous_26)
FN:349,(anonymous_27)
FN:362,(anonymous_28)
FN:370,(anonymous_29)
FN:372,(anonymous_30)
FN:389,(anonymous_31)
FN:403,(anonymous_32)
FN:433,(anonymous_33)
FN:441,(anonymous_34)
FNF:35
FNH:0
FNDA:0,(anonymous_0)
FNDA:0,(anonymous_1)
FNDA:0,(anonymous_2)
FNDA:0,(anonymous_3)
FNDA:0,(anonymous_4)
FNDA:0,(anonymous_5)
FNDA:0,(anonymous_6)
FNDA:0,(anonymous_7)
FNDA:0,(anonymous_8)
FNDA:0,(anonymous_9)
FNDA:0,(anonymous_10)
FNDA:0,(anonymous_11)
FNDA:0,(anonymous_12)
FNDA:0,(anonymous_13)
FNDA:0,(anonymous_14)
FNDA:0,(anonymous_15)
FNDA:0,(anonymous_16)
FNDA:0,(anonymous_17)
FNDA:0,(anonymous_18)
FNDA:0,(anonymous_19)
FNDA:0,(anonymous_20)
FNDA:0,(anonymous_21)
FNDA:0,(anonymous_22)
FNDA:0,(anonymous_23)
FNDA:0,(anonymous_24)
FNDA:0,(anonymous_25)
FNDA:0,(anonymous_26)
FNDA:0,(anonymous_27)
FNDA:0,(anonymous_28)
FNDA:0,(anonymous_29)
FNDA:0,(anonymous_30)
FNDA:0,(anonymous_31)
FNDA:0,(anonymous_32)
FNDA:0,(anonymous_33)
FNDA:0,(anonymous_34)
DA:1,0
DA:2,0
DA:40,0
DA:42,0
DA:43,0
DA:44,0
DA:45,0
DA:46,0
DA:48,0
DA:51,0
DA:53,0
DA:69,0
DA:71,0
DA:72,0
DA:74,0
DA:75,0
DA:78,0
DA:79,0
DA:83,0
DA:85,0
DA:87,0
DA:88,0
DA:89,0
DA:92,0
DA:93,0
DA:97,0
DA:98,0
DA:106,0
DA:109,0
DA:110,0
DA:114,0
DA:116,0
DA:119,0
DA:120,0
DA:125,0
DA:126,0
DA:130,0
DA:131,0
DA:133,0
DA:137,0
DA:138,0
DA:141,0
DA:142,0
DA:143,0
DA:145,0
DA:155,0
DA:156,0
DA:160,0
DA:168,0
DA:175,0
DA:177,0
DA:178,0
DA:181,0
DA:182,0
DA:185,0
DA:186,0
DA:187,0
DA:192,0
DA:194,0
DA:202,0
DA:204,0
DA:205,0
DA:207,0
DA:211,0
DA:212,0
DA:213,0
DA:214,0
DA:217,0
DA:218,0
DA:219,0
DA:220,0
DA:221,0
DA:225,0
DA:226,0
DA:229,0
DA:230,0
DA:234,0
DA:235,0
DA:240,0
DA:243,0
DA:249,0
DA:251,0
DA:259,0
DA:261,0
DA:263,0
DA:264,0
DA:267,0
DA:268,0
DA:277,0
DA:279,0
DA:280,0
DA:281,0
DA:282,0
DA:284,0
DA:285,0
DA:290,0
DA:292,0
DA:296,0
DA:298,0
DA:299,0
DA:311,0
DA:312,0
DA:315,0
DA:316,0
DA:327,0
DA:328,0
DA:330,0
DA:334,0
DA:342,0
DA:346,0
DA:360,0
DA:361,0
DA:362,0
DA:363,0
DA:364,0
DA:369,0
DA:370,0
DA:371,0
DA:372,0
DA:374,0
DA:375,0
DA:377,0
DA:395,0
DA:405,0
DA:406,0
DA:408,0
DA:409,0
DA:411,0
DA:412,0
DA:413,0
DA:414,0
DA:416,0
DA:417,0
DA:419,0
DA:420,0
DA:424,0
DA:427,0
DA:428,0
DA:429,0
DA:434,0
DA:435,0
DA:436,0
DA:437,0
DA:438,0
DA:442,0
DA:443,0
DA:444,0
DA:445,0
DA:450,0
LF:149
LH:0
BRDA:50,0,0,0
BRDA:69,1,0,0
BRDA:83,2,0,0
BRDA:87,3,0,0
BRDA:109,4,0,0
BRDA:125,5,0,0
BRDA:137,6,0,0
BRDA:155,7,0,0
BRDA:177,8,0,0
BRDA:181,9,0,0
BRDA:185,10,0,0
BRDA:210,11,0,0
BRDA:212,12,0,0
BRDA:220,13,0,0
BRDA:229,14,0,0
BRDA:234,15,0,0
BRDA:290,16,0,0
BRDA:290,16,1,0
BRDA:292,17,0,0
BRDA:292,17,1,0
BRDA:296,18,0,0
BRDA:311,19,0,0
BRDA:311,19,1,0
BRDA:315,20,0,0
BRDA:361,21,0,0
BRDA:361,22,0,0
BRDA:361,22,1,0
BRDA:364,23,0,0
BRDA:364,23,1,0
BRDA:371,24,0,0
BRDA:371,24,1,0
BRDA:372,25,0,0
BRDA:372,25,1,0
BRDA:374,26,0,0
BRDA:374,26,1,0
BRDA:405,27,0,0
BRDA:405,28,0,0
BRDA:405,28,1,0
BRDA:408,29,0,0
BRDA:408,30,0,0
BRDA:408,30,1,0
BRDA:411,31,0,0
BRDA:413,32,0,0
BRDA:413,33,0,0
BRDA:413,33,1,0
BRDA:413,33,2,0
BRDA:416,34,0,0
BRDA:416,35,0,0
BRDA:416,35,1,0
BRDA:416,35,2,0
BRDA:419,36,0,0
BRDA:419,37,0,0
BRDA:419,37,1,0
BRDA:427,38,0,0
BRDA:427,39,0,0
BRDA:427,39,1,0
BRF:56
BRH:0
end_of_record
TN:
SF:src\utils\validation-utils.ts
FN:9,isValidEmail
FN:17,isValidUrl
FN:29,isValidLength
FN:44,isInRange
FN:51,hasRequiredProperties
FN:56,(anonymous_5)
FN:62,isNonEmptyArray
FN:69,isValidJson
FN:81,isValidDate
FNF:9
FNH:0
FNDA:0,isValidEmail
FNDA:0,isValidUrl
FNDA:0,isValidLength
FNDA:0,isInRange
FNDA:0,hasRequiredProperties
FNDA:0,(anonymous_5)
FNDA:0,isNonEmptyArray
FNDA:0,isValidJson
FNDA:0,isValidDate
DA:9,0
DA:10,0
DA:11,0
DA:17,0
DA:18,0
DA:19,0
DA:20,0
DA:22,0
DA:29,0
DA:30,0
DA:31,0
DA:34,0
DA:35,0
DA:38,0
DA:44,0
DA:45,0
DA:51,0
DA:52,0
DA:53,0
DA:56,0
DA:62,0
DA:63,0
DA:69,0
DA:70,0
DA:71,0
DA:72,0
DA:74,0
DA:81,0
DA:82,0
LF:29
LH:0
BRDA:30,0,0,0
BRDA:34,1,0,0
BRDA:34,2,0,0
BRDA:34,2,1,0
BRDA:45,3,0,0
BRDA:45,3,1,0
BRDA:52,4,0,0
BRDA:52,5,0,0
BRDA:52,5,1,0
BRDA:63,6,0,0
BRDA:63,6,1,0
BRDA:82,7,0,0
BRDA:82,7,1,0
BRF:13
BRH:0
end_of_record
