TN:
SF:src\config\defaults.ts
FNF:0
FNH:0
DA:6,0
DA:15,0
DA:63,0
DA:121,0
DA:154,0
DA:162,0
DA:181,0
DA:199,0
DA:208,0
DA:220,0
LF:10
LH:0
BRF:0
BRH:0
end_of_record
TN:
SF:src\config\index.ts
FN:11,(anonymous_4)
FNF:1
FNH:0
FNDA:0,(anonymous_4)
DA:6,0
DA:7,0
DA:8,0
DA:11,0
LF:4
LH:0
BRF:0
BRH:0
end_of_record
TN:
SF:src\config\loader.ts
FN:19,(anonymous_9)
FN:38,(anonymous_10)
FN:47,(anonymous_11)
FN:72,(anonymous_12)
FN:95,(anonymous_13)
FN:102,(anonymous_14)
FN:115,(anonymous_15)
FN:125,(anonymous_16)
FN:157,(anonymous_17)
FN:192,(anonymous_18)
FN:214,(anonymous_19)
FN:246,(anonymous_20)
FN:250,(anonymous_21)
FN:278,(anonymous_22)
FN:285,(anonymous_23)
FN:295,(anonymous_24)
FN:297,(anonymous_25)
FNF:17
FNH:0
FNDA:0,(anonymous_9)
FNDA:0,(anonymous_10)
FNDA:0,(anonymous_11)
FNDA:0,(anonymous_12)
FNDA:0,(anonymous_13)
FNDA:0,(anonymous_14)
FNDA:0,(anonymous_15)
FNDA:0,(anonymous_16)
FNDA:0,(anonymous_17)
FNDA:0,(anonymous_18)
FNDA:0,(anonymous_19)
FNDA:0,(anonymous_20)
FNDA:0,(anonymous_21)
FNDA:0,(anonymous_22)
FNDA:0,(anonymous_23)
FNDA:0,(anonymous_24)
FNDA:0,(anonymous_25)
DA:6,0
DA:7,0
DA:8,0
DA:9,0
DA:10,0
DA:12,0
DA:13,0
DA:14,0
DA:20,0
DA:21,0
DA:23,0
DA:24,0
DA:25,0
DA:26,0
DA:29,0
DA:32,0
DA:39,0
DA:40,0
DA:42,0
DA:44,0
DA:45,0
DA:46,0
DA:47,0
DA:48,0
DA:51,0
DA:52,0
DA:53,0
DA:54,0
DA:55,0
DA:56,0
DA:58,0
DA:63,0
DA:66,0
DA:73,0
DA:74,0
DA:76,0
DA:79,0
DA:80,0
DA:82,0
DA:85,0
DA:86,0
DA:88,0
DA:96,0
DA:97,0
DA:100,0
DA:102,0
DA:103,0
DA:104,0
DA:105,0
DA:107,0
DA:116,0
DA:117,0
DA:118,0
DA:126,0
DA:128,0
DA:129,0
DA:133,0
DA:134,0
DA:138,0
DA:139,0
DA:143,0
DA:144,0
DA:147,0
DA:149,0
DA:150,0
DA:158,0
DA:161,0
DA:162,0
DA:163,0
DA:164,0
DA:166,0
DA:167,0
DA:168,0
DA:169,0
DA:173,0
DA:174,0
DA:175,0
DA:176,0
DA:180,0
DA:181,0
DA:182,0
DA:183,0
DA:186,0
DA:193,0
DA:194,0
DA:197,0
DA:198,0
DA:201,0
DA:202,0
DA:204,0
DA:207,0
DA:208,0
DA:215,0
DA:217,0
DA:218,0
DA:219,0
DA:220,0
DA:222,0
DA:230,0
DA:235,0
DA:240,0
DA:247,0
DA:249,0
DA:250,0
DA:251,0
DA:252,0
DA:265,0
DA:267,0
DA:272,0
DA:279,0
DA:286,0
DA:296,0
DA:297,0
DA:298,0
DA:300,0
LF:115
LH:0
BRDA:21,0,0,0
BRDA:21,0,1,0
BRDA:24,1,0,0
BRDA:40,2,0,0
BRDA:40,2,1,0
BRDA:45,3,0,0
BRDA:48,4,0,0
BRDA:48,4,1,0
BRDA:79,5,0,0
BRDA:79,5,1,0
BRDA:79,6,0,0
BRDA:79,6,1,0
BRDA:96,7,0,0
BRDA:116,8,0,0
BRDA:128,9,0,0
BRDA:128,10,0,0
BRDA:128,10,1,0
BRDA:128,10,2,0
BRDA:133,11,0,0
BRDA:138,12,0,0
BRDA:143,13,0,0
BRDA:161,14,0,0
BRDA:162,15,0,0
BRDA:162,15,1,0
BRDA:166,16,0,0
BRDA:167,17,0,0
BRDA:167,17,1,0
BRDA:173,18,0,0
BRDA:174,19,0,0
BRDA:174,19,1,0
BRDA:180,20,0,0
BRDA:181,21,0,0
BRDA:181,21,1,0
BRDA:193,22,0,0
BRDA:201,23,0,0
BRDA:201,23,1,0
BRDA:201,24,0,0
BRDA:201,24,1,0
BRDA:218,25,0,0
BRDA:222,26,0,0
BRDA:222,26,1,0
BRDA:223,27,0,0
BRDA:223,27,1,0
BRDA:223,27,2,0
BRDA:223,27,3,0
BRDA:223,27,4,0
BRDA:223,27,5,0
BRDA:249,28,0,0
BRDA:249,29,0,0
BRDA:249,29,1,0
BRDA:253,30,0,0
BRDA:253,30,1,0
BRDA:254,31,0,0
BRDA:254,31,1,0
BRDA:255,32,0,0
BRDA:255,32,1,0
BRDA:256,33,0,0
BRDA:256,33,1,0
BRDA:257,34,0,0
BRDA:257,34,1,0
BRDA:258,35,0,0
BRDA:258,35,1,0
BRDA:259,36,0,0
BRDA:259,36,1,0
BRF:64
BRH:0
end_of_record
TN:
SF:src\config\manager.ts
FN:19,(anonymous_0)
FN:29,(anonymous_1)
FN:66,(anonymous_2)
FN:76,(anonymous_3)
FN:91,(anonymous_4)
FN:98,(anonymous_5)
FN:99,(anonymous_6)
FN:105,(anonymous_7)
FN:106,(anonymous_8)
FN:112,(anonymous_9)
FN:119,(anonymous_10)
FN:130,(anonymous_11)
FN:131,(anonymous_12)
FN:156,(anonymous_13)
FN:157,(anonymous_14)
FN:169,(anonymous_15)
FN:176,(anonymous_16)
FN:183,(anonymous_17)
FN:191,(anonymous_18)
FN:193,(anonymous_19)
FN:207,(anonymous_20)
FN:216,(anonymous_21)
FN:217,(anonymous_22)
FN:235,(anonymous_23)
FN:242,(anonymous_24)
FN:245,(anonymous_25)
FN:255,(anonymous_26)
FN:262,(anonymous_27)
FN:271,(anonymous_28)
FN:281,(anonymous_29)
FN:304,(anonymous_30)
FNF:31
FNH:0
FNDA:0,(anonymous_0)
FNDA:0,(anonymous_1)
FNDA:0,(anonymous_2)
FNDA:0,(anonymous_3)
FNDA:0,(anonymous_4)
FNDA:0,(anonymous_5)
FNDA:0,(anonymous_6)
FNDA:0,(anonymous_7)
FNDA:0,(anonymous_8)
FNDA:0,(anonymous_9)
FNDA:0,(anonymous_10)
FNDA:0,(anonymous_11)
FNDA:0,(anonymous_12)
FNDA:0,(anonymous_13)
FNDA:0,(anonymous_14)
FNDA:0,(anonymous_15)
FNDA:0,(anonymous_16)
FNDA:0,(anonymous_17)
FNDA:0,(anonymous_18)
FNDA:0,(anonymous_19)
FNDA:0,(anonymous_20)
FNDA:0,(anonymous_21)
FNDA:0,(anonymous_22)
FNDA:0,(anonymous_23)
FNDA:0,(anonymous_24)
FNDA:0,(anonymous_25)
FNDA:0,(anonymous_26)
FNDA:0,(anonymous_27)
FNDA:0,(anonymous_28)
FNDA:0,(anonymous_29)
FNDA:0,(anonymous_30)
DA:6,0
DA:8,0
DA:9,0
DA:10,0
DA:12,0
DA:16,0
DA:17,0
DA:20,0
DA:21,0
DA:22,0
DA:23,0
DA:30,0
DA:32,0
DA:35,0
DA:36,0
DA:39,0
DA:40,0
DA:41,0
DA:45,0
DA:48,0
DA:49,0
DA:50,0
DA:51,0
DA:55,0
DA:56,0
DA:58,0
DA:59,0
DA:67,0
DA:68,0
DA:70,0
DA:77,0
DA:79,0
DA:80,0
DA:81,0
DA:84,0
DA:85,0
DA:92,0
DA:99,0
DA:106,0
DA:113,0
DA:114,0
DA:115,0
DA:119,0
DA:120,0
DA:123,0
DA:124,0
DA:131,0
DA:132,0
DA:133,0
DA:136,0
DA:137,0
DA:138,0
DA:141,0
DA:148,0
DA:149,0
DA:150,0
DA:157,0
DA:158,0
DA:159,0
DA:162,0
DA:163,0
DA:170,0
DA:177,0
DA:184,0
DA:185,0
DA:192,0
DA:193,0
DA:200,0
DA:201,0
DA:208,0
DA:209,0
DA:210,0
DA:217,0
DA:218,0
DA:219,0
DA:220,0
DA:221,0
DA:222,0
DA:224,0
DA:227,0
DA:236,0
DA:243,0
DA:245,0
DA:256,0
DA:263,0
DA:264,0
DA:265,0
DA:272,0
DA:273,0
DA:274,0
DA:275,0
DA:282,0
DA:284,0
DA:285,0
DA:286,0
DA:291,0
DA:293,0
DA:298,0
DA:305,0
DA:307,0
DA:308,0
DA:311,0
LF:102
LH:0
BRDA:40,0,0,0
BRDA:50,1,0,0
BRDA:67,2,0,0
BRDA:80,3,0,0
BRDA:114,4,0,0
BRDA:119,5,0,0
BRDA:132,6,0,0
BRDA:137,7,0,0
BRDA:158,8,0,0
BRDA:220,9,0,0
BRDA:220,9,1,0
BRDA:285,10,0,0
BRDA:286,11,0,0
BRDA:286,11,1,0
BRDA:287,12,0,0
BRDA:287,12,1,0
BRDA:287,12,2,0
BRDA:291,13,0,0
BRDA:291,13,1,0
BRDA:308,14,0,0
BRDA:308,14,1,0
BRF:21
BRH:0
end_of_record
TN:
SF:src\config\validator.ts
FN:26,(anonymous_0)
FN:44,(anonymous_1)
FN:106,(anonymous_2)
FN:159,(anonymous_3)
FN:203,(anonymous_4)
FN:241,(anonymous_5)
FN:263,(anonymous_6)
FN:289,(anonymous_7)
FN:311,(anonymous_8)
FN:333,(anonymous_9)
FN:351,(anonymous_10)
FN:372,(anonymous_11)
FNF:12
FNH:0
FNDA:0,(anonymous_0)
FNDA:0,(anonymous_1)
FNDA:0,(anonymous_2)
FNDA:0,(anonymous_3)
FNDA:0,(anonymous_4)
FNDA:0,(anonymous_5)
FNDA:0,(anonymous_6)
FNDA:0,(anonymous_7)
FNDA:0,(anonymous_8)
FNDA:0,(anonymous_9)
FNDA:0,(anonymous_10)
FNDA:0,(anonymous_11)
DA:6,0
DA:18,0
DA:20,0
DA:21,0
DA:27,0
DA:29,0
DA:30,0
DA:31,0
DA:32,0
DA:33,0
DA:35,0
DA:45,0
DA:48,0
DA:49,0
DA:52,0
DA:53,0
DA:54,0
DA:58,0
DA:64,0
DA:65,0
DA:69,0
DA:74,0
DA:80,0
DA:81,0
DA:82,0
DA:83,0
DA:89,0
DA:90,0
DA:91,0
DA:92,0
DA:97,0
DA:107,0
DA:110,0
DA:111,0
DA:114,0
DA:115,0
DA:116,0
DA:120,0
DA:126,0
DA:127,0
DA:131,0
DA:136,0
DA:142,0
DA:143,0
DA:144,0
DA:145,0
DA:150,0
DA:160,0
DA:163,0
DA:164,0
DA:167,0
DA:168,0
DA:169,0
DA:173,0
DA:179,0
DA:180,0
DA:184,0
DA:185,0
DA:186,0
DA:189,0
DA:194,0
DA:204,0
DA:207,0
DA:208,0
DA:211,0
DA:212,0
DA:216,0
DA:217,0
DA:221,0
DA:222,0
DA:226,0
DA:227,0
DA:229,0
DA:232,0
DA:242,0
DA:243,0
DA:244,0
DA:247,0
DA:248,0
DA:251,0
DA:252,0
DA:255,0
DA:256,0
DA:264,0
DA:265,0
DA:266,0
DA:269,0
DA:270,0
DA:273,0
DA:274,0
DA:277,0
DA:278,0
DA:281,0
DA:282,0
DA:290,0
DA:291,0
DA:292,0
DA:295,0
DA:296,0
DA:299,0
DA:300,0
DA:303,0
DA:304,0
DA:312,0
DA:313,0
DA:314,0
DA:317,0
DA:318,0
DA:319,0
DA:323,0
DA:324,0
DA:325,0
DA:334,0
DA:335,0
DA:336,0
DA:339,0
DA:340,0
DA:343,0
DA:344,0
DA:352,0
DA:353,0
DA:356,0
DA:357,0
DA:360,0
DA:361,0
DA:364,0
DA:365,0
DA:373,0
LF:128
LH:0
BRDA:48,0,0,0
BRDA:48,1,0,0
BRDA:48,1,1,0
BRDA:52,2,0,0
BRDA:52,2,1,0
BRDA:52,3,0,0
BRDA:52,3,1,0
BRDA:54,4,0,0
BRDA:55,5,0,0
BRDA:55,5,1,0
BRDA:64,6,0,0
BRDA:69,7,0,0
BRDA:70,8,0,0
BRDA:70,8,1,0
BRDA:70,8,2,0
BRDA:71,9,0,0
BRDA:71,9,1,0
BRDA:72,10,0,0
BRDA:72,10,1,0
BRDA:75,11,0,0
BRDA:75,11,1,0
BRDA:75,12,0,0
BRDA:75,12,1,0
BRDA:80,13,0,0
BRDA:80,13,1,0
BRDA:82,14,0,0
BRDA:89,15,0,0
BRDA:89,15,1,0
BRDA:91,16,0,0
BRDA:110,17,0,0
BRDA:110,18,0,0
BRDA:110,18,1,0
BRDA:114,19,0,0
BRDA:114,19,1,0
BRDA:114,20,0,0
BRDA:114,20,1,0
BRDA:116,21,0,0
BRDA:117,22,0,0
BRDA:117,22,1,0
BRDA:126,23,0,0
BRDA:131,24,0,0
BRDA:132,25,0,0
BRDA:132,25,1,0
BRDA:132,25,2,0
BRDA:133,26,0,0
BRDA:133,26,1,0
BRDA:134,27,0,0
BRDA:134,27,1,0
BRDA:137,28,0,0
BRDA:137,28,1,0
BRDA:137,29,0,0
BRDA:137,29,1,0
BRDA:142,30,0,0
BRDA:142,30,1,0
BRDA:144,31,0,0
BRDA:163,32,0,0
BRDA:163,33,0,0
BRDA:163,33,1,0
BRDA:167,34,0,0
BRDA:167,34,1,0
BRDA:167,35,0,0
BRDA:167,35,1,0
BRDA:169,36,0,0
BRDA:170,37,0,0
BRDA:170,37,1,0
BRDA:179,38,0,0
BRDA:184,39,0,0
BRDA:184,39,1,0
BRDA:184,40,0,0
BRDA:184,40,1,0
BRDA:186,41,0,0
BRDA:207,42,0,0
BRDA:207,43,0,0
BRDA:207,43,1,0
BRDA:211,44,0,0
BRDA:211,45,0,0
BRDA:211,45,1,0
BRDA:216,46,0,0
BRDA:221,47,0,0
BRDA:226,48,0,0
BRDA:226,48,1,0
BRDA:226,49,0,0
BRDA:226,49,1,0
BRDA:242,50,0,0
BRDA:247,51,0,0
BRDA:251,52,0,0
BRDA:251,53,0,0
BRDA:251,53,1,0
BRDA:255,54,0,0
BRDA:255,55,0,0
BRDA:255,55,1,0
BRDA:264,56,0,0
BRDA:269,57,0,0
BRDA:273,58,0,0
BRDA:273,59,0,0
BRDA:273,59,1,0
BRDA:277,60,0,0
BRDA:277,61,0,0
BRDA:277,61,1,0
BRDA:281,62,0,0
BRDA:290,63,0,0
BRDA:295,64,0,0
BRDA:299,65,0,0
BRDA:303,66,0,0
BRDA:312,67,0,0
BRDA:317,68,0,0
BRDA:318,69,0,0
BRDA:323,70,0,0
BRDA:324,71,0,0
BRDA:334,72,0,0
BRDA:339,73,0,0
BRDA:339,74,0,0
BRDA:339,74,1,0
BRDA:343,75,0,0
BRDA:343,76,0,0
BRDA:343,76,1,0
BRDA:352,77,0,0
BRDA:352,78,0,0
BRDA:352,78,1,0
BRDA:356,79,0,0
BRDA:356,80,0,0
BRDA:356,80,1,0
BRDA:360,81,0,0
BRDA:360,82,0,0
BRDA:360,82,1,0
BRDA:364,83,0,0
BRF:126
BRH:0
end_of_record
TN:
SF:src\services\index.ts
FN:10,(anonymous_0)
FN:11,(anonymous_1)
FN:12,(anonymous_2)
FN:17,(anonymous_3)
FN:18,(anonymous_4)
FN:19,(anonymous_5)
FN:27,(anonymous_6)
FN:28,(anonymous_7)
FN:29,(anonymous_8)
FNF:9
FNH:0
FNDA:0,(anonymous_0)
FNDA:0,(anonymous_1)
FNDA:0,(anonymous_2)
FNDA:0,(anonymous_3)
FNDA:0,(anonymous_4)
FNDA:0,(anonymous_5)
FNDA:0,(anonymous_6)
FNDA:0,(anonymous_7)
FNDA:0,(anonymous_8)
DA:9,0
DA:10,0
DA:11,0
DA:12,0
DA:16,0
DA:17,0
DA:18,0
DA:19,0
DA:26,0
DA:27,0
DA:28,0
DA:29,0
LF:12
LH:0
BRF:0
BRH:0
end_of_record
TN:
SF:src\services\knowledge-graph\graph.ts
FN:19,(anonymous_0)
FN:28,(anonymous_1)
FN:67,(anonymous_2)
FN:93,(anonymous_3)
FN:128,(anonymous_4)
FN:135,(anonymous_5)
FN:142,(anonymous_6)
FN:149,(anonymous_7)
FN:150,(anonymous_8)
FN:156,(anonymous_9)
FN:161,(anonymous_10)
FN:166,(anonymous_11)
FN:167,(anonymous_12)
FN:173,(anonymous_13)
FN:186,(anonymous_14)
FN:189,(anonymous_15)
FN:197,(anonymous_16)
FN:200,(anonymous_17)
FN:205,(anonymous_18)
FN:245,(anonymous_19)
FN:287,(anonymous_20)
FN:315,(anonymous_21)
FN:338,(anonymous_22)
FN:345,(anonymous_23)
FN:352,(anonymous_24)
FN:359,(anonymous_25)
FN:360,(anonymous_26)
FN:366,(anonymous_27)
FN:381,(anonymous_28)
FN:396,(anonymous_29)
FN:411,(anonymous_30)
FN:428,(anonymous_31)
FN:440,(anonymous_32)
FN:470,(anonymous_33)
FN:486,(anonymous_34)
FN:512,(anonymous_35)
FN:538,(anonymous_36)
FN:556,(anonymous_37)
FN:569,(anonymous_38)
FN:571,(anonymous_39)
FN:576,(anonymous_40)
FN:590,(anonymous_41)
FN:619,(anonymous_42)
FN:634,(anonymous_43)
FN:669,(anonymous_44)
FNF:45
FNH:6
FNDA:3,(anonymous_0)
FNDA:9,(anonymous_1)
FNDA:1,(anonymous_2)
FNDA:1,(anonymous_3)
FNDA:3,(anonymous_4)
FNDA:0,(anonymous_5)
FNDA:0,(anonymous_6)
FNDA:0,(anonymous_7)
FNDA:0,(anonymous_8)
FNDA:0,(anonymous_9)
FNDA:0,(anonymous_10)
FNDA:0,(anonymous_11)
FNDA:0,(anonymous_12)
FNDA:0,(anonymous_13)
FNDA:0,(anonymous_14)
FNDA:0,(anonymous_15)
FNDA:0,(anonymous_16)
FNDA:0,(anonymous_17)
FNDA:0,(anonymous_18)
FNDA:0,(anonymous_19)
FNDA:0,(anonymous_20)
FNDA:0,(anonymous_21)
FNDA:0,(anonymous_22)
FNDA:0,(anonymous_23)
FNDA:0,(anonymous_24)
FNDA:0,(anonymous_25)
FNDA:0,(anonymous_26)
FNDA:1,(anonymous_27)
FNDA:0,(anonymous_28)
FNDA:0,(anonymous_29)
FNDA:0,(anonymous_30)
FNDA:0,(anonymous_31)
FNDA:0,(anonymous_32)
FNDA:0,(anonymous_33)
FNDA:0,(anonymous_34)
FNDA:0,(anonymous_35)
FNDA:0,(anonymous_36)
FNDA:0,(anonymous_37)
FNDA:0,(anonymous_38)
FNDA:0,(anonymous_39)
FNDA:0,(anonymous_40)
FNDA:0,(anonymous_41)
FNDA:0,(anonymous_42)
FNDA:0,(anonymous_43)
FNDA:0,(anonymous_44)
DA:6,2
DA:9,2
DA:10,3
DA:11,3
DA:12,3
DA:13,3
DA:14,3
DA:15,3
DA:20,3
DA:21,3
DA:22,3
DA:29,9
DA:30,0
DA:31,0
DA:34,9
DA:35,2
DA:39,7
DA:40,0
DA:42,7
DA:44,7
DA:47,7
DA:48,3
DA:50,7
DA:53,7
DA:54,7
DA:56,7
DA:57,7
DA:60,7
DA:61,7
DA:68,1
DA:69,1
DA:70,0
DA:73,1
DA:74,1
DA:77,1
DA:78,0
DA:79,0
DA:80,0
DA:82,0
DA:85,1
DA:86,1
DA:87,1
DA:94,1
DA:95,1
DA:96,0
DA:100,1
DA:101,1
DA:102,0
DA:106,1
DA:109,1
DA:110,1
DA:113,1
DA:114,2
DA:116,1
DA:117,2
DA:120,1
DA:121,1
DA:122,1
DA:129,3
DA:136,0
DA:143,0
DA:144,0
DA:145,0
DA:148,0
DA:149,0
DA:150,0
DA:157,0
DA:160,0
DA:161,0
DA:165,0
DA:166,0
DA:167,0
DA:172,0
DA:173,0
DA:174,0
DA:175,0
DA:176,0
DA:179,0
DA:184,0
DA:185,0
DA:186,0
DA:187,0
DA:190,0
DA:196,0
DA:197,0
DA:199,0
DA:200,0
DA:204,0
DA:205,0
DA:208,0
DA:210,0
DA:211,0
DA:212,0
DA:214,0
DA:215,0
DA:216,0
DA:218,0
DA:219,0
DA:220,0
DA:222,0
DA:223,0
DA:226,0
DA:227,0
DA:229,0
DA:235,0
DA:236,0
DA:239,0
DA:246,0
DA:247,0
DA:248,0
DA:251,0
DA:252,0
DA:256,0
DA:257,0
DA:261,0
DA:262,0
DA:264,0
DA:266,0
DA:269,0
DA:270,0
DA:271,0
DA:273,0
DA:277,0
DA:278,0
DA:280,0
DA:281,0
DA:288,0
DA:289,0
DA:290,0
DA:293,0
DA:294,0
DA:297,0
DA:298,0
DA:299,0
DA:301,0
DA:302,0
DA:304,0
DA:307,0
DA:308,0
DA:309,0
DA:316,0
DA:317,0
DA:318,0
DA:322,0
DA:323,0
DA:327,0
DA:328,0
DA:330,0
DA:331,0
DA:332,0
DA:339,0
DA:346,0
DA:353,0
DA:354,0
DA:355,0
DA:358,0
DA:359,0
DA:360,0
DA:367,1
DA:369,1
DA:370,0
DA:371,0
DA:375,1
DA:382,0
DA:384,0
DA:385,0
DA:386,0
DA:390,0
DA:397,0
DA:399,0
DA:400,0
DA:401,0
DA:405,0
DA:412,0
DA:413,0
DA:414,0
DA:416,0
DA:417,0
DA:418,0
DA:419,0
DA:420,0
DA:425,0
DA:426,0
DA:427,0
DA:428,0
DA:429,0
DA:434,0
DA:441,0
DA:442,0
DA:445,0
DA:446,0
DA:449,0
DA:450,0
DA:452,0
DA:453,0
DA:455,0
DA:456,0
DA:459,0
DA:460,0
DA:463,0
DA:465,0
DA:466,0
DA:467,0
DA:468,0
DA:469,0
DA:470,0
DA:473,0
DA:474,0
DA:480,0
DA:487,0
DA:488,0
DA:489,0
DA:492,0
DA:493,0
DA:494,0
DA:495,0
DA:500,0
DA:501,0
DA:502,0
DA:506,0
DA:513,0
DA:514,0
DA:516,0
DA:517,0
DA:520,0
DA:521,0
DA:524,0
DA:540,0
DA:542,0
DA:543,0
DA:546,0
DA:547,0
DA:550,0
DA:557,0
DA:558,0
DA:559,0
DA:560,0
DA:561,0
DA:562,0
DA:563,0
DA:570,0
DA:571,0
DA:576,0
DA:591,0
DA:594,0
DA:595,0
DA:600,0
DA:604,0
DA:605,0
DA:610,0
DA:613,0
DA:620,0
DA:622,0
DA:623,0
DA:624,0
DA:628,0
DA:635,0
DA:636,0
DA:639,0
DA:640,0
DA:641,0
DA:642,0
DA:646,0
DA:647,0
DA:649,0
DA:650,0
DA:651,0
DA:652,0
DA:656,0
DA:670,0
DA:672,0
DA:673,0
DA:674,0
DA:675,0
DA:676,0
LF:275
LH:52
BRDA:19,0,0,3
BRDA:21,1,0,3
BRDA:21,1,1,3
BRDA:22,2,0,3
BRDA:22,2,1,3
BRDA:29,3,0,0
BRDA:34,4,0,2
BRDA:39,5,0,0
BRDA:47,6,0,3
BRDA:53,7,0,7
BRDA:56,8,0,7
BRDA:69,9,0,0
BRDA:77,10,0,0
BRDA:77,11,0,1
BRDA:77,11,1,0
BRDA:79,12,0,0
BRDA:95,13,0,0
BRDA:144,14,0,0
BRDA:160,15,0,0
BRDA:165,16,0,0
BRDA:165,17,0,0
BRDA:165,17,1,0
BRDA:172,18,0,0
BRDA:175,19,0,0
BRDA:184,20,0,0
BRDA:187,21,0,0
BRDA:187,21,1,0
BRDA:187,21,2,0
BRDA:187,21,3,0
BRDA:196,22,0,0
BRDA:199,23,0,0
BRDA:204,24,0,0
BRDA:208,25,0,0
BRDA:208,25,1,0
BRDA:208,25,2,0
BRDA:208,25,3,0
BRDA:214,26,0,0
BRDA:214,26,1,0
BRDA:215,27,0,0
BRDA:215,27,1,0
BRDA:222,28,0,0
BRDA:222,28,1,0
BRDA:223,29,0,0
BRDA:223,29,1,0
BRDA:226,30,0,0
BRDA:226,30,1,0
BRDA:227,31,0,0
BRDA:227,31,1,0
BRDA:227,32,0,0
BRDA:227,32,1,0
BRDA:229,33,0,0
BRDA:229,33,1,0
BRDA:229,34,0,0
BRDA:229,34,1,0
BRDA:235,35,0,0
BRDA:246,36,0,0
BRDA:251,37,0,0
BRDA:256,38,0,0
BRDA:256,39,0,0
BRDA:256,39,1,0
BRDA:261,40,0,0
BRDA:269,41,0,0
BRDA:270,42,0,0
BRDA:289,43,0,0
BRDA:297,44,0,0
BRDA:297,45,0,0
BRDA:297,45,1,0
BRDA:298,46,0,0
BRDA:301,47,0,0
BRDA:317,48,0,0
BRDA:322,49,0,0
BRDA:354,50,0,0
BRDA:370,51,0,0
BRDA:370,52,0,0
BRDA:370,52,1,0
BRDA:385,53,0,0
BRDA:400,54,0,0
BRDA:416,55,0,0
BRDA:419,56,0,0
BRDA:425,57,0,0
BRDA:428,58,0,0
BRDA:428,59,0,0
BRDA:428,59,1,0
BRDA:440,60,0,0
BRDA:441,61,0,0
BRDA:441,62,0,0
BRDA:441,62,1,0
BRDA:445,63,0,0
BRDA:455,64,0,0
BRDA:459,65,0,0
BRDA:466,66,0,0
BRDA:468,67,0,0
BRDA:473,68,0,0
BRDA:494,69,0,0
BRDA:501,70,0,0
BRDA:501,71,0,0
BRDA:501,71,1,0
BRDA:574,72,0,0
BRDA:574,72,1,0
BRDA:623,73,0,0
BRDA:623,74,0,0
BRDA:623,74,1,0
BRDA:642,75,0,0
BRDA:642,75,1,0
BRDA:650,76,0,0
BRDA:661,77,0,0
BRDA:661,77,1,0
BRDA:662,78,0,0
BRDA:662,78,1,0
BRDA:673,79,0,0
BRDA:675,80,0,0
BRF:111
BRH:10
end_of_record
TN:
SF:src\services\knowledge-graph\index.ts
FN:6,(anonymous_0)
FN:7,(anonymous_1)
FN:8,(anonymous_2)
FNF:3
FNH:0
FNDA:0,(anonymous_0)
FNDA:0,(anonymous_1)
FNDA:0,(anonymous_2)
DA:6,0
DA:7,0
DA:8,0
LF:3
LH:0
BRF:0
BRH:0
end_of_record
TN:
SF:src\services\knowledge-graph\manager.ts
FN:51,(anonymous_0)
FN:61,(anonymous_1)
FN:63,(anonymous_2)
FN:69,(anonymous_3)
FN:75,(anonymous_4)
FN:79,(anonymous_5)
FN:87,(anonymous_6)
FN:103,(anonymous_7)
FN:147,(anonymous_8)
FN:194,(anonymous_9)
FN:221,(anonymous_10)
FN:264,(anonymous_11)
FN:308,(anonymous_12)
FN:351,(anonymous_13)
FN:395,(anonymous_14)
FN:429,(anonymous_15)
FN:464,(anonymous_16)
FN:471,(anonymous_17)
FN:480,(anonymous_18)
FN:481,(anonymous_19)
FN:482,(anonymous_20)
FN:484,(anonymous_21)
FN:493,(anonymous_22)
FN:518,(anonymous_23)
FN:534,(anonymous_24)
FN:565,(anonymous_25)
FN:581,(anonymous_26)
FN:596,(anonymous_27)
FN:606,(anonymous_28)
FN:615,(anonymous_29)
FN:619,(anonymous_30)
FN:620,(anonymous_31)
FN:641,(anonymous_32)
FN:642,(anonymous_33)
FN:648,(anonymous_34)
FN:650,(anonymous_35)
FN:652,(anonymous_36)
FN:661,(anonymous_37)
FN:668,(anonymous_38)
FN:675,(anonymous_39)
FN:685,(anonymous_40)
FNF:41
FNH:0
FNDA:0,(anonymous_0)
FNDA:0,(anonymous_1)
FNDA:0,(anonymous_2)
FNDA:0,(anonymous_3)
FNDA:0,(anonymous_4)
FNDA:0,(anonymous_5)
FNDA:0,(anonymous_6)
FNDA:0,(anonymous_7)
FNDA:0,(anonymous_8)
FNDA:0,(anonymous_9)
FNDA:0,(anonymous_10)
FNDA:0,(anonymous_11)
FNDA:0,(anonymous_12)
FNDA:0,(anonymous_13)
FNDA:0,(anonymous_14)
FNDA:0,(anonymous_15)
FNDA:0,(anonymous_16)
FNDA:0,(anonymous_17)
FNDA:0,(anonymous_18)
FNDA:0,(anonymous_19)
FNDA:0,(anonymous_20)
FNDA:0,(anonymous_21)
FNDA:0,(anonymous_22)
FNDA:0,(anonymous_23)
FNDA:0,(anonymous_24)
FNDA:0,(anonymous_25)
FNDA:0,(anonymous_26)
FNDA:0,(anonymous_27)
FNDA:0,(anonymous_28)
FNDA:0,(anonymous_29)
FNDA:0,(anonymous_30)
FNDA:0,(anonymous_31)
FNDA:0,(anonymous_32)
FNDA:0,(anonymous_33)
FNDA:0,(anonymous_34)
FNDA:0,(anonymous_35)
FNDA:0,(anonymous_36)
FNDA:0,(anonymous_37)
FNDA:0,(anonymous_38)
FNDA:0,(anonymous_39)
FNDA:0,(anonymous_40)
DA:6,0
DA:8,0
DA:45,0
DA:48,0
DA:49,0
DA:55,0
DA:56,0
DA:57,0
DA:58,0
DA:63,0
DA:64,0
DA:65,0
DA:69,0
DA:70,0
DA:71,0
DA:75,0
DA:76,0
DA:79,0
DA:80,0
DA:91,0
DA:93,0
DA:94,0
DA:97,0
DA:104,0
DA:106,0
DA:121,0
DA:124,0
DA:125,0
DA:126,0
DA:131,0
DA:132,0
DA:136,0
DA:139,0
DA:140,0
DA:148,0
DA:151,0
DA:153,0
DA:154,0
DA:165,0
DA:168,0
DA:170,0
DA:174,0
DA:188,0
DA:195,0
DA:198,0
DA:199,0
DA:203,0
DA:204,0
DA:208,0
DA:209,0
DA:213,0
DA:214,0
DA:222,0
DA:224,0
DA:225,0
DA:226,0
DA:237,0
DA:239,0
DA:240,0
DA:244,0
DA:258,0
DA:265,0
DA:267,0
DA:268,0
DA:269,0
DA:281,0
DA:283,0
DA:284,0
DA:288,0
DA:302,0
DA:309,0
DA:311,0
DA:312,0
DA:313,0
DA:324,0
DA:326,0
DA:327,0
DA:331,0
DA:345,0
DA:352,0
DA:354,0
DA:355,0
DA:356,0
DA:367,0
DA:368,0
DA:370,0
DA:371,0
DA:375,0
DA:389,0
DA:397,0
DA:399,0
DA:400,0
DA:403,0
DA:405,0
DA:406,0
DA:421,0
DA:430,0
DA:431,0
DA:434,0
DA:435,0
DA:436,0
DA:439,0
DA:440,0
DA:441,0
DA:442,0
DA:446,0
DA:447,0
DA:449,0
DA:452,0
DA:453,0
DA:454,0
DA:455,0
DA:458,0
DA:465,0
DA:466,0
DA:468,0
DA:469,0
DA:471,0
DA:472,0
DA:474,0
DA:481,0
DA:482,0
DA:484,0
DA:485,0
DA:487,0
DA:494,0
DA:495,0
DA:497,0
DA:498,0
DA:500,0
DA:502,0
DA:503,0
DA:505,0
DA:507,0
DA:508,0
DA:510,0
DA:512,0
DA:519,0
DA:522,0
DA:523,0
DA:524,0
DA:528,0
DA:535,0
DA:538,0
DA:557,0
DA:559,0
DA:567,0
DA:569,0
DA:570,0
DA:573,0
DA:583,0
DA:584,0
DA:585,0
DA:587,0
DA:588,0
DA:590,0
DA:591,0
DA:592,0
DA:593,0
DA:596,0
DA:600,0
DA:607,0
DA:610,0
DA:615,0
DA:619,0
DA:620,0
DA:624,0
DA:627,0
DA:628,0
DA:629,0
DA:632,0
DA:642,0
DA:649,0
DA:650,0
DA:651,0
DA:652,0
DA:655,0
DA:662,0
DA:669,0
DA:676,0
DA:686,0
DA:687,0
DA:688,0
DA:691,0
DA:692,0
DA:693,0
DA:696,0
LF:187
LH:0
BRDA:89,0,0,0
BRDA:93,1,0,0
BRDA:93,2,0,0
BRDA:93,2,1,0
BRDA:124,3,0,0
BRDA:124,4,0,0
BRDA:124,4,1,0
BRDA:131,5,0,0
BRDA:153,6,0,0
BRDA:153,6,1,0
BRDA:169,7,0,0
BRDA:169,7,1,0
BRDA:198,8,0,0
BRDA:203,9,0,0
BRDA:208,10,0,0
BRDA:213,11,0,0
BRDA:225,12,0,0
BRDA:225,12,1,0
BRDA:239,13,0,0
BRDA:239,13,1,0
BRDA:268,14,0,0
BRDA:268,14,1,0
BRDA:283,15,0,0
BRDA:283,15,1,0
BRDA:312,16,0,0
BRDA:312,16,1,0
BRDA:326,17,0,0
BRDA:326,17,1,0
BRDA:355,18,0,0
BRDA:355,18,1,0
BRDA:370,19,0,0
BRDA:370,19,1,0
BRDA:405,20,0,0
BRDA:439,21,0,0
BRDA:439,22,0,0
BRDA:439,22,1,0
BRDA:446,23,0,0
BRDA:452,24,0,0
BRDA:452,25,0,0
BRDA:452,25,1,0
BRDA:458,26,0,0
BRDA:458,26,1,0
BRDA:474,27,0,0
BRDA:474,27,1,0
BRDA:487,28,0,0
BRDA:487,28,1,0
BRDA:497,29,0,0
BRDA:502,30,0,0
BRDA:507,31,0,0
BRDA:512,32,0,0
BRDA:512,32,1,0
BRDA:549,33,0,0
BRDA:549,33,1,0
BRDA:550,34,0,0
BRDA:550,34,1,0
BRDA:588,35,0,0
BRDA:591,36,0,0
BRDA:607,37,0,0
BRDA:616,38,0,0
BRDA:616,38,1,0
BRDA:619,39,0,0
BRDA:619,39,1,0
BRDA:651,40,0,0
BRDA:686,41,0,0
BRDA:691,42,0,0
BRF:65
BRH:0
end_of_record
TN:
SF:src\services\knowledge-graph\memory.ts
FN:30,(anonymous_9)
FN:51,(anonymous_10)
FN:58,(anonymous_11)
FN:67,(anonymous_12)
FN:128,(anonymous_13)
FN:184,(anonymous_14)
FN:216,(anonymous_15)
FN:229,(anonymous_16)
FN:236,(anonymous_17)
FN:237,(anonymous_18)
FN:243,(anonymous_19)
FN:250,(anonymous_20)
FN:255,(anonymous_21)
FN:260,(anonymous_22)
FN:261,(anonymous_23)
FN:267,(anonymous_24)
FN:282,(anonymous_25)
FN:285,(anonymous_26)
FN:302,(anonymous_27)
FN:307,(anonymous_28)
FN:314,(anonymous_29)
FN:317,(anonymous_30)
FN:322,(anonymous_31)
FN:376,(anonymous_32)
FN:396,(anonymous_33)
FN:398,(anonymous_34)
FN:404,(anonymous_35)
FN:419,(anonymous_36)
FN:421,(anonymous_37)
FN:427,(anonymous_38)
FN:429,(anonymous_39)
FN:430,(anonymous_40)
FN:440,(anonymous_41)
FN:441,(anonymous_42)
FN:442,(anonymous_43)
FN:443,(anonymous_44)
FN:444,(anonymous_45)
FN:476,(anonymous_46)
FN:500,(anonymous_47)
FN:502,(anonymous_48)
FN:503,(anonymous_49)
FN:523,(anonymous_50)
FN:559,(anonymous_51)
FN:605,(anonymous_52)
FN:615,(anonymous_53)
FN:622,(anonymous_54)
FN:635,(anonymous_55)
FN:645,(anonymous_56)
FN:670,(anonymous_57)
FN:694,(anonymous_58)
FN:699,(anonymous_59)
FN:706,(anonymous_60)
FN:725,(anonymous_61)
FN:746,(anonymous_62)
FN:764,(anonymous_63)
FN:765,(anonymous_64)
FN:773,(anonymous_65)
FN:783,(anonymous_66)
FN:796,(anonymous_67)
FN:820,(anonymous_68)
FN:828,(anonymous_69)
FN:836,(anonymous_70)
FN:841,(anonymous_71)
FN:842,(anonymous_72)
FN:851,(anonymous_73)
FN:854,(anonymous_74)
FN:868,(anonymous_75)
FNF:67
FNH:34
FNDA:3,(anonymous_9)
FNDA:21,(anonymous_10)
FNDA:0,(anonymous_11)
FNDA:5,(anonymous_12)
FNDA:1,(anonymous_13)
FNDA:1,(anonymous_14)
FNDA:1,(anonymous_15)
FNDA:2,(anonymous_16)
FNDA:3,(anonymous_17)
FNDA:3,(anonymous_18)
FNDA:3,(anonymous_19)
FNDA:5,(anonymous_20)
FNDA:0,(anonymous_21)
FNDA:6,(anonymous_22)
FNDA:6,(anonymous_23)
FNDA:3,(anonymous_24)
FNDA:3,(anonymous_25)
FNDA:4,(anonymous_26)
FNDA:3,(anonymous_27)
FNDA:0,(anonymous_28)
FNDA:0,(anonymous_29)
FNDA:0,(anonymous_30)
FNDA:0,(anonymous_31)
FNDA:0,(anonymous_32)
FNDA:0,(anonymous_33)
FNDA:0,(anonymous_34)
FNDA:0,(anonymous_35)
FNDA:0,(anonymous_36)
FNDA:0,(anonymous_37)
FNDA:0,(anonymous_38)
FNDA:0,(anonymous_39)
FNDA:0,(anonymous_40)
FNDA:0,(anonymous_41)
FNDA:0,(anonymous_42)
FNDA:0,(anonymous_43)
FNDA:0,(anonymous_44)
FNDA:0,(anonymous_45)
FNDA:0,(anonymous_46)
FNDA:0,(anonymous_47)
FNDA:0,(anonymous_48)
FNDA:0,(anonymous_49)
FNDA:2,(anonymous_50)
FNDA:1,(anonymous_51)
FNDA:0,(anonymous_52)
FNDA:0,(anonymous_53)
FNDA:0,(anonymous_54)
FNDA:0,(anonymous_55)
FNDA:10,(anonymous_56)
FNDA:2,(anonymous_57)
FNDA:12,(anonymous_58)
FNDA:88,(anonymous_59)
FNDA:0,(anonymous_60)
FNDA:9,(anonymous_61)
FNDA:1,(anonymous_62)
FNDA:0,(anonymous_63)
FNDA:0,(anonymous_64)
FNDA:3,(anonymous_65)
FNDA:2,(anonymous_66)
FNDA:3,(anonymous_67)
FNDA:1,(anonymous_68)
FNDA:1,(anonymous_69)
FNDA:7,(anonymous_70)
FNDA:0,(anonymous_71)
FNDA:0,(anonymous_72)
FNDA:1,(anonymous_73)
FNDA:2,(anonymous_74)
FNDA:3,(anonymous_75)
DA:6,2
DA:7,2
DA:9,2
DA:10,2
DA:12,2
DA:13,3
DA:14,3
DA:15,3
DA:16,3
DA:19,3
DA:21,3
DA:23,3
DA:25,3
DA:26,3
DA:27,3
DA:28,3
DA:31,3
DA:32,3
DA:33,3
DA:36,3
DA:37,0
DA:41,3
DA:42,3
DA:43,3
DA:44,3
DA:45,3
DA:46,3
DA:47,3
DA:48,3
DA:51,3
DA:52,21
DA:56,3
DA:58,2
DA:59,0
DA:68,5
DA:69,0
DA:76,0
DA:78,0
DA:79,0
DA:83,5
DA:84,0
DA:88,5
DA:89,0
DA:91,5
DA:94,5
DA:95,0
DA:98,5
DA:101,5
DA:104,5
DA:105,5
DA:106,9
DA:107,4
DA:109,9
DA:114,5
DA:117,5
DA:119,5
DA:121,5
DA:122,5
DA:129,1
DA:130,1
DA:131,0
DA:134,1
DA:135,1
DA:138,1
DA:139,1
DA:140,1
DA:144,1
DA:146,1
DA:147,1
DA:148,2
DA:153,1
DA:154,3
DA:155,1
DA:157,3
DA:162,1
DA:163,1
DA:166,1
DA:169,1
DA:170,1
DA:173,1
DA:175,1
DA:177,1
DA:178,1
DA:185,1
DA:186,1
DA:187,0
DA:191,1
DA:194,1
DA:195,1
DA:196,2
DA:201,1
DA:204,1
DA:206,1
DA:207,1
DA:209,1
DA:210,1
DA:217,1
DA:218,1
DA:220,1
DA:221,1
DA:223,1
DA:230,2
DA:231,2
DA:232,0
DA:235,2
DA:236,3
DA:237,3
DA:244,3
DA:251,5
DA:254,5
DA:255,0
DA:259,5
DA:260,2
DA:261,6
DA:266,5
DA:267,1
DA:268,3
DA:270,3
DA:271,3
DA:272,2
DA:275,1
DA:280,5
DA:281,1
DA:282,1
DA:283,3
DA:285,4
DA:290,5
DA:291,1
DA:293,1
DA:294,2
DA:295,2
DA:296,2
DA:297,2
DA:302,3
DA:306,5
DA:307,0
DA:308,0
DA:313,5
DA:314,0
DA:316,5
DA:317,0
DA:321,5
DA:322,0
DA:325,0
DA:327,0
DA:328,0
DA:329,0
DA:331,0
DA:332,0
DA:333,0
DA:335,0
DA:336,0
DA:337,0
DA:339,0
DA:340,0
DA:341,0
DA:343,0
DA:344,0
DA:345,0
DA:347,0
DA:348,0
DA:351,0
DA:352,0
DA:354,0
DA:360,5
DA:361,0
DA:365,5
DA:366,5
DA:367,5
DA:370,5
DA:377,0
DA:378,0
DA:379,0
DA:382,0
DA:384,0
DA:385,0
DA:386,0
DA:389,0
DA:390,0
DA:391,0
DA:396,0
DA:398,0
DA:405,0
DA:407,0
DA:408,0
DA:409,0
DA:412,0
DA:413,0
DA:414,0
DA:419,0
DA:421,0
DA:428,0
DA:429,0
DA:430,0
DA:432,0
DA:433,0
DA:437,0
DA:440,0
DA:441,0
DA:442,0
DA:443,0
DA:444,0
DA:456,0
DA:458,0
DA:459,0
DA:462,0
DA:467,0
DA:470,0
DA:477,0
DA:478,0
DA:480,0
DA:481,0
DA:482,0
DA:486,0
DA:487,0
DA:490,0
DA:491,0
DA:494,0
DA:501,0
DA:502,0
DA:503,0
DA:506,0
DA:507,0
DA:510,0
DA:511,0
DA:517,0
DA:524,2
DA:525,2
DA:533,2
DA:534,14
DA:537,2
DA:538,4
DA:539,4
DA:540,4
DA:541,4
DA:542,4
DA:543,2
DA:546,2
DA:560,1
DA:563,1
DA:565,1
DA:566,1
DA:568,0
DA:569,0
DA:571,0
DA:572,0
DA:574,0
DA:575,0
DA:577,0
DA:578,0
DA:580,0
DA:581,0
DA:585,1
DA:586,1
DA:587,1
DA:590,1
DA:591,1
DA:595,1
DA:596,1
DA:599,1
DA:606,0
DA:609,0
DA:610,0
DA:614,0
DA:615,0
DA:616,0
DA:617,0
DA:621,0
DA:622,0
DA:623,0
DA:625,0
DA:629,0
DA:633,0
DA:634,0
DA:635,0
DA:636,0
DA:637,0
DA:639,0
DA:646,10
DA:648,10
DA:649,69
DA:650,52
DA:652,69
DA:656,10
DA:657,10
DA:658,21
DA:659,21
DA:660,8
DA:662,21
DA:671,2
DA:673,2
DA:674,16
DA:675,16
DA:676,14
DA:680,2
DA:681,2
DA:682,4
DA:683,4
DA:684,4
DA:685,2
DA:695,12
DA:699,88
DA:707,0
DA:709,0
DA:710,0
DA:711,0
DA:712,0
DA:713,0
DA:714,0
DA:719,0
DA:726,9
DA:747,1
DA:765,0
DA:766,0
DA:774,3
DA:775,0
DA:776,0
DA:784,2
DA:786,2
DA:787,4
DA:790,2
DA:797,3
DA:799,3
DA:800,0
DA:801,0
DA:803,0
DA:806,3
DA:807,0
DA:808,0
DA:810,3
DA:811,3
DA:812,3
DA:813,3
DA:814,3
DA:821,1
DA:822,1
DA:829,1
DA:830,1
DA:837,7
DA:838,0
DA:839,0
DA:841,0
DA:842,0
DA:843,0
DA:852,1
DA:853,1
DA:854,2
DA:861,1
DA:862,1
DA:869,3
DA:870,3
DA:871,3
DA:872,2
DA:873,2
DA:874,2
DA:875,2
DA:876,2
DA:877,2
DA:879,2
DA:881,4
DA:893,4
DA:895,4
DA:896,0
DA:898,4
DA:900,4
DA:901,4
DA:902,8
DA:903,2
DA:905,8
DA:909,4
DA:911,4
DA:914,2
DA:916,0
LF:373
LH:225
BRDA:30,0,0,0
BRDA:33,1,0,3
BRDA:33,1,1,3
BRDA:36,2,0,0
BRDA:37,3,0,0
BRDA:37,3,1,0
BRDA:41,4,0,3
BRDA:41,4,1,1
BRDA:42,5,0,3
BRDA:42,5,1,1
BRDA:43,6,0,3
BRDA:43,6,1,1
BRDA:44,7,0,3
BRDA:44,7,1,1
BRDA:45,8,0,3
BRDA:45,8,1,1
BRDA:46,9,0,3
BRDA:46,9,1,3
BRDA:47,10,0,3
BRDA:47,10,1,1
BRDA:56,11,0,2
BRDA:68,12,0,0
BRDA:78,13,0,0
BRDA:83,14,0,0
BRDA:88,15,0,0
BRDA:94,16,0,0
BRDA:104,17,0,5
BRDA:106,18,0,4
BRDA:130,19,0,0
BRDA:138,20,0,1
BRDA:138,21,0,1
BRDA:138,21,1,1
BRDA:144,22,0,1
BRDA:146,23,0,1
BRDA:154,24,0,1
BRDA:162,25,0,1
BRDA:162,26,0,1
BRDA:162,26,1,0
BRDA:162,26,2,0
BRDA:186,27,0,0
BRDA:194,28,0,1
BRDA:218,29,0,1
BRDA:221,30,0,1
BRDA:221,30,1,1
BRDA:231,31,0,0
BRDA:254,32,0,0
BRDA:259,33,0,2
BRDA:259,34,0,5
BRDA:259,34,1,2
BRDA:266,35,0,1
BRDA:268,36,0,0
BRDA:271,37,0,2
BRDA:280,38,0,1
BRDA:283,39,0,3
BRDA:283,39,1,2
BRDA:283,39,2,0
BRDA:283,39,3,2
BRDA:283,39,4,2
BRDA:290,40,0,1
BRDA:290,41,0,5
BRDA:290,41,1,1
BRDA:295,42,0,2
BRDA:306,43,0,0
BRDA:308,44,0,0
BRDA:308,44,1,0
BRDA:313,45,0,0
BRDA:316,46,0,0
BRDA:321,47,0,0
BRDA:325,48,0,0
BRDA:325,48,1,0
BRDA:325,48,2,0
BRDA:325,48,3,0
BRDA:325,48,4,0
BRDA:325,48,5,0
BRDA:331,49,0,0
BRDA:331,49,1,0
BRDA:332,50,0,0
BRDA:332,50,1,0
BRDA:335,51,0,0
BRDA:335,51,1,0
BRDA:336,52,0,0
BRDA:336,52,1,0
BRDA:339,53,0,0
BRDA:339,53,1,0
BRDA:340,54,0,0
BRDA:340,54,1,0
BRDA:343,55,0,0
BRDA:343,55,1,0
BRDA:344,56,0,0
BRDA:344,56,1,0
BRDA:351,57,0,0
BRDA:351,57,1,0
BRDA:352,58,0,0
BRDA:352,58,1,0
BRDA:352,59,0,0
BRDA:352,59,1,0
BRDA:354,60,0,0
BRDA:354,60,1,0
BRDA:354,61,0,0
BRDA:354,61,1,0
BRDA:360,62,0,0
BRDA:367,63,0,5
BRDA:367,63,1,1
BRDA:376,64,0,0
BRDA:378,65,0,0
BRDA:385,66,0,0
BRDA:390,67,0,0
BRDA:404,68,0,0
BRDA:404,69,0,0
BRDA:408,70,0,0
BRDA:413,71,0,0
BRDA:432,72,0,0
BRDA:439,73,0,0
BRDA:439,73,1,0
BRDA:439,73,2,0
BRDA:440,74,0,0
BRDA:440,74,1,0
BRDA:441,75,0,0
BRDA:441,75,1,0
BRDA:443,76,0,0
BRDA:443,76,1,0
BRDA:445,77,0,0
BRDA:445,77,1,0
BRDA:446,78,0,0
BRDA:446,78,1,0
BRDA:449,79,0,0
BRDA:449,79,1,0
BRDA:456,80,0,0
BRDA:481,81,0,0
BRDA:481,82,0,0
BRDA:481,82,1,0
BRDA:490,83,0,0
BRDA:500,84,0,0
BRDA:500,85,0,0
BRDA:502,86,0,0
BRDA:502,86,1,0
BRDA:503,87,0,0
BRDA:503,87,1,0
BRDA:503,88,0,0
BRDA:503,88,1,0
BRDA:510,89,0,0
BRDA:538,90,0,4
BRDA:538,90,1,0
BRDA:539,91,0,0
BRDA:539,91,1,4
BRDA:539,92,0,0
BRDA:539,92,1,0
BRDA:540,93,0,0
BRDA:540,93,1,4
BRDA:540,94,0,0
BRDA:540,94,1,0
BRDA:541,95,0,0
BRDA:541,95,1,4
BRDA:541,96,0,0
BRDA:541,96,1,0
BRDA:542,97,0,2
BRDA:542,97,1,2
BRDA:542,98,0,2
BRDA:542,98,1,1
BRDA:543,99,0,2
BRDA:543,99,1,1
BRDA:563,100,0,1
BRDA:563,100,1,0
BRDA:563,100,2,0
BRDA:563,100,3,0
BRDA:563,100,4,0
BRDA:563,100,5,0
BRDA:586,101,0,0
BRDA:586,101,1,1
BRDA:587,102,0,0
BRDA:590,103,0,1
BRDA:590,104,0,1
BRDA:590,104,1,1
BRDA:595,105,0,1
BRDA:595,106,0,1
BRDA:595,106,1,1
BRDA:609,107,0,0
BRDA:614,108,0,0
BRDA:614,109,0,0
BRDA:614,109,1,0
BRDA:621,110,0,0
BRDA:621,111,0,0
BRDA:621,111,1,0
BRDA:649,112,0,52
BRDA:656,113,0,10
BRDA:659,114,0,8
BRDA:675,115,0,14
BRDA:680,116,0,2
BRDA:684,117,0,2
BRDA:711,118,0,0
BRDA:711,118,1,0
BRDA:713,119,0,0
BRDA:713,120,0,0
BRDA:713,120,1,0
BRDA:729,121,0,9
BRDA:729,121,1,6
BRDA:733,122,0,9
BRDA:733,122,1,0
BRDA:734,123,0,9
BRDA:734,123,1,0
BRDA:739,124,0,9
BRDA:739,124,1,0
BRDA:748,125,0,1
BRDA:748,125,1,1
BRDA:752,126,0,1
BRDA:752,126,1,0
BRDA:753,127,0,1
BRDA:753,127,1,0
BRDA:757,128,0,1
BRDA:757,128,1,1
BRDA:774,129,0,0
BRDA:799,130,0,0
BRDA:799,131,0,3
BRDA:799,131,1,2
BRDA:806,132,0,0
BRDA:821,133,0,0
BRDA:829,134,0,0
BRDA:837,135,0,7
BRDA:837,136,0,7
BRDA:837,136,1,2
BRDA:838,137,0,0
BRDA:852,138,0,0
BRDA:857,139,0,2
BRDA:857,139,1,0
BRDA:858,140,0,0
BRDA:858,140,1,2
BRDA:859,141,0,0
BRDA:859,141,1,2
BRDA:869,142,0,0
BRDA:871,143,0,1
BRDA:873,144,0,0
BRDA:873,145,0,2
BRDA:873,145,1,2
BRDA:876,146,0,0
BRDA:876,146,1,2
BRDA:877,147,0,0
BRDA:877,148,0,2
BRDA:877,148,1,2
BRDA:883,149,0,4
BRDA:883,149,1,0
BRDA:884,150,0,4
BRDA:884,150,1,0
BRDA:885,151,0,0
BRDA:885,151,1,4
BRDA:886,152,0,0
BRDA:886,152,1,4
BRDA:888,153,0,4
BRDA:888,153,1,0
BRDA:889,154,0,4
BRDA:889,154,1,0
BRDA:895,155,0,0
BRDA:900,156,0,4
BRDA:902,157,0,2
BRF:253
BRH:104
end_of_record
TN:
SF:src\services\memory-retrieval\enhancer.ts
FN:21,(anonymous_0)
FN:31,(anonymous_1)
FN:70,(anonymous_2)
FN:119,(anonymous_3)
FN:120,(anonymous_4)
FN:120,(anonymous_5)
FN:130,(anonymous_6)
FN:148,(anonymous_7)
FN:166,(anonymous_8)
FN:178,(anonymous_9)
FN:180,(anonymous_10)
FN:189,(anonymous_11)
FN:201,(anonymous_12)
FN:214,(anonymous_13)
FN:223,(anonymous_14)
FN:232,(anonymous_15)
FN:237,(anonymous_16)
FN:249,(anonymous_17)
FN:263,(anonymous_18)
FN:268,(anonymous_19)
FN:308,(anonymous_20)
FN:322,(anonymous_21)
FN:336,(anonymous_22)
FN:351,(anonymous_23)
FN:365,(anonymous_24)
FN:370,(anonymous_25)
FN:374,(anonymous_26)
FN:378,(anonymous_27)
FN:383,(anonymous_28)
FN:388,(anonymous_29)
FN:392,(anonymous_30)
FN:395,(anonymous_31)
FNF:32
FNH:0
FNDA:0,(anonymous_0)
FNDA:0,(anonymous_1)
FNDA:0,(anonymous_2)
FNDA:0,(anonymous_3)
FNDA:0,(anonymous_4)
FNDA:0,(anonymous_5)
FNDA:0,(anonymous_6)
FNDA:0,(anonymous_7)
FNDA:0,(anonymous_8)
FNDA:0,(anonymous_9)
FNDA:0,(anonymous_10)
FNDA:0,(anonymous_11)
FNDA:0,(anonymous_12)
FNDA:0,(anonymous_13)
FNDA:0,(anonymous_14)
FNDA:0,(anonymous_15)
FNDA:0,(anonymous_16)
FNDA:0,(anonymous_17)
FNDA:0,(anonymous_18)
FNDA:0,(anonymous_19)
FNDA:0,(anonymous_20)
FNDA:0,(anonymous_21)
FNDA:0,(anonymous_22)
FNDA:0,(anonymous_23)
FNDA:0,(anonymous_24)
FNDA:0,(anonymous_25)
FNDA:0,(anonymous_26)
FNDA:0,(anonymous_27)
FNDA:0,(anonymous_28)
FNDA:0,(anonymous_29)
FNDA:0,(anonymous_30)
FNDA:0,(anonymous_31)
DA:1,0
DA:3,0
DA:15,0
DA:24,0
DA:25,0
DA:26,0
DA:27,0
DA:28,0
DA:32,0
DA:34,0
DA:36,0
DA:39,0
DA:42,0
DA:45,0
DA:48,0
DA:50,0
DA:59,0
DA:61,0
DA:62,0
DA:65,0
DA:66,0
DA:71,0
DA:78,0
DA:80,0
DA:81,0
DA:83,0
DA:84,0
DA:86,0
DA:87,0
DA:89,0
DA:90,0
DA:92,0
DA:93,0
DA:97,0
DA:98,0
DA:99,0
DA:102,0
DA:103,0
DA:106,0
DA:107,0
DA:108,0
DA:111,0
DA:112,0
DA:116,0
DA:117,0
DA:118,0
DA:119,0
DA:120,0
DA:122,0
DA:123,0
DA:127,0
DA:131,0
DA:138,0
DA:139,0
DA:143,0
DA:145,0
DA:150,0
DA:152,0
DA:153,0
DA:155,0
DA:156,0
DA:158,0
DA:159,0
DA:161,0
DA:162,0
DA:168,0
DA:170,0
DA:171,0
DA:180,0
DA:181,0
DA:182,0
DA:191,0
DA:193,0
DA:194,0
DA:203,0
DA:204,0
DA:216,0
DA:217,0
DA:218,0
DA:225,0
DA:227,0
DA:228,0
DA:231,0
DA:232,0
DA:234,0
DA:239,0
DA:245,0
DA:246,0
DA:251,0
DA:252,0
DA:255,0
DA:256,0
DA:258,0
DA:261,0
DA:262,0
DA:263,0
DA:265,0
DA:275,0
DA:276,0
DA:277,0
DA:279,0
DA:280,0
DA:281,0
DA:289,0
DA:293,0
DA:294,0
DA:295,0
DA:298,0
DA:299,0
DA:301,0
DA:302,0
DA:309,0
DA:310,0
DA:313,0
DA:314,0
DA:317,0
DA:318,0
DA:324,0
DA:325,0
DA:327,0
DA:328,0
DA:329,0
DA:333,0
DA:338,0
DA:339,0
DA:342,0
DA:343,0
DA:344,0
DA:348,0
DA:353,0
DA:354,0
DA:356,0
DA:357,0
DA:358,0
DA:362,0
DA:366,0
DA:367,0
DA:371,0
DA:375,0
DA:379,0
DA:383,0
DA:389,0
DA:390,0
DA:392,0
DA:396,0
DA:397,0
DA:398,0
DA:399,0
LF:148
LH:0
BRDA:78,0,0,0
BRDA:78,0,1,0
BRDA:78,0,2,0
BRDA:78,0,3,0
BRDA:78,0,4,0
BRDA:97,1,0,0
BRDA:102,2,0,0
BRDA:103,3,0,0
BRDA:103,3,1,0
BRDA:106,4,0,0
BRDA:111,5,0,0
BRDA:117,6,0,0
BRDA:117,7,0,0
BRDA:117,7,1,0
BRDA:122,8,0,0
BRDA:123,9,0,0
BRDA:123,9,1,0
BRDA:150,10,0,0
BRDA:150,10,1,0
BRDA:150,10,2,0
BRDA:150,10,3,0
BRDA:168,11,0,0
BRDA:168,12,0,0
BRDA:168,12,1,0
BRDA:173,13,0,0
BRDA:173,13,1,0
BRDA:180,14,0,0
BRDA:184,15,0,0
BRDA:184,15,1,0
BRDA:191,16,0,0
BRDA:196,17,0,0
BRDA:196,17,1,0
BRDA:203,18,0,0
BRDA:217,19,0,0
BRDA:225,20,0,0
BRDA:228,21,0,0
BRDA:231,22,0,0
BRDA:231,23,0,0
BRDA:231,23,1,0
BRDA:232,24,0,0
BRDA:232,25,0,0
BRDA:232,25,1,0
BRDA:241,26,0,0
BRDA:241,26,1,0
BRDA:252,27,0,0
BRDA:262,28,0,0
BRDA:262,28,1,0
BRDA:275,29,0,0
BRDA:280,30,0,0
BRDA:298,31,0,0
BRDA:298,32,0,0
BRDA:298,32,1,0
BRDA:301,33,0,0
BRDA:301,34,0,0
BRDA:301,34,1,0
BRDA:309,35,0,0
BRDA:317,36,0,0
BRDA:328,37,0,0
BRDA:343,38,0,0
BRDA:343,39,0,0
BRDA:343,39,1,0
BRDA:357,40,0,0
BRDA:375,41,0,0
BRDA:375,41,1,0
BRDA:390,42,0,0
BRF:65
BRH:0
end_of_record
TN:
SF:src\services\memory-retrieval\index.ts
FN:1,(anonymous_0)
FN:2,(anonymous_1)
FN:3,(anonymous_2)
FNF:3
FNH:0
FNDA:0,(anonymous_0)
FNDA:0,(anonymous_1)
FNDA:0,(anonymous_2)
DA:1,0
DA:2,0
DA:3,0
LF:3
LH:0
BRF:0
BRH:0
end_of_record
TN:
SF:src\services\memory-retrieval\manager.ts
FN:35,(anonymous_0)
FN:73,(anonymous_1)
FN:75,(anonymous_2)
FN:81,(anonymous_3)
FN:87,(anonymous_4)
FN:93,(anonymous_5)
FN:97,(anonymous_6)
FN:105,(anonymous_7)
FN:112,(anonymous_8)
FN:128,(anonymous_9)
FN:144,(anonymous_10)
FN:150,(anonymous_11)
FN:151,(anonymous_12)
FN:173,(anonymous_13)
FN:179,(anonymous_14)
FN:189,(anonymous_15)
FN:192,(anonymous_16)
FN:229,(anonymous_17)
FN:246,(anonymous_18)
FN:254,(anonymous_19)
FN:266,(anonymous_20)
FN:290,(anonymous_21)
FN:297,(anonymous_22)
FN:308,(anonymous_23)
FN:314,(anonymous_24)
FN:327,(anonymous_25)
FN:331,(anonymous_26)
FN:341,(anonymous_27)
FN:346,(anonymous_28)
FN:351,(anonymous_29)
FN:355,(anonymous_30)
FN:359,(anonymous_31)
FN:363,(anonymous_32)
FNF:33
FNH:0
FNDA:0,(anonymous_0)
FNDA:0,(anonymous_1)
FNDA:0,(anonymous_2)
FNDA:0,(anonymous_3)
FNDA:0,(anonymous_4)
FNDA:0,(anonymous_5)
FNDA:0,(anonymous_6)
FNDA:0,(anonymous_7)
FNDA:0,(anonymous_8)
FNDA:0,(anonymous_9)
FNDA:0,(anonymous_10)
FNDA:0,(anonymous_11)
FNDA:0,(anonymous_12)
FNDA:0,(anonymous_13)
FNDA:0,(anonymous_14)
FNDA:0,(anonymous_15)
FNDA:0,(anonymous_16)
FNDA:0,(anonymous_17)
FNDA:0,(anonymous_18)
FNDA:0,(anonymous_19)
FNDA:0,(anonymous_20)
FNDA:0,(anonymous_21)
FNDA:0,(anonymous_22)
FNDA:0,(anonymous_23)
FNDA:0,(anonymous_24)
FNDA:0,(anonymous_25)
FNDA:0,(anonymous_26)
FNDA:0,(anonymous_27)
FNDA:0,(anonymous_28)
FNDA:0,(anonymous_29)
FNDA:0,(anonymous_30)
FNDA:0,(anonymous_31)
FNDA:0,(anonymous_32)
DA:1,0
DA:3,0
DA:4,0
DA:5,0
DA:7,0
DA:25,0
DA:33,0
DA:39,0
DA:41,0
DA:42,0
DA:51,0
DA:54,0
DA:55,0
DA:57,0
DA:66,0
DA:67,0
DA:69,0
DA:70,0
DA:75,0
DA:76,0
DA:77,0
DA:78,0
DA:81,0
DA:82,0
DA:83,0
DA:87,0
DA:88,0
DA:89,0
DA:93,0
DA:94,0
DA:97,0
DA:98,0
DA:109,0
DA:113,0
DA:114,0
DA:117,0
DA:118,0
DA:121,0
DA:123,0
DA:124,0
DA:129,0
DA:130,0
DA:133,0
DA:134,0
DA:137,0
DA:139,0
DA:140,0
DA:146,0
DA:147,0
DA:151,0
DA:152,0
DA:154,0
DA:156,0
DA:157,0
DA:159,0
DA:160,0
DA:161,0
DA:162,0
DA:166,0
DA:168,0
DA:176,0
DA:180,0
DA:188,0
DA:189,0
DA:193,0
DA:198,0
DA:207,0
DA:209,0
DA:210,0
DA:212,0
DA:213,0
DA:215,0
DA:216,0
DA:218,0
DA:219,0
DA:221,0
DA:222,0
DA:225,0
DA:226,0
DA:231,0
DA:233,0
DA:242,0
DA:247,0
DA:248,0
DA:249,0
DA:250,0
DA:251,0
DA:260,0
DA:266,0
DA:272,0
DA:291,0
DA:292,0
DA:298,0
DA:299,0
DA:303,0
DA:310,0
DA:315,0
DA:322,0
DA:323,0
DA:328,0
DA:332,0
DA:342,0
DA:343,0
DA:347,0
DA:348,0
DA:352,0
DA:356,0
DA:360,0
DA:364,0
DA:365,0
DA:366,0
DA:367,0
DA:368,0
LF:113
LH:0
BRDA:37,0,0,0
BRDA:117,1,0,0
BRDA:133,2,0,0
BRDA:152,3,0,0
BRDA:152,4,0,0
BRDA:152,4,1,0
BRDA:160,5,0,0
BRDA:179,6,0,0
BRDA:194,7,0,0
BRDA:194,7,1,0
BRDA:195,8,0,0
BRDA:195,8,1,0
BRDA:199,9,0,0
BRDA:199,9,1,0
BRDA:199,9,2,0
BRDA:207,10,0,0
BRDA:207,10,1,0
BRDA:207,10,2,0
BRDA:207,10,3,0
BRDA:207,10,4,0
BRDA:231,11,0,0
BRDA:231,12,0,0
BRDA:231,12,1,0
BRDA:235,13,0,0
BRDA:235,13,1,0
BRDA:247,14,0,0
BRDA:247,15,0,0
BRDA:247,15,1,0
BRDA:248,16,0,0
BRDA:248,17,0,0
BRDA:248,17,1,0
BRDA:249,18,0,0
BRDA:250,19,0,0
BRDA:281,20,0,0
BRDA:281,20,1,0
BRDA:310,21,0,0
BRDA:310,21,1,0
BRDA:322,22,0,0
BRF:38
BRH:0
end_of_record
TN:
SF:src\services\memory-retrieval\retriever.ts
FN:19,(anonymous_0)
FN:30,(anonymous_1)
FN:35,(anonymous_2)
FN:38,(anonymous_3)
FN:41,(anonymous_4)
FN:53,(anonymous_5)
FN:56,(anonymous_6)
FN:58,(anonymous_7)
FN:70,(anonymous_8)
FN:72,(anonymous_9)
FN:89,(anonymous_10)
FN:90,(anonymous_11)
FN:95,(anonymous_12)
FN:100,(anonymous_13)
FN:108,(anonymous_14)
FN:156,(anonymous_15)
FN:167,(anonymous_16)
FN:170,(anonymous_17)
FN:192,(anonymous_18)
FN:208,(anonymous_19)
FN:216,(anonymous_20)
FN:228,(anonymous_21)
FN:232,(anonymous_22)
FN:235,(anonymous_23)
FN:242,(anonymous_24)
FN:252,(anonymous_25)
FN:257,(anonymous_26)
FN:263,(anonymous_27)
FN:272,(anonymous_28)
FN:290,(anonymous_29)
FN:301,(anonymous_30)
FN:306,(anonymous_31)
FN:313,(anonymous_32)
FN:317,(anonymous_33)
FN:318,(anonymous_34)
FN:328,(anonymous_35)
FN:333,(anonymous_36)
FN:341,(anonymous_37)
FNF:38
FNH:0
FNDA:0,(anonymous_0)
FNDA:0,(anonymous_1)
FNDA:0,(anonymous_2)
FNDA:0,(anonymous_3)
FNDA:0,(anonymous_4)
FNDA:0,(anonymous_5)
FNDA:0,(anonymous_6)
FNDA:0,(anonymous_7)
FNDA:0,(anonymous_8)
FNDA:0,(anonymous_9)
FNDA:0,(anonymous_10)
FNDA:0,(anonymous_11)
FNDA:0,(anonymous_12)
FNDA:0,(anonymous_13)
FNDA:0,(anonymous_14)
FNDA:0,(anonymous_15)
FNDA:0,(anonymous_16)
FNDA:0,(anonymous_17)
FNDA:0,(anonymous_18)
FNDA:0,(anonymous_19)
FNDA:0,(anonymous_20)
FNDA:0,(anonymous_21)
FNDA:0,(anonymous_22)
FNDA:0,(anonymous_23)
FNDA:0,(anonymous_24)
FNDA:0,(anonymous_25)
FNDA:0,(anonymous_26)
FNDA:0,(anonymous_27)
FNDA:0,(anonymous_28)
FNDA:0,(anonymous_29)
FNDA:0,(anonymous_30)
FNDA:0,(anonymous_31)
FNDA:0,(anonymous_32)
FNDA:0,(anonymous_33)
FNDA:0,(anonymous_34)
FNDA:0,(anonymous_35)
FNDA:0,(anonymous_36)
FNDA:0,(anonymous_37)
DA:1,0
DA:12,0
DA:17,0
DA:20,0
DA:21,0
DA:22,0
DA:23,0
DA:24,0
DA:26,0
DA:27,0
DA:32,0
DA:36,0
DA:38,0
DA:39,0
DA:40,0
DA:42,0
DA:43,0
DA:44,0
DA:50,0
DA:54,0
DA:56,0
DA:57,0
DA:59,0
DA:60,0
DA:61,0
DA:67,0
DA:71,0
DA:72,0
DA:73,0
DA:74,0
DA:77,0
DA:78,0
DA:80,0
DA:86,0
DA:90,0
DA:96,0
DA:97,0
DA:101,0
DA:102,0
DA:103,0
DA:105,0
DA:109,0
DA:110,0
DA:113,0
DA:114,0
DA:115,0
DA:116,0
DA:119,0
DA:121,0
DA:124,0
DA:127,0
DA:130,0
DA:133,0
DA:136,0
DA:145,0
DA:147,0
DA:148,0
DA:151,0
DA:152,0
DA:157,0
DA:160,0
DA:161,0
DA:163,0
DA:167,0
DA:169,0
DA:170,0
DA:171,0
DA:175,0
DA:176,0
DA:177,0
DA:181,0
DA:182,0
DA:183,0
DA:186,0
DA:189,0
DA:193,0
DA:195,0
DA:196,0
DA:197,0
DA:198,0
DA:200,0
DA:201,0
DA:205,0
DA:209,0
DA:212,0
DA:213,0
DA:214,0
DA:216,0
DA:217,0
DA:218,0
DA:220,0
DA:221,0
DA:226,0
DA:227,0
DA:228,0
DA:231,0
DA:232,0
DA:236,0
DA:238,0
DA:239,0
DA:240,0
DA:241,0
DA:242,0
DA:243,0
DA:249,0
DA:254,0
DA:255,0
DA:257,0
DA:258,0
DA:260,0
DA:264,0
DA:265,0
DA:266,0
DA:267,0
DA:269,0
DA:273,0
DA:274,0
DA:276,0
DA:278,0
DA:279,0
DA:280,0
DA:281,0
DA:282,0
DA:287,0
DA:291,0
DA:294,0
DA:297,0
DA:298,0
DA:301,0
DA:302,0
DA:305,0
DA:306,0
DA:308,0
DA:310,0
DA:314,0
DA:318,0
DA:319,0
DA:320,0
DA:321,0
DA:322,0
DA:329,0
DA:330,0
DA:334,0
DA:342,0
DA:343,0
DA:344,0
LF:146
LH:0
BRDA:36,0,0,0
BRDA:54,1,0,0
BRDA:102,2,0,0
BRDA:113,3,0,0
BRDA:130,4,0,0
BRDA:130,4,1,0
BRDA:133,5,0,0
BRDA:133,5,1,0
BRDA:160,6,0,0
BRDA:160,6,1,0
BRDA:169,7,0,0
BRDA:169,8,0,0
BRDA:169,8,1,0
BRDA:171,9,0,0
BRDA:175,10,0,0
BRDA:176,11,0,0
BRDA:176,12,0,0
BRDA:176,12,1,0
BRDA:177,13,0,0
BRDA:177,14,0,0
BRDA:177,14,1,0
BRDA:181,15,0,0
BRDA:182,16,0,0
BRDA:182,17,0,0
BRDA:182,17,1,0
BRDA:183,18,0,0
BRDA:183,19,0,0
BRDA:183,19,1,0
BRDA:214,20,0,0
BRDA:220,21,0,0
BRDA:220,21,1,0
BRDA:232,22,0,0
BRDA:232,22,1,0
BRDA:232,23,0,0
BRDA:232,23,1,0
BRDA:239,24,0,0
BRDA:239,25,0,0
BRDA:239,25,1,0
BRDA:242,26,0,0
BRDA:242,27,0,0
BRDA:242,27,1,0
BRDA:264,28,0,0
BRDA:264,29,0,0
BRDA:264,29,1,0
BRDA:265,30,0,0
BRDA:265,31,0,0
BRDA:265,31,1,0
BRDA:266,32,0,0
BRDA:266,33,0,0
BRDA:266,33,1,0
BRDA:267,34,0,0
BRDA:267,35,0,0
BRDA:267,35,1,0
BRDA:279,36,0,0
BRDA:281,37,0,0
BRDA:287,38,0,0
BRDA:287,38,1,0
BRDA:291,39,0,0
BRDA:305,40,0,0
BRDA:305,40,1,0
BRDA:321,41,0,0
BRF:61
BRH:0
end_of_record
TN:
SF:src\services\rule-system\engine.ts
FN:15,(anonymous_0)
FN:22,(anonymous_1)
FN:34,(anonymous_2)
FN:46,(anonymous_3)
FN:54,(anonymous_4)
FN:65,(anonymous_5)
FN:77,(anonymous_6)
FN:84,(anonymous_7)
FN:91,(anonymous_8)
FN:92,(anonymous_9)
FN:98,(anonymous_10)
FN:99,(anonymous_11)
FN:105,(anonymous_12)
FN:114,(anonymous_13)
FN:158,(anonymous_14)
FN:180,(anonymous_15)
FN:246,(anonymous_16)
FN:296,(anonymous_17)
FN:334,(anonymous_18)
FN:392,(anonymous_19)
FN:408,(anonymous_20)
FN:431,(anonymous_21)
FN:446,(anonymous_22)
FN:465,(anonymous_23)
FN:479,(anonymous_24)
FN:494,(anonymous_25)
FN:495,(anonymous_26)
FN:504,(anonymous_27)
FN:510,(anonymous_28)
FN:527,(anonymous_29)
FN:539,(anonymous_30)
FN:551,(anonymous_31)
FN:559,(anonymous_32)
FN:581,(anonymous_33)
FNF:34
FNH:0
FNDA:0,(anonymous_0)
FNDA:0,(anonymous_1)
FNDA:0,(anonymous_2)
FNDA:0,(anonymous_3)
FNDA:0,(anonymous_4)
FNDA:0,(anonymous_5)
FNDA:0,(anonymous_6)
FNDA:0,(anonymous_7)
FNDA:0,(anonymous_8)
FNDA:0,(anonymous_9)
FNDA:0,(anonymous_10)
FNDA:0,(anonymous_11)
FNDA:0,(anonymous_12)
FNDA:0,(anonymous_13)
FNDA:0,(anonymous_14)
FNDA:0,(anonymous_15)
FNDA:0,(anonymous_16)
FNDA:0,(anonymous_17)
FNDA:0,(anonymous_18)
FNDA:0,(anonymous_19)
FNDA:0,(anonymous_20)
FNDA:0,(anonymous_21)
FNDA:0,(anonymous_22)
FNDA:0,(anonymous_23)
FNDA:0,(anonymous_24)
FNDA:0,(anonymous_25)
FNDA:0,(anonymous_26)
FNDA:0,(anonymous_27)
FNDA:0,(anonymous_28)
FNDA:0,(anonymous_29)
FNDA:0,(anonymous_30)
FNDA:0,(anonymous_31)
FNDA:0,(anonymous_32)
FNDA:0,(anonymous_33)
DA:6,0
DA:7,0
DA:9,0
DA:10,0
DA:11,0
DA:12,0
DA:13,0
DA:16,0
DA:23,0
DA:24,0
DA:27,0
DA:28,0
DA:35,0
DA:36,0
DA:39,0
DA:40,0
DA:47,0
DA:48,0
DA:55,0
DA:56,0
DA:57,0
DA:59,0
DA:66,0
DA:67,0
DA:68,0
DA:70,0
DA:78,0
DA:85,0
DA:92,0
DA:99,0
DA:106,0
DA:107,0
DA:110,0
DA:111,0
DA:114,0
DA:116,0
DA:117,0
DA:118,0
DA:120,0
DA:121,0
DA:122,0
DA:125,0
DA:134,0
DA:135,0
DA:136,0
DA:140,0
DA:147,0
DA:148,0
DA:152,0
DA:163,0
DA:164,0
DA:167,0
DA:168,0
DA:169,0
DA:170,0
DA:174,0
DA:185,0
DA:188,0
DA:190,0
DA:192,0
DA:195,0
DA:198,0
DA:201,0
DA:204,0
DA:207,0
DA:210,0
DA:213,0
DA:216,0
DA:219,0
DA:222,0
DA:225,0
DA:229,0
DA:230,0
DA:233,0
DA:236,0
DA:239,0
DA:248,0
DA:252,0
DA:253,0
DA:254,0
DA:255,0
DA:256,0
DA:257,0
DA:259,0
DA:260,0
DA:265,0
DA:266,0
DA:267,0
DA:268,0
DA:269,0
DA:270,0
DA:272,0
DA:273,0
DA:279,0
DA:280,0
DA:281,0
DA:282,0
DA:284,0
DA:285,0
DA:290,0
DA:301,0
DA:308,0
DA:309,0
DA:310,0
DA:311,0
DA:314,0
DA:315,0
DA:316,0
DA:318,0
DA:321,0
DA:322,0
DA:323,0
DA:327,0
DA:328,0
DA:339,0
DA:341,0
DA:344,0
DA:346,0
DA:347,0
DA:350,0
DA:351,0
DA:354,0
DA:355,0
DA:358,0
DA:359,0
DA:362,0
DA:363,0
DA:366,0
DA:367,0
DA:370,0
DA:373,0
DA:380,0
DA:393,0
DA:394,0
DA:397,0
DA:398,0
DA:399,0
DA:401,0
DA:413,0
DA:414,0
DA:416,0
DA:425,0
DA:436,0
DA:438,0
DA:439,0
DA:451,0
DA:452,0
DA:455,0
DA:456,0
DA:459,0
DA:470,0
DA:471,0
DA:473,0
DA:484,0
DA:485,0
DA:487,0
DA:488,0
DA:495,0
DA:496,0
DA:497,0
DA:505,0
DA:506,0
DA:509,0
DA:510,0
DA:513,0
DA:514,0
DA:515,0
DA:516,0
DA:518,0
DA:521,0
DA:528,0
DA:529,0
DA:530,0
DA:533,0
DA:540,0
DA:543,0
DA:544,0
DA:552,0
DA:553,0
DA:560,0
DA:561,0
DA:562,0
DA:564,0
DA:565,0
DA:566,0
DA:569,0
DA:582,0
DA:583,0
LF:188
LH:0
BRDA:23,0,0,0
BRDA:35,1,0,0
BRDA:56,2,0,0
BRDA:66,3,0,0
BRDA:66,3,1,0
BRDA:105,4,0,0
BRDA:106,5,0,0
BRDA:120,6,0,0
BRDA:134,7,0,0
BRDA:143,8,0,0
BRDA:143,8,1,0
BRDA:163,9,0,0
BRDA:169,10,0,0
BRDA:190,11,0,0
BRDA:190,11,1,0
BRDA:190,11,2,0
BRDA:190,11,3,0
BRDA:190,11,4,0
BRDA:190,11,5,0
BRDA:190,11,6,0
BRDA:190,11,7,0
BRDA:190,11,8,0
BRDA:190,11,9,0
BRDA:190,11,10,0
BRDA:190,11,11,0
BRDA:190,11,12,0
BRDA:190,11,13,0
BRDA:190,11,14,0
BRDA:190,11,15,0
BRDA:190,11,16,0
BRDA:198,12,0,0
BRDA:198,12,1,0
BRDA:201,13,0,0
BRDA:201,13,1,0
BRDA:204,14,0,0
BRDA:204,14,1,0
BRDA:207,15,0,0
BRDA:207,15,1,0
BRDA:222,16,0,0
BRDA:222,16,1,0
BRDA:225,17,0,0
BRDA:225,17,1,0
BRDA:233,18,0,0
BRDA:233,18,1,0
BRDA:236,19,0,0
BRDA:236,19,1,0
BRDA:252,20,0,0
BRDA:252,20,1,0
BRDA:256,21,0,0
BRDA:256,21,1,0
BRDA:256,22,0,0
BRDA:256,22,1,0
BRDA:256,22,2,0
BRDA:256,22,3,0
BRDA:265,23,0,0
BRDA:265,23,1,0
BRDA:269,24,0,0
BRDA:269,24,1,0
BRDA:269,25,0,0
BRDA:269,25,1,0
BRDA:269,25,2,0
BRDA:269,25,3,0
BRDA:281,26,0,0
BRDA:281,26,1,0
BRDA:281,27,0,0
BRDA:281,27,1,0
BRDA:281,27,2,0
BRDA:281,27,3,0
BRDA:314,28,0,0
BRDA:316,29,0,0
BRDA:316,29,1,0
BRDA:322,30,0,0
BRDA:322,30,1,0
BRDA:344,31,0,0
BRDA:344,31,1,0
BRDA:344,31,2,0
BRDA:344,31,3,0
BRDA:344,31,4,0
BRDA:344,31,5,0
BRDA:344,31,6,0
BRDA:383,32,0,0
BRDA:383,32,1,0
BRDA:393,33,0,0
BRDA:393,33,1,0
BRDA:394,34,0,0
BRDA:394,34,1,0
BRDA:398,35,0,0
BRDA:398,35,1,0
BRDA:414,36,0,0
BRDA:414,36,1,0
BRDA:422,37,0,0
BRDA:422,37,1,0
BRDA:436,38,0,0
BRDA:436,38,1,0
BRDA:452,39,0,0
BRDA:452,39,1,0
BRDA:455,40,0,0
BRDA:485,41,0,0
BRDA:485,41,1,0
BRDA:487,42,0,0
BRDA:487,42,1,0
BRDA:497,43,0,0
BRDA:497,43,1,0
BRDA:505,44,0,0
BRDA:509,45,0,0
BRDA:513,46,0,0
BRDA:513,47,0,0
BRDA:513,47,1,0
BRDA:528,48,0,0
BRDA:528,49,0,0
BRDA:528,49,1,0
BRDA:528,49,2,0
BRDA:543,50,0,0
BRDA:553,51,0,0
BRDA:553,51,1,0
BRDA:566,52,0,0
BRDA:566,52,1,0
BRF:117
BRH:0
end_of_record
TN:
SF:src\services\rule-system\index.ts
FN:10,(anonymous_4)
FNF:1
FNH:0
FNDA:0,(anonymous_4)
DA:6,0
DA:7,0
DA:10,0
LF:3
LH:0
BRF:0
BRH:0
end_of_record
TN:
SF:src\services\rule-system\manager.ts
FN:20,(anonymous_0)
FN:31,(anonymous_1)
FN:56,(anonymous_2)
FN:58,(anonymous_3)
FN:62,(anonymous_4)
FN:67,(anonymous_5)
FN:71,(anonymous_6)
FN:75,(anonymous_7)
FN:80,(anonymous_8)
FN:85,(anonymous_9)
FN:90,(anonymous_10)
FN:99,(anonymous_11)
FN:126,(anonymous_12)
FN:152,(anonymous_13)
FN:175,(anonymous_14)
FN:187,(anonymous_15)
FN:198,(anonymous_16)
FN:222,(anonymous_17)
FN:229,(anonymous_18)
FN:236,(anonymous_19)
FN:243,(anonymous_20)
FN:250,(anonymous_21)
FN:257,(anonymous_22)
FN:264,(anonymous_23)
FN:271,(anonymous_24)
FN:278,(anonymous_25)
FN:285,(anonymous_26)
FN:292,(anonymous_27)
FN:299,(anonymous_28)
FN:306,(anonymous_29)
FN:313,(anonymous_30)
FN:320,(anonymous_31)
FN:327,(anonymous_32)
FN:330,(anonymous_33)
FN:333,(anonymous_34)
FN:346,(anonymous_35)
FN:359,(anonymous_36)
FN:366,(anonymous_37)
FN:379,(anonymous_38)
FN:390,(anonymous_39)
FN:398,(anonymous_40)
FN:403,(anonymous_41)
FN:417,(anonymous_42)
FN:434,(anonymous_43)
FNF:44
FNH:0
FNDA:0,(anonymous_0)
FNDA:0,(anonymous_1)
FNDA:0,(anonymous_2)
FNDA:0,(anonymous_3)
FNDA:0,(anonymous_4)
FNDA:0,(anonymous_5)
FNDA:0,(anonymous_6)
FNDA:0,(anonymous_7)
FNDA:0,(anonymous_8)
FNDA:0,(anonymous_9)
FNDA:0,(anonymous_10)
FNDA:0,(anonymous_11)
FNDA:0,(anonymous_12)
FNDA:0,(anonymous_13)
FNDA:0,(anonymous_14)
FNDA:0,(anonymous_15)
FNDA:0,(anonymous_16)
FNDA:0,(anonymous_17)
FNDA:0,(anonymous_18)
FNDA:0,(anonymous_19)
FNDA:0,(anonymous_20)
FNDA:0,(anonymous_21)
FNDA:0,(anonymous_22)
FNDA:0,(anonymous_23)
FNDA:0,(anonymous_24)
FNDA:0,(anonymous_25)
FNDA:0,(anonymous_26)
FNDA:0,(anonymous_27)
FNDA:0,(anonymous_28)
FNDA:0,(anonymous_29)
FNDA:0,(anonymous_30)
FNDA:0,(anonymous_31)
FNDA:0,(anonymous_32)
FNDA:0,(anonymous_33)
FNDA:0,(anonymous_34)
FNDA:0,(anonymous_35)
FNDA:0,(anonymous_36)
FNDA:0,(anonymous_37)
FNDA:0,(anonymous_38)
FNDA:0,(anonymous_39)
FNDA:0,(anonymous_40)
FNDA:0,(anonymous_41)
FNDA:0,(anonymous_42)
FNDA:0,(anonymous_43)
DA:6,0
DA:9,0
DA:10,0
DA:12,0
DA:16,0
DA:17,0
DA:18,0
DA:21,0
DA:22,0
DA:23,0
DA:24,0
DA:25,0
DA:32,0
DA:34,0
DA:37,0
DA:38,0
DA:39,0
DA:42,0
DA:43,0
DA:46,0
DA:48,0
DA:49,0
DA:58,0
DA:59,0
DA:62,0
DA:63,0
DA:67,0
DA:68,0
DA:71,0
DA:72,0
DA:75,0
DA:76,0
DA:80,0
DA:81,0
DA:82,0
DA:85,0
DA:86,0
DA:87,0
DA:90,0
DA:91,0
DA:92,0
DA:100,0
DA:102,0
DA:103,0
DA:106,0
DA:108,0
DA:111,0
DA:114,0
DA:116,0
DA:118,0
DA:119,0
DA:127,0
DA:130,0
DA:138,0
DA:141,0
DA:146,0
DA:157,0
DA:158,0
DA:159,0
DA:161,0
DA:166,0
DA:169,0
DA:199,0
DA:200,0
DA:203,0
DA:205,0
DA:206,0
DA:207,0
DA:208,0
DA:209,0
DA:211,0
DA:216,0
DA:223,0
DA:230,0
DA:237,0
DA:244,0
DA:251,0
DA:258,0
DA:265,0
DA:272,0
DA:279,0
DA:286,0
DA:293,0
DA:300,0
DA:307,0
DA:314,0
DA:321,0
DA:328,0
DA:330,0
DA:331,0
DA:332,0
DA:333,0
DA:335,0
DA:347,0
DA:360,0
DA:367,0
DA:368,0
DA:369,0
DA:370,0
DA:371,0
DA:373,0
DA:380,0
DA:381,0
DA:382,0
DA:383,0
DA:384,0
DA:391,0
DA:392,0
DA:399,0
DA:400,0
DA:402,0
DA:403,0
DA:418,0
DA:419,0
DA:425,0
DA:428,0
DA:436,0
DA:437,0
DA:443,0
DA:444,0
DA:450,0
DA:451,0
DA:457,0
LF:123
LH:0
BRDA:99,0,0,0
BRDA:100,1,0,0
BRDA:158,2,0,0
BRDA:158,2,1,0
BRDA:199,3,0,0
BRDA:199,4,0,0
BRDA:199,4,1,0
BRDA:207,5,0,0
BRDA:307,6,0,0
BRDA:307,6,1,0
BRDA:321,7,0,0
BRDA:321,7,1,0
BRDA:331,8,0,0
BRDA:331,8,1,0
BRDA:332,9,0,0
BRDA:332,9,1,0
BRDA:333,10,0,0
BRDA:333,10,1,0
BRDA:436,11,0,0
BRDA:436,12,0,0
BRDA:436,12,1,0
BRDA:436,12,2,0
BRDA:443,13,0,0
BRDA:443,14,0,0
BRDA:443,14,1,0
BRDA:450,15,0,0
BRF:26
BRH:0
end_of_record
TN:
SF:src\services\rule-system\processor.ts
FN:16,(anonymous_0)
FN:25,(anonymous_1)
FN:26,(anonymous_2)
FN:30,(anonymous_3)
FN:38,(anonymous_4)
FN:61,(anonymous_5)
FN:90,(anonymous_6)
FN:108,(anonymous_7)
FN:114,(anonymous_8)
FN:124,(anonymous_9)
FN:125,(anonymous_10)
FN:137,(anonymous_11)
FN:178,(anonymous_12)
FN:189,(anonymous_13)
FN:213,(anonymous_14)
FN:237,(anonymous_15)
FN:257,(anonymous_16)
FN:262,(anonymous_17)
FN:304,(anonymous_18)
FN:317,(anonymous_19)
FN:346,(anonymous_20)
FN:359,(anonymous_21)
FN:391,(anonymous_22)
FN:434,(anonymous_23)
FN:435,(anonymous_24)
FN:462,(anonymous_25)
FN:487,(anonymous_26)
FN:495,(anonymous_27)
FN:503,(anonymous_28)
FN:504,(anonymous_29)
FN:510,(anonymous_30)
FN:516,(anonymous_31)
FN:523,(anonymous_32)
FNF:33
FNH:0
FNDA:0,(anonymous_0)
FNDA:0,(anonymous_1)
FNDA:0,(anonymous_2)
FNDA:0,(anonymous_3)
FNDA:0,(anonymous_4)
FNDA:0,(anonymous_5)
FNDA:0,(anonymous_6)
FNDA:0,(anonymous_7)
FNDA:0,(anonymous_8)
FNDA:0,(anonymous_9)
FNDA:0,(anonymous_10)
FNDA:0,(anonymous_11)
FNDA:0,(anonymous_12)
FNDA:0,(anonymous_13)
FNDA:0,(anonymous_14)
FNDA:0,(anonymous_15)
FNDA:0,(anonymous_16)
FNDA:0,(anonymous_17)
FNDA:0,(anonymous_18)
FNDA:0,(anonymous_19)
FNDA:0,(anonymous_20)
FNDA:0,(anonymous_21)
FNDA:0,(anonymous_22)
FNDA:0,(anonymous_23)
FNDA:0,(anonymous_24)
FNDA:0,(anonymous_25)
FNDA:0,(anonymous_26)
FNDA:0,(anonymous_27)
FNDA:0,(anonymous_28)
FNDA:0,(anonymous_29)
FNDA:0,(anonymous_30)
FNDA:0,(anonymous_31)
FNDA:0,(anonymous_32)
DA:6,0
DA:10,0
DA:12,0
DA:13,0
DA:14,0
DA:17,0
DA:18,0
DA:19,0
DA:26,0
DA:27,0
DA:30,0
DA:31,0
DA:39,0
DA:53,0
DA:54,0
DA:55,0
DA:66,0
DA:67,0
DA:68,0
DA:71,0
DA:72,0
DA:74,0
DA:83,0
DA:84,0
DA:85,0
DA:87,0
DA:90,0
DA:91,0
DA:93,0
DA:94,0
DA:95,0
DA:98,0
DA:99,0
DA:101,0
DA:102,0
DA:114,0
DA:115,0
DA:116,0
DA:117,0
DA:120,0
DA:123,0
DA:124,0
DA:125,0
DA:128,0
DA:131,0
DA:143,0
DA:145,0
DA:146,0
DA:147,0
DA:148,0
DA:151,0
DA:152,0
DA:153,0
DA:155,0
DA:156,0
DA:159,0
DA:160,0
DA:163,0
DA:172,0
DA:184,0
DA:186,0
DA:187,0
DA:188,0
DA:189,0
DA:191,0
DA:192,0
DA:195,0
DA:196,0
DA:199,0
DA:202,0
DA:203,0
DA:207,0
DA:218,0
DA:229,0
DA:230,0
DA:231,0
DA:242,0
DA:243,0
DA:244,0
DA:247,0
DA:255,0
DA:256,0
DA:258,0
DA:262,0
DA:263,0
DA:265,0
DA:266,0
DA:268,0
DA:269,0
DA:271,0
DA:272,0
DA:274,0
DA:275,0
DA:277,0
DA:278,0
DA:281,0
DA:283,0
DA:284,0
DA:285,0
DA:286,0
DA:287,0
DA:291,0
DA:294,0
DA:297,0
DA:298,0
DA:309,0
DA:310,0
DA:312,0
DA:314,0
DA:315,0
DA:316,0
DA:317,0
DA:318,0
DA:320,0
DA:322,0
DA:323,0
DA:325,0
DA:328,0
DA:334,0
DA:353,0
DA:364,0
DA:377,0
DA:378,0
DA:381,0
DA:382,0
DA:385,0
DA:396,0
DA:397,0
DA:398,0
DA:401,0
DA:402,0
DA:403,0
DA:405,0
DA:407,0
DA:408,0
DA:412,0
DA:418,0
DA:419,0
DA:420,0
DA:423,0
DA:424,0
DA:426,0
DA:427,0
DA:435,0
DA:436,0
DA:437,0
DA:439,0
DA:440,0
DA:441,0
DA:445,0
DA:446,0
DA:447,0
DA:450,0
DA:451,0
DA:456,0
DA:469,0
DA:470,0
DA:475,0
DA:476,0
DA:477,0
DA:479,0
DA:480,0
DA:489,0
DA:497,0
DA:504,0
DA:511,0
DA:516,0
DA:525,0
DA:526,0
DA:527,0
DA:531,0
DA:532,0
DA:533,0
LF:173
LH:0
BRDA:38,0,0,0
BRDA:43,1,0,0
BRDA:43,1,1,0
BRDA:44,2,0,0
BRDA:44,2,1,0
BRDA:45,3,0,0
BRDA:45,3,1,0
BRDA:46,4,0,0
BRDA:46,4,1,0
BRDA:64,5,0,0
BRDA:67,6,0,0
BRDA:84,7,0,0
BRDA:84,7,1,0
BRDA:91,8,0,0
BRDA:91,8,1,0
BRDA:94,9,0,0
BRDA:94,9,1,0
BRDA:116,10,0,0
BRDA:120,11,0,0
BRDA:120,11,1,0
BRDA:123,12,0,0
BRDA:147,13,0,0
BRDA:152,14,0,0
BRDA:152,14,1,0
BRDA:155,15,0,0
BRDA:155,16,0,0
BRDA:155,16,1,0
BRDA:159,17,0,0
BRDA:166,18,0,0
BRDA:166,18,1,0
BRDA:191,19,0,0
BRDA:191,20,0,0
BRDA:191,20,1,0
BRDA:195,21,0,0
BRDA:196,22,0,0
BRDA:196,22,1,0
BRDA:199,23,0,0
BRDA:199,23,1,0
BRDA:202,24,0,0
BRDA:207,25,0,0
BRDA:207,25,1,0
BRDA:216,26,0,0
BRDA:222,27,0,0
BRDA:222,27,1,0
BRDA:223,28,0,0
BRDA:223,28,1,0
BRDA:243,29,0,0
BRDA:266,30,0,0
BRDA:266,30,1,0
BRDA:266,30,2,0
BRDA:266,30,3,0
BRDA:281,31,0,0
BRDA:284,32,0,0
BRDA:294,33,0,0
BRDA:294,33,1,0
BRDA:312,34,0,0
BRDA:312,34,1,0
BRDA:315,35,0,0
BRDA:318,36,0,0
BRDA:318,36,1,0
BRDA:320,37,0,0
BRDA:320,37,1,0
BRDA:323,38,0,0
BRDA:337,39,0,0
BRDA:337,39,1,0
BRDA:362,40,0,0
BRDA:368,41,0,0
BRDA:368,41,1,0
BRDA:369,42,0,0
BRDA:369,42,1,0
BRDA:370,43,0,0
BRDA:370,43,1,0
BRDA:381,44,0,0
BRDA:397,45,0,0
BRDA:407,46,0,0
BRDA:407,47,0,0
BRDA:407,47,1,0
BRDA:415,48,0,0
BRDA:415,48,1,0
BRDA:440,49,0,0
BRDA:450,50,0,0
BRDA:526,51,0,0
BRF:82
BRH:0
end_of_record
TN:
SF:src\types\base.ts
FN:31,(anonymous_0)
FN:46,(anonymous_1)
FN:65,(anonymous_2)
FN:77,(anonymous_3)
FN:115,(anonymous_4)
FN:137,(anonymous_5)
FN:169,(anonymous_6)
FN:203,(anonymous_7)
FN:224,(anonymous_8)
FN:233,(anonymous_9)
FN:392,(anonymous_10)
FN:402,(anonymous_11)
FNF:12
FNH:12
FNDA:2,(anonymous_0)
FNDA:2,(anonymous_1)
FNDA:2,(anonymous_2)
FNDA:2,(anonymous_3)
FNDA:2,(anonymous_4)
FNDA:2,(anonymous_5)
FNDA:2,(anonymous_6)
FNDA:2,(anonymous_7)
FNDA:2,(anonymous_8)
FNDA:2,(anonymous_9)
FNDA:2,(anonymous_10)
FNDA:2,(anonymous_11)
DA:31,2
DA:32,2
DA:33,2
DA:34,2
DA:35,2
DA:36,2
DA:46,2
DA:47,2
DA:48,2
DA:49,2
DA:50,2
DA:51,2
DA:52,2
DA:53,2
DA:54,2
DA:55,2
DA:56,2
DA:57,2
DA:58,2
DA:59,2
DA:60,2
DA:61,2
DA:62,2
DA:65,2
DA:66,2
DA:67,2
DA:68,2
DA:77,2
DA:78,2
DA:79,2
DA:80,2
DA:81,2
DA:82,2
DA:83,2
DA:115,2
DA:116,2
DA:117,2
DA:118,2
DA:119,2
DA:120,2
DA:121,2
DA:122,2
DA:123,2
DA:124,2
DA:125,2
DA:126,2
DA:137,2
DA:138,2
DA:139,2
DA:140,2
DA:141,2
DA:142,2
DA:143,2
DA:169,2
DA:170,2
DA:171,2
DA:172,2
DA:173,2
DA:174,2
DA:175,2
DA:176,2
DA:203,2
DA:204,2
DA:205,2
DA:206,2
DA:207,2
DA:208,2
DA:224,2
DA:225,2
DA:226,2
DA:227,2
DA:228,2
DA:229,2
DA:230,2
DA:233,2
DA:234,2
DA:235,2
DA:236,2
DA:237,2
DA:238,2
DA:392,2
DA:393,2
DA:394,2
DA:395,2
DA:396,2
DA:397,2
DA:398,2
DA:399,2
DA:402,2
DA:403,2
DA:404,2
DA:405,2
DA:406,2
LF:93
LH:93
BRDA:31,0,0,2
BRDA:31,0,1,2
BRDA:46,1,0,2
BRDA:46,1,1,2
BRDA:65,2,0,2
BRDA:65,2,1,2
BRDA:77,3,0,2
BRDA:77,3,1,2
BRDA:115,4,0,2
BRDA:115,4,1,2
BRDA:137,5,0,2
BRDA:137,5,1,2
BRDA:169,6,0,2
BRDA:169,6,1,2
BRDA:203,7,0,2
BRDA:203,7,1,2
BRDA:224,8,0,2
BRDA:224,8,1,2
BRDA:233,9,0,2
BRDA:233,9,1,2
BRDA:392,10,0,2
BRDA:392,10,1,2
BRDA:402,11,0,2
BRDA:402,11,1,2
BRF:24
BRH:24
end_of_record
TN:
SF:src\types\index.ts
FNF:0
FNH:0
DA:8,0
LF:1
LH:0
BRF:0
BRH:0
end_of_record
TN:
SF:src\utils\cache.ts
FN:35,(anonymous_9)
FN:58,(anonymous_10)
FN:59,(anonymous_11)
FN:64,(anonymous_12)
FN:71,(anonymous_13)
FN:80,(anonymous_14)
FN:100,(anonymous_15)
FN:103,(anonymous_16)
FN:113,(anonymous_17)
FN:166,(anonymous_18)
FN:193,(anonymous_19)
FN:207,(anonymous_20)
FN:226,(anonymous_21)
FN:237,(anonymous_22)
FN:241,(anonymous_23)
FN:242,(anonymous_24)
FN:245,(anonymous_25)
FN:246,(anonymous_26)
FN:249,(anonymous_27)
FN:264,(anonymous_28)
FN:278,(anonymous_29)
FN:293,(anonymous_30)
FN:310,(anonymous_31)
FN:312,(anonymous_32)
FN:313,(anonymous_33)
FN:322,(anonymous_34)
FN:323,(anonymous_35)
FN:328,(anonymous_36)
FN:332,(anonymous_37)
FN:336,(anonymous_38)
FN:357,(anonymous_39)
FN:361,(anonymous_40)
FN:393,(anonymous_41)
FN:397,(anonymous_42)
FN:419,(anonymous_43)
FN:423,(anonymous_44)
FN:440,(anonymous_45)
FN:457,(anonymous_46)
FN:469,(anonymous_47)
FN:470,(anonymous_48)
FN:471,(anonymous_49)
FN:472,(anonymous_50)
FN:473,(anonymous_51)
FN:479,(anonymous_52)
FN:483,(anonymous_53)
FN:494,(anonymous_54)
FN:498,(anonymous_55)
FN:508,(anonymous_56)
FN:516,(anonymous_57)
FNF:49
FNH:0
FNDA:0,(anonymous_9)
FNDA:0,(anonymous_10)
FNDA:0,(anonymous_11)
FNDA:0,(anonymous_12)
FNDA:0,(anonymous_13)
FNDA:0,(anonymous_14)
FNDA:0,(anonymous_15)
FNDA:0,(anonymous_16)
FNDA:0,(anonymous_17)
FNDA:0,(anonymous_18)
FNDA:0,(anonymous_19)
FNDA:0,(anonymous_20)
FNDA:0,(anonymous_21)
FNDA:0,(anonymous_22)
FNDA:0,(anonymous_23)
FNDA:0,(anonymous_24)
FNDA:0,(anonymous_25)
FNDA:0,(anonymous_26)
FNDA:0,(anonymous_27)
FNDA:0,(anonymous_28)
FNDA:0,(anonymous_29)
FNDA:0,(anonymous_30)
FNDA:0,(anonymous_31)
FNDA:0,(anonymous_32)
FNDA:0,(anonymous_33)
FNDA:0,(anonymous_34)
FNDA:0,(anonymous_35)
FNDA:0,(anonymous_36)
FNDA:0,(anonymous_37)
FNDA:0,(anonymous_38)
FNDA:0,(anonymous_39)
FNDA:0,(anonymous_40)
FNDA:0,(anonymous_41)
FNDA:0,(anonymous_42)
FNDA:0,(anonymous_43)
FNDA:0,(anonymous_44)
FNDA:0,(anonymous_45)
FNDA:0,(anonymous_46)
FNDA:0,(anonymous_47)
FNDA:0,(anonymous_48)
FNDA:0,(anonymous_49)
FNDA:0,(anonymous_50)
FNDA:0,(anonymous_51)
FNDA:0,(anonymous_52)
FNDA:0,(anonymous_53)
FNDA:0,(anonymous_54)
FNDA:0,(anonymous_55)
FNDA:0,(anonymous_56)
FNDA:0,(anonymous_57)
DA:1,0
DA:2,0
DA:27,0
DA:29,0
DA:30,0
DA:31,0
DA:32,0
DA:33,0
DA:36,0
DA:38,0
DA:51,0
DA:53,0
DA:54,0
DA:59,0
DA:60,0
DA:65,0
DA:66,0
DA:67,0
DA:72,0
DA:73,0
DA:74,0
DA:76,0
DA:81,0
DA:84,0
DA:85,0
DA:87,0
DA:88,0
DA:89,0
DA:90,0
DA:94,0
DA:95,0
DA:96,0
DA:102,0
DA:103,0
DA:105,0
DA:106,0
DA:107,0
DA:108,0
DA:119,0
DA:120,0
DA:121,0
DA:125,0
DA:126,0
DA:127,0
DA:131,0
DA:132,0
DA:136,0
DA:137,0
DA:140,0
DA:151,0
DA:152,0
DA:154,0
DA:163,0
DA:167,0
DA:169,0
DA:170,0
DA:171,0
DA:172,0
DA:176,0
DA:177,0
DA:178,0
DA:179,0
DA:180,0
DA:184,0
DA:185,0
DA:187,0
DA:188,0
DA:190,0
DA:194,0
DA:196,0
DA:199,0
DA:200,0
DA:201,0
DA:204,0
DA:208,0
DA:210,0
DA:212,0
DA:213,0
DA:215,0
DA:222,0
DA:223,0
DA:227,0
DA:228,0
DA:229,0
DA:230,0
DA:231,0
DA:233,0
DA:234,0
DA:238,0
DA:242,0
DA:246,0
DA:250,0
DA:252,0
DA:253,0
DA:255,0
DA:256,0
DA:261,0
DA:265,0
DA:267,0
DA:268,0
DA:269,0
DA:270,0
DA:274,0
DA:275,0
DA:279,0
DA:281,0
DA:283,0
DA:284,0
DA:286,0
DA:287,0
DA:290,0
DA:294,0
DA:295,0
DA:297,0
DA:298,0
DA:299,0
DA:300,0
DA:304,0
DA:305,0
DA:306,0
DA:311,0
DA:312,0
DA:313,0
DA:315,0
DA:322,0
DA:323,0
DA:329,0
DA:333,0
DA:337,0
DA:338,0
DA:339,0
DA:343,0
DA:344,0
DA:347,0
DA:348,0
DA:351,0
DA:358,0
DA:360,0
DA:361,0
DA:362,0
DA:363,0
DA:365,0
DA:366,0
DA:374,0
DA:375,0
DA:376,0
DA:380,0
DA:386,0
DA:394,0
DA:396,0
DA:397,0
DA:398,0
DA:404,0
DA:406,0
DA:412,0
DA:420,0
DA:422,0
DA:423,0
DA:424,0
DA:428,0
DA:429,0
DA:431,0
DA:436,0
DA:437,0
DA:441,0
DA:443,0
DA:461,0
DA:462,0
DA:465,0
DA:466,0
DA:469,0
DA:470,0
DA:471,0
DA:472,0
DA:473,0
DA:475,0
DA:476,0
DA:480,0
DA:484,0
DA:485,0
DA:487,0
DA:488,0
DA:490,0
DA:491,0
DA:495,0
DA:499,0
DA:501,0
DA:502,0
DA:505,0
DA:509,0
DA:510,0
DA:513,0
DA:517,0
DA:518,0
DA:521,0
DA:522,0
DA:524,0
DA:529,0
LF:198
LH:0
BRDA:35,0,0,0
BRDA:53,1,0,0
BRDA:53,2,0,0
BRDA:53,2,1,0
BRDA:65,3,0,0
BRDA:81,4,0,0
BRDA:88,5,0,0
BRDA:94,6,0,0
BRDA:107,7,0,0
BRDA:107,8,0,0
BRDA:107,8,1,0
BRDA:121,9,0,0
BRDA:121,9,1,0
BRDA:122,10,0,0
BRDA:122,10,1,0
BRDA:122,11,0,0
BRDA:122,11,1,0
BRDA:122,12,0,0
BRDA:122,12,1,0
BRDA:125,13,0,0
BRDA:131,14,0,0
BRDA:131,14,1,0
BRDA:136,15,0,0
BRDA:136,15,1,0
BRDA:169,16,0,0
BRDA:176,17,0,0
BRDA:176,18,0,0
BRDA:176,18,1,0
BRDA:196,19,0,0
BRDA:199,20,0,0
BRDA:199,21,0,0
BRDA:199,21,1,0
BRDA:210,22,0,0
BRDA:253,23,0,0
BRDA:253,24,0,0
BRDA:253,24,1,0
BRDA:255,25,0,0
BRDA:255,26,0,0
BRDA:255,26,1,0
BRDA:268,27,0,0
BRDA:268,28,0,0
BRDA:268,28,1,0
BRDA:281,29,0,0
BRDA:286,30,0,0
BRDA:287,31,0,0
BRDA:287,31,1,0
BRDA:298,32,0,0
BRDA:298,33,0,0
BRDA:298,33,1,0
BRDA:304,34,0,0
BRDA:320,35,0,0
BRDA:320,35,1,0
BRDA:322,36,0,0
BRDA:322,36,1,0
BRDA:323,37,0,0
BRDA:323,37,1,0
BRDA:324,38,0,0
BRDA:324,38,1,0
BRDA:338,39,0,0
BRDA:347,40,0,0
BRDA:347,40,1,0
BRDA:358,41,0,0
BRDA:365,42,0,0
BRDA:365,42,1,0
BRDA:369,43,0,0
BRDA:369,43,1,0
BRDA:374,44,0,0
BRDA:374,45,0,0
BRDA:374,45,1,0
BRDA:394,46,0,0
BRDA:394,47,0,0
BRDA:394,47,1,0
BRDA:422,48,0,0
BRDA:440,49,0,0
BRDA:461,50,0,0
BRDA:485,51,0,0
BRF:76
BRH:0
end_of_record
TN:
SF:src\utils\data-utils.ts
FN:9,deepClone
FN:19,(anonymous_1)
FN:38,mergeObjects
FN:57,isEmpty
FN:76,getNestedValue
FN:77,(anonymous_5)
FN:85,setNestedValue
FN:91,(anonymous_7)
FNF:8
FNH:0
FNDA:0,deepClone
FNDA:0,(anonymous_1)
FNDA:0,mergeObjects
FNDA:0,isEmpty
FNDA:0,getNestedValue
FNDA:0,(anonymous_5)
FNDA:0,setNestedValue
FNDA:0,(anonymous_7)
DA:9,0
DA:10,0
DA:11,0
DA:14,0
DA:15,0
DA:18,0
DA:19,0
DA:22,0
DA:23,0
DA:24,0
DA:25,0
DA:26,0
DA:29,0
DA:32,0
DA:38,0
DA:39,0
DA:41,0
DA:42,0
DA:43,0
DA:44,0
DA:45,0
DA:51,0
DA:57,0
DA:58,0
DA:59,0
DA:62,0
DA:63,0
DA:66,0
DA:67,0
DA:70,0
DA:76,0
DA:77,0
DA:78,0
DA:85,0
DA:86,0
DA:87,0
DA:89,0
DA:91,0
DA:92,0
DA:93,0
DA:95,0
DA:98,0
LF:42
LH:0
BRDA:10,0,0,0
BRDA:10,1,0,0
BRDA:10,1,1,0
BRDA:14,2,0,0
BRDA:18,3,0,0
BRDA:22,4,0,0
BRDA:25,5,0,0
BRDA:42,6,0,0
BRDA:44,7,0,0
BRDA:58,8,0,0
BRDA:58,9,0,0
BRDA:58,9,1,0
BRDA:62,10,0,0
BRDA:62,11,0,0
BRDA:62,11,1,0
BRDA:66,12,0,0
BRDA:78,13,0,0
BRDA:78,13,1,0
BRDA:78,14,0,0
BRDA:78,14,1,0
BRDA:89,15,0,0
BRDA:92,16,0,0
BRDA:92,17,0,0
BRDA:92,17,1,0
BRF:24
BRH:0
end_of_record
TN:
SF:src\utils\file-utils.ts
FN:12,fileExists
FN:23,ensureDir
FN:32,readJsonFile
FN:44,writeJsonFile
FN:57,getFileSize
FNF:5
FNH:0
FNDA:0,fileExists
FNDA:0,ensureDir
FNDA:0,readJsonFile
FNDA:0,writeJsonFile
FNDA:0,getFileSize
DA:6,0
DA:7,0
DA:12,0
DA:13,0
DA:14,0
DA:16,0
DA:23,0
DA:24,0
DA:25,0
DA:32,0
DA:33,0
DA:34,0
DA:35,0
DA:37,0
DA:44,0
DA:45,0
DA:46,0
DA:47,0
DA:48,0
DA:50,0
DA:57,0
DA:58,0
DA:59,0
DA:60,0
DA:62,0
LF:25
LH:0
BRDA:24,0,0,0
BRF:1
BRH:0
end_of_record
TN:
SF:src\utils\helpers.ts
FN:4,delay
FN:5,(anonymous_1)
FN:9,retry
FN:60,debounce
FN:68,(anonymous_4)
FN:69,(anonymous_5)
FN:84,(anonymous_6)
FN:95,throttle
FN:102,(anonymous_8)
FN:106,(anonymous_9)
FN:111,(anonymous_10)
FN:119,deepClone
FN:129,(anonymous_12)
FN:146,deepMerge
FN:168,isObject
FN:173,generateId
FN:185,generateUUID
FN:186,(anonymous_17)
FN:194,formatBytes
FN:207,formatDuration
FN:227,cosineSimilarity
FN:252,levenshteinDistance
FN:283,textSimilarity
FN:292,unique
FN:298,(anonymous_24)
FN:309,groupBy
FN:313,(anonymous_26)
FN:324,chunk
FN:333,sample
FN:356,shuffle
FN:368,range
FN:389,safeJsonParse
FN:401,safeJsonStringify
FN:415,isString
FN:420,isNumber
FN:425,isBoolean
FN:430,isArray
FN:435,isFunction
FN:440,isPromise
FN:445,isEmpty
FN:453,getEnv
FN:458,getEnvNumber
FN:467,getEnvBoolean
FN:475,createCancellablePromise
FN:484,(anonymous_44)
FN:485,(anonymous_45)
FN:490,(anonymous_46)
FN:497,withTimeout
FN:504,(anonymous_48)
FN:505,(anonymous_49)
FN:511,batch
FN:533,concurrentLimit
FN:545,(anonymous_52)
FN:553,(anonymous_53)
FNF:54
FNH:0
FNDA:0,delay
FNDA:0,(anonymous_1)
FNDA:0,retry
FNDA:0,debounce
FNDA:0,(anonymous_4)
FNDA:0,(anonymous_5)
FNDA:0,(anonymous_6)
FNDA:0,throttle
FNDA:0,(anonymous_8)
FNDA:0,(anonymous_9)
FNDA:0,(anonymous_10)
FNDA:0,deepClone
FNDA:0,(anonymous_12)
FNDA:0,deepMerge
FNDA:0,isObject
FNDA:0,generateId
FNDA:0,generateUUID
FNDA:0,(anonymous_17)
FNDA:0,formatBytes
FNDA:0,formatDuration
FNDA:0,cosineSimilarity
FNDA:0,levenshteinDistance
FNDA:0,textSimilarity
FNDA:0,unique
FNDA:0,(anonymous_24)
FNDA:0,groupBy
FNDA:0,(anonymous_26)
FNDA:0,chunk
FNDA:0,sample
FNDA:0,shuffle
FNDA:0,range
FNDA:0,safeJsonParse
FNDA:0,safeJsonStringify
FNDA:0,isString
FNDA:0,isNumber
FNDA:0,isBoolean
FNDA:0,isArray
FNDA:0,isFunction
FNDA:0,isPromise
FNDA:0,isEmpty
FNDA:0,getEnv
FNDA:0,getEnvNumber
FNDA:0,getEnvBoolean
FNDA:0,createCancellablePromise
FNDA:0,(anonymous_44)
FNDA:0,(anonymous_45)
FNDA:0,(anonymous_46)
FNDA:0,withTimeout
FNDA:0,(anonymous_48)
FNDA:0,(anonymous_49)
FNDA:0,batch
FNDA:0,concurrentLimit
FNDA:0,(anonymous_52)
FNDA:0,(anonymous_53)
DA:1,0
DA:4,0
DA:5,0
DA:9,0
DA:23,0
DA:27,0
DA:28,0
DA:29,0
DA:31,0
DA:33,0
DA:34,0
DA:37,0
DA:38,0
DA:41,0
DA:45,0
DA:52,0
DA:56,0
DA:60,0
DA:65,0
DA:68,0
DA:69,0
DA:70,0
DA:71,0
DA:74,0
DA:76,0
DA:77,0
DA:79,0
DA:81,0
DA:84,0
DA:85,0
DA:86,0
DA:87,0
DA:91,0
DA:95,0
DA:99,0
DA:102,0
DA:103,0
DA:104,0
DA:105,0
DA:106,0
DA:108,0
DA:111,0
DA:112,0
DA:115,0
DA:119,0
DA:120,0
DA:121,0
DA:124,0
DA:125,0
DA:128,0
DA:129,0
DA:132,0
DA:133,0
DA:134,0
DA:135,0
DA:136,0
DA:139,0
DA:142,0
DA:146,0
DA:150,0
DA:151,0
DA:153,0
DA:154,0
DA:155,0
DA:156,0
DA:157,0
DA:159,0
DA:164,0
DA:169,0
DA:173,0
DA:174,0
DA:175,0
DA:177,0
DA:178,0
DA:181,0
DA:185,0
DA:186,0
DA:187,0
DA:188,0
DA:189,0
DA:194,0
DA:195,0
DA:197,0
DA:198,0
DA:199,0
DA:201,0
DA:203,0
DA:207,0
DA:208,0
DA:209,0
DA:210,0
DA:211,0
DA:213,0
DA:214,0
DA:215,0
DA:216,0
DA:217,0
DA:218,0
DA:219,0
DA:220,0
DA:222,0
DA:227,0
DA:228,0
DA:229,0
DA:232,0
DA:233,0
DA:234,0
DA:236,0
DA:237,0
DA:238,0
DA:239,0
DA:240,0
DA:241,0
DA:244,0
DA:245,0
DA:248,0
DA:252,0
DA:253,0
DA:256,0
DA:257,0
DA:260,0
DA:261,0
DA:265,0
DA:266,0
DA:267,0
DA:268,0
DA:270,0
DA:279,0
DA:283,0
DA:284,0
DA:285,0
DA:287,0
DA:288,0
DA:292,0
DA:293,0
DA:294,0
DA:297,0
DA:298,0
DA:299,0
DA:300,0
DA:301,0
DA:303,0
DA:304,0
DA:309,0
DA:313,0
DA:314,0
DA:315,0
DA:316,0
DA:318,0
DA:319,0
DA:324,0
DA:325,0
DA:326,0
DA:327,0
DA:329,0
DA:333,0
DA:334,0
DA:335,0
DA:338,0
DA:339,0
DA:341,0
DA:342,0
DA:343,0
DA:344,0
DA:345,0
DA:346,0
DA:347,0
DA:352,0
DA:356,0
DA:357,0
DA:358,0
DA:359,0
DA:360,0
DA:361,0
DA:362,0
DA:364,0
DA:368,0
DA:369,0
DA:370,0
DA:371,0
DA:374,0
DA:375,0
DA:376,0
DA:377,0
DA:379,0
DA:380,0
DA:381,0
DA:385,0
DA:389,0
DA:393,0
DA:394,0
DA:396,0
DA:401,0
DA:406,0
DA:407,0
DA:409,0
DA:410,0
DA:415,0
DA:416,0
DA:420,0
DA:421,0
DA:425,0
DA:426,0
DA:430,0
DA:431,0
DA:435,0
DA:436,0
DA:440,0
DA:441,0
DA:445,0
DA:446,0
DA:447,0
DA:448,0
DA:449,0
DA:453,0
DA:454,0
DA:458,0
DA:459,0
DA:460,0
DA:462,0
DA:463,0
DA:467,0
DA:468,0
DA:469,0
DA:471,0
DA:475,0
DA:482,0
DA:484,0
DA:485,0
DA:488,0
DA:491,0
DA:497,0
DA:502,0
DA:505,0
DA:511,0
DA:517,0
DA:518,0
DA:520,0
DA:521,0
DA:522,0
DA:524,0
DA:525,0
DA:529,0
DA:533,0
DA:538,0
DA:539,0
DA:541,0
DA:542,0
DA:543,0
DA:545,0
DA:546,0
DA:549,0
DA:551,0
DA:552,0
DA:553,0
DA:557,0
DA:558,0
LF:257
LH:0
BRDA:11,0,0,0
BRDA:19,1,0,0
BRDA:20,2,0,0
BRDA:21,3,0,0
BRDA:33,4,0,0
BRDA:37,5,0,0
BRDA:41,6,0,0
BRDA:41,6,1,0
BRDA:63,7,0,0
BRDA:71,8,0,0
BRDA:74,9,0,0
BRDA:74,9,1,0
BRDA:76,10,0,0
BRDA:79,11,0,0
BRDA:85,12,0,0
BRDA:103,13,0,0
BRDA:120,14,0,0
BRDA:120,15,0,0
BRDA:120,15,1,0
BRDA:124,16,0,0
BRDA:128,17,0,0
BRDA:132,18,0,0
BRDA:135,19,0,0
BRDA:150,20,0,0
BRDA:153,21,0,0
BRDA:153,22,0,0
BRDA:153,22,1,0
BRDA:155,23,0,0
BRDA:155,23,1,0
BRDA:156,24,0,0
BRDA:169,25,0,0
BRDA:169,25,1,0
BRDA:169,25,2,0
BRDA:173,26,0,0
BRDA:173,27,0,0
BRDA:181,28,0,0
BRDA:181,28,1,0
BRDA:188,29,0,0
BRDA:188,29,1,0
BRDA:194,30,0,0
BRDA:195,31,0,0
BRDA:198,32,0,0
BRDA:198,32,1,0
BRDA:213,33,0,0
BRDA:213,33,1,0
BRDA:215,34,0,0
BRDA:215,34,1,0
BRDA:217,35,0,0
BRDA:217,35,1,0
BRDA:219,36,0,0
BRDA:219,36,1,0
BRDA:228,37,0,0
BRDA:244,38,0,0
BRDA:244,39,0,0
BRDA:244,39,1,0
BRDA:267,40,0,0
BRDA:267,40,1,0
BRDA:285,41,0,0
BRDA:293,42,0,0
BRDA:300,43,0,0
BRDA:315,44,0,0
BRDA:333,45,0,0
BRDA:334,46,0,0
BRDA:343,47,0,0
BRDA:346,48,0,0
BRDA:368,49,0,0
BRDA:369,50,0,0
BRDA:375,51,0,0
BRDA:375,51,1,0
BRDA:379,52,0,0
BRDA:391,53,0,0
BRDA:421,54,0,0
BRDA:421,54,1,0
BRDA:441,55,0,0
BRDA:441,55,1,0
BRDA:446,56,0,0
BRDA:447,57,0,0
BRDA:447,58,0,0
BRDA:447,58,1,0
BRDA:448,59,0,0
BRDA:454,60,0,0
BRDA:454,60,1,0
BRDA:460,61,0,0
BRDA:463,62,0,0
BRDA:463,62,1,0
BRDA:469,63,0,0
BRDA:471,64,0,0
BRDA:471,64,1,0
BRDA:500,65,0,0
BRDA:514,66,0,0
BRDA:515,67,0,0
BRDA:524,68,0,0
BRDA:524,69,0,0
BRDA:524,69,1,0
BRDA:536,70,0,0
BRDA:543,71,0,0
BRDA:551,72,0,0
BRF:97
BRH:0
end_of_record
TN:
SF:src\utils\index.ts
FN:18,(anonymous_4)
FN:18,(anonymous_5)
FN:22,(anonymous_6)
FN:23,(anonymous_7)
FN:30,(anonymous_8)
FN:31,(anonymous_9)
FN:32,(anonymous_10)
FN:40,(anonymous_11)
FN:41,(anonymous_12)
FN:42,(anonymous_13)
FN:43,(anonymous_14)
FN:44,(anonymous_15)
FN:45,(anonymous_16)
FN:48,(anonymous_17)
FN:49,(anonymous_18)
FN:52,(anonymous_19)
FN:53,(anonymous_20)
FN:56,(anonymous_21)
FN:57,(anonymous_22)
FN:60,(anonymous_23)
FN:61,(anonymous_24)
FN:64,(anonymous_25)
FN:65,(anonymous_26)
FN:66,(anonymous_27)
FN:69,(anonymous_28)
FN:70,(anonymous_29)
FN:71,(anonymous_30)
FN:72,(anonymous_31)
FN:73,(anonymous_32)
FN:74,(anonymous_33)
FN:77,(anonymous_34)
FN:78,(anonymous_35)
FN:81,(anonymous_36)
FN:82,(anonymous_37)
FN:83,(anonymous_38)
FN:84,(anonymous_39)
FN:85,(anonymous_40)
FN:86,(anonymous_41)
FN:87,(anonymous_42)
FN:90,(anonymous_43)
FN:91,(anonymous_44)
FN:92,(anonymous_45)
FNF:42
FNH:0
FNDA:0,(anonymous_4)
FNDA:0,(anonymous_5)
FNDA:0,(anonymous_6)
FNDA:0,(anonymous_7)
FNDA:0,(anonymous_8)
FNDA:0,(anonymous_9)
FNDA:0,(anonymous_10)
FNDA:0,(anonymous_11)
FNDA:0,(anonymous_12)
FNDA:0,(anonymous_13)
FNDA:0,(anonymous_14)
FNDA:0,(anonymous_15)
FNDA:0,(anonymous_16)
FNDA:0,(anonymous_17)
FNDA:0,(anonymous_18)
FNDA:0,(anonymous_19)
FNDA:0,(anonymous_20)
FNDA:0,(anonymous_21)
FNDA:0,(anonymous_22)
FNDA:0,(anonymous_23)
FNDA:0,(anonymous_24)
FNDA:0,(anonymous_25)
FNDA:0,(anonymous_26)
FNDA:0,(anonymous_27)
FNDA:0,(anonymous_28)
FNDA:0,(anonymous_29)
FNDA:0,(anonymous_30)
FNDA:0,(anonymous_31)
FNDA:0,(anonymous_32)
FNDA:0,(anonymous_33)
FNDA:0,(anonymous_34)
FNDA:0,(anonymous_35)
FNDA:0,(anonymous_36)
FNDA:0,(anonymous_37)
FNDA:0,(anonymous_38)
FNDA:0,(anonymous_39)
FNDA:0,(anonymous_40)
FNDA:0,(anonymous_41)
FNDA:0,(anonymous_42)
FNDA:0,(anonymous_43)
FNDA:0,(anonymous_44)
FNDA:0,(anonymous_45)
DA:9,0
DA:12,0
DA:15,0
DA:18,0
DA:21,0
DA:22,0
DA:23,0
DA:29,0
DA:30,0
DA:31,0
DA:32,0
DA:38,0
DA:40,0
DA:41,0
DA:42,0
DA:43,0
DA:44,0
DA:45,0
DA:48,0
DA:49,0
DA:52,0
DA:53,0
DA:56,0
DA:57,0
DA:60,0
DA:61,0
DA:64,0
DA:65,0
DA:66,0
DA:69,0
DA:70,0
DA:71,0
DA:72,0
DA:73,0
DA:74,0
DA:77,0
DA:78,0
DA:81,0
DA:82,0
DA:83,0
DA:84,0
DA:85,0
DA:86,0
DA:87,0
DA:90,0
DA:91,0
DA:92,0
LF:47
LH:0
BRF:0
BRH:0
end_of_record
TN:
SF:src\utils\logger.ts
FN:4,(anonymous_9)
FN:39,(anonymous_10)
FN:55,(anonymous_11)
FN:62,(anonymous_12)
FN:63,(anonymous_13)
FN:68,(anonymous_14)
FN:72,(anonymous_15)
FN:76,(anonymous_16)
FN:80,(anonymous_17)
FN:84,(anonymous_18)
FN:88,(anonymous_19)
FN:108,(anonymous_20)
FN:136,(anonymous_21)
FN:151,(anonymous_22)
FN:153,(anonymous_23)
FN:161,(anonymous_24)
FN:182,(anonymous_25)
FN:193,(anonymous_26)
FN:204,(anonymous_27)
FN:214,(anonymous_28)
FN:218,(anonymous_29)
FN:219,(anonymous_30)
FN:224,(anonymous_31)
FN:238,(anonymous_32)
FN:240,(anonymous_33)
FN:246,(anonymous_34)
FN:251,(anonymous_35)
FN:258,(anonymous_36)
FN:280,(anonymous_37)
FN:294,(anonymous_38)
FN:316,(anonymous_39)
FN:336,(anonymous_40)
FN:339,(anonymous_41)
FN:362,(anonymous_42)
FN:380,(anonymous_43)
FNF:35
FNH:0
FNDA:0,(anonymous_9)
FNDA:0,(anonymous_10)
FNDA:0,(anonymous_11)
FNDA:0,(anonymous_12)
FNDA:0,(anonymous_13)
FNDA:0,(anonymous_14)
FNDA:0,(anonymous_15)
FNDA:0,(anonymous_16)
FNDA:0,(anonymous_17)
FNDA:0,(anonymous_18)
FNDA:0,(anonymous_19)
FNDA:0,(anonymous_20)
FNDA:0,(anonymous_21)
FNDA:0,(anonymous_22)
FNDA:0,(anonymous_23)
FNDA:0,(anonymous_24)
FNDA:0,(anonymous_25)
FNDA:0,(anonymous_26)
FNDA:0,(anonymous_27)
FNDA:0,(anonymous_28)
FNDA:0,(anonymous_29)
FNDA:0,(anonymous_30)
FNDA:0,(anonymous_31)
FNDA:0,(anonymous_32)
FNDA:0,(anonymous_33)
FNDA:0,(anonymous_34)
FNDA:0,(anonymous_35)
FNDA:0,(anonymous_36)
FNDA:0,(anonymous_37)
FNDA:0,(anonymous_38)
FNDA:0,(anonymous_39)
FNDA:0,(anonymous_40)
FNDA:0,(anonymous_41)
FNDA:0,(anonymous_42)
FNDA:0,(anonymous_43)
DA:1,0
DA:2,0
DA:4,0
DA:5,0
DA:6,0
DA:7,0
DA:8,0
DA:9,0
DA:33,0
DA:35,0
DA:36,0
DA:37,0
DA:40,0
DA:52,0
DA:56,0
DA:57,0
DA:58,0
DA:63,0
DA:64,0
DA:69,0
DA:73,0
DA:77,0
DA:81,0
DA:85,0
DA:89,0
DA:91,0
DA:99,0
DA:100,0
DA:103,0
DA:104,0
DA:109,0
DA:110,0
DA:111,0
DA:113,0
DA:115,0
DA:116,0
DA:119,0
DA:121,0
DA:122,0
DA:124,0
DA:125,0
DA:127,0
DA:128,0
DA:131,0
DA:132,0
DA:137,0
DA:139,0
DA:140,0
DA:142,0
DA:143,0
DA:145,0
DA:147,0
DA:152,0
DA:153,0
DA:155,0
DA:158,0
DA:162,0
DA:163,0
DA:173,0
DA:174,0
DA:175,0
DA:176,0
DA:178,0
DA:183,0
DA:184,0
DA:186,0
DA:187,0
DA:190,0
DA:194,0
DA:195,0
DA:196,0
DA:197,0
DA:205,0
DA:206,0
DA:208,0
DA:211,0
DA:215,0
DA:216,0
DA:217,0
DA:218,0
DA:219,0
DA:224,0
DA:227,0
DA:228,0
DA:229,0
DA:230,0
DA:234,0
DA:240,0
DA:241,0
DA:242,0
DA:247,0
DA:250,0
DA:251,0
DA:252,0
DA:255,0
DA:264,0
DA:272,0
DA:273,0
DA:274,0
DA:278,0
DA:279,0
DA:280,0
DA:282,0
DA:283,0
DA:284,0
DA:285,0
DA:291,0
DA:300,0
DA:303,0
DA:304,0
DA:305,0
DA:310,0
DA:311,0
DA:312,0
DA:313,0
DA:314,0
DA:315,0
DA:316,0
DA:318,0
DA:319,0
DA:320,0
DA:323,0
DA:324,0
DA:333,0
DA:336,0
DA:347,0
DA:350,0
DA:351,0
DA:354,0
DA:355,0
DA:356,0
DA:359,0
DA:364,0
DA:365,0
DA:367,0
DA:368,0
DA:370,0
DA:372,0
DA:381,0
DA:382,0
DA:383,0
DA:387,0
DA:392,0
LF:143
LH:0
BRDA:4,0,0,0
BRDA:4,0,1,0
BRDA:39,1,0,0
BRDA:56,2,0,0
BRDA:89,3,0,0
BRDA:96,4,0,0
BRDA:96,4,1,0
BRDA:99,5,0,0
BRDA:103,6,0,0
BRDA:111,7,0,0
BRDA:111,7,1,0
BRDA:115,8,0,0
BRDA:115,9,0,0
BRDA:115,9,1,0
BRDA:119,10,0,0
BRDA:119,10,1,0
BRDA:119,10,2,0
BRDA:119,10,3,0
BRDA:119,10,4,0
BRDA:137,11,0,0
BRDA:162,12,0,0
BRDA:162,12,1,0
BRDA:175,13,0,0
BRDA:175,13,1,0
BRDA:176,14,0,0
BRDA:176,14,1,0
BRDA:186,15,0,0
BRDA:196,16,0,0
BRDA:227,17,0,0
BRDA:241,18,0,0
BRDA:242,19,0,0
BRDA:252,20,0,0
BRDA:252,20,1,0
BRDA:274,21,0,0
BRDA:274,21,1,0
BRDA:304,22,0,0
BRDA:313,23,0,0
BRDA:320,24,0,0
BRDA:320,24,1,0
BRDA:323,25,0,0
BRDA:323,26,0,0
BRDA:323,26,1,0
BRDA:347,27,0,0
BRDA:347,28,0,0
BRDA:347,28,1,0
BRDA:350,29,0,0
BRDA:350,30,0,0
BRDA:350,30,1,0
BRDA:351,31,0,0
BRDA:351,32,0,0
BRDA:351,32,1,0
BRDA:354,33,0,0
BRDA:355,34,0,0
BRDA:355,34,1,0
BRDA:356,35,0,0
BRDA:365,36,0,0
BRDA:370,37,0,0
BRDA:373,38,0,0
BRDA:373,38,1,0
BRDA:375,39,0,0
BRDA:375,39,1,0
BRDA:376,40,0,0
BRDA:376,40,1,0
BRDA:381,41,0,0
BRF:64
BRH:0
end_of_record
TN:
SF:src\utils\performance.ts
FN:49,(anonymous_0)
FN:67,(anonymous_1)
FN:73,(anonymous_2)
FN:81,(anonymous_3)
FN:95,(anonymous_4)
FN:123,(anonymous_5)
FN:135,(anonymous_6)
FN:153,(anonymous_7)
FN:166,(anonymous_8)
FN:173,(anonymous_9)
FN:190,(anonymous_10)
FN:209,(anonymous_11)
FN:251,(anonymous_12)
FN:259,(anonymous_13)
FN:263,(anonymous_14)
FN:269,(anonymous_15)
FN:286,(anonymous_16)
FN:292,(anonymous_17)
FN:296,(anonymous_18)
FN:299,(anonymous_19)
FN:309,(anonymous_20)
FN:324,(anonymous_21)
FN:325,(anonymous_22)
FN:325,(anonymous_23)
FN:331,(anonymous_24)
FN:338,(anonymous_25)
FN:351,(anonymous_26)
FN:359,(anonymous_27)
FN:362,(anonymous_28)
FN:377,(anonymous_29)
FN:391,(anonymous_30)
FN:398,(anonymous_31)
FN:404,(anonymous_32)
FNF:33
FNH:0
FNDA:0,(anonymous_0)
FNDA:0,(anonymous_1)
FNDA:0,(anonymous_2)
FNDA:0,(anonymous_3)
FNDA:0,(anonymous_4)
FNDA:0,(anonymous_5)
FNDA:0,(anonymous_6)
FNDA:0,(anonymous_7)
FNDA:0,(anonymous_8)
FNDA:0,(anonymous_9)
FNDA:0,(anonymous_10)
FNDA:0,(anonymous_11)
FNDA:0,(anonymous_12)
FNDA:0,(anonymous_13)
FNDA:0,(anonymous_14)
FNDA:0,(anonymous_15)
FNDA:0,(anonymous_16)
FNDA:0,(anonymous_17)
FNDA:0,(anonymous_18)
FNDA:0,(anonymous_19)
FNDA:0,(anonymous_20)
FNDA:0,(anonymous_21)
FNDA:0,(anonymous_22)
FNDA:0,(anonymous_23)
FNDA:0,(anonymous_24)
FNDA:0,(anonymous_25)
FNDA:0,(anonymous_26)
FNDA:0,(anonymous_27)
FNDA:0,(anonymous_28)
FNDA:0,(anonymous_29)
FNDA:0,(anonymous_30)
FNDA:0,(anonymous_31)
FNDA:0,(anonymous_32)
DA:1,0
DA:2,0
DA:40,0
DA:42,0
DA:43,0
DA:44,0
DA:45,0
DA:46,0
DA:47,0
DA:50,0
DA:52,0
DA:68,0
DA:70,0
DA:71,0
DA:73,0
DA:74,0
DA:77,0
DA:78,0
DA:82,0
DA:84,0
DA:86,0
DA:87,0
DA:88,0
DA:91,0
DA:92,0
DA:96,0
DA:97,0
DA:105,0
DA:108,0
DA:109,0
DA:113,0
DA:115,0
DA:118,0
DA:119,0
DA:124,0
DA:125,0
DA:129,0
DA:130,0
DA:132,0
DA:136,0
DA:137,0
DA:140,0
DA:141,0
DA:142,0
DA:144,0
DA:154,0
DA:155,0
DA:159,0
DA:167,0
DA:174,0
DA:176,0
DA:177,0
DA:180,0
DA:181,0
DA:184,0
DA:185,0
DA:186,0
DA:191,0
DA:193,0
DA:201,0
DA:203,0
DA:204,0
DA:206,0
DA:210,0
DA:211,0
DA:212,0
DA:213,0
DA:216,0
DA:217,0
DA:218,0
DA:219,0
DA:220,0
DA:224,0
DA:225,0
DA:228,0
DA:229,0
DA:233,0
DA:234,0
DA:239,0
DA:242,0
DA:248,0
DA:256,0
DA:258,0
DA:260,0
DA:261,0
DA:264,0
DA:265,0
DA:274,0
DA:276,0
DA:277,0
DA:278,0
DA:279,0
DA:281,0
DA:282,0
DA:287,0
DA:289,0
DA:293,0
DA:295,0
DA:296,0
DA:308,0
DA:309,0
DA:312,0
DA:313,0
DA:324,0
DA:325,0
DA:327,0
DA:331,0
DA:349,0
DA:350,0
DA:352,0
DA:353,0
DA:358,0
DA:359,0
DA:362,0
DA:364,0
DA:383,0
DA:392,0
DA:393,0
DA:394,0
DA:395,0
DA:399,0
DA:400,0
DA:401,0
DA:405,0
DA:406,0
DA:407,0
DA:408,0
DA:409,0
DA:414,0
LF:129
LH:0
BRDA:49,0,0,0
BRDA:68,1,0,0
BRDA:82,2,0,0
BRDA:86,3,0,0
BRDA:108,4,0,0
BRDA:124,5,0,0
BRDA:136,6,0,0
BRDA:154,7,0,0
BRDA:176,8,0,0
BRDA:180,9,0,0
BRDA:184,10,0,0
BRDA:209,11,0,0
BRDA:211,12,0,0
BRDA:219,13,0,0
BRDA:228,14,0,0
BRDA:233,15,0,0
BRDA:287,16,0,0
BRDA:287,16,1,0
BRDA:289,17,0,0
BRDA:289,17,1,0
BRDA:293,18,0,0
BRDA:308,19,0,0
BRDA:308,19,1,0
BRDA:312,20,0,0
BRDA:353,21,0,0
BRDA:353,21,1,0
BRDA:353,21,2,0
BRDA:359,22,0,0
BRDA:359,22,1,0
BRDA:359,23,0,0
BRDA:359,23,1,0
BRDA:367,24,0,0
BRDA:367,24,1,0
BRDA:368,25,0,0
BRDA:368,25,1,0
BRF:35
BRH:0
end_of_record
TN:
SF:src\utils\validation-utils.ts
FN:9,isValidEmail
FN:17,isValidUrl
FN:29,isValidLength
FN:44,isInRange
FN:51,hasRequiredProperties
FN:56,(anonymous_5)
FN:62,isNonEmptyArray
FN:69,isValidJson
FN:81,isValidDate
FNF:9
FNH:0
FNDA:0,isValidEmail
FNDA:0,isValidUrl
FNDA:0,isValidLength
FNDA:0,isInRange
FNDA:0,hasRequiredProperties
FNDA:0,(anonymous_5)
FNDA:0,isNonEmptyArray
FNDA:0,isValidJson
FNDA:0,isValidDate
DA:9,0
DA:10,0
DA:11,0
DA:17,0
DA:18,0
DA:19,0
DA:20,0
DA:22,0
DA:29,0
DA:30,0
DA:31,0
DA:34,0
DA:35,0
DA:38,0
DA:44,0
DA:45,0
DA:51,0
DA:52,0
DA:53,0
DA:56,0
DA:62,0
DA:63,0
DA:69,0
DA:70,0
DA:71,0
DA:72,0
DA:74,0
DA:81,0
DA:82,0
LF:29
LH:0
BRDA:30,0,0,0
BRDA:34,1,0,0
BRDA:34,2,0,0
BRDA:34,2,1,0
BRDA:45,3,0,0
BRDA:45,3,1,0
BRDA:52,4,0,0
BRDA:52,5,0,0
BRDA:52,5,1,0
BRDA:63,6,0,0
BRDA:63,6,1,0
BRDA:82,7,0,0
BRDA:82,7,1,0
BRF:13
BRH:0
end_of_record
